#
# There is insufficient memory for the Java Runtime Environment to continue.
# Native memory allocation (mmap) failed to map 809500672 bytes for G1 virtual space
# Possible reasons:
#   The system is out of physical RAM or swap space
#   The process is running with CompressedOops enabled, and the Java Heap may be blocking the growth of the native heap
# Possible solutions:
#   Reduce memory load on the system
#   Increase physical memory or swap space
#   Check if swap backing store is full
#   Decrease Java heap size (-Xmx/-Xms)
#   Decrease number of Java threads
#   Decrease Java thread stack sizes (-Xss)
#   Set larger code cache with -XX:ReservedCodeCacheSize=
#   JVM is running with Zero Based Compressed Oops mode in which the Java heap is
#     placed in the first 32GB address space. The Java Heap base address is the
#     maximum limit for the native heap growth. Please use -XX:HeapBaseMinAddress
#     to set the Java Heap base and to place the Java Heap above 32GB virtual address.
# This output file may be truncated or incomplete.
#
#  Out of Memory Error (os_windows.cpp:3548), pid=11816, tid=10444
#
# JRE version: Java(TM) SE Runtime Environment (17.0.12+8) (build 17.0.12+8-LTS-286)
# Java VM: Java HotSpot(TM) 64-Bit Server VM (17.0.12+8-LTS-286, mixed mode, sharing, tiered, compressed oops, compressed class ptrs, g1 gc, windows-amd64)
# No core dump will be written. Minidumps are not enabled by default on client versions of Windows
#

---------------  S U M M A R Y ------------

Command Line: --add-opens=java.base/java.lang=ALL-UNNAMED --add-opens=java.base/java.lang.invoke=ALL-UNNAMED --add-opens=java.base/java.util=ALL-UNNAMED --add-opens=java.prefs/java.util.prefs=ALL-UNNAMED --add-exports=jdk.compiler/com.sun.tools.javac.api=ALL-UNNAMED --add-exports=jdk.compiler/com.sun.tools.javac.util=ALL-UNNAMED --add-opens=java.base/java.util=ALL-UNNAMED --add-opens=java.prefs/java.util.prefs=ALL-UNNAMED --add-opens=java.base/java.nio.charset=ALL-UNNAMED --add-opens=java.base/java.net=ALL-UNNAMED --add-opens=java.base/java.util.concurrent.atomic=ALL-UNNAMED --add-opens=java.xml/javax.xml.namespace=ALL-UNNAMED -XX:ReservedCodeCacheSize=1024m -XX:MaxMetaspaceSize=2048m -XX:+HeapDumpOnOutOfMemoryError -Xms1024m -Xmx8192m -Dfile.encoding=UTF-8 -Duser.country=US -Duser.language=en -Duser.variant -javaagent:C:\Users\Fahad Computer\.gradle\wrapper\dists\gradle-8.12-all\ejduaidbjup3bmmkhw3rie4zb\gradle-8.12\lib\agents\gradle-instrumentation-agent-8.12.jar org.gradle.launcher.daemon.bootstrap.GradleDaemon 8.12

Host: Intel(R) Celeron(R) N4020 CPU @ 1.10GHz, 2 cores, 3G,  Windows 10 , 64 bit Build 19041 (10.0.19041.5794)
Time: Fri May 16 07:34:45 2025 Pacific Daylight Time elapsed time: 4495.458545 seconds (0d 1h 14m 55s)

---------------  T H R E A D  ---------------

Current thread (0x00000272ed52c910):  VMThread "VM Thread" [stack: 0x000000be21900000,0x000000be21a00000] [id=10444]

Stack: [0x000000be21900000,0x000000be21a00000]
Native frames: (J=compiled Java code, j=interpreted, Vv=VM code, C=native code)
V  [jvm.dll+0x67a04a]
V  [jvm.dll+0x7da4ed]
V  [jvm.dll+0x7dbe33]
V  [jvm.dll+0x7dc4a3]
V  [jvm.dll+0x24508f]
V  [jvm.dll+0x677089]
V  [jvm.dll+0x66bd32]
V  [jvm.dll+0x301fa6]
V  [jvm.dll+0x309546]
V  [jvm.dll+0x359d2e]
V  [jvm.dll+0x359f5f]
V  [jvm.dll+0x2d9078]
V  [jvm.dll+0x2d74ad]
V  [jvm.dll+0x2d6afc]
V  [jvm.dll+0x31a65b]
V  [jvm.dll+0x7e0d9b]
V  [jvm.dll+0x7e1ad4]
V  [jvm.dll+0x7e1fed]
V  [jvm.dll+0x7e23c4]
V  [jvm.dll+0x7e2490]
V  [jvm.dll+0x78abea]
V  [jvm.dll+0x678f35]
C  [ucrtbase.dll+0x21bb2]
C  [KERNEL32.DLL+0x17374]
C  [ntdll.dll+0x4cc91]

VM_Operation (0x000000be22fff060): G1CollectForAllocation, mode: safepoint, requested by thread 0x0000027338bacec0


---------------  P R O C E S S  ---------------

Threads class SMR info:
_java_thread_list=0x0000027348766290, length=82, elements={
0x00000272d055d3b0, 0x00000272ed52e860, 0x00000272ed5b55e0, 0x00000272ed5cadc0,
0x00000272ed5cc8a0, 0x00000272ed5cf180, 0x00000272ed5cfa50, 0x00000272ed5d3720,
0x00000272ed636f20, 0x00000272ed64bfe0, 0x00000272ed66a770, 0x00000272ed79ef60,
0x0000027333ce8640, 0x00000273330ad700, 0x00000272ed723640, 0x00000273332cfef0,
0x00000273332ce5a0, 0x00000273332ceab0, 0x00000273347c63e0, 0x00000273347c68f0,
0x00000273347c8240, 0x00000273347c7310, 0x00000273355a79a0, 0x00000273352bb2b0,
0x0000027338bae300, 0x0000027338bb1090, 0x0000027338babf90, 0x0000027338bb15a0,
0x0000027338bb0670, 0x0000027338bac4a0, 0x0000027338baab50, 0x0000027338bacec0,
0x0000027338bad8e0, 0x0000027338baa130, 0x0000027338bad3d0, 0x0000027338bb0160,
0x0000027338baa640, 0x0000027338bae810, 0x0000027338baed20, 0x00000273355a41f0,
0x00000273355a32c0, 0x00000273355a9800, 0x00000273355a37d0, 0x00000273355a6050,
0x00000273355a7490, 0x00000273355a7eb0, 0x00000273355a88d0, 0x00000273352b9e70,
0x00000273352bd110, 0x00000273352bd620, 0x00000273352bb7c0, 0x00000273352ba380,
0x00000273352bcc00, 0x00000273352bdb30, 0x00000273352bea60, 0x00000273352bada0,
0x00000273332cefc0, 0x00000273332cf9e0, 0x00000273332ccc50, 0x00000273332d0400,
0x00000273332cd160, 0x00000273332cdb80, 0x00000273347c8750, 0x000002733f3f98a0,
0x000002733f3f6600, 0x000002733f3fb1f0, 0x000002733f3f60f0, 0x000002733f3f7530,
0x000002733f3f7f50, 0x00000273414b78d0, 0x0000027340d43d50, 0x0000027340d460c0,
0x0000027340d42e20, 0x0000027340d3f670, 0x0000027340d42400, 0x0000027340d40090,
0x000002733f3face0, 0x00000273352b8520, 0x000002733f3fbc10, 0x0000027340620a40,
0x000002734061e1c0, 0x000002734061e6d0
}

Java Threads: ( => current thread )
  0x00000272d055d3b0 JavaThread "main" [_thread_blocked, id=11488, stack(0x000000be21300000,0x000000be21400000)]
  0x00000272ed52e860 JavaThread "Reference Handler" daemon [_thread_blocked, id=9268, stack(0x000000be21a00000,0x000000be21b00000)]
  0x00000272ed5b55e0 JavaThread "Finalizer" daemon [_thread_blocked, id=11432, stack(0x000000be21b00000,0x000000be21c00000)]
  0x00000272ed5cadc0 JavaThread "Signal Dispatcher" daemon [_thread_blocked, id=12136, stack(0x000000be21c00000,0x000000be21d00000)]
  0x00000272ed5cc8a0 JavaThread "Attach Listener" daemon [_thread_blocked, id=12028, stack(0x000000be21d00000,0x000000be21e00000)]
  0x00000272ed5cf180 JavaThread "Service Thread" daemon [_thread_blocked, id=11560, stack(0x000000be21e00000,0x000000be21f00000)]
  0x00000272ed5cfa50 JavaThread "Monitor Deflation Thread" daemon [_thread_blocked, id=7416, stack(0x000000be21f00000,0x000000be22000000)]
  0x00000272ed5d3720 JavaThread "C2 CompilerThread0" daemon [_thread_blocked, id=11640, stack(0x000000be22000000,0x000000be22100000)]
  0x00000272ed636f20 JavaThread "C1 CompilerThread0" daemon [_thread_blocked, id=6880, stack(0x000000be22100000,0x000000be22200000)]
  0x00000272ed64bfe0 JavaThread "Sweeper thread" daemon [_thread_blocked, id=7508, stack(0x000000be22200000,0x000000be22300000)]
  0x00000272ed66a770 JavaThread "Common-Cleaner" daemon [_thread_blocked, id=2844, stack(0x000000be22300000,0x000000be22400000)]
  0x00000272ed79ef60 JavaThread "Notification Thread" daemon [_thread_blocked, id=5684, stack(0x000000be22400000,0x000000be22500000)]
  0x0000027333ce8640 JavaThread "Daemon health stats" [_thread_blocked, id=1936, stack(0x000000be22700000,0x000000be22800000)]
  0x00000273330ad700 JavaThread "Incoming local TCP Connector on port 9155" [_thread_in_native, id=8368, stack(0x000000be22800000,0x000000be22900000)]
  0x00000272ed723640 JavaThread "Daemon periodic checks" [_thread_blocked, id=10780, stack(0x000000be22900000,0x000000be22a00000)]
  0x00000273332cfef0 JavaThread "Cache worker for journal cache (C:\Users\Fahad Computer\.gradle\caches\journal-1)" [_thread_blocked, id=7344, stack(0x000000be23100000,0x000000be23200000)]
  0x00000273332ce5a0 JavaThread "File lock request listener" [_thread_in_native, id=10740, stack(0x000000be23200000,0x000000be23300000)]
  0x00000273332ceab0 JavaThread "Cache worker for file hash cache (C:\Users\Fahad Computer\.gradle\caches\8.12\fileHashes)" [_thread_blocked, id=12004, stack(0x000000be23300000,0x000000be23400000)]
  0x00000273347c63e0 JavaThread "File watcher server" daemon [_thread_blocked, id=9684, stack(0x000000be23600000,0x000000be23700000)]
  0x00000273347c68f0 JavaThread "File watcher consumer" daemon [_thread_blocked, id=10408, stack(0x000000be23700000,0x000000be23800000)]
  0x00000273347c8240 JavaThread "jar transforms" [_thread_blocked, id=9356, stack(0x000000be21100000,0x000000be21200000)]
  0x00000273347c7310 JavaThread "Cache worker for file content cache (C:\Users\Fahad Computer\.gradle\caches\8.12\fileContent)" [_thread_blocked, id=10396, stack(0x000000be23a00000,0x000000be23b00000)]
  0x00000273355a79a0 JavaThread "Memory manager" [_thread_blocked, id=12892, stack(0x000000be24600000,0x000000be24700000)]
  0x00000273352bb2b0 JavaThread "jar transforms Thread 2" [_thread_blocked, id=12752, stack(0x000000be25600000,0x000000be25700000)]
  0x0000027338bae300 JavaThread "pool-3-thread-1" [_thread_blocked, id=4600, stack(0x000000be24b00000,0x000000be24c00000)]
  0x0000027338bb1090 JavaThread "Daemon Thread 2" [_thread_blocked, id=11912, stack(0x000000be21200000,0x000000be21300000)]
  0x0000027338babf90 JavaThread "Handler for socket connection from /127.0.0.1:9155 to /127.0.0.1:9365" [_thread_in_native, id=12328, stack(0x000000be22a00000,0x000000be22b00000)]
  0x0000027338bb15a0 JavaThread "Cancel handler" [_thread_blocked, id=12700, stack(0x000000be22b00000,0x000000be22c00000)]
  0x0000027338bb0670 JavaThread "Daemon worker Thread 2" [_thread_blocked, id=11516, stack(0x000000be22c00000,0x000000be22d00000)]
  0x0000027338bac4a0 JavaThread "Asynchronous log dispatcher for DefaultDaemonConnection: socket connection from /127.0.0.1:9155 to /127.0.0.1:9365" [_thread_blocked, id=11796, stack(0x000000be22d00000,0x000000be22e00000)]
  0x0000027338baab50 JavaThread "Stdin handler" [_thread_blocked, id=11340, stack(0x000000be22e00000,0x000000be22f00000)]
  0x0000027338bacec0 JavaThread "Daemon client event forwarder" [_thread_blocked, id=11864, stack(0x000000be22f00000,0x000000be23000000)]
  0x0000027338bad8e0 JavaThread "Cache worker for file hash cache (C:\vtT\ChatbotApp\android\.gradle\8.12\fileHashes)" [_thread_blocked, id=11148, stack(0x000000be23000000,0x000000be23100000)]
  0x0000027338baa130 JavaThread "Cache worker for Build Output Cleanup Cache (C:\vtT\ChatbotApp\android\.gradle\buildOutputCleanup)" [_thread_blocked, id=9612, stack(0x000000be23400000,0x000000be23500000)]
  0x0000027338bad3d0 JavaThread "Cache worker for checksums cache (C:\vtT\ChatbotApp\android\.gradle\8.12\checksums)" [_thread_blocked, id=4460, stack(0x000000be23500000,0x000000be23600000)]
  0x0000027338bb0160 JavaThread "Cache worker for cache directory md-rule (C:\Users\Fahad Computer\.gradle\caches\8.12\md-rule)" [_thread_blocked, id=11020, stack(0x000000be23800000,0x000000be23900000)]
  0x0000027338baa640 JavaThread "Cache worker for cache directory md-supplier (C:\Users\Fahad Computer\.gradle\caches\8.12\md-supplier)" [_thread_blocked, id=12000, stack(0x000000be23900000,0x000000be23a00000)]
  0x0000027338bae810 JavaThread "Cache worker for Build Output Cleanup Cache (C:\vtT\ChatbotApp\node_modules\@react-native\gradle-plugin\.gradle\buildOutputCleanup)" [_thread_blocked, id=12512, stack(0x000000be23b00000,0x000000be23c00000)]
  0x0000027338baed20 JavaThread "Unconstrained build operations" [_thread_blocked, id=9168, stack(0x000000be23c00000,0x000000be23d00000)]
  0x00000273355a41f0 JavaThread "Unconstrained build operations Thread 2" [_thread_blocked, id=10748, stack(0x000000be23e00000,0x000000be23f00000)]
  0x00000273355a32c0 JavaThread "Unconstrained build operations Thread 3" [_thread_blocked, id=12592, stack(0x000000be23f00000,0x000000be24000000)]
  0x00000273355a9800 JavaThread "Unconstrained build operations Thread 4" [_thread_blocked, id=11000, stack(0x000000be24000000,0x000000be24100000)]
  0x00000273355a37d0 JavaThread "build event listener" [_thread_blocked, id=3276, stack(0x000000be24100000,0x000000be24200000)]
  0x00000273355a6050 JavaThread "Execution worker" [_thread_blocked, id=11632, stack(0x000000be24400000,0x000000be24500000)]
  0x00000273355a7490 JavaThread "Cache worker for execution history cache (C:\vtT\ChatbotApp\node_modules\@react-native\gradle-plugin\.gradle\8.12\executionHistory)" [_thread_blocked, id=11740, stack(0x000000be24500000,0x000000be24600000)]
  0x00000273355a7eb0 JavaThread "Unconstrained build operations Thread 5" [_thread_blocked, id=12640, stack(0x000000be24700000,0x000000be24800000)]
  0x00000273355a88d0 JavaThread "Unconstrained build operations Thread 6" [_thread_blocked, id=5668, stack(0x000000be24800000,0x000000be24900000)]
  0x00000273352b9e70 JavaThread "Unconstrained build operations Thread 7" [_thread_blocked, id=12196, stack(0x000000be24900000,0x000000be24a00000)]
  0x00000273352bd110 JavaThread "Unconstrained build operations Thread 8" [_thread_blocked, id=5304, stack(0x000000be24a00000,0x000000be24b00000)]
  0x00000273352bd620 JavaThread "Unconstrained build operations Thread 9" [_thread_blocked, id=6444, stack(0x000000be24c00000,0x000000be24d00000)]
  0x00000273352bb7c0 JavaThread "Unconstrained build operations Thread 10" [_thread_blocked, id=2620, stack(0x000000be24e00000,0x000000be24f00000)]
  0x00000273352ba380 JavaThread "Unconstrained build operations Thread 11" [_thread_blocked, id=6808, stack(0x000000be24f00000,0x000000be25000000)]
  0x00000273352bcc00 JavaThread "Unconstrained build operations Thread 12" [_thread_blocked, id=9648, stack(0x000000be25000000,0x000000be25100000)]
  0x00000273352bdb30 JavaThread "build event listener" [_thread_blocked, id=10336, stack(0x000000be25100000,0x000000be25200000)]
  0x00000273352bea60 JavaThread "Problems report writer" [_thread_blocked, id=12432, stack(0x000000be25200000,0x000000be25300000)]
  0x00000273352bada0 JavaThread "Unconstrained build operations Thread 13" [_thread_blocked, id=13048, stack(0x000000be25300000,0x000000be25400000)]
  0x00000273332cefc0 JavaThread "Unconstrained build operations Thread 14" [_thread_blocked, id=13088, stack(0x000000be25400000,0x000000be25500000)]
  0x00000273332cf9e0 JavaThread "Unconstrained build operations Thread 15" [_thread_blocked, id=6580, stack(0x000000be24200000,0x000000be24300000)]
  0x00000273332ccc50 JavaThread "Unconstrained build operations Thread 16" [_thread_blocked, id=13164, stack(0x000000be24300000,0x000000be24400000)]
  0x00000273332d0400 JavaThread "Unconstrained build operations Thread 17" [_thread_blocked, id=6092, stack(0x000000be25500000,0x000000be25600000)]
  0x00000273332cd160 JavaThread "Unconstrained build operations Thread 18" [_thread_blocked, id=12676, stack(0x000000be25700000,0x000000be25800000)]
  0x00000273332cdb80 JavaThread "Unconstrained build operations Thread 19" [_thread_blocked, id=11388, stack(0x000000be25800000,0x000000be25900000)]
  0x00000273347c8750 JavaThread "Unconstrained build operations Thread 20" [_thread_blocked, id=12668, stack(0x000000be25900000,0x000000be25a00000)]
  0x000002733f3f98a0 JavaThread "pool-6-thread-1" [_thread_blocked, id=13472, stack(0x000000be24d00000,0x000000be24e00000)]
  0x000002733f3f6600 JavaThread "build event listener" [_thread_blocked, id=13476, stack(0x000000be25b00000,0x000000be25c00000)]
  0x000002733f3fb1f0 JavaThread "included builds Thread 2" [_thread_blocked, id=13480, stack(0x000000be25c00000,0x000000be25d00000)]
  0x000002733f3f60f0 JavaThread "Cache worker for execution history cache (C:\vtT\ChatbotApp\android\.gradle\8.12\executionHistory)" [_thread_blocked, id=13484, stack(0x000000be25d00000,0x000000be25e00000)]
  0x000002733f3f7530 JavaThread "WorkerExecutor Queue Thread 2" [_thread_blocked, id=14192, stack(0x000000be26100000,0x000000be26200000)]
  0x000002733f3f7f50 JavaThread "Cache worker for Java compile cache (C:\Users\Fahad Computer\.gradle\caches\8.12\javaCompile)" [_thread_blocked, id=12516, stack(0x000000be26000000,0x000000be26100000)]
  0x00000273414b78d0 JavaThread "Build operations" [_thread_blocked, id=14096, stack(0x000000be25a00000,0x000000be25b00000)]
  0x0000027340d43d50 JavaThread "Build operations Thread 2" [_thread_blocked, id=11408, stack(0x000000be26600000,0x000000be26700000)]
  0x0000027340d460c0 JavaThread "RMI Scheduler(0)" daemon [_thread_blocked, id=8764, stack(0x000000be26800000,0x000000be26900000)]
  0x0000027340d42e20 JavaThread "RMI GC Daemon" daemon [_thread_blocked, id=13860, stack(0x000000be26300000,0x000000be26400000)]
  0x0000027340d3f670 JavaThread "RMI TCP Accept-0" daemon [_thread_in_native, id=12696, stack(0x000000be26400000,0x000000be26500000)]
  0x0000027340d42400 JavaThread "RMI Reaper" [_thread_blocked, id=10688, stack(0x000000be26700000,0x000000be26800000)]
  0x0000027340d40090 JavaThread "RMI RenewClean-[127.0.0.1:17085,org.jetbrains.kotlin.daemon.common.LoopbackNetworkInterface$ClientLoopbackSocketFactory@38c33166]" daemon [_thread_blocked, id=12200, stack(0x000000be26900000,0x000000be26a00000)]
  0x000002733f3face0 JavaThread "RMI RenewClean-[127.0.0.1:17085,org.jetbrains.kotlin.daemon.common.LoopbackNetworkInterface$ClientLoopbackSocketFactory@7a5e01ae]" daemon [_thread_blocked, id=13044, stack(0x000000be26200000,0x000000be26300000)]
  0x00000273352b8520 JavaThread "WorkerExecutor Queue Thread 9" [_thread_blocked, id=11592, stack(0x000000be26b00000,0x000000be26c00000)]
  0x000002733f3fbc10 JavaThread "RMI RenewClean-[127.0.0.1:17085,org.jetbrains.kotlin.daemon.common.LoopbackNetworkInterface$ClientLoopbackSocketFactory@3e15f253]" daemon [_thread_blocked, id=13960, stack(0x000000be25f00000,0x000000be26000000)]
  0x0000027340620a40 JavaThread "WorkerExecutor Queue Thread 11" [_thread_blocked, id=13036, stack(0x000000be25e00000,0x000000be25f00000)]
  0x000002734061e1c0 JavaThread "ForkJoinPool-1-worker-1" daemon [_thread_blocked, id=9836, stack(0x000000be26500000,0x000000be26600000)]
  0x000002734061e6d0 JavaThread "ForkJoinPool-1-worker-2" daemon [_thread_blocked, id=11176, stack(0x000000be26a00000,0x000000be26b00000)]

Other Threads:
=>0x00000272ed52c910 VMThread "VM Thread" [stack: 0x000000be21900000,0x000000be21a00000] [id=10444]
  0x00000272ed79f440 WatcherThread [stack: 0x000000be22500000,0x000000be22600000] [id=10212]
  0x00000272d0608170 GCTaskThread "GC Thread#0" [stack: 0x000000be21400000,0x000000be21500000] [id=11628]
  0x0000027333319d60 GCTaskThread "GC Thread#1" [stack: 0x000000be22600000,0x000000be22700000] [id=5432]
  0x00000272d0618fd0 ConcurrentGCThread "G1 Main Marker" [stack: 0x000000be21500000,0x000000be21600000] [id=11616]
  0x00000272d06198f0 ConcurrentGCThread "G1 Conc#0" [stack: 0x000000be21600000,0x000000be21700000] [id=12240]
  0x00000272ed46c690 ConcurrentGCThread "G1 Refine#0" [stack: 0x000000be21700000,0x000000be21800000] [id=6600]
  0x00000273353a5b90 ConcurrentGCThread "G1 Refine#1" [stack: 0x000000be23d00000,0x000000be23e00000] [id=352]
  0x00000272ed46ced0 ConcurrentGCThread "G1 Service" [stack: 0x000000be21800000,0x000000be21900000] [id=5256]

Threads with active compile tasks:
C2 CompilerThread0  4495551 42777       4       com.android.tools.r8.dex.C::a (997 bytes)

VM state: at safepoint (normal execution)

VM Mutex/Monitor currently owned by a thread:  ([mutex/lock_event])
[0x00000272d0558320] Threads_lock - owner thread: 0x00000272ed52c910
[0x00000272d0559c70] Heap_lock - owner thread: 0x0000027338bacec0

Heap address: 0x0000000600000000, size: 8192 MB, Compressed Oops mode: Zero based, Oop shift amount: 3

CDS archive(s) mapped at: [0x00000272ee000000-0x00000272eebd0000-0x00000272eebd0000), size 12386304, SharedBaseAddress: 0x00000272ee000000, ArchiveRelocationMode: 1.
Compressed class space mapped at: 0x00000272ef000000-0x000002732f000000, reserved size: 1073741824
Narrow klass base: 0x00000272ee000000, Narrow klass shift: 0, Narrow klass range: 0x100000000

GC Precious Log:
 CPUs: 2 total, 2 available
 Memory: 3918M
 Large Page Support: Disabled
 NUMA Support: Disabled
 Compressed Oops: Enabled (Zero based)
 Heap Region Size: 4M
 Heap Min Capacity: 1G
 Heap Initial Capacity: 1G
 Heap Max Capacity: 8G
 Pre-touch: Disabled
 Parallel Workers: 2
 Concurrent Workers: 1
 Concurrent Refinement Workers: 2
 Periodic GC: Disabled

Heap:
 garbage-first heap   total 1261568K, used 602112K [0x0000000600000000, 0x0000000800000000)
  region size 4096K, 2 young (8192K), 2 survivors (8192K)
 Metaspace       used 184873K, committed 187392K, reserved 1245184K
  class space    used 23736K, committed 24896K, reserved 1048576K

Heap Regions: E=young(eden), S=young(survivor), O=old, HS=humongous(starts), HC=humongous(continues), CS=collection set, F=free, OA=open archive, CA=closed archive, TAMS=top-at-mark-start (previous, next)
|   0|0x0000000600000000, 0x0000000600400000, 0x0000000600400000|100%|HS|  |TAMS 0x0000000600400000, 0x0000000600400000| Complete 
|   1|0x0000000600400000, 0x0000000600800000, 0x0000000600800000|100%| O|  |TAMS 0x0000000600800000, 0x0000000600800000| Untracked 
|   2|0x0000000600800000, 0x0000000600c00000, 0x0000000600c00000|100%| O|  |TAMS 0x0000000600c00000, 0x0000000600c00000| Untracked 
|   3|0x0000000600c00000, 0x0000000601000000, 0x0000000601000000|100%| O|  |TAMS 0x0000000601000000, 0x0000000601000000| Untracked 
|   4|0x0000000601000000, 0x0000000601400000, 0x0000000601400000|100%| O|  |TAMS 0x0000000601400000, 0x0000000601400000| Untracked 
|   5|0x0000000601400000, 0x0000000601800000, 0x0000000601800000|100%| O|  |TAMS 0x0000000601800000, 0x0000000601800000| Untracked 
|   6|0x0000000601800000, 0x0000000601c00000, 0x0000000601c00000|100%| O|  |TAMS 0x0000000601c00000, 0x0000000601c00000| Untracked 
|   7|0x0000000601c00000, 0x0000000602000000, 0x0000000602000000|100%|HS|  |TAMS 0x0000000602000000, 0x0000000602000000| Complete 
|   8|0x0000000602000000, 0x0000000602400000, 0x0000000602400000|100%| O|  |TAMS 0x0000000602400000, 0x0000000602400000| Untracked 
|   9|0x0000000602400000, 0x0000000602800000, 0x0000000602800000|100%| O|  |TAMS 0x0000000602800000, 0x0000000602800000| Untracked 
|  10|0x0000000602800000, 0x0000000602c00000, 0x0000000602c00000|100%| O|  |TAMS 0x0000000602c00000, 0x0000000602c00000| Untracked 
|  11|0x0000000602c00000, 0x0000000603000000, 0x0000000603000000|100%| O|  |TAMS 0x0000000603000000, 0x0000000603000000| Untracked 
|  12|0x0000000603000000, 0x0000000603400000, 0x0000000603400000|100%| O|  |TAMS 0x0000000603400000, 0x0000000603400000| Untracked 
|  13|0x0000000603400000, 0x0000000603800000, 0x0000000603800000|100%|HS|  |TAMS 0x0000000603800000, 0x0000000603800000| Complete 
|  14|0x0000000603800000, 0x0000000603c00000, 0x0000000603c00000|100%| O|  |TAMS 0x0000000603c00000, 0x0000000603c00000| Untracked 
|  15|0x0000000603c00000, 0x0000000604000000, 0x0000000604000000|100%| O|  |TAMS 0x0000000604000000, 0x0000000604000000| Untracked 
|  16|0x0000000604000000, 0x0000000604400000, 0x0000000604400000|100%| O|  |TAMS 0x0000000604400000, 0x0000000604400000| Untracked 
|  17|0x0000000604400000, 0x0000000604800000, 0x0000000604800000|100%| O|  |TAMS 0x0000000604400000, 0x0000000604800000| Untracked 
|  18|0x0000000604800000, 0x0000000604c00000, 0x0000000604c00000|100%| O|  |TAMS 0x0000000604800000, 0x0000000604c00000| Untracked 
|  19|0x0000000604c00000, 0x0000000605000000, 0x0000000605000000|100%| O|  |TAMS 0x0000000605000000, 0x0000000605000000| Untracked 
|  20|0x0000000605000000, 0x0000000605400000, 0x0000000605400000|100%| O|  |TAMS 0x0000000605400000, 0x0000000605400000| Untracked 
|  21|0x0000000605400000, 0x0000000605800000, 0x0000000605800000|100%| O|  |TAMS 0x0000000605800000, 0x0000000605800000| Untracked 
|  22|0x0000000605800000, 0x0000000605c00000, 0x0000000605c00000|100%| O|  |TAMS 0x0000000605c00000, 0x0000000605c00000| Untracked 
|  23|0x0000000605c00000, 0x0000000606000000, 0x0000000606000000|100%| O|  |TAMS 0x0000000606000000, 0x0000000606000000| Untracked 
|  24|0x0000000606000000, 0x0000000606400000, 0x0000000606400000|100%| O|  |TAMS 0x0000000606400000, 0x0000000606400000| Untracked 
|  25|0x0000000606400000, 0x0000000606800000, 0x0000000606800000|100%| O|  |TAMS 0x0000000606800000, 0x0000000606800000| Untracked 
|  26|0x0000000606800000, 0x0000000606c00000, 0x0000000606c00000|100%| O|  |TAMS 0x0000000606800000, 0x0000000606c00000| Untracked 
|  27|0x0000000606c00000, 0x0000000607000000, 0x0000000607000000|100%| O|  |TAMS 0x0000000607000000, 0x0000000607000000| Untracked 
|  28|0x0000000607000000, 0x0000000607400000, 0x0000000607400000|100%| O|  |TAMS 0x0000000607400000, 0x0000000607400000| Untracked 
|  29|0x0000000607400000, 0x0000000607800000, 0x0000000607800000|100%| O|  |TAMS 0x0000000607800000, 0x0000000607800000| Untracked 
|  30|0x0000000607800000, 0x0000000607c00000, 0x0000000607c00000|100%| O|  |TAMS 0x0000000607c00000, 0x0000000607c00000| Untracked 
|  31|0x0000000607c00000, 0x0000000608000000, 0x0000000608000000|100%| O|  |TAMS 0x0000000608000000, 0x0000000608000000| Untracked 
|  32|0x0000000608000000, 0x0000000608400000, 0x0000000608400000|100%| O|  |TAMS 0x0000000608000000, 0x0000000608400000| Untracked 
|  33|0x0000000608400000, 0x0000000608800000, 0x0000000608800000|100%| O|  |TAMS 0x0000000608400000, 0x0000000608800000| Untracked 
|  34|0x0000000608800000, 0x0000000608c00000, 0x0000000608c00000|100%| O|  |TAMS 0x0000000608c00000, 0x0000000608c00000| Untracked 
|  35|0x0000000608c00000, 0x0000000609000000, 0x0000000609000000|100%| O|  |TAMS 0x0000000609000000, 0x0000000609000000| Untracked 
|  36|0x0000000609000000, 0x0000000609400000, 0x0000000609400000|100%| O|  |TAMS 0x0000000609400000, 0x0000000609400000| Untracked 
|  37|0x0000000609400000, 0x0000000609800000, 0x0000000609800000|100%| O|  |TAMS 0x0000000609800000, 0x0000000609800000| Untracked 
|  38|0x0000000609800000, 0x0000000609c00000, 0x0000000609c00000|100%| O|  |TAMS 0x0000000609c00000, 0x0000000609c00000| Untracked 
|  39|0x0000000609c00000, 0x000000060a000000, 0x000000060a000000|100%| O|  |TAMS 0x0000000609c00000, 0x000000060a000000| Untracked 
|  40|0x000000060a000000, 0x000000060a400000, 0x000000060a400000|100%| O|  |TAMS 0x000000060a000000, 0x000000060a400000| Untracked 
|  41|0x000000060a400000, 0x000000060a800000, 0x000000060a800000|100%| O|  |TAMS 0x000000060a400000, 0x000000060a800000| Untracked 
|  42|0x000000060a800000, 0x000000060ac00000, 0x000000060ac00000|100%| O|  |TAMS 0x000000060a800000, 0x000000060ac00000| Untracked 
|  43|0x000000060ac00000, 0x000000060b000000, 0x000000060b000000|100%| O|  |TAMS 0x000000060ac00000, 0x000000060b000000| Untracked 
|  44|0x000000060b000000, 0x000000060b400000, 0x000000060b400000|100%| O|  |TAMS 0x000000060b400000, 0x000000060b400000| Untracked 
|  45|0x000000060b400000, 0x000000060b800000, 0x000000060b800000|100%| O|  |TAMS 0x000000060b800000, 0x000000060b800000| Untracked 
|  46|0x000000060b800000, 0x000000060bc00000, 0x000000060bc00000|100%| O|  |TAMS 0x000000060b800000, 0x000000060bc00000| Untracked 
|  47|0x000000060bc00000, 0x000000060c000000, 0x000000060c000000|100%| O|  |TAMS 0x000000060c000000, 0x000000060c000000| Untracked 
|  48|0x000000060c000000, 0x000000060c400000, 0x000000060c400000|100%| O|  |TAMS 0x000000060c400000, 0x000000060c400000| Untracked 
|  49|0x000000060c400000, 0x000000060c800000, 0x000000060c800000|100%| O|  |TAMS 0x000000060c400000, 0x000000060c800000| Untracked 
|  50|0x000000060c800000, 0x000000060cc00000, 0x000000060cc00000|100%| O|  |TAMS 0x000000060c800000, 0x000000060cc00000| Untracked 
|  51|0x000000060cc00000, 0x000000060d000000, 0x000000060d000000|100%| O|  |TAMS 0x000000060d000000, 0x000000060d000000| Untracked 
|  52|0x000000060d000000, 0x000000060d400000, 0x000000060d400000|100%| O|  |TAMS 0x000000060d400000, 0x000000060d400000| Untracked 
|  53|0x000000060d400000, 0x000000060d800000, 0x000000060d800000|100%| O|  |TAMS 0x000000060d400000, 0x000000060d800000| Untracked 
|  54|0x000000060d800000, 0x000000060dc00000, 0x000000060dc00000|100%| O|  |TAMS 0x000000060d800000, 0x000000060dc00000| Untracked 
|  55|0x000000060dc00000, 0x000000060e000000, 0x000000060e000000|100%| O|  |TAMS 0x000000060e000000, 0x000000060e000000| Untracked 
|  56|0x000000060e000000, 0x000000060e400000, 0x000000060e400000|100%| O|  |TAMS 0x000000060e400000, 0x000000060e400000| Untracked 
|  57|0x000000060e400000, 0x000000060e800000, 0x000000060e800000|100%| O|  |TAMS 0x000000060e800000, 0x000000060e800000| Untracked 
|  58|0x000000060e800000, 0x000000060ec00000, 0x000000060ec00000|100%| O|  |TAMS 0x000000060ec00000, 0x000000060ec00000| Untracked 
|  59|0x000000060ec00000, 0x000000060f000000, 0x000000060f000000|100%| O|  |TAMS 0x000000060f000000, 0x000000060f000000| Untracked 
|  60|0x000000060f000000, 0x000000060f400000, 0x000000060f400000|100%| O|  |TAMS 0x000000060f400000, 0x000000060f400000| Untracked 
|  61|0x000000060f400000, 0x000000060f800000, 0x000000060f800000|100%| O|  |TAMS 0x000000060f800000, 0x000000060f800000| Untracked 
|  62|0x000000060f800000, 0x000000060fc00000, 0x000000060fc00000|100%| O|  |TAMS 0x000000060fc00000, 0x000000060fc00000| Untracked 
|  63|0x000000060fc00000, 0x0000000610000000, 0x0000000610000000|100%| O|  |TAMS 0x0000000610000000, 0x0000000610000000| Untracked 
|  64|0x0000000610000000, 0x0000000610400000, 0x0000000610400000|100%| O|  |TAMS 0x0000000610400000, 0x0000000610400000| Untracked 
|  65|0x0000000610400000, 0x0000000610800000, 0x0000000610800000|100%| O|  |TAMS 0x0000000610800000, 0x0000000610800000| Untracked 
|  66|0x0000000610800000, 0x0000000610c00000, 0x0000000610c00000|100%| O|  |TAMS 0x0000000610c00000, 0x0000000610c00000| Untracked 
|  67|0x0000000610c00000, 0x0000000611000000, 0x0000000611000000|100%| O|  |TAMS 0x0000000611000000, 0x0000000611000000| Untracked 
|  68|0x0000000611000000, 0x0000000611400000, 0x0000000611400000|100%| O|  |TAMS 0x0000000611400000, 0x0000000611400000| Untracked 
|  69|0x0000000611400000, 0x0000000611800000, 0x0000000611800000|100%| O|  |TAMS 0x0000000611800000, 0x0000000611800000| Untracked 
|  70|0x0000000611800000, 0x0000000611c00000, 0x0000000611c00000|100%| O|  |TAMS 0x0000000611c00000, 0x0000000611c00000| Untracked 
|  71|0x0000000611c00000, 0x0000000612000000, 0x0000000612000000|100%| O|  |TAMS 0x0000000612000000, 0x0000000612000000| Untracked 
|  72|0x0000000612000000, 0x0000000612400000, 0x0000000612400000|100%| O|  |TAMS 0x0000000612400000, 0x0000000612400000| Untracked 
|  73|0x0000000612400000, 0x0000000612800000, 0x0000000612800000|100%| O|  |TAMS 0x0000000612800000, 0x0000000612800000| Untracked 
|  74|0x0000000612800000, 0x0000000612c00000, 0x0000000612c00000|100%| O|  |TAMS 0x0000000612c00000, 0x0000000612c00000| Untracked 
|  75|0x0000000612c00000, 0x0000000613000000, 0x0000000613000000|100%| O|  |TAMS 0x0000000613000000, 0x0000000613000000| Untracked 
|  76|0x0000000613000000, 0x0000000613400000, 0x0000000613400000|100%| O|  |TAMS 0x0000000613400000, 0x0000000613400000| Untracked 
|  77|0x0000000613400000, 0x0000000613800000, 0x0000000613800000|100%| O|  |TAMS 0x0000000613400000, 0x0000000613800000| Untracked 
|  78|0x0000000613800000, 0x0000000613c00000, 0x0000000613c00000|100%| O|  |TAMS 0x0000000613c00000, 0x0000000613c00000| Untracked 
|  79|0x0000000613c00000, 0x0000000614000000, 0x0000000614000000|100%| O|  |TAMS 0x0000000613c00000, 0x0000000614000000| Untracked 
|  80|0x0000000614000000, 0x0000000614400000, 0x0000000614400000|100%| O|  |TAMS 0x0000000614400000, 0x0000000614400000| Untracked 
|  81|0x0000000614400000, 0x0000000614800000, 0x0000000614800000|100%| O|  |TAMS 0x0000000614400000, 0x0000000614800000| Untracked 
|  82|0x0000000614800000, 0x0000000614c00000, 0x0000000614c00000|100%| O|  |TAMS 0x0000000614800000, 0x0000000614c00000| Untracked 
|  83|0x0000000614c00000, 0x0000000615000000, 0x0000000615000000|100%| O|  |TAMS 0x0000000614c00000, 0x0000000615000000| Untracked 
|  84|0x0000000615000000, 0x0000000615400000, 0x0000000615400000|100%| O|  |TAMS 0x0000000615000000, 0x0000000615400000| Untracked 
|  85|0x0000000615400000, 0x0000000615800000, 0x0000000615800000|100%| O|  |TAMS 0x0000000615400000, 0x0000000615800000| Untracked 
|  86|0x0000000615800000, 0x0000000615c00000, 0x0000000615c00000|100%| O|  |TAMS 0x0000000615800000, 0x0000000615c00000| Untracked 
|  87|0x0000000615c00000, 0x0000000616000000, 0x0000000616000000|100%| O|  |TAMS 0x0000000615c00000, 0x0000000616000000| Untracked 
|  88|0x0000000616000000, 0x0000000616400000, 0x0000000616400000|100%| O|  |TAMS 0x0000000616000000, 0x0000000616400000| Untracked 
|  89|0x0000000616400000, 0x0000000616800000, 0x0000000616800000|100%| O|  |TAMS 0x0000000616400000, 0x0000000616800000| Untracked 
|  90|0x0000000616800000, 0x0000000616c00000, 0x0000000616c00000|100%| O|  |TAMS 0x0000000616800000, 0x0000000616c00000| Untracked 
|  91|0x0000000616c00000, 0x0000000617000000, 0x0000000617000000|100%| O|  |TAMS 0x0000000616c00000, 0x0000000617000000| Untracked 
|  92|0x0000000617000000, 0x0000000617400000, 0x0000000617400000|100%| O|  |TAMS 0x0000000617000000, 0x0000000617400000| Untracked 
|  93|0x0000000617400000, 0x0000000617800000, 0x0000000617800000|100%| O|  |TAMS 0x0000000617400000, 0x0000000617800000| Untracked 
|  94|0x0000000617800000, 0x0000000617c00000, 0x0000000617c00000|100%| O|  |TAMS 0x0000000617800000, 0x0000000617c00000| Untracked 
|  95|0x0000000617c00000, 0x0000000618000000, 0x0000000618000000|100%| O|  |TAMS 0x0000000618000000, 0x0000000618000000| Untracked 
|  96|0x0000000618000000, 0x0000000618400000, 0x0000000618400000|100%| O|  |TAMS 0x0000000618000000, 0x0000000618400000| Untracked 
|  97|0x0000000618400000, 0x0000000618800000, 0x0000000618800000|100%| O|  |TAMS 0x0000000618800000, 0x0000000618800000| Untracked 
|  98|0x0000000618800000, 0x0000000618c00000, 0x0000000618c00000|100%| O|  |TAMS 0x0000000618c00000, 0x0000000618c00000| Untracked 
|  99|0x0000000618c00000, 0x0000000619000000, 0x0000000619000000|100%| O|  |TAMS 0x0000000618c00000, 0x0000000619000000| Untracked 
| 100|0x0000000619000000, 0x0000000619400000, 0x0000000619400000|100%| O|  |TAMS 0x0000000619400000, 0x0000000619400000| Untracked 
| 101|0x0000000619400000, 0x0000000619800000, 0x0000000619800000|100%| O|  |TAMS 0x0000000619800000, 0x0000000619800000| Untracked 
| 102|0x0000000619800000, 0x0000000619c00000, 0x0000000619c00000|100%| O|  |TAMS 0x0000000619c00000, 0x0000000619c00000| Untracked 
| 103|0x0000000619c00000, 0x000000061a000000, 0x000000061a000000|100%| O|  |TAMS 0x0000000619c00000, 0x000000061a000000| Untracked 
| 104|0x000000061a000000, 0x000000061a400000, 0x000000061a400000|100%|HS|  |TAMS 0x000000061a000000, 0x000000061a400000| Complete 
| 105|0x000000061a400000, 0x000000061a800000, 0x000000061a800000|100%|HS|  |TAMS 0x000000061a400000, 0x000000061a800000| Complete 
| 106|0x000000061a800000, 0x000000061ac00000, 0x000000061ac00000|100%| O|  |TAMS 0x000000061a800000, 0x000000061ac00000| Untracked 
| 107|0x000000061ac00000, 0x000000061b000000, 0x000000061b000000|100%| O|  |TAMS 0x000000061ac00000, 0x000000061b000000| Untracked 
| 108|0x000000061b000000, 0x000000061b400000, 0x000000061b400000|100%| O|  |TAMS 0x000000061b000000, 0x000000061b400000| Untracked 
| 109|0x000000061b400000, 0x000000061b800000, 0x000000061b800000|100%|HS|  |TAMS 0x000000061b400000, 0x000000061b800000| Complete 
| 110|0x000000061b800000, 0x000000061bc00000, 0x000000061bc00000|100%|HS|  |TAMS 0x000000061b800000, 0x000000061bc00000| Complete 
| 111|0x000000061bc00000, 0x000000061c000000, 0x000000061c000000|100%| O|  |TAMS 0x000000061c000000, 0x000000061c000000| Untracked 
| 112|0x000000061c000000, 0x000000061c400000, 0x000000061c400000|100%| O|  |TAMS 0x000000061c400000, 0x000000061c400000| Untracked 
| 113|0x000000061c400000, 0x000000061c800000, 0x000000061c800000|100%| O|  |TAMS 0x000000061c400000, 0x000000061c800000| Untracked 
| 114|0x000000061c800000, 0x000000061cc00000, 0x000000061cc00000|100%| O|  |TAMS 0x000000061cc00000, 0x000000061cc00000| Untracked 
| 115|0x000000061cc00000, 0x000000061d000000, 0x000000061d000000|100%| O|  |TAMS 0x000000061cdd5c00, 0x000000061d000000| Untracked 
| 116|0x000000061d000000, 0x000000061d400000, 0x000000061d400000|100%| O|  |TAMS 0x000000061d000000, 0x000000061d400000| Untracked 
| 117|0x000000061d400000, 0x000000061d800000, 0x000000061d800000|100%| O|  |TAMS 0x000000061d400000, 0x000000061d800000| Untracked 
| 118|0x000000061d800000, 0x000000061dc00000, 0x000000061dc00000|100%|HS|  |TAMS 0x000000061d800000, 0x000000061dc00000| Complete 
| 119|0x000000061dc00000, 0x000000061e000000, 0x000000061e000000|100%| O|  |TAMS 0x000000061dc00000, 0x000000061e000000| Untracked 
| 120|0x000000061e000000, 0x000000061e400000, 0x000000061e400000|100%|HS|  |TAMS 0x000000061e000000, 0x000000061e400000| Complete 
| 121|0x000000061e400000, 0x000000061e800000, 0x000000061e800000|100%| O|  |TAMS 0x000000061e400000, 0x000000061e800000| Untracked 
| 122|0x000000061e800000, 0x000000061ec00000, 0x000000061ec00000|100%|HS|  |TAMS 0x000000061e800000, 0x000000061ec00000| Complete 
| 123|0x000000061ec00000, 0x000000061f000000, 0x000000061f000000|100%| O|  |TAMS 0x000000061ec00000, 0x000000061f000000| Untracked 
| 124|0x000000061f000000, 0x000000061f400000, 0x000000061f400000|100%|HS|  |TAMS 0x000000061f000000, 0x000000061f400000| Complete 
| 125|0x000000061f400000, 0x000000061f800000, 0x000000061f800000|100%| O|  |TAMS 0x000000061f400000, 0x000000061f800000| Untracked 
| 126|0x000000061f800000, 0x000000061fc00000, 0x000000061fc00000|100%| O|  |TAMS 0x000000061f800000, 0x000000061fc00000| Untracked 
| 127|0x000000061fc00000, 0x0000000620000000, 0x0000000620000000|100%| O|  |TAMS 0x000000061fc00000, 0x0000000620000000| Untracked 
| 128|0x0000000620000000, 0x0000000620400000, 0x0000000620400000|100%| O|  |TAMS 0x0000000620000000, 0x0000000620400000| Untracked 
| 129|0x0000000620400000, 0x0000000620800000, 0x0000000620800000|100%| O|  |TAMS 0x0000000620400000, 0x0000000620800000| Untracked 
| 130|0x0000000620800000, 0x0000000620c00000, 0x0000000620c00000|100%| O|  |TAMS 0x0000000620800000, 0x0000000620c00000| Untracked 
| 131|0x0000000620c00000, 0x0000000621000000, 0x0000000621000000|100%| O|  |TAMS 0x0000000620c00000, 0x0000000621000000| Untracked 
| 132|0x0000000621000000, 0x0000000621400000, 0x0000000621400000|100%| O|  |TAMS 0x0000000621000000, 0x0000000621400000| Untracked 
| 133|0x0000000621400000, 0x0000000621800000, 0x0000000621800000|100%| O|  |TAMS 0x0000000621400000, 0x0000000621800000| Untracked 
| 134|0x0000000621800000, 0x0000000621c00000, 0x0000000621c00000|100%| O|  |TAMS 0x0000000621800000, 0x0000000621c00000| Untracked 
| 135|0x0000000621c00000, 0x0000000622000000, 0x0000000622000000|100%| O|  |TAMS 0x0000000621c00000, 0x0000000622000000| Untracked 
| 136|0x0000000622000000, 0x0000000622400000, 0x0000000622400000|100%| O|  |TAMS 0x0000000622000000, 0x0000000622400000| Untracked 
| 137|0x0000000622400000, 0x0000000622800000, 0x0000000622800000|100%| O|  |TAMS 0x0000000622400000, 0x0000000622800000| Untracked 
| 138|0x0000000622800000, 0x0000000622c00000, 0x0000000622c00000|100%| O|  |TAMS 0x0000000622800000, 0x0000000622b48a00| Untracked 
| 139|0x0000000622c00000, 0x0000000623000000, 0x0000000623000000|100%| O|  |TAMS 0x0000000622c00000, 0x0000000622c00000| Untracked 
| 140|0x0000000623000000, 0x0000000623400000, 0x0000000623400000|100%| O|  |TAMS 0x0000000623000000, 0x0000000623000000| Untracked 
| 141|0x0000000623400000, 0x0000000623800000, 0x0000000623800000|100%| O|  |TAMS 0x0000000623400000, 0x0000000623400000| Untracked 
| 142|0x0000000623800000, 0x0000000623c00000, 0x0000000623c00000|100%| O|  |TAMS 0x0000000623800000, 0x0000000623800000| Untracked 
| 143|0x0000000623c00000, 0x0000000624000000, 0x0000000624000000|100%| O|  |TAMS 0x0000000623c00000, 0x0000000623c00000| Untracked 
| 144|0x0000000624000000, 0x0000000624400000, 0x0000000624400000|100%| O|  |TAMS 0x0000000624000000, 0x0000000624000000| Untracked 
| 145|0x0000000624400000, 0x0000000624400000, 0x0000000624800000|  0%| F|  |TAMS 0x0000000624400000, 0x0000000624400000| Untracked 
| 146|0x0000000624800000, 0x0000000624800000, 0x0000000624c00000|  0%| F|  |TAMS 0x0000000624800000, 0x0000000624800000| Untracked 
| 147|0x0000000624c00000, 0x0000000624c00000, 0x0000000625000000|  0%| F|  |TAMS 0x0000000624c00000, 0x0000000624c00000| Untracked 
| 148|0x0000000625000000, 0x0000000625000000, 0x0000000625400000|  0%| F|  |TAMS 0x0000000625000000, 0x0000000625000000| Untracked 
| 149|0x0000000625400000, 0x0000000625400000, 0x0000000625800000|  0%| F|  |TAMS 0x0000000625400000, 0x0000000625400000| Untracked 
| 150|0x0000000625800000, 0x0000000625800000, 0x0000000625c00000|  0%| F|  |TAMS 0x0000000625800000, 0x0000000625800000| Untracked 
| 151|0x0000000625c00000, 0x0000000625c00000, 0x0000000626000000|  0%| F|  |TAMS 0x0000000625c00000, 0x0000000625c00000| Untracked 
| 152|0x0000000626000000, 0x0000000626000000, 0x0000000626400000|  0%| F|  |TAMS 0x0000000626000000, 0x0000000626000000| Untracked 
| 153|0x0000000626400000, 0x0000000626400000, 0x0000000626800000|  0%| F|  |TAMS 0x0000000626400000, 0x0000000626400000| Untracked 
| 154|0x0000000626800000, 0x0000000626800000, 0x0000000626c00000|  0%| F|  |TAMS 0x0000000626800000, 0x0000000626800000| Untracked 
| 155|0x0000000626c00000, 0x0000000626c00000, 0x0000000627000000|  0%| F|  |TAMS 0x0000000626c00000, 0x0000000626c00000| Untracked 
| 156|0x0000000627000000, 0x0000000627000000, 0x0000000627400000|  0%| F|  |TAMS 0x0000000627000000, 0x0000000627000000| Untracked 
| 157|0x0000000627400000, 0x0000000627400000, 0x0000000627800000|  0%| F|  |TAMS 0x0000000627400000, 0x0000000627400000| Untracked 
| 158|0x0000000627800000, 0x0000000627800000, 0x0000000627c00000|  0%| F|  |TAMS 0x0000000627800000, 0x0000000627800000| Untracked 
| 159|0x0000000627c00000, 0x0000000627c00000, 0x0000000628000000|  0%| F|  |TAMS 0x0000000627c00000, 0x0000000627c00000| Untracked 
| 160|0x0000000628000000, 0x0000000628000000, 0x0000000628400000|  0%| F|  |TAMS 0x0000000628000000, 0x0000000628000000| Untracked 
| 161|0x0000000628400000, 0x0000000628400000, 0x0000000628800000|  0%| F|  |TAMS 0x0000000628400000, 0x0000000628400000| Untracked 
| 162|0x0000000628800000, 0x0000000628800000, 0x0000000628c00000|  0%| F|  |TAMS 0x0000000628800000, 0x0000000628800000| Untracked 
| 163|0x0000000628c00000, 0x0000000628c00000, 0x0000000629000000|  0%| F|  |TAMS 0x0000000628c00000, 0x0000000628c00000| Untracked 
| 164|0x0000000629000000, 0x0000000629000000, 0x0000000629400000|  0%| F|  |TAMS 0x0000000629000000, 0x0000000629000000| Untracked 
| 165|0x0000000629400000, 0x0000000629400000, 0x0000000629800000|  0%| F|  |TAMS 0x0000000629400000, 0x0000000629400000| Untracked 
| 166|0x0000000629800000, 0x0000000629800000, 0x0000000629c00000|  0%| F|  |TAMS 0x0000000629800000, 0x0000000629800000| Untracked 
| 167|0x0000000629c00000, 0x0000000629c00000, 0x000000062a000000|  0%| F|  |TAMS 0x0000000629c00000, 0x0000000629c00000| Untracked 
| 168|0x000000062a000000, 0x000000062a000000, 0x000000062a400000|  0%| F|  |TAMS 0x000000062a000000, 0x000000062a000000| Untracked 
| 169|0x000000062a400000, 0x000000062a400000, 0x000000062a800000|  0%| F|  |TAMS 0x000000062a400000, 0x000000062a400000| Untracked 
| 170|0x000000062a800000, 0x000000062a800000, 0x000000062ac00000|  0%| F|  |TAMS 0x000000062a800000, 0x000000062a800000| Untracked 
| 171|0x000000062ac00000, 0x000000062ac00000, 0x000000062b000000|  0%| F|  |TAMS 0x000000062ac00000, 0x000000062ac00000| Untracked 
| 172|0x000000062b000000, 0x000000062b000000, 0x000000062b400000|  0%| F|  |TAMS 0x000000062b000000, 0x000000062b000000| Untracked 
| 173|0x000000062b400000, 0x000000062b400000, 0x000000062b800000|  0%| F|  |TAMS 0x000000062b400000, 0x000000062b400000| Untracked 
| 174|0x000000062b800000, 0x000000062b800000, 0x000000062bc00000|  0%| F|  |TAMS 0x000000062b800000, 0x000000062b800000| Untracked 
| 175|0x000000062bc00000, 0x000000062bc00000, 0x000000062c000000|  0%| F|  |TAMS 0x000000062bc00000, 0x000000062bc00000| Untracked 
| 176|0x000000062c000000, 0x000000062c000000, 0x000000062c400000|  0%| F|  |TAMS 0x000000062c000000, 0x000000062c000000| Untracked 
| 177|0x000000062c400000, 0x000000062c400000, 0x000000062c800000|  0%| F|  |TAMS 0x000000062c400000, 0x000000062c400000| Untracked 
| 178|0x000000062c800000, 0x000000062c800000, 0x000000062cc00000|  0%| F|  |TAMS 0x000000062c800000, 0x000000062c800000| Untracked 
| 179|0x000000062cc00000, 0x000000062cc00000, 0x000000062d000000|  0%| F|  |TAMS 0x000000062cc00000, 0x000000062cc00000| Untracked 
| 180|0x000000062d000000, 0x000000062d000000, 0x000000062d400000|  0%| F|  |TAMS 0x000000062d000000, 0x000000062d000000| Untracked 
| 181|0x000000062d400000, 0x000000062d400000, 0x000000062d800000|  0%| F|  |TAMS 0x000000062d400000, 0x000000062d400000| Untracked 
| 182|0x000000062d800000, 0x000000062d800000, 0x000000062dc00000|  0%| F|  |TAMS 0x000000062d800000, 0x000000062d800000| Untracked 
| 183|0x000000062dc00000, 0x000000062dc00000, 0x000000062e000000|  0%| F|  |TAMS 0x000000062dc00000, 0x000000062dc00000| Untracked 
| 184|0x000000062e000000, 0x000000062e000000, 0x000000062e400000|  0%| F|  |TAMS 0x000000062e000000, 0x000000062e000000| Untracked 
| 185|0x000000062e400000, 0x000000062e400000, 0x000000062e800000|  0%| F|  |TAMS 0x000000062e400000, 0x000000062e400000| Untracked 
| 186|0x000000062e800000, 0x000000062e800000, 0x000000062ec00000|  0%| F|  |TAMS 0x000000062e800000, 0x000000062e800000| Untracked 
| 187|0x000000062ec00000, 0x000000062ec00000, 0x000000062f000000|  0%| F|  |TAMS 0x000000062ec00000, 0x000000062ec00000| Untracked 
| 188|0x000000062f000000, 0x000000062f000000, 0x000000062f400000|  0%| F|  |TAMS 0x000000062f000000, 0x000000062f000000| Untracked 
| 189|0x000000062f400000, 0x000000062f400000, 0x000000062f800000|  0%| F|  |TAMS 0x000000062f400000, 0x000000062f400000| Untracked 
| 190|0x000000062f800000, 0x000000062f800000, 0x000000062fc00000|  0%| F|  |TAMS 0x000000062f800000, 0x000000062f800000| Untracked 
| 191|0x000000062fc00000, 0x000000062fc00000, 0x0000000630000000|  0%| F|  |TAMS 0x000000062fc00000, 0x000000062fc00000| Untracked 
| 192|0x0000000630000000, 0x0000000630000000, 0x0000000630400000|  0%| F|  |TAMS 0x0000000630000000, 0x0000000630000000| Untracked 
| 193|0x0000000630400000, 0x0000000630400000, 0x0000000630800000|  0%| F|  |TAMS 0x0000000630400000, 0x0000000630400000| Untracked 
| 194|0x0000000630800000, 0x0000000630800000, 0x0000000630c00000|  0%| F|  |TAMS 0x0000000630800000, 0x0000000630800000| Untracked 
| 195|0x0000000630c00000, 0x0000000630c00000, 0x0000000631000000|  0%| F|  |TAMS 0x0000000630c00000, 0x0000000630c00000| Untracked 
| 196|0x0000000631000000, 0x0000000631000000, 0x0000000631400000|  0%| F|  |TAMS 0x0000000631000000, 0x0000000631000000| Untracked 
| 197|0x0000000631400000, 0x0000000631400000, 0x0000000631800000|  0%| F|  |TAMS 0x0000000631400000, 0x0000000631400000| Untracked 
| 198|0x0000000631800000, 0x0000000631800000, 0x0000000631c00000|  0%| F|  |TAMS 0x0000000631800000, 0x0000000631800000| Untracked 
| 199|0x0000000631c00000, 0x0000000631c00000, 0x0000000632000000|  0%| F|  |TAMS 0x0000000631c00000, 0x0000000631c00000| Untracked 
| 200|0x0000000632000000, 0x0000000632000000, 0x0000000632400000|  0%| F|  |TAMS 0x0000000632000000, 0x0000000632000000| Untracked 
| 201|0x0000000632400000, 0x0000000632400000, 0x0000000632800000|  0%| F|  |TAMS 0x0000000632400000, 0x0000000632400000| Untracked 
| 202|0x0000000632800000, 0x0000000632800000, 0x0000000632c00000|  0%| F|  |TAMS 0x0000000632800000, 0x0000000632800000| Untracked 
| 203|0x0000000632c00000, 0x0000000632c00000, 0x0000000633000000|  0%| F|  |TAMS 0x0000000632c00000, 0x0000000632c00000| Untracked 
| 204|0x0000000633000000, 0x0000000633000000, 0x0000000633400000|  0%| F|  |TAMS 0x0000000633000000, 0x0000000633000000| Untracked 
| 205|0x0000000633400000, 0x0000000633400000, 0x0000000633800000|  0%| F|  |TAMS 0x0000000633400000, 0x0000000633400000| Untracked 
| 206|0x0000000633800000, 0x0000000633800000, 0x0000000633c00000|  0%| F|  |TAMS 0x0000000633800000, 0x0000000633800000| Untracked 
| 207|0x0000000633c00000, 0x0000000633c00000, 0x0000000634000000|  0%| F|  |TAMS 0x0000000633c00000, 0x0000000633c00000| Untracked 
| 208|0x0000000634000000, 0x0000000634000000, 0x0000000634400000|  0%| F|  |TAMS 0x0000000634000000, 0x0000000634000000| Untracked 
| 209|0x0000000634400000, 0x0000000634400000, 0x0000000634800000|  0%| F|  |TAMS 0x0000000634400000, 0x0000000634400000| Untracked 
| 210|0x0000000634800000, 0x0000000634800000, 0x0000000634c00000|  0%| F|  |TAMS 0x0000000634800000, 0x0000000634800000| Untracked 
| 211|0x0000000634c00000, 0x0000000634c00000, 0x0000000635000000|  0%| F|  |TAMS 0x0000000634c00000, 0x0000000634c00000| Untracked 
| 212|0x0000000635000000, 0x0000000635000000, 0x0000000635400000|  0%| F|  |TAMS 0x0000000635000000, 0x0000000635000000| Untracked 
| 213|0x0000000635400000, 0x0000000635400000, 0x0000000635800000|  0%| F|  |TAMS 0x0000000635400000, 0x0000000635400000| Untracked 
| 214|0x0000000635800000, 0x0000000635800000, 0x0000000635c00000|  0%| F|  |TAMS 0x0000000635800000, 0x0000000635800000| Untracked 
| 215|0x0000000635c00000, 0x0000000635c00000, 0x0000000636000000|  0%| F|  |TAMS 0x0000000635c00000, 0x0000000635c00000| Untracked 
| 216|0x0000000636000000, 0x0000000636000000, 0x0000000636400000|  0%| F|  |TAMS 0x0000000636000000, 0x0000000636000000| Untracked 
| 217|0x0000000636400000, 0x0000000636400000, 0x0000000636800000|  0%| F|  |TAMS 0x0000000636400000, 0x0000000636400000| Untracked 
| 218|0x0000000636800000, 0x0000000636800000, 0x0000000636c00000|  0%| F|  |TAMS 0x0000000636800000, 0x0000000636800000| Untracked 
| 219|0x0000000636c00000, 0x0000000636c00000, 0x0000000637000000|  0%| F|  |TAMS 0x0000000636c00000, 0x0000000636c00000| Untracked 
| 220|0x0000000637000000, 0x0000000637000000, 0x0000000637400000|  0%| F|  |TAMS 0x0000000637000000, 0x0000000637000000| Untracked 
| 221|0x0000000637400000, 0x0000000637400000, 0x0000000637800000|  0%| F|  |TAMS 0x0000000637400000, 0x0000000637400000| Untracked 
| 222|0x0000000637800000, 0x0000000637800000, 0x0000000637c00000|  0%| F|  |TAMS 0x0000000637800000, 0x0000000637800000| Untracked 
| 223|0x0000000637c00000, 0x0000000637c00000, 0x0000000638000000|  0%| F|  |TAMS 0x0000000637c00000, 0x0000000637c00000| Untracked 
| 224|0x0000000638000000, 0x0000000638000000, 0x0000000638400000|  0%| F|  |TAMS 0x0000000638000000, 0x0000000638000000| Untracked 
| 225|0x0000000638400000, 0x0000000638400000, 0x0000000638800000|  0%| F|  |TAMS 0x0000000638400000, 0x0000000638400000| Untracked 
| 226|0x0000000638800000, 0x0000000638800000, 0x0000000638c00000|  0%| F|  |TAMS 0x0000000638800000, 0x0000000638800000| Untracked 
| 227|0x0000000638c00000, 0x0000000638c00000, 0x0000000639000000|  0%| F|  |TAMS 0x0000000638c00000, 0x0000000638c00000| Untracked 
| 228|0x0000000639000000, 0x0000000639000000, 0x0000000639400000|  0%| F|  |TAMS 0x0000000639000000, 0x0000000639000000| Untracked 
| 229|0x0000000639400000, 0x0000000639400000, 0x0000000639800000|  0%| F|  |TAMS 0x0000000639400000, 0x0000000639400000| Untracked 
| 230|0x0000000639800000, 0x0000000639800000, 0x0000000639c00000|  0%| F|  |TAMS 0x0000000639800000, 0x0000000639800000| Untracked 
| 231|0x0000000639c00000, 0x0000000639c00000, 0x000000063a000000|  0%| F|  |TAMS 0x0000000639c00000, 0x0000000639c00000| Untracked 
| 232|0x000000063a000000, 0x000000063a000000, 0x000000063a400000|  0%| F|  |TAMS 0x000000063a000000, 0x000000063a000000| Untracked 
| 233|0x000000063a400000, 0x000000063a400000, 0x000000063a800000|  0%| F|  |TAMS 0x000000063a400000, 0x000000063a400000| Untracked 
| 234|0x000000063a800000, 0x000000063a800000, 0x000000063ac00000|  0%| F|  |TAMS 0x000000063a800000, 0x000000063a800000| Untracked 
| 235|0x000000063ac00000, 0x000000063ac00000, 0x000000063b000000|  0%| F|  |TAMS 0x000000063ac00000, 0x000000063ac00000| Untracked 
| 236|0x000000063b000000, 0x000000063b000000, 0x000000063b400000|  0%| F|  |TAMS 0x000000063b000000, 0x000000063b000000| Untracked 
| 237|0x000000063b400000, 0x000000063b400000, 0x000000063b800000|  0%| F|  |TAMS 0x000000063b400000, 0x000000063b400000| Untracked 
| 238|0x000000063b800000, 0x000000063b800000, 0x000000063bc00000|  0%| F|  |TAMS 0x000000063b800000, 0x000000063b800000| Untracked 
| 239|0x000000063bc00000, 0x000000063bc00000, 0x000000063c000000|  0%| F|  |TAMS 0x000000063bc00000, 0x000000063bc00000| Untracked 
| 240|0x000000063c000000, 0x000000063c000000, 0x000000063c400000|  0%| F|  |TAMS 0x000000063c000000, 0x000000063c000000| Untracked 
| 241|0x000000063c400000, 0x000000063c400000, 0x000000063c800000|  0%| F|  |TAMS 0x000000063c400000, 0x000000063c400000| Untracked 
| 242|0x000000063c800000, 0x000000063c800000, 0x000000063cc00000|  0%| F|  |TAMS 0x000000063c800000, 0x000000063c800000| Untracked 
| 243|0x000000063cc00000, 0x000000063cc00000, 0x000000063d000000|  0%| F|  |TAMS 0x000000063cc00000, 0x000000063cc00000| Untracked 
| 244|0x000000063d000000, 0x000000063d000000, 0x000000063d400000|  0%| F|  |TAMS 0x000000063d000000, 0x000000063d000000| Untracked 
| 245|0x000000063d400000, 0x000000063d400000, 0x000000063d800000|  0%| F|  |TAMS 0x000000063d400000, 0x000000063d400000| Untracked 
| 246|0x000000063d800000, 0x000000063d800000, 0x000000063dc00000|  0%| F|  |TAMS 0x000000063d800000, 0x000000063d800000| Untracked 
| 247|0x000000063dc00000, 0x000000063dc00000, 0x000000063e000000|  0%| F|  |TAMS 0x000000063dc00000, 0x000000063dc00000| Untracked 
| 248|0x000000063e000000, 0x000000063e000000, 0x000000063e400000|  0%| F|  |TAMS 0x000000063e000000, 0x000000063e000000| Untracked 
| 249|0x000000063e400000, 0x000000063e400000, 0x000000063e800000|  0%| F|  |TAMS 0x000000063e400000, 0x000000063e400000| Untracked 
| 250|0x000000063e800000, 0x000000063e800000, 0x000000063ec00000|  0%| F|  |TAMS 0x000000063e800000, 0x000000063e800000| Untracked 
| 251|0x000000063ec00000, 0x000000063ec00000, 0x000000063f000000|  0%| F|  |TAMS 0x000000063ec00000, 0x000000063ec00000| Untracked 
| 252|0x000000063f000000, 0x000000063f000000, 0x000000063f400000|  0%| F|  |TAMS 0x000000063f000000, 0x000000063f000000| Untracked 
| 253|0x000000063f400000, 0x000000063f400000, 0x000000063f800000|  0%| F|  |TAMS 0x000000063f400000, 0x000000063f400000| Untracked 
| 254|0x000000063f800000, 0x000000063f800000, 0x000000063fc00000|  0%| F|  |TAMS 0x000000063f800000, 0x000000063f800000| Untracked 
| 255|0x000000063fc00000, 0x000000063fc00000, 0x0000000640000000|  0%| F|  |TAMS 0x000000063fc00000, 0x000000063fc00000| Untracked 
| 256|0x0000000640000000, 0x0000000640000000, 0x0000000640400000|  0%| F|  |TAMS 0x0000000640000000, 0x0000000640000000| Untracked 
| 257|0x0000000640400000, 0x0000000640400000, 0x0000000640800000|  0%| F|  |TAMS 0x0000000640400000, 0x0000000640400000| Untracked 
| 258|0x0000000640800000, 0x0000000640800000, 0x0000000640c00000|  0%| F|  |TAMS 0x0000000640800000, 0x0000000640800000| Untracked 
| 259|0x0000000640c00000, 0x0000000640c00000, 0x0000000641000000|  0%| F|  |TAMS 0x0000000640c00000, 0x0000000640c00000| Untracked 
| 260|0x0000000641000000, 0x0000000641000000, 0x0000000641400000|  0%| F|  |TAMS 0x0000000641000000, 0x0000000641000000| Untracked 
| 261|0x0000000641400000, 0x0000000641400000, 0x0000000641800000|  0%| F|  |TAMS 0x0000000641400000, 0x0000000641400000| Untracked 
| 262|0x0000000641800000, 0x0000000641800000, 0x0000000641c00000|  0%| F|  |TAMS 0x0000000641800000, 0x0000000641800000| Untracked 
| 263|0x0000000641c00000, 0x0000000641c00000, 0x0000000642000000|  0%| F|  |TAMS 0x0000000641c00000, 0x0000000641c00000| Untracked 
| 264|0x0000000642000000, 0x0000000642000000, 0x0000000642400000|  0%| F|  |TAMS 0x0000000642000000, 0x0000000642000000| Untracked 
| 265|0x0000000642400000, 0x0000000642400000, 0x0000000642800000|  0%| F|  |TAMS 0x0000000642400000, 0x0000000642400000| Untracked 
| 266|0x0000000642800000, 0x0000000642800000, 0x0000000642c00000|  0%| F|  |TAMS 0x0000000642800000, 0x0000000642800000| Untracked 
| 267|0x0000000642c00000, 0x0000000642c00000, 0x0000000643000000|  0%| F|  |TAMS 0x0000000642c00000, 0x0000000642c00000| Untracked 
| 268|0x0000000643000000, 0x0000000643000000, 0x0000000643400000|  0%| F|  |TAMS 0x0000000643000000, 0x0000000643000000| Untracked 
| 269|0x0000000643400000, 0x0000000643400000, 0x0000000643800000|  0%| F|  |TAMS 0x0000000643400000, 0x0000000643400000| Untracked 
| 270|0x0000000643800000, 0x0000000643800000, 0x0000000643c00000|  0%| F|  |TAMS 0x0000000643800000, 0x0000000643800000| Untracked 
| 271|0x0000000643c00000, 0x0000000643c00000, 0x0000000644000000|  0%| F|  |TAMS 0x0000000643c00000, 0x0000000643c00000| Untracked 
| 272|0x0000000644000000, 0x0000000644000000, 0x0000000644400000|  0%| F|  |TAMS 0x0000000644000000, 0x0000000644000000| Untracked 
| 273|0x0000000644400000, 0x0000000644400000, 0x0000000644800000|  0%| F|  |TAMS 0x0000000644400000, 0x0000000644400000| Untracked 
| 274|0x0000000644800000, 0x0000000644800000, 0x0000000644c00000|  0%| F|  |TAMS 0x0000000644800000, 0x0000000644800000| Untracked 
| 275|0x0000000644c00000, 0x0000000644c00000, 0x0000000645000000|  0%| F|  |TAMS 0x0000000644c00000, 0x0000000644c00000| Untracked 
| 276|0x0000000645000000, 0x0000000645000000, 0x0000000645400000|  0%| F|  |TAMS 0x0000000645000000, 0x0000000645000000| Untracked 
| 277|0x0000000645400000, 0x0000000645400000, 0x0000000645800000|  0%| F|  |TAMS 0x0000000645400000, 0x0000000645400000| Untracked 
| 278|0x0000000645800000, 0x0000000645800000, 0x0000000645c00000|  0%| F|  |TAMS 0x0000000645800000, 0x0000000645800000| Untracked 
| 279|0x0000000645c00000, 0x0000000645c00000, 0x0000000646000000|  0%| F|  |TAMS 0x0000000645c00000, 0x0000000645c00000| Untracked 
| 280|0x0000000646000000, 0x0000000646000000, 0x0000000646400000|  0%| F|  |TAMS 0x0000000646000000, 0x0000000646000000| Untracked 
| 281|0x0000000646400000, 0x0000000646400000, 0x0000000646800000|  0%| F|  |TAMS 0x0000000646400000, 0x0000000646400000| Untracked 
| 282|0x0000000646800000, 0x0000000646800000, 0x0000000646c00000|  0%| F|  |TAMS 0x0000000646800000, 0x0000000646800000| Untracked 
| 283|0x0000000646c00000, 0x0000000646c00000, 0x0000000647000000|  0%| F|  |TAMS 0x0000000646c00000, 0x0000000646c00000| Untracked 
| 284|0x0000000647000000, 0x0000000647000000, 0x0000000647400000|  0%| F|  |TAMS 0x0000000647000000, 0x0000000647000000| Untracked 
| 285|0x0000000647400000, 0x0000000647400000, 0x0000000647800000|  0%| F|  |TAMS 0x0000000647400000, 0x0000000647400000| Untracked 
| 286|0x0000000647800000, 0x0000000647800000, 0x0000000647c00000|  0%| F|  |TAMS 0x0000000647800000, 0x0000000647800000| Untracked 
| 287|0x0000000647c00000, 0x0000000647c00000, 0x0000000648000000|  0%| F|  |TAMS 0x0000000647c00000, 0x0000000647c00000| Untracked 
| 288|0x0000000648000000, 0x0000000648000000, 0x0000000648400000|  0%| F|  |TAMS 0x0000000648000000, 0x0000000648000000| Untracked 
| 289|0x0000000648400000, 0x0000000648400000, 0x0000000648800000|  0%| F|  |TAMS 0x0000000648400000, 0x0000000648400000| Untracked 
| 290|0x0000000648800000, 0x0000000648800000, 0x0000000648c00000|  0%| F|  |TAMS 0x0000000648800000, 0x0000000648800000| Untracked 
| 291|0x0000000648c00000, 0x0000000648c00000, 0x0000000649000000|  0%| F|  |TAMS 0x0000000648c00000, 0x0000000648c00000| Untracked 
| 292|0x0000000649000000, 0x0000000649000000, 0x0000000649400000|  0%| F|  |TAMS 0x0000000649000000, 0x0000000649000000| Untracked 
| 293|0x0000000649400000, 0x0000000649800000, 0x0000000649800000|100%| S|CS|TAMS 0x0000000649400000, 0x0000000649400000| Complete 
| 294|0x0000000649800000, 0x0000000649c00000, 0x0000000649c00000|100%| S|CS|TAMS 0x0000000649800000, 0x0000000649800000| Complete 
| 295|0x0000000649c00000, 0x0000000649c00000, 0x000000064a000000|  0%| F|  |TAMS 0x0000000649c00000, 0x0000000649c00000| Untracked 
| 296|0x000000064a000000, 0x000000064a000000, 0x000000064a400000|  0%| F|  |TAMS 0x000000064a000000, 0x000000064a000000| Untracked 
| 297|0x000000064a400000, 0x000000064a400000, 0x000000064a800000|  0%| F|  |TAMS 0x000000064a400000, 0x000000064a400000| Untracked 
| 298|0x000000064a800000, 0x000000064a800000, 0x000000064ac00000|  0%| F|  |TAMS 0x000000064a800000, 0x000000064a800000| Untracked 
| 299|0x000000064ac00000, 0x000000064ac00000, 0x000000064b000000|  0%| F|  |TAMS 0x000000064ac00000, 0x000000064ac00000| Untracked 
| 300|0x000000064b000000, 0x000000064b000000, 0x000000064b400000|  0%| F|  |TAMS 0x000000064b000000, 0x000000064b000000| Untracked 
| 301|0x000000064b400000, 0x000000064b400000, 0x000000064b800000|  0%| F|  |TAMS 0x000000064b400000, 0x000000064b400000| Untracked 
| 302|0x000000064b800000, 0x000000064b800000, 0x000000064bc00000|  0%| F|  |TAMS 0x000000064b800000, 0x000000064b800000| Untracked 
| 303|0x000000064bc00000, 0x000000064bc00000, 0x000000064c000000|  0%| F|  |TAMS 0x000000064bc00000, 0x000000064bc00000| Untracked 
| 304|0x000000064c000000, 0x000000064c000000, 0x000000064c400000|  0%| F|  |TAMS 0x000000064c000000, 0x000000064c000000| Untracked 
| 305|0x000000064c400000, 0x000000064c400000, 0x000000064c800000|  0%| F|  |TAMS 0x000000064c400000, 0x000000064c400000| Untracked 
| 306|0x000000064c800000, 0x000000064c800000, 0x000000064cc00000|  0%| F|  |TAMS 0x000000064c800000, 0x000000064c800000| Untracked 
| 307|0x000000064cc00000, 0x000000064cc00000, 0x000000064d000000|  0%| F|  |TAMS 0x000000064cc00000, 0x000000064cc00000| Untracked 

Card table byte_map: [0x00000272d9220000,0x00000272da220000] _byte_map_base: 0x00000272d6220000

Marking Bits (Prev, Next): (CMBitMap*) 0x00000272d06086e0, (CMBitMap*) 0x00000272d06086a0
 Prev Bits: [0x00000272e3220000, 0x00000272eb220000)
 Next Bits: [0x00000272db220000, 0x00000272e3220000)

Polling page: 0x00000272ce6f0000

Metaspace:

Usage:
  Non-class:    157.36 MB used.
      Class:     23.18 MB used.
       Both:    180.54 MB used.

Virtual space:
  Non-class space:      192.00 MB reserved,     158.69 MB ( 83%) committed,  3 nodes.
      Class space:        1.00 GB reserved,      24.31 MB (  2%) committed,  1 nodes.
             Both:        1.19 GB reserved,     183.00 MB ( 15%) committed. 

Chunk freelists:
   Non-Class:  928.00 KB
       Class:  7.67 MB
        Both:  8.58 MB

MaxMetaspaceSize: 2.00 GB
CompressedClassSpaceSize: 1.00 GB
Initial GC threshold: 21.00 MB
Current GC threshold: 266.06 MB
CDS: on
MetaspaceReclaimPolicy: balanced
 - commit_granule_bytes: 65536.
 - commit_granule_words: 8192.
 - virtual_space_node_default_size: 8388608.
 - enlarge_chunks_in_place: 1.
 - new_chunks_are_fully_committed: 0.
 - uncommit_free_chunks: 1.
 - use_allocation_guard: 0.
 - handle_deallocations: 1.


Internal statistics:

num_allocs_failed_limit: 12.
num_arena_births: 3466.
num_arena_deaths: 8.
num_vsnodes_births: 4.
num_vsnodes_deaths: 0.
num_space_committed: 2934.
num_space_uncommitted: 9.
num_chunks_returned_to_freelist: 84.
num_chunks_taken_from_freelist: 12044.
num_chunk_merges: 32.
num_chunk_splits: 7605.
num_chunks_enlarged: 4542.
num_inconsistent_stats: 0.

CodeHeap 'non-profiled nmethods': size=521472Kb used=36012Kb max_used=36053Kb free=485459Kb
 bounds [0x00000272a02c0000, 0x00000272a2600000, 0x00000272c0000000]
CodeHeap 'profiled nmethods': size=521408Kb used=64553Kb max_used=64563Kb free=456854Kb
 bounds [0x0000027280000000, 0x0000027283f20000, 0x000002729fd30000]
CodeHeap 'non-nmethods': size=5696Kb used=2589Kb max_used=2648Kb free=3106Kb
 bounds [0x000002729fd30000, 0x000002729ffe0000, 0x00000272a02c0000]
 total_blobs=33326 nmethods=32173 adapters=1062
 compilation: enabled
              stopped_count=0, restarted_count=0
 full_count=0

Compilation events (20 events):
Event: 4494.290 Thread 0x00000272ed636f20 42824       3       com.android.tools.r8.internal.Zo::<init> (7 bytes)
Event: 4494.290 Thread 0x00000272ed636f20 nmethod 42824 0x000002728359c910 code [0x000002728359caa0, 0x000002728359cbe8]
Event: 4494.291 Thread 0x00000272ed636f20 42825       2       com.android.tools.r8.internal.vp::<init> (13 bytes)
Event: 4494.291 Thread 0x00000272ed636f20 nmethod 42825 0x000002728359c510 code [0x000002728359c6a0, 0x000002728359c7c8]
Event: 4494.292 Thread 0x00000272ed636f20 42826       3       com.android.tools.r8.internal.Yr::<init> (7 bytes)
Event: 4494.293 Thread 0x00000272ed636f20 nmethod 42826 0x000002728359bf10 code [0x000002728359c0c0, 0x000002728359c358]
Event: 4494.302 Thread 0x00000272ed636f20 42828       3       com.android.tools.r8.internal.zn::<init> (7 bytes)
Event: 4494.303 Thread 0x00000272ed636f20 nmethod 42828 0x000002728359bb90 code [0x000002728359bd20, 0x000002728359be68]
Event: 4494.303 Thread 0x00000272ed636f20 42829       3       com.android.tools.r8.internal.Um::a (3278 bytes)
Event: 4494.332 Thread 0x00000272ed636f20 nmethod 42829 0x0000027283eede90 code [0x0000027283ef05a0, 0x0000027283f05968]
Event: 4494.348 Thread 0x00000272ed636f20 42830       2       com.android.tools.r8.internal.Mr::<init> (13 bytes)
Event: 4494.349 Thread 0x00000272ed636f20 nmethod 42830 0x000002728359b790 code [0x000002728359b920, 0x000002728359ba48]
Event: 4494.350 Thread 0x00000272ed636f20 42831       2       com.android.tools.r8.dex.C$$Lambda$4096/0x00000272f084d220::get (8 bytes)
Event: 4494.350 Thread 0x00000272ed636f20 nmethod 42831 0x000002728359b410 code [0x000002728359b5a0, 0x000002728359b6c8]
Event: 4494.452 Thread 0x00000272ed636f20 42832       3       com.android.tools.r8.dex.A::<init> (1779 bytes)
Event: 4494.583 Thread 0x00000272ed636f20 nmethod 42832 0x0000027283f0c810 code [0x0000027283f0d4c0, 0x0000027283f170e8]
Event: 4494.910 Thread 0x00000272ed636f20 42833       2       com.android.tools.r8.graph.P2$b::p0 (2 bytes)
Event: 4494.910 Thread 0x00000272ed636f20 nmethod 42833 0x0000027283b29c90 code [0x0000027283b29e20, 0x0000027283b29f38]
Event: 4494.915 Thread 0x00000272ed636f20 42834       2       com.android.tools.r8.graph.r0::c (73 bytes)
Event: 4494.916 Thread 0x00000272ed636f20 nmethod 42834 0x0000027283b29010 code [0x0000027283b29220, 0x0000027283b296e8]

GC Heap History (20 events):
Event: 4405.088 GC heap after
{Heap after GC invocations=99 (full 0):
 garbage-first heap   total 1261568K, used 448203K [0x0000000600000000, 0x0000000800000000)
  region size 4096K, 3 young (12288K), 3 survivors (12288K)
 Metaspace       used 182304K, committed 184832K, reserved 1245184K
  class space    used 23430K, committed 24576K, reserved 1048576K
}
Event: 4434.557 GC heap before
{Heap before GC invocations=99 (full 0):
 garbage-first heap   total 1261568K, used 812747K [0x0000000600000000, 0x0000000800000000)
  region size 4096K, 92 young (376832K), 3 survivors (12288K)
 Metaspace       used 182776K, committed 185280K, reserved 1245184K
  class space    used 23489K, committed 24640K, reserved 1048576K
}
Event: 4434.928 GC heap after
{Heap after GC invocations=100 (full 0):
 garbage-first heap   total 1261568K, used 445459K [0x0000000600000000, 0x0000000800000000)
  region size 4096K, 2 young (8192K), 2 survivors (8192K)
 Metaspace       used 182776K, committed 185280K, reserved 1245184K
  class space    used 23489K, committed 24640K, reserved 1048576K
}
Event: 4441.566 GC heap before
{Heap before GC invocations=100 (full 0):
 garbage-first heap   total 1261568K, used 527379K [0x0000000600000000, 0x0000000800000000)
  region size 4096K, 23 young (94208K), 2 survivors (8192K)
 Metaspace       used 182803K, committed 185280K, reserved 1245184K
  class space    used 23490K, committed 24640K, reserved 1048576K
}
Event: 4441.734 GC heap after
{Heap after GC invocations=101 (full 0):
 garbage-first heap   total 1261568K, used 452518K [0x0000000600000000, 0x0000000800000000)
  region size 4096K, 3 young (12288K), 3 survivors (12288K)
 Metaspace       used 182803K, committed 185280K, reserved 1245184K
  class space    used 23490K, committed 24640K, reserved 1048576K
}
Event: 4445.994 GC heap before
{Heap before GC invocations=101 (full 0):
 garbage-first heap   total 1261568K, used 497574K [0x0000000600000000, 0x0000000800000000)
  region size 4096K, 15 young (61440K), 3 survivors (12288K)
 Metaspace       used 182829K, committed 185344K, reserved 1245184K
  class space    used 23490K, committed 24640K, reserved 1048576K
}
Event: 4446.047 GC heap after
{Heap after GC invocations=102 (full 0):
 garbage-first heap   total 1261568K, used 453150K [0x0000000600000000, 0x0000000800000000)
  region size 4096K, 1 young (4096K), 1 survivors (4096K)
 Metaspace       used 182829K, committed 185344K, reserved 1245184K
  class space    used 23490K, committed 24640K, reserved 1048576K
}
Event: 4465.713 GC heap before
{Heap before GC invocations=102 (full 0):
 garbage-first heap   total 1261568K, used 567838K [0x0000000600000000, 0x0000000800000000)
  region size 4096K, 30 young (122880K), 1 survivors (4096K)
 Metaspace       used 183092K, committed 185600K, reserved 1245184K
  class space    used 23516K, committed 24640K, reserved 1048576K
}
Event: 4465.816 GC heap after
{Heap after GC invocations=103 (full 0):
 garbage-first heap   total 1261568K, used 454610K [0x0000000600000000, 0x0000000800000000)
  region size 4096K, 2 young (8192K), 2 survivors (8192K)
 Metaspace       used 183092K, committed 185600K, reserved 1245184K
  class space    used 23516K, committed 24640K, reserved 1048576K
}
Event: 4475.078 GC heap before
{Heap before GC invocations=103 (full 0):
 garbage-first heap   total 1261568K, used 557010K [0x0000000600000000, 0x0000000800000000)
  region size 4096K, 28 young (114688K), 2 survivors (8192K)
 Metaspace       used 183981K, committed 186496K, reserved 1245184K
  class space    used 23632K, committed 24768K, reserved 1048576K
}
Event: 4475.137 GC heap after
{Heap after GC invocations=104 (full 0):
 garbage-first heap   total 1261568K, used 461118K [0x0000000600000000, 0x0000000800000000)
  region size 4096K, 3 young (12288K), 3 survivors (12288K)
 Metaspace       used 183981K, committed 186496K, reserved 1245184K
  class space    used 23632K, committed 24768K, reserved 1048576K
}
Event: 4482.716 GC heap before
{Heap before GC invocations=104 (full 0):
 garbage-first heap   total 1261568K, used 543038K [0x0000000600000000, 0x0000000800000000)
  region size 4096K, 22 young (90112K), 3 survivors (12288K)
 Metaspace       used 184025K, committed 186560K, reserved 1245184K
  class space    used 23638K, committed 24768K, reserved 1048576K
}
Event: 4482.881 GC heap after
{Heap after GC invocations=105 (full 0):
 garbage-first heap   total 1261568K, used 480824K [0x0000000600000000, 0x0000000800000000)
  region size 4096K, 3 young (12288K), 3 survivors (12288K)
 Metaspace       used 184025K, committed 186560K, reserved 1245184K
  class space    used 23638K, committed 24768K, reserved 1048576K
}
Event: 4485.838 GC heap before
{Heap before GC invocations=105 (full 0):
 garbage-first heap   total 1261568K, used 591416K [0x0000000600000000, 0x0000000800000000)
  region size 4096K, 21 young (86016K), 3 survivors (12288K)
 Metaspace       used 184508K, committed 187008K, reserved 1245184K
  class space    used 23709K, committed 24832K, reserved 1048576K
}
Event: 4485.966 GC heap after
{Heap after GC invocations=106 (full 0):
 garbage-first heap   total 1261568K, used 535377K [0x0000000600000000, 0x0000000800000000)
  region size 4096K, 3 young (12288K), 3 survivors (12288K)
 Metaspace       used 184508K, committed 187008K, reserved 1245184K
  class space    used 23709K, committed 24832K, reserved 1048576K
}
Event: 4488.964 GC heap before
{Heap before GC invocations=106 (full 0):
 garbage-first heap   total 1261568K, used 580433K [0x0000000600000000, 0x0000000800000000)
  region size 4096K, 15 young (61440K), 3 survivors (12288K)
 Metaspace       used 184518K, committed 187008K, reserved 1245184K
  class space    used 23709K, committed 24832K, reserved 1048576K
}
Event: 4489.087 GC heap after
{Heap after GC invocations=107 (full 0):
 garbage-first heap   total 1261568K, used 554180K [0x0000000600000000, 0x0000000800000000)
  region size 4096K, 2 young (8192K), 2 survivors (8192K)
 Metaspace       used 184518K, committed 187008K, reserved 1245184K
  class space    used 23709K, committed 24832K, reserved 1048576K
}
Event: 4490.153 GC heap before
{Heap before GC invocations=107 (full 0):
 garbage-first heap   total 1261568K, used 607428K [0x0000000600000000, 0x0000000800000000)
  region size 4096K, 15 young (61440K), 2 survivors (8192K)
 Metaspace       used 184531K, committed 187008K, reserved 1245184K
  class space    used 23709K, committed 24832K, reserved 1048576K
}
Event: 4490.386 GC heap after
{Heap after GC invocations=108 (full 0):
 garbage-first heap   total 1261568K, used 576802K [0x0000000600000000, 0x0000000800000000)
  region size 4096K, 2 young (8192K), 2 survivors (8192K)
 Metaspace       used 184531K, committed 187008K, reserved 1245184K
  class space    used 23709K, committed 24832K, reserved 1048576K
}
Event: 4495.205 GC heap before
{Heap before GC invocations=108 (full 0):
 garbage-first heap   total 1261568K, used 625954K [0x0000000600000000, 0x0000000800000000)
  region size 4096K, 15 young (61440K), 2 survivors (8192K)
 Metaspace       used 184873K, committed 187392K, reserved 1245184K
  class space    used 23736K, committed 24896K, reserved 1048576K
}

Deoptimization events (20 events):
Event: 4494.303 Thread 0x000002734061e1c0 Uncommon trap: trap_request=0xffffff45 fr.pc=0x00000272a25ed760 relative=0x0000000000007840
Event: 4494.303 Thread 0x000002734061e1c0 Uncommon trap: reason=unstable_if action=reinterpret pc=0x00000272a25ed760 method=com.android.tools.r8.internal.Um.a(IILcom/android/tools/r8/internal/kp;Lcom/android/tools/r8/graph/u5;)Lcom/android/tools/r8/internal/jp; @ 265 c2
Event: 4494.303 Thread 0x000002734061e1c0 DEOPT PACKING pc=0x00000272a25ed760 sp=0x000000be265fecc0
Event: 4494.303 Thread 0x000002734061e1c0 DEOPT UNPACKING pc=0x000002729fd8239d sp=0x000000be265fec80 mode 2
Event: 4494.333 Thread 0x000002734061e6d0 DEOPT PACKING pc=0x0000027283d0155d sp=0x000000be26afec10
Event: 4494.333 Thread 0x000002734061e6d0 DEOPT UNPACKING pc=0x000002729fd82b24 sp=0x000000be26afe208 mode 0
Event: 4494.335 Thread 0x000002734061e6d0 DEOPT PACKING pc=0x0000027283d0155d sp=0x000000be26afec10
Event: 4494.335 Thread 0x000002734061e6d0 DEOPT UNPACKING pc=0x000002729fd82b24 sp=0x000000be26afe208 mode 0
Event: 4494.338 Thread 0x000002734061e6d0 DEOPT PACKING pc=0x0000027283d0155d sp=0x000000be26afec10
Event: 4494.338 Thread 0x000002734061e6d0 DEOPT UNPACKING pc=0x000002729fd82b24 sp=0x000000be26afe208 mode 0
Event: 4494.340 Thread 0x000002734061e6d0 DEOPT PACKING pc=0x0000027283d0155d sp=0x000000be26afec10
Event: 4494.340 Thread 0x000002734061e6d0 DEOPT UNPACKING pc=0x000002729fd82b24 sp=0x000000be26afe208 mode 0
Event: 4494.343 Thread 0x000002734061e6d0 DEOPT PACKING pc=0x0000027283d0155d sp=0x000000be26afec10
Event: 4494.343 Thread 0x000002734061e6d0 DEOPT UNPACKING pc=0x000002729fd82b24 sp=0x000000be26afe208 mode 0
Event: 4494.351 Thread 0x000002734061e1c0 DEOPT PACKING pc=0x0000027283d0155d sp=0x000000be265fedc0
Event: 4494.351 Thread 0x000002734061e1c0 DEOPT UNPACKING pc=0x000002729fd82b24 sp=0x000000be265fe3b8 mode 0
Event: 4494.909 Thread 0x000002734061e1c0 DEOPT PACKING pc=0x0000027283d0155d sp=0x000000be265fedc0
Event: 4494.909 Thread 0x000002734061e1c0 DEOPT UNPACKING pc=0x000002729fd82b24 sp=0x000000be265fe3b8 mode 0
Event: 4494.926 Thread 0x000002734061e1c0 DEOPT PACKING pc=0x0000027283d0155d sp=0x000000be265fedd0
Event: 4494.926 Thread 0x000002734061e1c0 DEOPT UNPACKING pc=0x000002729fd82b24 sp=0x000000be265fe3c8 mode 0

Classes unloaded (20 events):
Event: 3721.230 Thread 0x00000272ed52c910 Unloading class 0x00000272f0463800 'jdk/internal/jimage/ImageHeader'
Event: 3721.230 Thread 0x00000272ed52c910 Unloading class 0x00000272f0462dc8 'jdk/internal/jimage/BasicImageReader$2'
Event: 3721.230 Thread 0x00000272ed52c910 Unloading class 0x00000272f0462b98 'jdk/internal/jimage/BasicImageReader$1'
Event: 3721.230 Thread 0x00000272ed52c910 Unloading class 0x00000272f0462930 'jdk/internal/jimage/ImageReader$Resource'
Event: 3721.230 Thread 0x00000272ed52c910 Unloading class 0x00000272f04626c8 'jdk/internal/jimage/ImageReader$LinkNode'
Event: 3721.230 Thread 0x00000272ed52c910 Unloading class 0x00000272f0462460 'jdk/internal/jimage/ImageReader$Directory'
Event: 3721.230 Thread 0x00000272ed52c910 Unloading class 0x00000272f04621f8 'jdk/internal/jimage/ImageReader$Node'
Event: 3721.230 Thread 0x00000272ed52c910 Unloading class 0x00000272f0462000 'jdk/internal/jimage/ImageStrings'
Event: 3721.231 Thread 0x00000272ed52c910 Unloading class 0x00000272f0461b50 'jdk/internal/jimage/ImageReader$SharedImageReader'
Event: 3721.231 Thread 0x00000272ed52c910 Unloading class 0x00000272f0461890 'jdk/internal/jimage/BasicImageReader'
Event: 3721.231 Thread 0x00000272ed52c910 Unloading class 0x00000272f0461670 'jdk/internal/jimage/ImageReader'
Event: 3721.231 Thread 0x00000272ed52c910 Unloading class 0x00000272f0461448 'jdk/internal/jrtfs/SystemImage$2'
Event: 3721.231 Thread 0x00000272ed52c910 Unloading class 0x00000272f0461230 'jdk/internal/jrtfs/SystemImage$$Lambda$2768+0x00000272f0461230'
Event: 3721.232 Thread 0x00000272ed52c910 Unloading class 0x00000272f0461000 'jdk/internal/jrtfs/ExplodedImage'
Event: 3721.232 Thread 0x00000272ed52c910 Unloading class 0x00000272f0460dc8 'jdk/internal/jrtfs/SystemImage$1'
Event: 3721.232 Thread 0x00000272ed52c910 Unloading class 0x00000272f0460bb0 'jdk/internal/jrtfs/SystemImage'
Event: 3721.232 Thread 0x00000272ed52c910 Unloading class 0x00000272f0460950 'jdk/internal/jrtfs/JrtFileStore'
Event: 3721.232 Thread 0x00000272ed52c910 Unloading class 0x00000272f04605d8 'jdk/internal/jrtfs/JrtPath'
Event: 3721.232 Thread 0x00000272ed52c910 Unloading class 0x00000272f04602e0 'jdk/internal/jrtfs/JrtFileSystem'
Event: 3721.233 Thread 0x00000272ed52c910 Unloading class 0x00000272f0460000 'jdk/internal/jrtfs/JrtFileSystemProvider'

Classes redefined (0 events):
No events

Internal exceptions (20 events):
Event: 4434.042 Thread 0x000002733f3f7530 Exception <a 'sun/nio/fs/WindowsException'{0x000000063644aab8}> (0x000000063644aab8) 
thrown [s\open\src\hotspot\share\prims\jni.cpp, line 516]
Event: 4434.043 Thread 0x000002733f3f7530 Exception <a 'sun/nio/fs/WindowsException'{0x000000063644bcf8}> (0x000000063644bcf8) 
thrown [s\open\src\hotspot\share\prims\jni.cpp, line 516]
Event: 4434.060 Thread 0x000002733f3f7530 Exception <a 'sun/nio/fs/WindowsException'{0x0000000636451ee0}> (0x0000000636451ee0) 
thrown [s\open\src\hotspot\share\prims\jni.cpp, line 516]
Event: 4444.113 Thread 0x00000273355a6050 Exception <a 'sun/nio/fs/WindowsException'{0x000000064aa08c60}> (0x000000064aa08c60) 
thrown [s\open\src\hotspot\share\prims\jni.cpp, line 516]
Event: 4463.963 Thread 0x00000273355a6050 Exception <a 'sun/nio/fs/WindowsException'{0x000000064cf71d40}> (0x000000064cf71d40) 
thrown [s\open\src\hotspot\share\prims\jni.cpp, line 516]
Event: 4464.114 Thread 0x00000273355a6050 Exception <a 'sun/nio/fs/WindowsException'{0x0000000645f3f710}> (0x0000000645f3f710) 
thrown [s\open\src\hotspot\share\prims\jni.cpp, line 516]
Event: 4464.792 Thread 0x00000273355a6050 Exception <a 'sun/nio/fs/WindowsException'{0x000000064589d8d8}> (0x000000064589d8d8) 
thrown [s\open\src\hotspot\share\prims\jni.cpp, line 516]
Event: 4464.841 Thread 0x00000273355a6050 Exception <a 'sun/nio/fs/WindowsException'{0x00000006458b6640}> (0x00000006458b6640) 
thrown [s\open\src\hotspot\share\prims\jni.cpp, line 516]
Event: 4465.455 Thread 0x00000273355a6050 Exception <a 'sun/nio/fs/WindowsException'{0x0000000645a3f868}> (0x0000000645a3f868) 
thrown [s\open\src\hotspot\share\prims\jni.cpp, line 516]
Event: 4465.484 Thread 0x00000273355a6050 Exception <a 'sun/nio/fs/WindowsException'{0x0000000645a587e8}> (0x0000000645a587e8) 
thrown [s\open\src\hotspot\share\prims\jni.cpp, line 516]
Event: 4465.498 Thread 0x00000273355a6050 Exception <a 'sun/nio/fs/WindowsException'{0x0000000645a718c0}> (0x0000000645a718c0) 
thrown [s\open\src\hotspot\share\prims\jni.cpp, line 516]
Event: 4467.727 Thread 0x00000273355a6050 Exception <a 'sun/nio/fs/WindowsException'{0x000000064bb97cf0}> (0x000000064bb97cf0) 
thrown [s\open\src\hotspot\share\prims\jni.cpp, line 516]
Event: 4467.728 Thread 0x00000273355a6050 Exception <a 'sun/nio/fs/WindowsException'{0x000000064bb98b78}> (0x000000064bb98b78) 
thrown [s\open\src\hotspot\share\prims\jni.cpp, line 516]
Event: 4467.737 Thread 0x00000273355a6050 Exception <a 'sun/nio/fs/WindowsException'{0x000000064bb98c08}> (0x000000064bb98c08) 
thrown [s\open\src\hotspot\share\prims\jni.cpp, line 516]
Event: 4467.737 Thread 0x00000273355a6050 Exception <a 'sun/nio/fs/WindowsException'{0x000000064bb98e18}> (0x000000064bb98e18) 
thrown [s\open\src\hotspot\share\prims\jni.cpp, line 516]
Event: 4468.008 Thread 0x00000273355a6050 Exception <a 'java/lang/NoSuchMethodError'{0x000000064b487480}: static Lcom/android/build/gradle/internal/tasks/MergeJavaResWorkAction$SourcedInput;.<clinit>()V> (0x000000064b487480) 
thrown [s\open\src\hotspot\share\prims\jni.cpp, line 1112]
Event: 4468.094 Thread 0x00000273352b8520 Exception <a 'sun/nio/fs/WindowsException'{0x000000064b77f0e0}> (0x000000064b77f0e0) 
thrown [s\open\src\hotspot\share\prims\jni.cpp, line 516]
Event: 4468.094 Thread 0x00000273352b8520 Exception <a 'sun/nio/fs/WindowsException'{0x000000064b77f358}> (0x000000064b77f358) 
thrown [s\open\src\hotspot\share\prims\jni.cpp, line 516]
Event: 4484.139 Thread 0x0000027340620a40 Exception <a 'sun/nio/fs/WindowsException'{0x000000064c7463b8}> (0x000000064c7463b8) 
thrown [s\open\src\hotspot\share\prims\jni.cpp, line 516]
Event: 4490.847 Thread 0x000002734061e6d0 Exception <a 'java/lang/NoSuchMethodError'{0x000000064cbddd80}: 'long java.lang.invoke.DirectMethodHandle$Holder.invokeStatic(java.lang.Object, java.lang.Object, java.lang.Object)'> (0x000000064cbddd80) 
thrown [s\open\src\hotspot\share\interpreter\linkResolver.cpp, line 759]

VM Operations (20 events):
Event: 4490.110 Executing VM operation: Cleanup done
Event: 4490.153 Executing VM operation: G1CollectForAllocation
Event: 4490.391 Executing VM operation: G1CollectForAllocation done
Event: 4490.799 Executing VM operation: HandshakeAllThreads
Event: 4490.824 Executing VM operation: HandshakeAllThreads done
Event: 4490.831 Executing VM operation: HandshakeAllThreads
Event: 4490.831 Executing VM operation: HandshakeAllThreads done
Event: 4491.003 Executing VM operation: HandshakeAllThreads
Event: 4491.005 Executing VM operation: HandshakeAllThreads done
Event: 4492.005 Executing VM operation: Cleanup
Event: 4492.100 Executing VM operation: Cleanup done
Event: 4493.101 Executing VM operation: Cleanup
Event: 4493.223 Executing VM operation: Cleanup done
Event: 4494.224 Executing VM operation: Cleanup
Event: 4494.287 Executing VM operation: Cleanup done
Event: 4494.362 Executing VM operation: HandshakeAllThreads
Event: 4494.452 Executing VM operation: HandshakeAllThreads done
Event: 4494.452 Executing VM operation: HandshakeAllThreads
Event: 4494.455 Executing VM operation: HandshakeAllThreads done
Event: 4494.933 Executing VM operation: G1CollectForAllocation

Events (20 events):
Event: 4481.922 Thread 0x00000272ed64bfe0 flushing nmethod 0x0000027283affe10
Event: 4481.923 Thread 0x00000272ed64bfe0 flushing nmethod 0x0000027283b00190
Event: 4481.940 Thread 0x00000272ed64bfe0 flushing nmethod 0x0000027283b28a90
Event: 4481.972 Thread 0x00000272ed64bfe0 flushing nmethod 0x0000027283c1e710
Event: 4484.495 loading class java/nio/BufferUnderflowException
Event: 4484.498 loading class java/nio/BufferUnderflowException done
Event: 4490.454 loading class java/util/concurrent/ForkJoinTask$AdaptedCallable
Event: 4490.472 loading class java/util/concurrent/ForkJoinTask$AdaptedCallable done
Event: 4490.476 loading class java/util/concurrent/ForkJoinPool$DefaultForkJoinWorkerThreadFactory$1
Event: 4490.478 loading class java/util/concurrent/ForkJoinPool$DefaultForkJoinWorkerThreadFactory$1 done
Event: 4490.479 Thread 0x000002734061e1c0 Thread added: 0x000002734061e1c0
Event: 4490.584 Thread 0x000002734061e6d0 Thread added: 0x000002734061e6d0
Event: 4490.789 loading class java/nio/HeapShortBuffer
Event: 4490.792 loading class java/nio/HeapShortBuffer done
Event: 4494.502 Thread 0x00000272ed64bfe0 flushing nmethod 0x00000272a1820c90
Event: 4494.510 Thread 0x00000272ed64bfe0 flushing nmethod 0x00000272a20c6c10
Event: 4494.511 Thread 0x00000272ed64bfe0 flushing nmethod 0x00000272a21afc10
Event: 4494.571 Thread 0x00000272ed64bfe0 flushing nmethod 0x00000272825d0610
Event: 4494.624 Thread 0x00000272ed64bfe0 flushing nmethod 0x0000027283a98390
Event: 4494.625 Thread 0x00000272ed64bfe0 flushing nmethod 0x0000027283b29010


Dynamic libraries:
0x00007ff6d0e80000 - 0x00007ff6d0e90000 	C:\Program Files\Microsoft\jdk-17.0.12\bin\java.exe
0x00007ff9f57b0000 - 0x00007ff9f59a8000 	C:\Windows\SYSTEM32\ntdll.dll
0x00007ff9f4a80000 - 0x00007ff9f4b42000 	C:\Windows\System32\KERNEL32.DLL
0x00007ff9f3310000 - 0x00007ff9f3606000 	C:\Windows\System32\KERNELBASE.dll
0x00007ff9f2fe0000 - 0x00007ff9f30e0000 	C:\Windows\System32\ucrtbase.dll
0x00007ff9ddef0000 - 0x00007ff9ddf09000 	C:\Program Files\Microsoft\jdk-17.0.12\bin\jli.dll
0x00007ff9f46c0000 - 0x00007ff9f476f000 	C:\Windows\System32\ADVAPI32.dll
0x00007ff9f5420000 - 0x00007ff9f54be000 	C:\Windows\System32\msvcrt.dll
0x00007ff9f3f60000 - 0x00007ff9f3fff000 	C:\Windows\System32\sechost.dll
0x00007ff9f4fc0000 - 0x00007ff9f50e3000 	C:\Windows\System32\RPCRT4.dll
0x00007ff9f2ee0000 - 0x00007ff9f2f07000 	C:\Windows\System32\bcrypt.dll
0x00007ff9f4520000 - 0x00007ff9f46bd000 	C:\Windows\System32\USER32.dll
0x00007ff9f32e0000 - 0x00007ff9f3302000 	C:\Windows\System32\win32u.dll
0x00007ff9f5670000 - 0x00007ff9f569b000 	C:\Windows\System32\GDI32.dll
0x00007ff9f36c0000 - 0x00007ff9f37da000 	C:\Windows\System32\gdi32full.dll
0x00007ff9f3240000 - 0x00007ff9f32dd000 	C:\Windows\System32\msvcp_win.dll
0x00007ff9d2aa0000 - 0x00007ff9d2abb000 	C:\Program Files\Microsoft\jdk-17.0.12\bin\VCRUNTIME140.dll
0x00007ff9dba80000 - 0x00007ff9dbd1a000 	C:\Windows\WinSxS\amd64_microsoft.windows.common-controls_6595b64144ccf1df_6.0.19041.5794_none_60bcd33171f2783c\COMCTL32.dll
0x00007ff9ea540000 - 0x00007ff9ea54a000 	C:\Windows\SYSTEM32\VERSION.dll
0x00007ff9f4f90000 - 0x00007ff9f4fbf000 	C:\Windows\System32\IMM32.DLL
0x00007ff9ddee0000 - 0x00007ff9ddeec000 	C:\Program Files\Microsoft\jdk-17.0.12\bin\vcruntime140_1.dll
0x00007ff9d0aa0000 - 0x00007ff9d0b2e000 	C:\Program Files\Microsoft\jdk-17.0.12\bin\msvcp140.dll
0x00007ff9994c0000 - 0x00007ff99a0a0000 	C:\Program Files\Microsoft\jdk-17.0.12\bin\server\jvm.dll
0x00007ff9f37e0000 - 0x00007ff9f37e8000 	C:\Windows\System32\PSAPI.DLL
0x00007ff9dc060000 - 0x00007ff9dc069000 	C:\Windows\SYSTEM32\WSOCK32.dll
0x00007ff9f4b50000 - 0x00007ff9f4bbb000 	C:\Windows\System32\WS2_32.dll
0x00007ff9db140000 - 0x00007ff9db167000 	C:\Windows\SYSTEM32\WINMM.dll
0x00007ff9f1630000 - 0x00007ff9f1642000 	C:\Windows\SYSTEM32\kernel.appcore.dll
0x00007ff9dc010000 - 0x00007ff9dc01a000 	C:\Program Files\Microsoft\jdk-17.0.12\bin\jimage.dll
0x00007ff9f1310000 - 0x00007ff9f1511000 	C:\Windows\SYSTEM32\DBGHELP.DLL
0x00007ff9e35a0000 - 0x00007ff9e35d4000 	C:\Windows\SYSTEM32\dbgcore.DLL
0x00007ff9f2e50000 - 0x00007ff9f2ed2000 	C:\Windows\System32\bcryptPrimitives.dll
0x00007ff9d0cc0000 - 0x00007ff9d0cce000 	C:\Program Files\Microsoft\jdk-17.0.12\bin\instrument.dll
0x00007ff9d2a70000 - 0x00007ff9d2a95000 	C:\Program Files\Microsoft\jdk-17.0.12\bin\java.dll
0x00007ff9bccf0000 - 0x00007ff9bcdc7000 	C:\Program Files\Microsoft\jdk-17.0.12\bin\jsvml.dll
0x00007ff9f37f0000 - 0x00007ff9f3f5e000 	C:\Windows\System32\SHELL32.dll
0x00007ff9f0a90000 - 0x00007ff9f1233000 	C:\Windows\SYSTEM32\windows.storage.dll
0x00007ff9f4c30000 - 0x00007ff9f4f83000 	C:\Windows\System32\combase.dll
0x00007ff9f26d0000 - 0x00007ff9f26fb000 	C:\Windows\SYSTEM32\Wldp.dll
0x00007ff9f56a0000 - 0x00007ff9f576d000 	C:\Windows\System32\OLEAUT32.dll
0x00007ff9f4000000 - 0x00007ff9f40ad000 	C:\Windows\System32\SHCORE.dll
0x00007ff9f53c0000 - 0x00007ff9f5415000 	C:\Windows\System32\shlwapi.dll
0x00007ff9f2d80000 - 0x00007ff9f2da5000 	C:\Windows\SYSTEM32\profapi.dll
0x00007ff9d0cd0000 - 0x00007ff9d0ce8000 	C:\Program Files\Microsoft\jdk-17.0.12\bin\zip.dll
0x00007ff9d1d10000 - 0x00007ff9d1d29000 	C:\Program Files\Microsoft\jdk-17.0.12\bin\net.dll
0x00007ff9e4480000 - 0x00007ff9e458a000 	C:\Windows\SYSTEM32\WINHTTP.dll
0x00007ff9f24b0000 - 0x00007ff9f251c000 	C:\Windows\system32\mswsock.dll
0x00007ff9d0e30000 - 0x00007ff9d0e46000 	C:\Program Files\Microsoft\jdk-17.0.12\bin\nio.dll
0x00007ff9d7100000 - 0x00007ff9d7110000 	C:\Program Files\Microsoft\jdk-17.0.12\bin\verify.dll
0x00007ff9d0a70000 - 0x00007ff9d0a97000 	C:\Users\Fahad Computer\.gradle\native\1def1411415f61bf3af743bc5b6707747c0891f09f0c88961ee8f79bc544acac\windows-amd64\native-platform.dll
0x0000000064cd0000 - 0x0000000064d43000 	C:\Users\Fahad Computer\.gradle\native\0.2.5\x86_64-windows-gnu\gradle-fileevents.dll
0x00007ff9d6ff0000 - 0x00007ff9d6ffa000 	C:\Program Files\Microsoft\jdk-17.0.12\bin\management.dll
0x00007ff9d33c0000 - 0x00007ff9d33cb000 	C:\Program Files\Microsoft\jdk-17.0.12\bin\management_ext.dll
0x00007ff9f2710000 - 0x00007ff9f2728000 	C:\Windows\SYSTEM32\CRYPTSP.dll
0x00007ff9f1df0000 - 0x00007ff9f1e28000 	C:\Windows\system32\rsaenh.dll
0x00007ff9f2d00000 - 0x00007ff9f2d2e000 	C:\Windows\SYSTEM32\USERENV.dll
0x00007ff9f2640000 - 0x00007ff9f264c000 	C:\Windows\SYSTEM32\CRYPTBASE.dll
0x00007ff9f21b0000 - 0x00007ff9f21eb000 	C:\Windows\SYSTEM32\IPHLPAPI.DLL
0x00007ff9f4890000 - 0x00007ff9f4898000 	C:\Windows\System32\NSI.dll
0x00007ff9e7f10000 - 0x00007ff9e7f27000 	C:\Windows\SYSTEM32\dhcpcsvc6.DLL
0x00007ff9e4d60000 - 0x00007ff9e4d7d000 	C:\Windows\SYSTEM32\dhcpcsvc.DLL
0x00007ff9f2200000 - 0x00007ff9f22ca000 	C:\Windows\SYSTEM32\DNSAPI.dll
0x00007ff9d0a60000 - 0x00007ff9d0a6e000 	C:\Program Files\Microsoft\jdk-17.0.12\bin\sunmscapi.dll
0x00007ff9f30e0000 - 0x00007ff9f323d000 	C:\Windows\System32\CRYPT32.dll
0x00007ff9f2880000 - 0x00007ff9f28a7000 	C:\Windows\SYSTEM32\ncrypt.dll
0x00007ff9f2840000 - 0x00007ff9f287b000 	C:\Windows\SYSTEM32\NTASN1.dll
0x00007ff9ec130000 - 0x00007ff9ec137000 	C:\Windows\system32\wshunix.dll
0x0000000064c50000 - 0x0000000064cc3000 	C:\Users\Fahad Computer\AppData\Local\Temp\native-platform9778694365517845123dir\gradle-fileevents.dll
0x00007ff9d6c10000 - 0x00007ff9d6c27000 	C:\Windows\system32\napinsp.dll
0x00007ff9d6b50000 - 0x00007ff9d6b6b000 	C:\Windows\system32\pnrpnsp.dll
0x00007ff9edd40000 - 0x00007ff9edd5d000 	C:\Windows\system32\wshbth.dll
0x00007ff9ea680000 - 0x00007ff9ea69d000 	C:\Windows\system32\NLAapi.dll
0x00007ff9d6b30000 - 0x00007ff9d6b42000 	C:\Windows\System32\winrnr.dll
0x00007ff9ec540000 - 0x00007ff9ec54a000 	C:\Windows\System32\rasadhlp.dll
0x00007ff9e4290000 - 0x00007ff9e4310000 	C:\Windows\System32\fwpuclnt.dll
0x00007ff9f2040000 - 0x00007ff9f2073000 	C:\Windows\SYSTEM32\ntmarta.dll
0x00007ff9ee100000 - 0x00007ff9ee107000 	C:\Program Files\Microsoft\jdk-17.0.12\bin\rmi.dll

dbghelp: loaded successfully - version: 4.0.5 - missing functions: none
symbol engine: initialized successfully - sym options: 0x614 - pdb path: .;C:\Program Files\Microsoft\jdk-17.0.12\bin;C:\Windows\SYSTEM32;C:\Windows\WinSxS\amd64_microsoft.windows.common-controls_6595b64144ccf1df_6.0.19041.5794_none_60bcd33171f2783c;C:\Program Files\Microsoft\jdk-17.0.12\bin\server;C:\Users\Fahad Computer\.gradle\native\1def1411415f61bf3af743bc5b6707747c0891f09f0c88961ee8f79bc544acac\windows-amd64;C:\Users\Fahad Computer\.gradle\native\0.2.5\x86_64-windows-gnu;C:\Users\Fahad Computer\AppData\Local\Temp\native-platform9778694365517845123dir

VM Arguments:
jvm_args: --add-opens=java.base/java.lang=ALL-UNNAMED --add-opens=java.base/java.lang.invoke=ALL-UNNAMED --add-opens=java.base/java.util=ALL-UNNAMED --add-opens=java.prefs/java.util.prefs=ALL-UNNAMED --add-exports=jdk.compiler/com.sun.tools.javac.api=ALL-UNNAMED --add-exports=jdk.compiler/com.sun.tools.javac.util=ALL-UNNAMED --add-opens=java.base/java.util=ALL-UNNAMED --add-opens=java.prefs/java.util.prefs=ALL-UNNAMED --add-opens=java.base/java.nio.charset=ALL-UNNAMED --add-opens=java.base/java.net=ALL-UNNAMED --add-opens=java.base/java.util.concurrent.atomic=ALL-UNNAMED --add-opens=java.xml/javax.xml.namespace=ALL-UNNAMED -XX:ReservedCodeCacheSize=1024m -XX:MaxMetaspaceSize=2048m -XX:+HeapDumpOnOutOfMemoryError -Xms1024m -Xmx8192m -Dfile.encoding=UTF-8 -Duser.country=US -Duser.language=en -Duser.variant -javaagent:C:\Users\Fahad Computer\.gradle\wrapper\dists\gradle-8.12-all\ejduaidbjup3bmmkhw3rie4zb\gradle-8.12\lib\agents\gradle-instrumentation-agent-8.12.jar 
java_command: org.gradle.launcher.daemon.bootstrap.GradleDaemon 8.12
java_class_path (initial): C:\Users\Fahad Computer\.gradle\wrapper\dists\gradle-8.12-all\ejduaidbjup3bmmkhw3rie4zb\gradle-8.12\lib\gradle-daemon-main-8.12.jar
Launcher Type: SUN_STANDARD

[Global flags]
     intx CICompilerCount                          = 2                                         {product} {ergonomic}
     uint ConcGCThreads                            = 1                                         {product} {ergonomic}
     uint G1ConcRefinementThreads                  = 2                                         {product} {ergonomic}
   size_t G1HeapRegionSize                         = 4194304                                   {product} {ergonomic}
    uintx GCDrainStackTargetSize                   = 64                                        {product} {ergonomic}
     bool HeapDumpOnOutOfMemoryError               = true                                   {manageable} {command line}
   size_t InitialHeapSize                          = 1073741824                                {product} {command line}
   size_t MarkStackSize                            = 4194304                                   {product} {ergonomic}
   size_t MaxHeapSize                              = 8589934592                                {product} {command line}
   size_t MaxMetaspaceSize                         = 2147483648                                {product} {command line}
   size_t MaxNewSize                               = 5150605312                                {product} {ergonomic}
   size_t MinHeapDeltaBytes                        = 4194304                                   {product} {ergonomic}
   size_t MinHeapSize                              = 1073741824                                {product} {command line}
    uintx NonNMethodCodeHeapSize                   = 5826188                                {pd product} {ergonomic}
    uintx NonProfiledCodeHeapSize                  = 533957818                              {pd product} {ergonomic}
    uintx ProfiledCodeHeapSize                     = 533957818                              {pd product} {ergonomic}
    uintx ReservedCodeCacheSize                    = 1073741824                             {pd product} {command line}
     bool SegmentedCodeCache                       = true                                      {product} {ergonomic}
   size_t SoftMaxHeapSize                          = 8589934592                             {manageable} {ergonomic}
   double SweeperThreshold                         = 0.117188                                  {product} {ergonomic}
     bool UseCompressedClassPointers               = true                           {product lp64_product} {ergonomic}
     bool UseCompressedOops                        = true                           {product lp64_product} {ergonomic}
     bool UseG1GC                                  = true                                      {product} {ergonomic}
     bool UseLargePagesIndividualAllocation        = false                                  {pd product} {ergonomic}

Logging:
Log output configuration:
 #0: stdout all=warning uptime,level,tags
 #1: stderr all=off uptime,level,tags

Environment Variables:
JAVA_HOME=C:\Program Files\Microsoft\jdk-17.0.12\
CLASSPATH=C:\vtT\ChatbotApp\android\\gradle\wrapper\gradle-wrapper.jar
PATH=c:\Users\Fahad Computer\AppData\Local\Programs\cursor\resources\app\bin;C:\Python313\Scripts\;C:\Python313\;C:\Program Files\Microsoft\jdk-11.0.26.4-hotspot\bin;C:\Program Files\Common Files\Oracle\Java\javapath;C:\Program Files\Microsoft\jdk-17.0.12.7-hotspot\bin;C:\Windows\system32;C:\Windows;C:\Windows\System32\Wbem;C:\Windows\System32\WindowsPowerShell\v1.0\;C:\Windows\System32\OpenSSH\;C:\ProgramData\chocolatey\bin;C:\Users\Fahad Computer\AppData\Local\Android\Sdk\platform-tools;C:\Program Files\Git\cmd;C:\Android\Sdk\emulator;C:\Android\Sdk\tools;C:\Program Files\nodejs\;C:\Users\Fahad Computer\AppData\Local\Android\Sdk\tools;C:\Users\Fahad Computer\AppData\Local\Android\Sdk\tools;C:\Users\Fahad Computer\AppData\Local\Microsoft\WindowsApps;C:\Program Files\MongoDB\Server\7.0\bin;C:\Program Files\MongoDB\Server\7.0\bin;C:\Users\Fahad Computer\AppData\Roaming\npm;c:\Users\Fahad Computer\AppData\Local\Programs\cursor\resources\app\bin;c:\Users\Fahad Computer\AppData\Local\Programs\cursor\resources\app\bin;C:\Program Files\Microsoft\jdk-17.0.12\\bin;C:\Users\Fahad Computer\AppData\Local\Android\Sdk\tools;C:\Users\Fahad Computer\AppData\Local\Android\Sdk\tools;C:\Users\Fahad Computer\AppData\Local\Microsoft\WindowsApps;C:\Users\Fahad Computer\AppData\Local\Programs\Microsoft VS Code\bin;C:\Program Files\MongoDB\Server\7.0\bin;C:\Program Files\MongoDB\Server\7.0\bin;C:\Users\Fahad Computer\AppData\Roaming\npm;C:\Users\Fahad Computer\AppData\Local\Programs\cursor\resources\app\bin
USERNAME=Fahad Computer
LANG=en_US.UTF-8
OS=Windows_NT
PROCESSOR_IDENTIFIER=Intel64 Family 6 Model 122 Stepping 8, GenuineIntel



---------------  S Y S T E M  ---------------

OS:
 Windows 10 , 64 bit Build 19041 (10.0.19041.5794)
OS uptime: 0 days 2:44 hours
Hyper-V role detected

CPU: total 2 (initial active 2) (2 cores per cpu, 1 threads per core) family 6 model 122 stepping 8 microcode 0x18, cx8, cmov, fxsr, mmx, 3dnowpref, sse, sse2, sse3, ssse3, sse4.1, sse4.2, popcnt, tsc, tscinvbit, aes, erms, clmul, sha, clflush, clflushopt, hv

Memory: 4k page, system-wide physical 3918M (222M free)
TotalPageFile size 15694M (AvailPageFile size 233M)
current process WorkingSet (physical memory assigned to process): 562M, peak: 806M
current process commit charge ("private bytes"): 1844M, peak: 2616M

vm_info: Java HotSpot(TM) 64-Bit Server VM (17.0.12+8-LTS-286) for windows-amd64 JRE (17.0.12+8-LTS-286), built on Jun  5 2024 06:46:59 by "mach5one" with MS VC++ 17.6 (VS2022)

END.
