#
# There is insufficient memory for the Java Runtime Environment to continue.
# Native memory allocation (mmap) failed to map 1916928 bytes for G1 virtual space
# Possible reasons:
#   The system is out of physical RAM or swap space
#   The process is running with CompressedOops enabled, and the Java Heap may be blocking the growth of the native heap
# Possible solutions:
#   Reduce memory load on the system
#   Increase physical memory or swap space
#   Check if swap backing store is full
#   Decrease Java heap size (-Xmx/-Xms)
#   Decrease number of Java threads
#   Decrease Java thread stack sizes (-Xss)
#   Set larger code cache with -XX:ReservedCodeCacheSize=
#   JVM is running with Unscaled Compressed Oops mode in which the Java heap is
#     placed in the first 4GB address space. The Java Heap base address is the
#     maximum limit for the native heap growth. Please use -XX:HeapBaseMinAddress
#     to set the Java Heap base and to place the Java Heap above 4GB virtual address.
# This output file may be truncated or incomplete.
#
#  Out of Memory Error (os_windows.cpp:3530), pid=12136, tid=11400
#
# JRE version: Java(TM) SE Runtime Environment (18.0.2.1+1) (build 18.0.2.1+1-1)
# Java VM: Java HotSpot(TM) 64-Bit Server VM (18.0.2.1+1-1, mixed mode, sharing, tiered, compressed oops, compressed class ptrs, g1 gc, windows-amd64)
# No core dump will be written. Minidumps are not enabled by default on client versions of Windows
#

---------------  S U M M A R Y ------------

Command Line: --add-opens=java.base/java.lang=ALL-UNNAMED --add-opens=java.base/java.lang.invoke=ALL-UNNAMED --add-opens=java.base/java.util=ALL-UNNAMED --add-opens=java.prefs/java.util.prefs=ALL-UNNAMED --add-exports=jdk.compiler/com.sun.tools.javac.api=ALL-UNNAMED --add-exports=jdk.compiler/com.sun.tools.javac.util=ALL-UNNAMED --add-opens=java.base/java.util=ALL-UNNAMED --add-opens=java.prefs/java.util.prefs=ALL-UNNAMED --add-opens=java.base/java.nio.charset=ALL-UNNAMED --add-opens=java.base/java.net=ALL-UNNAMED --add-opens=java.base/java.util.concurrent.atomic=ALL-UNNAMED --add-opens=java.xml/javax.xml.namespace=ALL-UNNAMED -XX:MaxMetaspaceSize=256m -XX:ReservedCodeCacheSize=64m -Xmx1g -Dfile.encoding=UTF-8 -Duser.country=US -Duser.language=en -Duser.variant -javaagent:C:\Users\Fahad Computer\.gradle\wrapper\dists\gradle-8.12-all\ejduaidbjup3bmmkhw3rie4zb\gradle-8.12\lib\agents\gradle-instrumentation-agent-8.12.jar org.gradle.launcher.daemon.bootstrap.GradleDaemon 8.12

Host: Intel(R) Celeron(R) N4020 CPU @ 1.10GHz, 2 cores, 3G,  Windows 10 , 64 bit Build 19041 (10.0.19041.5678)
Time: Wed May  7 08:20:49 2025 Pacific Daylight Time elapsed time: 34.568288 seconds (0d 0h 0m 34s)

---------------  T H R E A D  ---------------

Current thread (0x0000020d394e13c0):  VMThread "VM Thread" [stack: 0x000000fc40700000,0x000000fc40800000] [id=11400]

Stack: [0x000000fc40700000,0x000000fc40800000]
Native frames: (J=compiled Java code, j=interpreted, Vv=VM code, C=native code)
V  [jvm.dll+0x6993aa]
V  [jvm.dll+0x7f46dd]
V  [jvm.dll+0x7f5fee]
V  [jvm.dll+0x7f66a3]
V  [jvm.dll+0x25cf1f]
V  [jvm.dll+0x6962f9]
V  [jvm.dll+0x68ae2a]
V  [jvm.dll+0x32255b]
V  [jvm.dll+0x329f36]
V  [jvm.dll+0x37eb08]
V  [jvm.dll+0x37ed0f]
V  [jvm.dll+0x2fa2da]
V  [jvm.dll+0x2fa387]
V  [jvm.dll+0x33e8c2]
V  [jvm.dll+0x33ce64]
V  [jvm.dll+0x2f9ab0]
V  [jvm.dll+0x33c43b]
V  [jvm.dll+0x7fb48b]
V  [jvm.dll+0x7fc224]
V  [jvm.dll+0x7fc75c]
V  [jvm.dll+0x7fcbb4]
V  [jvm.dll+0x7fcc77]
V  [jvm.dll+0x7a120a]
V  [jvm.dll+0x698255]
C  [ucrtbase.dll+0x21bb2]
C  [KERNEL32.DLL+0x17374]
C  [ntdll.dll+0x4cc91]

VM_Operation (0x000000fc41bf0cc0): G1CollectForAllocation, mode: safepoint, requested by thread 0x0000020d50c6b020


---------------  P R O C E S S  ---------------

Threads class SMR info:
_java_thread_list=0x0000020d51f07380, length=35, elements={
0x0000020d3944f1e0, 0x0000020d394e42d0, 0x0000020d394e4e40, 0x0000020d394fc150,
0x0000020d394fdb70, 0x0000020d394fe420, 0x0000020d394fecd0, 0x0000020d39507a00,
0x0000020d4b10fd50, 0x0000020d4b117120, 0x0000020d4f4205d0, 0x0000020d4f59cc00,
0x0000020d4f5c9ef0, 0x0000020d4b1538c0, 0x0000020d50a12020, 0x0000020d50219f50,
0x0000020d5011e120, 0x0000020d4b151df0, 0x0000020d50c6b020, 0x0000020d4f43f8a0,
0x0000020d4f440710, 0x0000020d4f440be0, 0x0000020d4f43e560, 0x0000020d4f43ea30,
0x0000020d4f43e090, 0x0000020d4f43ef00, 0x0000020d4f43f3d0, 0x0000020d4f43fd70,
0x0000020d4f43d220, 0x0000020d5051d620, 0x0000020d5051be10, 0x0000020d5051cc80,
0x0000020d5051f7d0, 0x0000020d50520640, 0x0000020d5051c2e0
}

Java Threads: ( => current thread )
  0x0000020d3944f1e0 JavaThread "main" [_thread_blocked, id=12192, stack(0x000000fc40100000,0x000000fc40200000)]
  0x0000020d394e42d0 JavaThread "Reference Handler" daemon [_thread_blocked, id=10756, stack(0x000000fc40800000,0x000000fc40900000)]
  0x0000020d394e4e40 JavaThread "Finalizer" daemon [_thread_blocked, id=8736, stack(0x000000fc40900000,0x000000fc40a00000)]
  0x0000020d394fc150 JavaThread "Signal Dispatcher" daemon [_thread_blocked, id=17056, stack(0x000000fc40a00000,0x000000fc40b00000)]
  0x0000020d394fdb70 JavaThread "Attach Listener" daemon [_thread_blocked, id=15788, stack(0x000000fc40b00000,0x000000fc40c00000)]
  0x0000020d394fe420 JavaThread "Service Thread" daemon [_thread_blocked, id=16140, stack(0x000000fc40c00000,0x000000fc40d00000)]
  0x0000020d394fecd0 JavaThread "Monitor Deflation Thread" daemon [_thread_blocked, id=16124, stack(0x000000fc40d00000,0x000000fc40e00000)]
  0x0000020d39507a00 JavaThread "C2 CompilerThread0" daemon [_thread_blocked, id=2312, stack(0x000000fc40e00000,0x000000fc40f00000)]
  0x0000020d4b10fd50 JavaThread "C1 CompilerThread0" daemon [_thread_blocked, id=1460, stack(0x000000fc40f00000,0x000000fc41000000)]
  0x0000020d4b117120 JavaThread "Sweeper thread" daemon [_thread_blocked, id=5200, stack(0x000000fc41000000,0x000000fc41100000)]
  0x0000020d4f4205d0 JavaThread "Common-Cleaner" daemon [_thread_blocked, id=11748, stack(0x000000fc41100000,0x000000fc41200000)]
  0x0000020d4f59cc00 JavaThread "Notification Thread" daemon [_thread_blocked, id=9104, stack(0x000000fc41200000,0x000000fc41300000)]
  0x0000020d4f5c9ef0 JavaThread "Daemon health stats" [_thread_blocked, id=8720, stack(0x000000fc41500000,0x000000fc41600000)]
  0x0000020d4b1538c0 JavaThread "Incoming local TCP Connector on port 6512" [_thread_in_native, id=12704, stack(0x000000fc41600000,0x000000fc41700000)]
  0x0000020d50a12020 JavaThread "Daemon periodic checks" [_thread_blocked, id=15576, stack(0x000000fc41700000,0x000000fc41800000)]
  0x0000020d50219f50 JavaThread "Daemon" [_thread_blocked, id=15544, stack(0x000000fc41800000,0x000000fc41900000)]
  0x0000020d5011e120 JavaThread "Handler for socket connection from /127.0.0.1:6512 to /127.0.0.1:6513" [_thread_in_native, id=14148, stack(0x000000fc41900000,0x000000fc41a00000)]
  0x0000020d4b151df0 JavaThread "Cancel handler" [_thread_blocked, id=9900, stack(0x000000fc41a00000,0x000000fc41b00000)]
  0x0000020d50c6b020 JavaThread "Daemon worker" [_thread_blocked, id=12204, stack(0x000000fc41b00000,0x000000fc41c00000)]
  0x0000020d4f43f8a0 JavaThread "Asynchronous log dispatcher for DefaultDaemonConnection: socket connection from /127.0.0.1:6512 to /127.0.0.1:6513" [_thread_blocked, id=8136, stack(0x000000fc41c00000,0x000000fc41d00000)]
  0x0000020d4f440710 JavaThread "Stdin handler" [_thread_blocked, id=9932, stack(0x000000fc41d00000,0x000000fc41e00000)]
  0x0000020d4f440be0 JavaThread "Daemon client event forwarder" [_thread_blocked, id=11036, stack(0x000000fc41e00000,0x000000fc41f00000)]
  0x0000020d4f43e560 JavaThread "Cache worker for journal cache (C:\Users\Fahad Computer\.gradle\caches\journal-1)" [_thread_blocked, id=7996, stack(0x000000fc41f00000,0x000000fc42000000)]
  0x0000020d4f43ea30 JavaThread "File lock request listener" [_thread_in_native, id=2784, stack(0x000000fc42000000,0x000000fc42100000)]
  0x0000020d4f43e090 JavaThread "Cache worker for file hash cache (C:\Users\Fahad Computer\.gradle\caches\8.12\fileHashes)" [_thread_blocked, id=9688, stack(0x000000fc42100000,0x000000fc42200000)]
  0x0000020d4f43ef00 JavaThread "Cache worker for file hash cache (C:\VoicetoText app\ChatbotApp\android\.gradle\8.12\fileHashes)" [_thread_blocked, id=11532, stack(0x000000fc42200000,0x000000fc42300000)]
  0x0000020d4f43f3d0 JavaThread "Cache worker for Build Output Cleanup Cache (C:\VoicetoText app\ChatbotApp\android\.gradle\buildOutputCleanup)" [_thread_blocked, id=7580, stack(0x000000fc42300000,0x000000fc42400000)]
  0x0000020d4f43fd70 JavaThread "File watcher server" daemon [_thread_in_native, id=15976, stack(0x000000fc42400000,0x000000fc42500000)]
  0x0000020d4f43d220 JavaThread "File watcher consumer" daemon [_thread_blocked, id=16216, stack(0x000000fc42500000,0x000000fc42600000)]
  0x0000020d5051d620 JavaThread "jar transforms" [_thread_blocked, id=8944, stack(0x000000fc42700000,0x000000fc42800000)]
  0x0000020d5051be10 JavaThread "Cache worker for checksums cache (C:\VoicetoText app\ChatbotApp\android\.gradle\8.12\checksums)" [_thread_blocked, id=8792, stack(0x000000fc42800000,0x000000fc42900000)]
  0x0000020d5051cc80 JavaThread "Cache worker for file content cache (C:\Users\Fahad Computer\.gradle\caches\8.12\fileContent)" [_thread_blocked, id=7112, stack(0x000000fc42900000,0x000000fc42a00000)]
  0x0000020d5051f7d0 JavaThread "Cache worker for cache directory md-rule (C:\Users\Fahad Computer\.gradle\caches\8.12\md-rule)" [_thread_blocked, id=2916, stack(0x000000fc42a00000,0x000000fc42b00000)]
  0x0000020d50520640 JavaThread "Cache worker for cache directory md-supplier (C:\Users\Fahad Computer\.gradle\caches\8.12\md-supplier)" [_thread_blocked, id=15320, stack(0x000000fc42b00000,0x000000fc42c00000)]
  0x0000020d5051c2e0 JavaThread "Cache worker for Build Output Cleanup Cache (C:\VoicetoText app\ChatbotApp\node_modules\@react-native\gradle-plugin\.gradle\buildOutputCleanup)" [_thread_blocked, id=4708, stack(0x000000fc42c00000,0x000000fc42d00000)]

Other Threads:
=>0x0000020d394e13c0 VMThread "VM Thread" [stack: 0x000000fc40700000,0x000000fc40800000] [id=11400]
  0x0000020d4f5a1ef0 WatcherThread "VM Periodic Task Thread" [stack: 0x000000fc41300000,0x000000fc41400000] [id=4816]
  0x0000020d3948fb40 WorkerThread "GC Thread#0" [stack: 0x000000fc40200000,0x000000fc40300000] [id=6696]
  0x0000020d4f5a56d0 WorkerThread "GC Thread#1" [stack: 0x000000fc41400000,0x000000fc41500000] [id=7828]
  0x0000020d39498980 ConcurrentGCThread "G1 Main Marker" [stack: 0x000000fc40300000,0x000000fc40400000] [id=16396]
  0x0000020d39499280 WorkerThread "G1 Conc#0" [stack: 0x000000fc40400000,0x000000fc40500000] [id=11348]
  0x0000020d394bde10 ConcurrentGCThread "G1 Refine#0" [stack: 0x000000fc40500000,0x000000fc40600000] [id=7348]
  0x0000020d508811d0 ConcurrentGCThread "G1 Refine#1" [stack: 0x000000fc42600000,0x000000fc42700000] [id=5496]
  0x0000020d394be630 ConcurrentGCThread "G1 Service" [stack: 0x000000fc40600000,0x000000fc40700000] [id=15892]

Threads with active compile tasks:

VM state: at safepoint (normal execution)

VM Mutex/Monitor currently owned by a thread:  ([mutex/lock_event])
[0x0000020d3944aa40] Threads_lock - owner thread: 0x0000020d394e13c0
[0x0000020d3944aad0] Heap_lock - owner thread: 0x0000020d50c6b020

Heap address: 0x00000000c0000000, size: 1024 MB, Compressed Oops mode: 32-bit

CDS archive(s) mapped at: [0x0000000800000000-0x0000000800ba0000-0x0000000800ba0000), size 12189696, SharedBaseAddress: 0x0000000800000000, ArchiveRelocationMode: 0.
Compressed class space mapped at: 0x0000000800c00000-0x000000080dc00000, reserved size: 218103808
Narrow klass base: 0x0000000800000000, Narrow klass shift: 0, Narrow klass range: 0x100000000

GC Precious Log:
 CardTable entry size: 512
 Card Set container configuration: InlinePtr #cards 5 size 8 Array Of Cards #cards 12 size 40 Howl #buckets 4 coarsen threshold 1843 Howl Bitmap #cards 512 size 80 coarsen threshold 460 Card regions per heap region 1 cards per card region 2048
 CPUs: 2 total, 2 available
 Memory: 3918M
 Large Page Support: Disabled
 NUMA Support: Disabled
 Compressed Oops: Enabled (32-bit)
 Heap Region Size: 1M
 Heap Min Capacity: 8M
 Heap Initial Capacity: 62M
 Heap Max Capacity: 1G
 Pre-touch: Disabled
 Parallel Workers: 2
 Concurrent Workers: 1
 Concurrent Refinement Workers: 2
 Periodic GC: Disabled

Heap:
 garbage-first heap   total 119808K, used 68336K [0x00000000c0000000, 0x0000000100000000)
  region size 1024K, 2 young (2048K), 2 survivors (2048K)
 Metaspace       used 77426K, committed 79424K, reserved 344064K
  class space    used 10471K, committed 11520K, reserved 212992K

Heap Regions: E=young(eden), S=young(survivor), O=old, HS=humongous(starts), HC=humongous(continues), CS=collection set, F=free, OA=open archive, CA=closed archive, TAMS=top-at-mark-start (previous, next)
|   0|0x00000000c0000000, 0x00000000c0100000, 0x00000000c0100000|100%| O|  |TAMS 0x00000000c0100000, 0x00000000c0100000| Untracked 
|   1|0x00000000c0100000, 0x00000000c0200000, 0x00000000c0200000|100%|HS|  |TAMS 0x00000000c0200000, 0x00000000c0200000| Complete 
|   2|0x00000000c0200000, 0x00000000c0300000, 0x00000000c0300000|100%|HC|  |TAMS 0x00000000c0300000, 0x00000000c0300000| Complete 
|   3|0x00000000c0300000, 0x00000000c0400000, 0x00000000c0400000|100%|HC|  |TAMS 0x00000000c0400000, 0x00000000c0400000| Complete 
|   4|0x00000000c0400000, 0x00000000c0500000, 0x00000000c0500000|100%| O|  |TAMS 0x00000000c0500000, 0x00000000c0500000| Untracked 
|   5|0x00000000c0500000, 0x00000000c0600000, 0x00000000c0600000|100%| O|  |TAMS 0x00000000c0600000, 0x00000000c0600000| Untracked 
|   6|0x00000000c0600000, 0x00000000c0700000, 0x00000000c0700000|100%| O|  |TAMS 0x00000000c0700000, 0x00000000c0700000| Untracked 
|   7|0x00000000c0700000, 0x00000000c0800000, 0x00000000c0800000|100%|HS|  |TAMS 0x00000000c0800000, 0x00000000c0800000| Complete 
|   8|0x00000000c0800000, 0x00000000c0900000, 0x00000000c0900000|100%| O|  |TAMS 0x00000000c0900000, 0x00000000c0900000| Untracked 
|   9|0x00000000c0900000, 0x00000000c0a00000, 0x00000000c0a00000|100%| O|  |TAMS 0x00000000c0a00000, 0x00000000c0a00000| Untracked 
|  10|0x00000000c0a00000, 0x00000000c0b00000, 0x00000000c0b00000|100%| O|  |TAMS 0x00000000c0b00000, 0x00000000c0b00000| Untracked 
|  11|0x00000000c0b00000, 0x00000000c0c00000, 0x00000000c0c00000|100%| O|  |TAMS 0x00000000c0c00000, 0x00000000c0c00000| Untracked 
|  12|0x00000000c0c00000, 0x00000000c0d00000, 0x00000000c0d00000|100%| O|  |TAMS 0x00000000c0d00000, 0x00000000c0d00000| Untracked 
|  13|0x00000000c0d00000, 0x00000000c0e00000, 0x00000000c0e00000|100%| O|  |TAMS 0x00000000c0e00000, 0x00000000c0e00000| Untracked 
|  14|0x00000000c0e00000, 0x00000000c0f00000, 0x00000000c0f00000|100%| O|  |TAMS 0x00000000c0f00000, 0x00000000c0f00000| Untracked 
|  15|0x00000000c0f00000, 0x00000000c1000000, 0x00000000c1000000|100%| O|  |TAMS 0x00000000c1000000, 0x00000000c1000000| Untracked 
|  16|0x00000000c1000000, 0x00000000c1100000, 0x00000000c1100000|100%| O|  |TAMS 0x00000000c1100000, 0x00000000c1100000| Untracked 
|  17|0x00000000c1100000, 0x00000000c1200000, 0x00000000c1200000|100%| O|  |TAMS 0x00000000c1200000, 0x00000000c1200000| Untracked 
|  18|0x00000000c1200000, 0x00000000c1300000, 0x00000000c1300000|100%| O|  |TAMS 0x00000000c1300000, 0x00000000c1300000| Untracked 
|  19|0x00000000c1300000, 0x00000000c1400000, 0x00000000c1400000|100%| O|  |TAMS 0x00000000c1400000, 0x00000000c1400000| Untracked 
|  20|0x00000000c1400000, 0x00000000c1500000, 0x00000000c1500000|100%| O|  |TAMS 0x00000000c1500000, 0x00000000c1500000| Untracked 
|  21|0x00000000c1500000, 0x00000000c1600000, 0x00000000c1600000|100%| O|  |TAMS 0x00000000c1600000, 0x00000000c1600000| Untracked 
|  22|0x00000000c1600000, 0x00000000c1700000, 0x00000000c1700000|100%| O|  |TAMS 0x00000000c1700000, 0x00000000c1700000| Untracked 
|  23|0x00000000c1700000, 0x00000000c1800000, 0x00000000c1800000|100%| O|  |TAMS 0x00000000c1800000, 0x00000000c1800000| Untracked 
|  24|0x00000000c1800000, 0x00000000c1900000, 0x00000000c1900000|100%| O|  |TAMS 0x00000000c1900000, 0x00000000c1900000| Untracked 
|  25|0x00000000c1900000, 0x00000000c1a00000, 0x00000000c1a00000|100%| O|  |TAMS 0x00000000c1a00000, 0x00000000c1a00000| Untracked 
|  26|0x00000000c1a00000, 0x00000000c1b00000, 0x00000000c1b00000|100%| O|  |TAMS 0x00000000c1b00000, 0x00000000c1b00000| Untracked 
|  27|0x00000000c1b00000, 0x00000000c1c00000, 0x00000000c1c00000|100%| O|  |TAMS 0x00000000c1c00000, 0x00000000c1c00000| Untracked 
|  28|0x00000000c1c00000, 0x00000000c1d00000, 0x00000000c1d00000|100%| O|  |TAMS 0x00000000c1d00000, 0x00000000c1d00000| Untracked 
|  29|0x00000000c1d00000, 0x00000000c1e00000, 0x00000000c1e00000|100%| O|  |TAMS 0x00000000c1d00000, 0x00000000c1e00000| Untracked 
|  30|0x00000000c1e00000, 0x00000000c1f00000, 0x00000000c1f00000|100%| O|  |TAMS 0x00000000c1f00000, 0x00000000c1f00000| Untracked 
|  31|0x00000000c1f00000, 0x00000000c2000000, 0x00000000c2000000|100%| O|  |TAMS 0x00000000c2000000, 0x00000000c2000000| Untracked 
|  32|0x00000000c2000000, 0x00000000c2100000, 0x00000000c2100000|100%| O|  |TAMS 0x00000000c2100000, 0x00000000c2100000| Untracked 
|  33|0x00000000c2100000, 0x00000000c2200000, 0x00000000c2200000|100%| O|  |TAMS 0x00000000c2200000, 0x00000000c2200000| Untracked 
|  34|0x00000000c2200000, 0x00000000c2300000, 0x00000000c2300000|100%| O|  |TAMS 0x00000000c2300000, 0x00000000c2300000| Untracked 
|  35|0x00000000c2300000, 0x00000000c2400000, 0x00000000c2400000|100%| O|  |TAMS 0x00000000c2400000, 0x00000000c2400000| Untracked 
|  36|0x00000000c2400000, 0x00000000c2500000, 0x00000000c2500000|100%| O|  |TAMS 0x00000000c2500000, 0x00000000c2500000| Untracked 
|  37|0x00000000c2500000, 0x00000000c2600000, 0x00000000c2600000|100%| O|  |TAMS 0x00000000c2600000, 0x00000000c2600000| Untracked 
|  38|0x00000000c2600000, 0x00000000c2700000, 0x00000000c2700000|100%| O|  |TAMS 0x00000000c2700000, 0x00000000c2700000| Untracked 
|  39|0x00000000c2700000, 0x00000000c2800000, 0x00000000c2800000|100%| O|  |TAMS 0x00000000c2800000, 0x00000000c2800000| Untracked 
|  40|0x00000000c2800000, 0x00000000c2900000, 0x00000000c2900000|100%| O|  |TAMS 0x00000000c2900000, 0x00000000c2900000| Untracked 
|  41|0x00000000c2900000, 0x00000000c2a00000, 0x00000000c2a00000|100%| O|  |TAMS 0x00000000c2a00000, 0x00000000c2a00000| Untracked 
|  42|0x00000000c2a00000, 0x00000000c2b00000, 0x00000000c2b00000|100%| O|  |TAMS 0x00000000c2b00000, 0x00000000c2b00000| Untracked 
|  43|0x00000000c2b00000, 0x00000000c2c00000, 0x00000000c2c00000|100%| O|  |TAMS 0x00000000c2c00000, 0x00000000c2c00000| Untracked 
|  44|0x00000000c2c00000, 0x00000000c2d00000, 0x00000000c2d00000|100%| O|  |TAMS 0x00000000c2d00000, 0x00000000c2d00000| Untracked 
|  45|0x00000000c2d00000, 0x00000000c2e00000, 0x00000000c2e00000|100%| O|  |TAMS 0x00000000c2e00000, 0x00000000c2e00000| Untracked 
|  46|0x00000000c2e00000, 0x00000000c2f00000, 0x00000000c2f00000|100%| O|  |TAMS 0x00000000c2f00000, 0x00000000c2f00000| Untracked 
|  47|0x00000000c2f00000, 0x00000000c2f00000, 0x00000000c3000000|  0%| F|  |TAMS 0x00000000c2f00000, 0x00000000c2f00000| Untracked 
|  48|0x00000000c3000000, 0x00000000c3100000, 0x00000000c3100000|100%| O|  |TAMS 0x00000000c3100000, 0x00000000c3100000| Untracked 
|  49|0x00000000c3100000, 0x00000000c3200000, 0x00000000c3200000|100%| O|  |TAMS 0x00000000c3200000, 0x00000000c3200000| Untracked 
|  50|0x00000000c3200000, 0x00000000c3300000, 0x00000000c3300000|100%| O|  |TAMS 0x00000000c3300000, 0x00000000c3300000| Untracked 
|  51|0x00000000c3300000, 0x00000000c3400000, 0x00000000c3400000|100%| O|  |TAMS 0x00000000c3400000, 0x00000000c3400000| Untracked 
|  52|0x00000000c3400000, 0x00000000c3500000, 0x00000000c3500000|100%| O|  |TAMS 0x00000000c3500000, 0x00000000c3500000| Untracked 
|  53|0x00000000c3500000, 0x00000000c3600000, 0x00000000c3600000|100%|HS|  |TAMS 0x00000000c3600000, 0x00000000c3600000| Complete 
|  54|0x00000000c3600000, 0x00000000c3700000, 0x00000000c3700000|100%| O|  |TAMS 0x00000000c3700000, 0x00000000c3700000| Untracked 
|  55|0x00000000c3700000, 0x00000000c3800000, 0x00000000c3800000|100%| O|  |TAMS 0x00000000c3800000, 0x00000000c3800000| Untracked 
|  56|0x00000000c3800000, 0x00000000c3900000, 0x00000000c3900000|100%| O|  |TAMS 0x00000000c3900000, 0x00000000c3900000| Untracked 
|  57|0x00000000c3900000, 0x00000000c3a00000, 0x00000000c3a00000|100%|HS|  |TAMS 0x00000000c3a00000, 0x00000000c3a00000| Complete 
|  58|0x00000000c3a00000, 0x00000000c3b00000, 0x00000000c3b00000|100%|HC|  |TAMS 0x00000000c3b00000, 0x00000000c3b00000| Complete 
|  59|0x00000000c3b00000, 0x00000000c3c00000, 0x00000000c3c00000|100%|HC|  |TAMS 0x00000000c3c00000, 0x00000000c3c00000| Complete 
|  60|0x00000000c3c00000, 0x00000000c3d00000, 0x00000000c3d00000|100%|HC|  |TAMS 0x00000000c3d00000, 0x00000000c3d00000| Complete 
|  61|0x00000000c3d00000, 0x00000000c3e00000, 0x00000000c3e00000|100%|HC|  |TAMS 0x00000000c3e00000, 0x00000000c3e00000| Complete 
|  62|0x00000000c3e00000, 0x00000000c3f00000, 0x00000000c3f00000|100%|HC|  |TAMS 0x00000000c3f00000, 0x00000000c3f00000| Complete 
|  63|0x00000000c3f00000, 0x00000000c4000000, 0x00000000c4000000|100%| O|  |TAMS 0x00000000c3f8fa00, 0x00000000c4000000| Untracked 
|  64|0x00000000c4000000, 0x00000000c4100000, 0x00000000c4100000|100%| O|  |TAMS 0x00000000c4000000, 0x00000000c4100000| Untracked 
|  65|0x00000000c4100000, 0x00000000c41c3c00, 0x00000000c4200000| 76%| O|  |TAMS 0x00000000c4100000, 0x00000000c41c3c00| Untracked 
|  66|0x00000000c4200000, 0x00000000c4200000, 0x00000000c4300000|  0%| F|  |TAMS 0x00000000c4200000, 0x00000000c4200000| Untracked 
|  67|0x00000000c4300000, 0x00000000c4300000, 0x00000000c4400000|  0%| F|  |TAMS 0x00000000c4300000, 0x00000000c4300000| Untracked 
|  68|0x00000000c4400000, 0x00000000c4400000, 0x00000000c4500000|  0%| F|  |TAMS 0x00000000c4400000, 0x00000000c4400000| Untracked 
|  69|0x00000000c4500000, 0x00000000c4500000, 0x00000000c4600000|  0%| F|  |TAMS 0x00000000c4500000, 0x00000000c4500000| Untracked 
|  70|0x00000000c4600000, 0x00000000c4600000, 0x00000000c4700000|  0%| F|  |TAMS 0x00000000c4600000, 0x00000000c4600000| Untracked 
|  71|0x00000000c4700000, 0x00000000c4700000, 0x00000000c4800000|  0%| F|  |TAMS 0x00000000c4700000, 0x00000000c4700000| Untracked 
|  72|0x00000000c4800000, 0x00000000c4800000, 0x00000000c4900000|  0%| F|  |TAMS 0x00000000c4800000, 0x00000000c4800000| Untracked 
|  73|0x00000000c4900000, 0x00000000c4900000, 0x00000000c4a00000|  0%| F|  |TAMS 0x00000000c4900000, 0x00000000c4900000| Untracked 
|  74|0x00000000c4a00000, 0x00000000c4a00000, 0x00000000c4b00000|  0%| F|  |TAMS 0x00000000c4a00000, 0x00000000c4a00000| Untracked 
|  75|0x00000000c4b00000, 0x00000000c4b00000, 0x00000000c4c00000|  0%| F|  |TAMS 0x00000000c4b00000, 0x00000000c4b00000| Untracked 
|  76|0x00000000c4c00000, 0x00000000c4c00000, 0x00000000c4d00000|  0%| F|  |TAMS 0x00000000c4c00000, 0x00000000c4c00000| Untracked 
|  77|0x00000000c4d00000, 0x00000000c4d00000, 0x00000000c4e00000|  0%| F|  |TAMS 0x00000000c4d00000, 0x00000000c4d00000| Untracked 
|  78|0x00000000c4e00000, 0x00000000c4e00000, 0x00000000c4f00000|  0%| F|  |TAMS 0x00000000c4e00000, 0x00000000c4e00000| Untracked 
|  79|0x00000000c4f00000, 0x00000000c4f00000, 0x00000000c5000000|  0%| F|  |TAMS 0x00000000c4f00000, 0x00000000c4f00000| Untracked 
|  80|0x00000000c5000000, 0x00000000c5000000, 0x00000000c5100000|  0%| F|  |TAMS 0x00000000c5000000, 0x00000000c5000000| Untracked 
|  81|0x00000000c5100000, 0x00000000c5100000, 0x00000000c5200000|  0%| F|  |TAMS 0x00000000c5100000, 0x00000000c5100000| Untracked 
|  82|0x00000000c5200000, 0x00000000c5200000, 0x00000000c5300000|  0%| F|  |TAMS 0x00000000c5200000, 0x00000000c5200000| Untracked 
|  83|0x00000000c5300000, 0x00000000c53f8700, 0x00000000c5400000| 97%| S|CS|TAMS 0x00000000c5300000, 0x00000000c5300000| Complete 
|  84|0x00000000c5400000, 0x00000000c5500000, 0x00000000c5500000|100%| S|CS|TAMS 0x00000000c5400000, 0x00000000c5400000| Complete 
|  85|0x00000000c5500000, 0x00000000c5500000, 0x00000000c5600000|  0%| F|  |TAMS 0x00000000c5500000, 0x00000000c5500000| Untracked 
|  86|0x00000000c5600000, 0x00000000c5600000, 0x00000000c5700000|  0%| F|  |TAMS 0x00000000c5600000, 0x00000000c5600000| Untracked 
|  87|0x00000000c5700000, 0x00000000c5700000, 0x00000000c5800000|  0%| F|  |TAMS 0x00000000c5700000, 0x00000000c5700000| Untracked 
|  88|0x00000000c5800000, 0x00000000c5800000, 0x00000000c5900000|  0%| F|  |TAMS 0x00000000c5800000, 0x00000000c5800000| Untracked 
|  89|0x00000000c5900000, 0x00000000c5900000, 0x00000000c5a00000|  0%| F|  |TAMS 0x00000000c5900000, 0x00000000c5900000| Untracked 
|  90|0x00000000c5a00000, 0x00000000c5a00000, 0x00000000c5b00000|  0%| F|  |TAMS 0x00000000c5a00000, 0x00000000c5a00000| Untracked 
|  91|0x00000000c5b00000, 0x00000000c5b00000, 0x00000000c5c00000|  0%| F|  |TAMS 0x00000000c5b00000, 0x00000000c5b00000| Untracked 
|  92|0x00000000c5c00000, 0x00000000c5c00000, 0x00000000c5d00000|  0%| F|  |TAMS 0x00000000c5c00000, 0x00000000c5c00000| Untracked 
|  93|0x00000000c5d00000, 0x00000000c5d00000, 0x00000000c5e00000|  0%| F|  |TAMS 0x00000000c5d00000, 0x00000000c5d00000| Untracked 
|  94|0x00000000c5e00000, 0x00000000c5e00000, 0x00000000c5f00000|  0%| F|  |TAMS 0x00000000c5e00000, 0x00000000c5e00000| Untracked 
|  95|0x00000000c5f00000, 0x00000000c5f00000, 0x00000000c6000000|  0%| F|  |TAMS 0x00000000c5f00000, 0x00000000c5f00000| Untracked 
|  96|0x00000000c6000000, 0x00000000c6000000, 0x00000000c6100000|  0%| F|  |TAMS 0x00000000c6000000, 0x00000000c6000000| Untracked 
|  97|0x00000000c6100000, 0x00000000c6100000, 0x00000000c6200000|  0%| F|  |TAMS 0x00000000c6100000, 0x00000000c6100000| Untracked 
|  98|0x00000000c6200000, 0x00000000c6200000, 0x00000000c6300000|  0%| F|  |TAMS 0x00000000c6200000, 0x00000000c6200000| Untracked 
|  99|0x00000000c6300000, 0x00000000c6300000, 0x00000000c6400000|  0%| F|  |TAMS 0x00000000c6300000, 0x00000000c6300000| Untracked 
| 100|0x00000000c6400000, 0x00000000c6400000, 0x00000000c6500000|  0%| F|  |TAMS 0x00000000c6400000, 0x00000000c6400000| Untracked 
| 101|0x00000000c6500000, 0x00000000c6500000, 0x00000000c6600000|  0%| F|  |TAMS 0x00000000c6500000, 0x00000000c6500000| Untracked 
| 102|0x00000000c6600000, 0x00000000c6600000, 0x00000000c6700000|  0%| F|  |TAMS 0x00000000c6600000, 0x00000000c6600000| Untracked 
| 103|0x00000000c6700000, 0x00000000c6700000, 0x00000000c6800000|  0%| F|  |TAMS 0x00000000c6700000, 0x00000000c6700000| Untracked 
| 104|0x00000000c6800000, 0x00000000c6800000, 0x00000000c6900000|  0%| F|  |TAMS 0x00000000c6800000, 0x00000000c6800000| Untracked 
| 105|0x00000000c6900000, 0x00000000c6900000, 0x00000000c6a00000|  0%| F|  |TAMS 0x00000000c6900000, 0x00000000c6900000| Untracked 
| 106|0x00000000c6a00000, 0x00000000c6a00000, 0x00000000c6b00000|  0%| F|  |TAMS 0x00000000c6a00000, 0x00000000c6a00000| Untracked 
| 107|0x00000000c6b00000, 0x00000000c6b00000, 0x00000000c6c00000|  0%| F|  |TAMS 0x00000000c6b00000, 0x00000000c6b00000| Untracked 
| 108|0x00000000c6c00000, 0x00000000c6c00000, 0x00000000c6d00000|  0%| F|  |TAMS 0x00000000c6c00000, 0x00000000c6c00000| Untracked 
| 109|0x00000000c6d00000, 0x00000000c6d00000, 0x00000000c6e00000|  0%| F|  |TAMS 0x00000000c6d00000, 0x00000000c6d00000| Untracked 
| 110|0x00000000c6e00000, 0x00000000c6e00000, 0x00000000c6f00000|  0%| F|  |TAMS 0x00000000c6e00000, 0x00000000c6e00000| Untracked 
| 111|0x00000000c6f00000, 0x00000000c6f00000, 0x00000000c7000000|  0%| F|  |TAMS 0x00000000c6f00000, 0x00000000c6f00000| Untracked 
| 112|0x00000000c7000000, 0x00000000c7000000, 0x00000000c7100000|  0%| F|  |TAMS 0x00000000c7000000, 0x00000000c7000000| Untracked 
| 113|0x00000000c7100000, 0x00000000c7100000, 0x00000000c7200000|  0%| F|  |TAMS 0x00000000c7100000, 0x00000000c7100000| Untracked 
| 114|0x00000000c7200000, 0x00000000c7200000, 0x00000000c7300000|  0%| F|  |TAMS 0x00000000c7200000, 0x00000000c7200000| Untracked 
| 115|0x00000000c7300000, 0x00000000c7300000, 0x00000000c7400000|  0%| F|  |TAMS 0x00000000c7300000, 0x00000000c7300000| Untracked 
| 116|0x00000000c7400000, 0x00000000c7400000, 0x00000000c7500000|  0%| F|  |TAMS 0x00000000c7400000, 0x00000000c7400000| Untracked 

Card table byte_map: [0x0000020d469d0000,0x0000020d46bd0000] _byte_map_base: 0x0000020d463d0000

Marking Bits (Prev, Next): (CMBitMap*) 0x0000020d39490050, (CMBitMap*) 0x0000020d39490090
 Prev Bits: [0x0000020d46dd0000, 0x0000020d47dd0000)
 Next Bits: [0x0000020d47dd0000, 0x0000020d48dd0000)

Polling page: 0x0000020d392a0000

Metaspace:

Usage:
  Non-class:     65.39 MB used.
      Class:     10.23 MB used.
       Both:     75.61 MB used.

Virtual space:
  Non-class space:      128.00 MB reserved,      66.31 MB ( 52%) committed,  2 nodes.
      Class space:      208.00 MB reserved,      11.25 MB (  5%) committed,  1 nodes.
             Both:      336.00 MB reserved,      77.56 MB ( 23%) committed. 

Chunk freelists:
   Non-Class:  1008.00 KB
       Class:  753.00 KB
        Both:  1.72 MB

MaxMetaspaceSize: 256.00 MB
CompressedClassSpaceSize: 208.00 MB
Initial GC threshold: 21.00 MB
Current GC threshold: 117.19 MB
CDS: on
MetaspaceReclaimPolicy: balanced
 - commit_granule_bytes: 65536.
 - commit_granule_words: 8192.
 - virtual_space_node_default_size: 8388608.
 - enlarge_chunks_in_place: 1.
 - new_chunks_are_fully_committed: 0.
 - uncommit_free_chunks: 1.
 - use_allocation_guard: 0.


Internal statistics:

num_allocs_failed_limit: 3.
num_arena_births: 3476.
num_arena_deaths: 0.
num_vsnodes_births: 3.
num_vsnodes_deaths: 0.
num_space_committed: 1239.
num_space_uncommitted: 0.
num_chunks_returned_to_freelist: 3.
num_chunks_taken_from_freelist: 6859.
num_chunk_merges: 3.
num_chunk_splits: 4744.
num_chunks_enlarged: 3189.
num_inconsistent_stats: 0.

CodeCache: size=65536Kb used=15596Kb max_used=15858Kb free=49939Kb
 bounds [0x0000020d425b0000, 0x0000020d43540000, 0x0000020d465b0000]
 total_blobs=6055 nmethods=5136 adapters=832
 compilation: enabled
              stopped_count=0, restarted_count=0
 full_count=0

Compilation events (20 events):
Event: 34.521 Thread 0x0000020d4b10fd50 6176       3       org.jetbrains.kotlin.incremental.UtilsKt::record (55 bytes)
Event: 34.522 Thread 0x0000020d4b10fd50 nmethod 6176 0x0000020d43242790 code [0x0000020d43242b80, 0x0000020d43244358]
Event: 34.522 Thread 0x0000020d4b10fd50 6177       3       kotlin.collections.AbstractCollection::size (5 bytes)
Event: 34.522 Thread 0x0000020d4b10fd50 nmethod 6177 0x0000020d43330b90 code [0x0000020d43330d40, 0x0000020d43330f08]
Event: 34.525 Thread 0x0000020d4b10fd50 6178       3       org.jetbrains.kotlin.com.intellij.psi.stubs.MostlyUShortIntList::get (29 bytes)
Event: 34.526 Thread 0x0000020d4b10fd50 nmethod 6178 0x0000020d4275ab10 code [0x0000020d4275acc0, 0x0000020d4275af28]
Event: 34.527 Thread 0x0000020d39507a00 6179       4       org.jetbrains.kotlin.com.intellij.openapi.util.UserDataHolderBase::<init> (12 bytes)
Event: 34.528 Thread 0x0000020d39507a00 nmethod 6179 0x0000020d42ad1990 code [0x0000020d42ad1b00, 0x0000020d42ad1c38]
Event: 34.528 Thread 0x0000020d4b10fd50 6180       3       org.jetbrains.kotlin.com.intellij.openapi.progress.ProgressManager::checkCanceled (13 bytes)
Event: 34.529 Thread 0x0000020d4b10fd50 nmethod 6180 0x0000020d4275a610 code [0x0000020d4275a7c0, 0x0000020d4275a988]
Event: 34.529 Thread 0x0000020d4b10fd50 6181       3       org.jetbrains.kotlin.com.intellij.openapi.progress.ProgressManager::getInstanceOrNull (4 bytes)
Event: 34.529 Thread 0x0000020d4b10fd50 nmethod 6181 0x0000020d42d28a90 code [0x0000020d42d28c20, 0x0000020d42d28d18]
Event: 34.529 Thread 0x0000020d4b10fd50 6182       3       kotlin.sequences.FilteringSequence$iterator$1::next (44 bytes)
Event: 34.529 Thread 0x0000020d4b10fd50 nmethod 6182 0x0000020d428c8590 code [0x0000020d428c8740, 0x0000020d428c8a18]
Event: 34.529 Thread 0x0000020d4b10fd50 6183   !   3       org.jetbrains.kotlin.storage.LockBasedStorageManager$MapBasedMemoizedFunction::invoke (410 bytes)
Event: 34.531 Thread 0x0000020d4b10fd50 nmethod 6183 0x0000020d43327490 code [0x0000020d433279a0, 0x0000020d43329a28]
Event: 34.531 Thread 0x0000020d4b10fd50 6184       3       org.jetbrains.kotlin.resolve.DescriptorUtils::getFqNameSafeIfPossible (62 bytes)
Event: 34.532 Thread 0x0000020d4b10fd50 nmethod 6184 0x0000020d4292e390 code [0x0000020d4292e5a0, 0x0000020d4292ef78]
Event: 34.536 Thread 0x0000020d4b10fd50 6185       1       org.jetbrains.kotlin.com.intellij.psi.impl.source.tree.TreeElement::getTreeNext (5 bytes)
Event: 34.537 Thread 0x0000020d4b10fd50 nmethod 6185 0x0000020d43111190 code [0x0000020d43111320, 0x0000020d431113f8]

GC Heap History (20 events):
Event: 25.510 GC heap after
{Heap after GC invocations=25 (full 0):
 garbage-first heap   total 76800K, used 38600K [0x00000000c0000000, 0x0000000100000000)
  region size 1024K, 1 young (1024K), 1 survivors (1024K)
 Metaspace       used 52757K, committed 54272K, reserved 278528K
  class space    used 7612K, committed 8384K, reserved 212992K
}
Event: 26.101 GC heap before
{Heap before GC invocations=25 (full 0):
 garbage-first heap   total 76800K, used 61128K [0x00000000c0000000, 0x0000000100000000)
  region size 1024K, 25 young (25600K), 1 survivors (1024K)
 Metaspace       used 55854K, committed 57344K, reserved 278528K
  class space    used 8006K, committed 8768K, reserved 212992K
}
Event: 26.106 GC heap after
{Heap after GC invocations=26 (full 0):
 garbage-first heap   total 117760K, used 38715K [0x00000000c0000000, 0x0000000100000000)
  region size 1024K, 1 young (1024K), 1 survivors (1024K)
 Metaspace       used 55854K, committed 57344K, reserved 278528K
  class space    used 8006K, committed 8768K, reserved 212992K
}
Event: 27.808 GC heap before
{Heap before GC invocations=26 (full 0):
 garbage-first heap   total 117760K, used 99131K [0x00000000c0000000, 0x0000000100000000)
  region size 1024K, 48 young (49152K), 1 survivors (1024K)
 Metaspace       used 58818K, committed 60416K, reserved 278528K
  class space    used 8331K, committed 9088K, reserved 212992K
}
Event: 27.859 GC heap after
{Heap after GC invocations=27 (full 0):
 garbage-first heap   total 117760K, used 57164K [0x00000000c0000000, 0x0000000100000000)
  region size 1024K, 8 young (8192K), 8 survivors (8192K)
 Metaspace       used 58818K, committed 60416K, reserved 278528K
  class space    used 8331K, committed 9088K, reserved 212992K
}
Event: 29.006 GC heap before
{Heap before GC invocations=27 (full 0):
 garbage-first heap   total 117760K, used 90956K [0x00000000c0000000, 0x0000000100000000)
  region size 1024K, 40 young (40960K), 8 survivors (8192K)
 Metaspace       used 61922K, committed 63488K, reserved 278528K
  class space    used 8695K, committed 9536K, reserved 212992K
}
Event: 29.048 GC heap after
{Heap after GC invocations=28 (full 0):
 garbage-first heap   total 117760K, used 54497K [0x00000000c0000000, 0x0000000100000000)
  region size 1024K, 4 young (4096K), 4 survivors (4096K)
 Metaspace       used 61922K, committed 63488K, reserved 278528K
  class space    used 8695K, committed 9536K, reserved 212992K
}
Event: 29.480 GC heap before
{Heap before GC invocations=28 (full 0):
 garbage-first heap   total 117760K, used 63713K [0x00000000c0000000, 0x0000000100000000)
  region size 1024K, 14 young (14336K), 4 survivors (4096K)
 Metaspace       used 62987K, committed 64512K, reserved 278528K
  class space    used 8805K, committed 9600K, reserved 212992K
}
Event: 29.491 GC heap after
{Heap after GC invocations=29 (full 0):
 garbage-first heap   total 117760K, used 56179K [0x00000000c0000000, 0x0000000100000000)
  region size 1024K, 2 young (2048K), 2 survivors (2048K)
 Metaspace       used 62987K, committed 64512K, reserved 278528K
  class space    used 8805K, committed 9600K, reserved 212992K
}
Event: 30.907 GC heap before
{Heap before GC invocations=30 (full 0):
 garbage-first heap   total 117760K, used 97139K [0x00000000c0000000, 0x0000000100000000)
  region size 1024K, 36 young (36864K), 2 survivors (2048K)
 Metaspace       used 66033K, committed 67584K, reserved 278528K
  class space    used 9114K, committed 9920K, reserved 212992K
}
Event: 30.917 GC heap after
{Heap after GC invocations=31 (full 0):
 garbage-first heap   total 117760K, used 64620K [0x00000000c0000000, 0x0000000100000000)
  region size 1024K, 4 young (4096K), 4 survivors (4096K)
 Metaspace       used 66033K, committed 67584K, reserved 278528K
  class space    used 9114K, committed 9920K, reserved 212992K
}
Event: 30.969 GC heap before
{Heap before GC invocations=31 (full 0):
 garbage-first heap   total 117760K, used 65644K [0x00000000c0000000, 0x0000000100000000)
  region size 1024K, 5 young (5120K), 4 survivors (4096K)
 Metaspace       used 66163K, committed 67712K, reserved 278528K
  class space    used 9123K, committed 9920K, reserved 212992K
}
Event: 30.978 GC heap after
{Heap after GC invocations=32 (full 0):
 garbage-first heap   total 117760K, used 64662K [0x00000000c0000000, 0x0000000100000000)
  region size 1024K, 1 young (1024K), 1 survivors (1024K)
 Metaspace       used 66163K, committed 67712K, reserved 278528K
  class space    used 9123K, committed 9920K, reserved 212992K
}
Event: 32.121 GC heap before
{Heap before GC invocations=32 (full 0):
 garbage-first heap   total 117760K, used 93334K [0x00000000c0000000, 0x0000000100000000)
  region size 1024K, 30 young (30720K), 1 survivors (1024K)
 Metaspace       used 69671K, committed 71424K, reserved 278528K
  class space    used 9452K, committed 10368K, reserved 212992K
}
Event: 32.127 GC heap after
{Heap after GC invocations=33 (full 0):
 garbage-first heap   total 117760K, used 65709K [0x00000000c0000000, 0x0000000100000000)
  region size 1024K, 2 young (2048K), 2 survivors (2048K)
 Metaspace       used 69671K, committed 71424K, reserved 278528K
  class space    used 9452K, committed 10368K, reserved 212992K
}
Event: 33.181 GC heap before
{Heap before GC invocations=34 (full 0):
 garbage-first heap   total 119808K, used 95405K [0x00000000c0000000, 0x0000000100000000)
  region size 1024K, 31 young (31744K), 2 survivors (2048K)
 Metaspace       used 73100K, committed 75008K, reserved 278528K
  class space    used 9916K, committed 10944K, reserved 212992K
}
Event: 33.190 GC heap after
{Heap after GC invocations=35 (full 0):
 garbage-first heap   total 119808K, used 67079K [0x00000000c0000000, 0x0000000100000000)
  region size 1024K, 3 young (3072K), 3 survivors (3072K)
 Metaspace       used 73100K, committed 75008K, reserved 278528K
  class space    used 9916K, committed 10944K, reserved 212992K
}
Event: 33.254 GC heap before
{Heap before GC invocations=35 (full 0):
 garbage-first heap   total 119808K, used 69127K [0x00000000c0000000, 0x0000000100000000)
  region size 1024K, 5 young (5120K), 3 survivors (3072K)
 Metaspace       used 73363K, committed 75328K, reserved 278528K
  class space    used 9949K, committed 11008K, reserved 212992K
}
Event: 33.267 GC heap after
{Heap after GC invocations=36 (full 0):
 garbage-first heap   total 119808K, used 66809K [0x00000000c0000000, 0x0000000100000000)
  region size 1024K, 1 young (1024K), 1 survivors (1024K)
 Metaspace       used 73363K, committed 75328K, reserved 278528K
  class space    used 9949K, committed 11008K, reserved 212992K
}
Event: 34.552 GC heap before
{Heap before GC invocations=36 (full 0):
 garbage-first heap   total 119808K, used 97529K [0x00000000c0000000, 0x0000000100000000)
  region size 1024K, 32 young (32768K), 1 survivors (1024K)
 Metaspace       used 77426K, committed 79424K, reserved 344064K
  class space    used 10471K, committed 11520K, reserved 212992K
}

Deoptimization events (20 events):
Event: 33.018 Thread 0x0000020d50c6b020 Uncommon trap: trap_request=0xffffffc6 fr.pc=0x0000020d42d97e80 relative=0x00000000000004a0
Event: 33.018 Thread 0x0000020d50c6b020 Uncommon trap: reason=bimorphic_or_optimized_type_check action=maybe_recompile pc=0x0000020d42d97e80 method=org.jetbrains.kotlin.protobuf.CodedInputStream.tryRefillBuffer(I)Z @ 177 c2
Event: 33.018 Thread 0x0000020d50c6b020 DEOPT PACKING pc=0x0000020d42d97e80 sp=0x000000fc41bf2900
Event: 33.018 Thread 0x0000020d50c6b020 DEOPT UNPACKING pc=0x0000020d4260239d sp=0x000000fc41bf27e8 mode 2
Event: 33.018 Thread 0x0000020d50c6b020 Uncommon trap: trap_request=0xffffffc6 fr.pc=0x0000020d42d97e80 relative=0x00000000000004a0
Event: 33.018 Thread 0x0000020d50c6b020 Uncommon trap: reason=bimorphic_or_optimized_type_check action=maybe_recompile pc=0x0000020d42d97e80 method=org.jetbrains.kotlin.protobuf.CodedInputStream.tryRefillBuffer(I)Z @ 177 c2
Event: 33.018 Thread 0x0000020d50c6b020 DEOPT PACKING pc=0x0000020d42d97e80 sp=0x000000fc41bf27d0
Event: 33.018 Thread 0x0000020d50c6b020 DEOPT UNPACKING pc=0x0000020d4260239d sp=0x000000fc41bf26b0 mode 2
Event: 33.021 Thread 0x0000020d50c6b020 Uncommon trap: trap_request=0xffffffc6 fr.pc=0x0000020d42d97e80 relative=0x00000000000004a0
Event: 33.021 Thread 0x0000020d50c6b020 Uncommon trap: reason=bimorphic_or_optimized_type_check action=maybe_recompile pc=0x0000020d42d97e80 method=org.jetbrains.kotlin.protobuf.CodedInputStream.tryRefillBuffer(I)Z @ 177 c2
Event: 33.021 Thread 0x0000020d50c6b020 DEOPT PACKING pc=0x0000020d42d97e80 sp=0x000000fc41bf27d0
Event: 33.021 Thread 0x0000020d50c6b020 DEOPT UNPACKING pc=0x0000020d4260239d sp=0x000000fc41bf26b0 mode 2
Event: 34.282 Thread 0x0000020d50c6b020 Uncommon trap: trap_request=0xffffff45 fr.pc=0x0000020d432170bc relative=0x000000000000067c
Event: 34.282 Thread 0x0000020d50c6b020 Uncommon trap: reason=unstable_if action=reinterpret pc=0x0000020d432170bc method=java.util.regex.Pattern.atom()Ljava/util/regex/Pattern$Node; @ 14 c2
Event: 34.282 Thread 0x0000020d50c6b020 DEOPT PACKING pc=0x0000020d432170bc sp=0x000000fc41bf0120
Event: 34.282 Thread 0x0000020d50c6b020 DEOPT UNPACKING pc=0x0000020d4260239d sp=0x000000fc41bf00d8 mode 2
Event: 34.447 Thread 0x0000020d50c6b020 Uncommon trap: trap_request=0xffffff45 fr.pc=0x0000020d434786fc relative=0x00000000000000dc
Event: 34.447 Thread 0x0000020d50c6b020 Uncommon trap: reason=unstable_if action=reinterpret pc=0x0000020d434786fc method=java.text.StringCharacterIterator.current()C @ 19 c2
Event: 34.447 Thread 0x0000020d50c6b020 DEOPT PACKING pc=0x0000020d434786fc sp=0x000000fc41bf0390
Event: 34.447 Thread 0x0000020d50c6b020 DEOPT UNPACKING pc=0x0000020d4260239d sp=0x000000fc41bf0328 mode 2

Classes loaded (20 events):
Event: 33.138 Loading class java/text/CharacterIterator done
Event: 33.138 Loading class java/text/StringCharacterIterator done
Event: 33.283 Loading class java/io/NotSerializableException
Event: 33.284 Loading class java/io/NotSerializableException done
Event: 33.389 Loading class java/util/AbstractList$ListItr
Event: 33.389 Loading class java/util/AbstractList$ListItr done
Event: 34.106 Loading class java/util/function/IntUnaryOperator
Event: 34.106 Loading class java/util/function/IntUnaryOperator done
Event: 34.226 Loading class java/util/AbstractList$SubList
Event: 34.227 Loading class java/util/AbstractList$SubList done
Event: 34.227 Loading class java/util/AbstractList$SubList$1
Event: 34.227 Loading class java/util/AbstractList$SubList$1 done
Event: 34.517 Loading class java/util/EnumMap$EntrySet
Event: 34.517 Loading class java/util/EnumMap$EntrySet done
Event: 34.517 Loading class java/util/EnumMap$EntryIterator
Event: 34.518 Loading class java/util/EnumMap$EnumMapIterator
Event: 34.518 Loading class java/util/EnumMap$EnumMapIterator done
Event: 34.518 Loading class java/util/EnumMap$EntryIterator done
Event: 34.518 Loading class java/util/EnumMap$EntryIterator$Entry
Event: 34.518 Loading class java/util/EnumMap$EntryIterator$Entry done

Classes unloaded (0 events):
No events

Classes redefined (0 events):
No events

Internal exceptions (20 events):
Event: 27.977 Thread 0x0000020d50c6b020 Implicit null exception at 0x0000020d432824af to 0x0000020d43284384
Event: 27.977 Thread 0x0000020d50c6b020 Implicit null exception at 0x0000020d4327f759 to 0x0000020d4327fd2c
Event: 32.079 Thread 0x0000020d50c6b020 Exception <a 'java/lang/NoSuchMethodError'{0x00000000c56053c0}: 'java.lang.Object java.lang.invoke.DirectMethodHandle$Holder.newInvokeSpecial(java.lang.Object, java.lang.Object, java.lang.Object, java.lang.Object, java.lang.Object, java.lang.Object, java.lang.Object, java.lang.Object, java.lang.Object, java.lang.Object, java.lang.Object, java.lang.Object, java.lang.Object, java.lang.Object)'> (0x00000000c56053c0) 
thrown [s\open\src\hotspot\share\interpreter\linkResolver.cpp, line 759]
Event: 32.114 Thread 0x0000020d50c6b020 Exception <a 'java/lang/NoSuchMethodError'{0x00000000c55437e8}: 'java.lang.Object java.lang.invoke.DirectMethodHandle$Holder.newInvokeSpecial(java.lang.Object, java.lang.Object, java.lang.Object, java.lang.Object, java.lang.Object, java.lang.Object, java.lang.Object, java.lang.Object, java.lang.Object, java.lang.Object, java.lang.Object, java.lang.Object, java.lang.Object, java.lang.Object, java.lang.Object, java.lang.Object, java.lang.Object, java.lang.Object, java.lang.Object, java.lang.Object, java.lang
Event: 32.165 Thread 0x0000020d50c6b020 Exception <a 'java/lang/NoSuchMethodError'{0x00000000c7141090}: 'java.lang.Object java.lang.invoke.DirectMethodHandle$Holder.newInvokeSpecial(java.lang.Object, java.lang.Object, java.lang.Object, java.lang.Object, java.lang.Object, java.lang.Object, java.lang.Object, java.lang.Object, java.lang.Object, java.lang.Object, java.lang.Object, java.lang.Object, java.lang.Object, java.lang.Object, java.lang.Object, java.lang.Object, java.lang.Object, java.lang.Object, java.lang.Object, java.lang.Object)'> (0x0000
Event: 32.166 Thread 0x0000020d50c6b020 Exception <a 'java/lang/NoSuchMethodError'{0x00000000c7148e28}: 'java.lang.Object java.lang.invoke.DirectMethodHandle$Holder.invokeSpecial(java.lang.Object, java.lang.Object, java.lang.Object, java.lang.Object, java.lang.Object, java.lang.Object, java.lang.Object, java.lang.Object, java.lang.Object, java.lang.Object, java.lang.Object, java.lang.Object, java.lang.Object, java.lang.Object, java.lang.Object, java.lang.Object, java.lang.Object, java.lang.Object, java.lang.Object, java.lang.Object, java.lang.Ob
Event: 32.166 Thread 0x0000020d50c6b020 Exception <a 'java/lang/NoSuchMethodError'{0x00000000c714fa50}: 'java.lang.Object java.lang.invoke.DelegatingMethodHandle$Holder.reinvoke_L(java.lang.Object, java.lang.Object, java.lang.Object, java.lang.Object, java.lang.Object, java.lang.Object, java.lang.Object, java.lang.Object, java.lang.Object, java.lang.Object, java.lang.Object, java.lang.Object, java.lang.Object, java.lang.Object, java.lang.Object, java.lang.Object, java.lang.Object, java.lang.Object, java.lang.Object, java.lang.Object)'> (0x000000
Event: 32.234 Thread 0x0000020d50c6b020 Exception <a 'java/lang/NoSuchMethodError'{0x00000000c6f61f38}: 'java.lang.Object java.lang.invoke.DirectMethodHandle$Holder.newInvokeSpecial(java.lang.Object, java.lang.Object, java.lang.Object, java.lang.Object, java.lang.Object, java.lang.Object, java.lang.Object, java.lang.Object, java.lang.Object, java.lang.Object, java.lang.Object, java.lang.Object, java.lang.Object, java.lang.Object, java.lang.Object, java.lang.Object)'> (0x00000000c6f61f38) 
thrown [s\open\src\hotspot\share\interpreter\linkResolver
Event: 32.235 Thread 0x0000020d50c6b020 Exception <a 'java/lang/NoSuchMethodError'{0x00000000c6f693a0}: 'java.lang.Object java.lang.invoke.DirectMethodHandle$Holder.invokeSpecial(java.lang.Object, java.lang.Object, java.lang.Object, java.lang.Object, java.lang.Object, java.lang.Object, java.lang.Object, java.lang.Object, java.lang.Object, java.lang.Object, java.lang.Object, java.lang.Object, java.lang.Object, java.lang.Object, java.lang.Object, java.lang.Object, java.lang.Object)'> (0x00000000c6f693a0) 
thrown [s\open\src\hotspot\share\interpret
Event: 32.286 Thread 0x0000020d50c6b020 Exception <a 'java/lang/NoSuchMethodError'{0x00000000c6e2ad80}: 'java.lang.Object java.lang.invoke.DirectMethodHandle$Holder.newInvokeSpecial(java.lang.Object, java.lang.Object, java.lang.Object, java.lang.Object, java.lang.Object, java.lang.Object, java.lang.Object, java.lang.Object, java.lang.Object, java.lang.Object, java.lang.Object, java.lang.Object, java.lang.Object, java.lang.Object, java.lang.Object, java.lang.Object, java.lang.Object, java.lang.Object)'> (0x00000000c6e2ad80) 
thrown [s\open\src\ho
Event: 32.287 Thread 0x0000020d50c6b020 Exception <a 'java/lang/NoSuchMethodError'{0x00000000c6e32508}: 'java.lang.Object java.lang.invoke.DirectMethodHandle$Holder.invokeSpecial(java.lang.Object, java.lang.Object, java.lang.Object, java.lang.Object, java.lang.Object, java.lang.Object, java.lang.Object, java.lang.Object, java.lang.Object, java.lang.Object, java.lang.Object, java.lang.Object, java.lang.Object, java.lang.Object, java.lang.Object, java.lang.Object, java.lang.Object, java.lang.Object, java.lang.Object)'> (0x00000000c6e32508) 
thrown
Event: 32.287 Thread 0x0000020d50c6b020 Exception <a 'java/lang/NoSuchMethodError'{0x00000000c6e38da0}: 'java.lang.Object java.lang.invoke.DelegatingMethodHandle$Holder.reinvoke_L(java.lang.Object, java.lang.Object, java.lang.Object, java.lang.Object, java.lang.Object, java.lang.Object, java.lang.Object, java.lang.Object, java.lang.Object, java.lang.Object, java.lang.Object, java.lang.Object, java.lang.Object, java.lang.Object, java.lang.Object, java.lang.Object, java.lang.Object, java.lang.Object)'> (0x00000000c6e38da0) 
thrown [s\open\src\hots
Event: 32.304 Thread 0x0000020d50c6b020 Exception <a 'java/lang/NoSuchMethodError'{0x00000000c6edae88}: 'java.lang.Object java.lang.invoke.DirectMethodHandle$Holder.newInvokeSpecial(java.lang.Object, java.lang.Object, java.lang.Object, java.lang.Object, java.lang.Object, java.lang.Object, java.lang.Object, java.lang.Object, java.lang.Object, java.lang.Object, java.lang.Object, java.lang.Object, java.lang.Object, java.lang.Object, java.lang.Object, java.lang.Object, java.lang.Object, java.lang.Object, java.lang.Object, java.lang.Object, java.lang
Event: 32.337 Thread 0x0000020d50c6b020 Exception <a 'java/lang/NoSuchMethodError'{0x00000000c7352d90}: 'java.lang.Object java.lang.invoke.DirectMethodHandle$Holder.newInvokeSpecial(java.lang.Object, java.lang.Object, java.lang.Object, java.lang.Object, java.lang.Object, java.lang.Object, java.lang.Object, java.lang.Object, java.lang.Object, java.lang.Object, java.lang.Object, java.lang.Object, java.lang.Object)'> (0x00000000c7352d90) 
thrown [s\open\src\hotspot\share\interpreter\linkResolver.cpp, line 759]
Event: 32.767 Thread 0x0000020d50c6b020 Exception <a 'java/lang/NoSuchMethodError'{0x00000000c61648a8}: 'java.lang.Object java.lang.invoke.DirectMethodHandle$Holder.newInvokeSpecial(java.lang.Object, java.lang.Object, java.lang.Object, int)'> (0x00000000c61648a8) 
thrown [s\open\src\hotspot\share\interpreter\linkResolver.cpp, line 759]
Event: 32.767 Thread 0x0000020d50c6b020 Exception <a 'java/lang/NoSuchMethodError'{0x00000000c616a150}: 'java.lang.Object java.lang.invoke.Invokers$Holder.linkToTargetMethod(java.lang.Object, java.lang.Object, int, java.lang.Object)'> (0x00000000c616a150) 
thrown [s\open\src\hotspot\share\interpreter\linkResolver.cpp, line 759]
Event: 32.814 Thread 0x0000020d50c6b020 Implicit null exception at 0x0000020d427536ec to 0x0000020d42753794
Event: 33.237 Thread 0x0000020d50c6b020 Exception <a 'java/lang/NoSuchMethodError'{0x00000000c73bc6a0}: 'java.lang.Object java.lang.invoke.DirectMethodHandle$Holder.newInvokeSpecial(java.lang.Object, java.lang.Object, java.lang.Object, java.lang.Object, int)'> (0x00000000c73bc6a0) 
thrown [s\open\src\hotspot\share\interpreter\linkResolver.cpp, line 759]
Event: 33.237 Thread 0x0000020d50c6b020 Exception <a 'java/lang/NoSuchMethodError'{0x00000000c73c2660}: 'java.lang.Object java.lang.invoke.DirectMethodHandle$Holder.invokeSpecial(java.lang.Object, java.lang.Object, java.lang.Object, java.lang.Object, java.lang.Object, int)'> (0x00000000c73c2660) 
thrown [s\open\src\hotspot\share\interpreter\linkResolver.cpp, line 759]
Event: 33.238 Thread 0x0000020d50c6b020 Exception <a 'java/lang/NoSuchMethodError'{0x00000000c73c7fd0}: 'java.lang.Object java.lang.invoke.Invokers$Holder.linkToTargetMethod(java.lang.Object, java.lang.Object, java.lang.Object, int, java.lang.Object)'> (0x00000000c73c7fd0) 
thrown [s\open\src\hotspot\share\interpreter\linkResolver.cpp, line 759]

VM Operations (20 events):
Event: 33.006 Executing VM operation: HandshakeAllThreads done
Event: 33.181 Executing VM operation: G1CollectForAllocation
Event: 33.190 Executing VM operation: G1CollectForAllocation done
Event: 33.254 Executing VM operation: G1CollectForAllocation
Event: 33.267 Executing VM operation: G1CollectForAllocation done
Event: 34.138 Executing VM operation: HandshakeAllThreads
Event: 34.138 Executing VM operation: HandshakeAllThreads done
Event: 34.171 Executing VM operation: HandshakeAllThreads
Event: 34.171 Executing VM operation: HandshakeAllThreads done
Event: 34.171 Executing VM operation: HandshakeAllThreads
Event: 34.171 Executing VM operation: HandshakeAllThreads done
Event: 34.279 Executing VM operation: HandshakeAllThreads
Event: 34.279 Executing VM operation: HandshakeAllThreads done
Event: 34.279 Executing VM operation: Cleanup
Event: 34.280 Executing VM operation: Cleanup done
Event: 34.280 Executing VM operation: HandshakeAllThreads
Event: 34.280 Executing VM operation: HandshakeAllThreads done
Event: 34.404 Executing VM operation: HandshakeAllThreads
Event: 34.404 Executing VM operation: HandshakeAllThreads done
Event: 34.552 Executing VM operation: G1CollectForAllocation

Events (20 events):
Event: 34.288 Thread 0x0000020d4b117120 flushing nmethod 0x0000020d432e5d90
Event: 34.288 Thread 0x0000020d4b117120 flushing nmethod 0x0000020d432f7890
Event: 34.288 Thread 0x0000020d4b117120 flushing nmethod 0x0000020d4331dd10
Event: 34.288 Thread 0x0000020d4b117120 flushing nmethod 0x0000020d43323290
Event: 34.288 Thread 0x0000020d4b117120 flushing nmethod 0x0000020d43326490
Event: 34.288 Thread 0x0000020d4b117120 flushing nmethod 0x0000020d43327490
Event: 34.288 Thread 0x0000020d4b117120 flushing nmethod 0x0000020d43327990
Event: 34.288 Thread 0x0000020d4b117120 flushing nmethod 0x0000020d4332a290
Event: 34.288 Thread 0x0000020d4b117120 flushing nmethod 0x0000020d4332cf90
Event: 34.288 Thread 0x0000020d4b117120 flushing nmethod 0x0000020d4332d390
Event: 34.288 Thread 0x0000020d4b117120 flushing nmethod 0x0000020d4332eb90
Event: 34.288 Thread 0x0000020d4b117120 flushing nmethod 0x0000020d4332f010
Event: 34.288 Thread 0x0000020d4b117120 flushing nmethod 0x0000020d4332f690
Event: 34.288 Thread 0x0000020d4b117120 flushing nmethod 0x0000020d43330b90
Event: 34.288 Thread 0x0000020d4b117120 flushing nmethod 0x0000020d43332190
Event: 34.288 Thread 0x0000020d4b117120 flushing nmethod 0x0000020d4335b210
Event: 34.288 Thread 0x0000020d4b117120 flushing nmethod 0x0000020d43375c10
Event: 34.288 Thread 0x0000020d4b117120 flushing nmethod 0x0000020d4338e310
Event: 34.289 Thread 0x0000020d4b117120 flushing nmethod 0x0000020d43400f10
Event: 34.289 Thread 0x0000020d4b117120 flushing nmethod 0x0000020d43434c10


Dynamic libraries:
0x00007ff6dcff0000 - 0x00007ff6dd000000 	C:\Program Files\Java\jdk-18.0.2.1\bin\java.exe
0x00007ffe72850000 - 0x00007ffe72a48000 	C:\Windows\SYSTEM32\ntdll.dll
0x00007ffe71ca0000 - 0x00007ffe71d62000 	C:\Windows\System32\KERNEL32.DLL
0x00007ffe704f0000 - 0x00007ffe707e6000 	C:\Windows\System32\KERNELBASE.dll
0x00007ffe6fee0000 - 0x00007ffe6ffe0000 	C:\Windows\System32\ucrtbase.dll
0x00007ffe5f5b0000 - 0x00007ffe5f5c8000 	C:\Program Files\Java\jdk-18.0.2.1\bin\jli.dll
0x00007ffe5ebc0000 - 0x00007ffe5ebda000 	C:\Program Files\Java\jdk-18.0.2.1\bin\VCRUNTIME140.dll
0x00007ffe723d0000 - 0x00007ffe7247f000 	C:\Windows\System32\ADVAPI32.dll
0x00007ffe72330000 - 0x00007ffe723ce000 	C:\Windows\System32\msvcrt.dll
0x00007ffe70900000 - 0x00007ffe7099f000 	C:\Windows\System32\sechost.dll
0x00007ffe71900000 - 0x00007ffe71a23000 	C:\Windows\System32\RPCRT4.dll
0x00007ffe707f0000 - 0x00007ffe70817000 	C:\Windows\System32\bcrypt.dll
0x00007ffe71a30000 - 0x00007ffe71bcd000 	C:\Windows\System32\USER32.dll
0x00007ffe70070000 - 0x00007ffe70092000 	C:\Windows\System32\win32u.dll
0x00007ffe70b50000 - 0x00007ffe70b7b000 	C:\Windows\System32\GDI32.dll
0x00007ffe701d0000 - 0x00007ffe702ea000 	C:\Windows\System32\gdi32full.dll
0x00007ffe702f0000 - 0x00007ffe7038d000 	C:\Windows\System32\msvcp_win.dll
0x00007ffe58980000 - 0x00007ffe58c1a000 	C:\Windows\WinSxS\amd64_microsoft.windows.common-controls_6595b64144ccf1df_6.0.19041.4355_none_60b8b9eb71f62e16\COMCTL32.dll
0x00007ffe674e0000 - 0x00007ffe674ea000 	C:\Windows\SYSTEM32\VERSION.dll
0x00007ffe725b0000 - 0x00007ffe725df000 	C:\Windows\System32\IMM32.DLL
0x00007ffe67ac0000 - 0x00007ffe67acc000 	C:\Program Files\Java\jdk-18.0.2.1\bin\vcruntime140_1.dll
0x00007ffe3cce0000 - 0x00007ffe3cd6d000 	C:\Program Files\Java\jdk-18.0.2.1\bin\msvcp140.dll
0x00007ffe238b0000 - 0x00007ffe244c1000 	C:\Program Files\Java\jdk-18.0.2.1\bin\server\jvm.dll
0x00007ffe727a0000 - 0x00007ffe727a8000 	C:\Windows\System32\PSAPI.DLL
0x00007ffe68e60000 - 0x00007ffe68e69000 	C:\Windows\SYSTEM32\WSOCK32.dll
0x00007ffe72710000 - 0x00007ffe7277b000 	C:\Windows\System32\WS2_32.dll
0x00007ffe58de0000 - 0x00007ffe58e07000 	C:\Windows\SYSTEM32\WINMM.dll
0x00007ffe6e6f0000 - 0x00007ffe6e702000 	C:\Windows\SYSTEM32\kernel.appcore.dll
0x00007ffe67a20000 - 0x00007ffe67a2a000 	C:\Program Files\Java\jdk-18.0.2.1\bin\jimage.dll
0x00007ffe6e3c0000 - 0x00007ffe6e5a4000 	C:\Windows\SYSTEM32\DBGHELP.DLL
0x00007ffe60fb0000 - 0x00007ffe60fe4000 	C:\Windows\SYSTEM32\dbgcore.DLL
0x00007ffe6ffe0000 - 0x00007ffe70062000 	C:\Windows\System32\bcryptPrimitives.dll
0x00007ffe5fd50000 - 0x00007ffe5fd5e000 	C:\Program Files\Java\jdk-18.0.2.1\bin\instrument.dll
0x00007ffe5d240000 - 0x00007ffe5d265000 	C:\Program Files\Java\jdk-18.0.2.1\bin\java.dll
0x00007ffe3cc00000 - 0x00007ffe3ccd6000 	C:\Program Files\Java\jdk-18.0.2.1\bin\jsvml.dll
0x00007ffe71190000 - 0x00007ffe718ff000 	C:\Windows\System32\SHELL32.dll
0x00007ffe6db40000 - 0x00007ffe6e2e3000 	C:\Windows\SYSTEM32\windows.storage.dll
0x00007ffe71d70000 - 0x00007ffe720c5000 	C:\Windows\System32\combase.dll
0x00007ffe6f760000 - 0x00007ffe6f78b000 	C:\Windows\SYSTEM32\Wldp.dll
0x00007ffe71bd0000 - 0x00007ffe71c9d000 	C:\Windows\System32\OLEAUT32.dll
0x00007ffe720d0000 - 0x00007ffe7217d000 	C:\Windows\System32\SHCORE.dll
0x00007ffe70a80000 - 0x00007ffe70ad5000 	C:\Windows\System32\shlwapi.dll
0x00007ffe6fe10000 - 0x00007ffe6fe35000 	C:\Windows\SYSTEM32\profapi.dll
0x00007ffe5eaa0000 - 0x00007ffe5eab8000 	C:\Program Files\Java\jdk-18.0.2.1\bin\zip.dll
0x00007ffe5cfc0000 - 0x00007ffe5cfd3000 	C:\Program Files\Java\jdk-18.0.2.1\bin\net.dll
0x00007ffe61810000 - 0x00007ffe6191a000 	C:\Windows\SYSTEM32\WINHTTP.dll
0x00007ffe6f540000 - 0x00007ffe6f5ac000 	C:\Windows\system32\mswsock.dll
0x00007ffe5c980000 - 0x00007ffe5c996000 	C:\Program Files\Java\jdk-18.0.2.1\bin\nio.dll
0x00007ffe5fc80000 - 0x00007ffe5fc90000 	C:\Program Files\Java\jdk-18.0.2.1\bin\verify.dll
0x00007ffe5d3d0000 - 0x00007ffe5d3f7000 	C:\Users\Fahad Computer\.gradle\native\1def1411415f61bf3af743bc5b6707747c0891f09f0c88961ee8f79bc544acac\windows-amd64\native-platform.dll
0x0000000061110000 - 0x0000000061183000 	C:\Users\Fahad Computer\.gradle\native\0.2.5\x86_64-windows-gnu\gradle-fileevents.dll
0x00007ffe5f5a0000 - 0x00007ffe5f5a9000 	C:\Program Files\Java\jdk-18.0.2.1\bin\management.dll
0x00007ffe5eda0000 - 0x00007ffe5edab000 	C:\Program Files\Java\jdk-18.0.2.1\bin\management_ext.dll
0x00007ffe6f7a0000 - 0x00007ffe6f7b8000 	C:\Windows\SYSTEM32\CRYPTSP.dll
0x00007ffe6ee80000 - 0x00007ffe6eeb8000 	C:\Windows\system32\rsaenh.dll
0x00007ffe6fdd0000 - 0x00007ffe6fdfe000 	C:\Windows\SYSTEM32\USERENV.dll
0x00007ffe6f6d0000 - 0x00007ffe6f6dc000 	C:\Windows\SYSTEM32\CRYPTBASE.dll
0x00007ffe6f240000 - 0x00007ffe6f27b000 	C:\Windows\SYSTEM32\IPHLPAPI.DLL
0x00007ffe70ae0000 - 0x00007ffe70ae8000 	C:\Windows\System32\NSI.dll
0x00007ffe673e0000 - 0x00007ffe673f7000 	C:\Windows\SYSTEM32\dhcpcsvc6.DLL
0x00007ffe66c30000 - 0x00007ffe66c4d000 	C:\Windows\SYSTEM32\dhcpcsvc.DLL
0x00007ffe6f280000 - 0x00007ffe6f34a000 	C:\Windows\SYSTEM32\DNSAPI.dll
0x0000000061010000 - 0x0000000061083000 	C:\Users\Fahad Computer\AppData\Local\Temp\native-platform7522258380404627148dir\gradle-fileevents.dll

dbghelp: loaded successfully - version: 4.0.5 - missing functions: none
symbol engine: initialized successfully - sym options: 0x614 - pdb path: .;C:\Program Files\Java\jdk-18.0.2.1\bin;C:\Windows\SYSTEM32;C:\Windows\WinSxS\amd64_microsoft.windows.common-controls_6595b64144ccf1df_6.0.19041.4355_none_60b8b9eb71f62e16;C:\Program Files\Java\jdk-18.0.2.1\bin\server;C:\Users\Fahad Computer\.gradle\native\1def1411415f61bf3af743bc5b6707747c0891f09f0c88961ee8f79bc544acac\windows-amd64;C:\Users\Fahad Computer\.gradle\native\0.2.5\x86_64-windows-gnu;C:\Users\Fahad Computer\AppData\Local\Temp\native-platform7522258380404627148dir

VM Arguments:
jvm_args: --add-opens=java.base/java.lang=ALL-UNNAMED --add-opens=java.base/java.lang.invoke=ALL-UNNAMED --add-opens=java.base/java.util=ALL-UNNAMED --add-opens=java.prefs/java.util.prefs=ALL-UNNAMED --add-exports=jdk.compiler/com.sun.tools.javac.api=ALL-UNNAMED --add-exports=jdk.compiler/com.sun.tools.javac.util=ALL-UNNAMED --add-opens=java.base/java.util=ALL-UNNAMED --add-opens=java.prefs/java.util.prefs=ALL-UNNAMED --add-opens=java.base/java.nio.charset=ALL-UNNAMED --add-opens=java.base/java.net=ALL-UNNAMED --add-opens=java.base/java.util.concurrent.atomic=ALL-UNNAMED --add-opens=java.xml/javax.xml.namespace=ALL-UNNAMED -XX:MaxMetaspaceSize=256m -XX:ReservedCodeCacheSize=64m -Xmx1g -Dfile.encoding=UTF-8 -Duser.country=US -Duser.language=en -Duser.variant -javaagent:C:\Users\Fahad Computer\.gradle\wrapper\dists\gradle-8.12-all\ejduaidbjup3bmmkhw3rie4zb\gradle-8.12\lib\agents\gradle-instrumentation-agent-8.12.jar 
java_command: org.gradle.launcher.daemon.bootstrap.GradleDaemon 8.12
java_class_path (initial): C:\Users\Fahad Computer\.gradle\wrapper\dists\gradle-8.12-all\ejduaidbjup3bmmkhw3rie4zb\gradle-8.12\lib\gradle-daemon-main-8.12.jar
Launcher Type: SUN_STANDARD

[Global flags]
     intx CICompilerCount                          = 2                                         {product} {ergonomic}
   size_t CompressedClassSpaceSize                 = 218103808                                 {product} {ergonomic}
     uint ConcGCThreads                            = 1                                         {product} {ergonomic}
     uint G1ConcRefinementThreads                  = 2                                         {product} {ergonomic}
   size_t G1HeapRegionSize                         = 1048576                                   {product} {ergonomic}
    uintx GCDrainStackTargetSize                   = 64                                        {product} {ergonomic}
   size_t InitialHeapSize                          = 65011712                                  {product} {ergonomic}
   size_t MarkStackSize                            = 4194304                                   {product} {ergonomic}
   size_t MaxHeapSize                              = 1073741824                                {product} {command line}
   size_t MaxMetaspaceSize                         = 268435456                                 {product} {command line}
   size_t MaxNewSize                               = 643825664                                 {product} {ergonomic}
   size_t MinHeapDeltaBytes                        = 1048576                                   {product} {ergonomic}
   size_t MinHeapSize                              = 8388608                                   {product} {ergonomic}
    uintx NonProfiledCodeHeapSize                  = 0                                      {pd product} {ergonomic}
    uintx ProfiledCodeHeapSize                     = 0                                      {pd product} {ergonomic}
    uintx ReservedCodeCacheSize                    = 67108864                               {pd product} {command line}
   size_t SoftMaxHeapSize                          = 1073741824                             {manageable} {ergonomic}
     bool UseCompressedClassPointers               = true                           {product lp64_product} {ergonomic}
     bool UseCompressedOops                        = true                           {product lp64_product} {ergonomic}
     bool UseG1GC                                  = true                                      {product} {ergonomic}
     bool UseLargePagesIndividualAllocation        = false                                  {pd product} {ergonomic}

Logging:
Log output configuration:
 #0: stdout all=warning uptime,level,tags foldmultilines=false
 #1: stderr all=off uptime,level,tags foldmultilines=false

Environment Variables:
JAVA_HOME=C:\Program Files\Microsoft\jdk-17.0.12\
CLASSPATH=C:\VoicetoText app\ChatbotApp\android\\gradle\wrapper\gradle-wrapper.jar
PATH=c:\Users\Fahad Computer\AppData\Local\Programs\cursor\resources\app\bin;C:\Python313\Scripts\;C:\Python313\;C:\Program Files\Microsoft\jdk-11.0.26.4-hotspot\bin;C:\Program Files\Common Files\Oracle\Java\javapath;C:\Program Files\Microsoft\jdk-17.0.12.7-hotspot\bin;C:\Windows\system32;C:\Windows;C:\Windows\System32\Wbem;C:\Windows\System32\WindowsPowerShell\v1.0\;C:\Windows\System32\OpenSSH\;C:\ProgramData\chocolatey\bin;C:\Users\Fahad Computer\AppData\Local\Android\Sdk\platform-tools;C:\Program Files\Java\jdk-18.0.2.1\bin.exe;C:\Program Files\Git\cmd;C:\Android\Sdk\emulator;C:\Android\Sdk\tools;C:\Program Files\nodejs\;C:\Users\Fahad Computer\AppData\Local\Android\Sdk\tools;C:\Users\Fahad Computer\AppData\Local\Android\Sdk\tools;C:\Users\Fahad Computer\AppData\Local\Microsoft\WindowsApps;C:\Program Files\MongoDB\Server\7.0\bin;C:\Program Files\MongoDB\Server\7.0\bin;C:\Users\Fahad Computer\AppData\Roaming\npm;c:\Users\Fahad Computer\AppData\Local\Programs\cursor\resources\app\bin;c:\Users\Fahad Computer\AppData\Local\Programs\cursor\resources\app\bin;C:\Users\Fahad Computer\AppData\Local\Android\Sdk\tools;C:\Users\Fahad Computer\AppData\Local\Android\Sdk\tools;C:\Users\Fahad Computer\AppData\Local\Microsoft\WindowsApps;C:\Users\Fahad Computer\AppData\Local\Programs\Microsoft VS Code\bin;C:\Program Files\MongoDB\Server\7.0\bin;C:\Program Files\MongoDB\Server\7.0\bin;C:\Users\Fahad Computer\AppData\Roaming\npm;C:\Users\Fahad Computer\AppData\Local\Programs\cursor\resources\app\bin
USERNAME=Fahad Computer
LANG=en_US.UTF-8
OS=Windows_NT
PROCESSOR_IDENTIFIER=Intel64 Family 6 Model 122 Stepping 8, GenuineIntel



---------------  S Y S T E M  ---------------

OS:
 Windows 10 , 64 bit Build 19041 (10.0.19041.5678)
OS uptime: 6 days 5:35 hours
Hyper-V role detected

CPU: total 2 (initial active 2) (2 cores per cpu, 1 threads per core) family 6 model 122 stepping 8 microcode 0x18, cx8, cmov, fxsr, mmx, 3dnowpref, sse, sse2, sse3, ssse3, sse4.1, sse4.2, popcnt, tsc, tscinvbit, aes, erms, clmul, sha, clflush, clflushopt, hv

Memory: 4k page, system-wide physical 3918M (63M free)
TotalPageFile size 15694M (AvailPageFile size 5M)
current process WorkingSet (physical memory assigned to process): 303M, peak: 303M
current process commit charge ("private bytes"): 463M, peak: 464M

vm_info: Java HotSpot(TM) 64-Bit Server VM (18.0.2.1+1-1) for windows-amd64 JRE (18.0.2.1+1-1), built on Aug 16 2022 01:46:33 by "mach5one" with MS VC++ 16.8 / 16.9 (VS2019)

END.
