#
# There is insufficient memory for the Java Runtime Environment to continue.
# Native memory allocation (malloc) failed to allocate 32744 bytes for ChunkPool::allocate
# Possible reasons:
#   The system is out of physical RAM or swap space
#   The process is running with CompressedOops enabled, and the Java Heap may be blocking the growth of the native heap
# Possible solutions:
#   Reduce memory load on the system
#   Increase physical memory or swap space
#   Check if swap backing store is full
#   Decrease Java heap size (-Xmx/-Xms)
#   Decrease number of Java threads
#   Decrease Java thread stack sizes (-Xss)
#   Set larger code cache with -XX:ReservedCodeCacheSize=
#   JVM is running with Unscaled Compressed Oops mode in which the Java heap is
#     placed in the first 4GB address space. The Java Heap base address is the
#     maximum limit for the native heap growth. Please use -XX:HeapBaseMinAddress
#     to set the Java Heap base and to place the Java Heap above 4GB virtual address.
# This output file may be truncated or incomplete.
#
#  Out of Memory Error (arena.cpp:78), pid=10444, tid=2868
#
# JRE version: Java(TM) SE Runtime Environment (17.0.12+8) (build 17.0.12+8-LTS-286)
# Java VM: Java HotSpot(TM) 64-Bit Server VM (17.0.12+8-LTS-286, mixed mode, sharing, tiered, compressed oops, compressed class ptrs, g1 gc, windows-amd64)
# No core dump will be written. Minidumps are not enabled by default on client versions of Windows
#

---------------  S U M M A R Y ------------

Command Line: -Xmx64m -Xms64m -Dorg.gradle.appname=gradlew org.gradle.wrapper.GradleWrapperMain bundleRelease

Host: Intel(R) Celeron(R) N4020 CPU @ 1.10GHz, 2 cores, 3G,  Windows 10 , 64 bit Build 19041 (10.0.19041.5678)
Time: Sat May 10 09:52:01 2025 Pacific Daylight Time elapsed time: 347.188091 seconds (0d 0h 5m 47s)

---------------  T H R E A D  ---------------

Current thread (0x00000251f9b35a60):  JavaThread "C2 CompilerThread0" daemon [_thread_in_native, id=2868, stack(0x000000c578b00000,0x000000c578c00000)]


Current CompileTask:
C2: 347189 1840       4       org.gradle.internal.logging.console.DefaultWorkInProgressFormatter::format (102 bytes)

Stack: [0x000000c578b00000,0x000000c578c00000]
Native frames: (J=compiled Java code, j=interpreted, Vv=VM code, C=native code)
V  [jvm.dll+0x67a04a]
V  [jvm.dll+0x7da4ed]
V  [jvm.dll+0x7dbe33]
V  [jvm.dll+0x7dc4a3]
V  [jvm.dll+0x24508f]
V  [jvm.dll+0xab9a4]
V  [jvm.dll+0xabd3c]
V  [jvm.dll+0x9033e]
V  [jvm.dll+0x607f17]
V  [jvm.dll+0x6083ff]
V  [jvm.dll+0x60804e]
V  [jvm.dll+0x60d527]
V  [jvm.dll+0x60e36c]
V  [jvm.dll+0x60c84a]
V  [jvm.dll+0x2166be]
V  [jvm.dll+0x215c6f]
V  [jvm.dll+0x1a2960]
V  [jvm.dll+0x22610b]
V  [jvm.dll+0x2242ab]
V  [jvm.dll+0x79075c]
V  [jvm.dll+0x78abea]
V  [jvm.dll+0x678f35]
C  [ucrtbase.dll+0x21bb2]
C  [KERNEL32.DLL+0x17374]
C  [ntdll.dll+0x4cc91]


---------------  P R O C E S S  ---------------

Threads class SMR info:
_java_thread_list=0x00000251fec83630, length=13, elements={
0x00000251f0068200, 0x00000251f0132650, 0x00000251f01353f0, 0x00000251f9b2bb90,
0x00000251f9b2c460, 0x00000251f9b2cd30, 0x00000251f9b2d600, 0x00000251f9b35a60,
0x00000251f9b36420, 0x00000251f9b52ce0, 0x00000251fe0290b0, 0x00000251fe02c460,
0x00000251feb6b930
}

Java Threads: ( => current thread )
  0x00000251f0068200 JavaThread "main" [_thread_in_native, id=14764, stack(0x000000c577e00000,0x000000c577f00000)]
  0x00000251f0132650 JavaThread "Reference Handler" daemon [_thread_blocked, id=14940, stack(0x000000c578500000,0x000000c578600000)]
  0x00000251f01353f0 JavaThread "Finalizer" daemon [_thread_blocked, id=8024, stack(0x000000c578600000,0x000000c578700000)]
  0x00000251f9b2bb90 JavaThread "Signal Dispatcher" daemon [_thread_blocked, id=8216, stack(0x000000c578700000,0x000000c578800000)]
  0x00000251f9b2c460 JavaThread "Attach Listener" daemon [_thread_blocked, id=5896, stack(0x000000c578800000,0x000000c578900000)]
  0x00000251f9b2cd30 JavaThread "Service Thread" daemon [_thread_blocked, id=8008, stack(0x000000c578900000,0x000000c578a00000)]
  0x00000251f9b2d600 JavaThread "Monitor Deflation Thread" daemon [_thread_blocked, id=14916, stack(0x000000c578a00000,0x000000c578b00000)]
=>0x00000251f9b35a60 JavaThread "C2 CompilerThread0" daemon [_thread_in_native, id=2868, stack(0x000000c578b00000,0x000000c578c00000)]
  0x00000251f9b36420 JavaThread "C1 CompilerThread0" daemon [_thread_blocked, id=7872, stack(0x000000c578c00000,0x000000c578d00000)]
  0x00000251f9b52ce0 JavaThread "Sweeper thread" daemon [_thread_blocked, id=3572, stack(0x000000c578d00000,0x000000c578e00000)]
  0x00000251fe0290b0 JavaThread "Notification Thread" daemon [_thread_blocked, id=12576, stack(0x000000c578e00000,0x000000c578f00000)]
  0x00000251fe02c460 JavaThread "Common-Cleaner" daemon [_thread_blocked, id=9052, stack(0x000000c579000000,0x000000c579100000)]
  0x00000251feb6b930 JavaThread "pool-1-thread-1" [_thread_in_native, id=6452, stack(0x000000c579200000,0x000000c579300000)]

Other Threads:
  0x00000251f012d390 VMThread "VM Thread" [stack: 0x000000c578400000,0x000000c578500000] [id=1300]
  0x00000251fe02bdc0 WatcherThread [stack: 0x000000c578f00000,0x000000c579000000] [id=14564]
  0x00000251f0088790 GCTaskThread "GC Thread#0" [stack: 0x000000c577f00000,0x000000c578000000] [id=11724]
  0x00000251fe2798a0 GCTaskThread "GC Thread#1" [stack: 0x000000c579100000,0x000000c579200000] [id=11224]
  0x00000251f0089df0 ConcurrentGCThread "G1 Main Marker" [stack: 0x000000c578000000,0x000000c578100000] [id=9400]
  0x00000251f008a710 ConcurrentGCThread "G1 Conc#0" [stack: 0x000000c578100000,0x000000c578200000] [id=9556]
  0x00000251f00d22e0 ConcurrentGCThread "G1 Refine#0" [stack: 0x000000c578200000,0x000000c578300000] [id=11940]
  0x00000251f00d2c20 ConcurrentGCThread "G1 Service" [stack: 0x000000c578300000,0x000000c578400000] [id=10152]

Threads with active compile tasks:
C2 CompilerThread0   347253 1840       4       org.gradle.internal.logging.console.DefaultWorkInProgressFormatter::format (102 bytes)

VM state: not at safepoint (normal execution)

VM Mutex/Monitor currently owned by a thread: None

Heap address: 0x00000000fc000000, size: 64 MB, Compressed Oops mode: 32-bit

CDS archive(s) mapped at: [0x000002518f000000-0x000002518fbd0000-0x000002518fbd0000), size 12386304, SharedBaseAddress: 0x000002518f000000, ArchiveRelocationMode: 1.
Compressed class space mapped at: 0x0000025190000000-0x00000251d0000000, reserved size: 1073741824
Narrow klass base: 0x000002518f000000, Narrow klass shift: 0, Narrow klass range: 0x100000000

GC Precious Log:
 CPUs: 2 total, 2 available
 Memory: 3918M
 Large Page Support: Disabled
 NUMA Support: Disabled
 Compressed Oops: Enabled (32-bit)
 Heap Region Size: 1M
 Heap Min Capacity: 64M
 Heap Initial Capacity: 64M
 Heap Max Capacity: 64M
 Pre-touch: Disabled
 Parallel Workers: 2
 Concurrent Workers: 1
 Concurrent Refinement Workers: 2
 Periodic GC: Disabled

Heap:
 garbage-first heap   total 65536K, used 43297K [0x00000000fc000000, 0x0000000100000000)
  region size 1024K, 38 young (38912K), 2 survivors (2048K)
 Metaspace       used 9456K, committed 9664K, reserved 1114112K
  class space    used 1240K, committed 1344K, reserved 1048576K

Heap Regions: E=young(eden), S=young(survivor), O=old, HS=humongous(starts), HC=humongous(continues), CS=collection set, F=free, OA=open archive, CA=closed archive, TAMS=top-at-mark-start (previous, next)
|   0|0x00000000fc000000, 0x00000000fc100000, 0x00000000fc100000|100%| O|  |TAMS 0x00000000fc000000, 0x00000000fc000000| Untracked 
|   1|0x00000000fc100000, 0x00000000fc200000, 0x00000000fc200000|100%| O|  |TAMS 0x00000000fc100000, 0x00000000fc100000| Untracked 
|   2|0x00000000fc200000, 0x00000000fc248600, 0x00000000fc300000| 28%| O|  |TAMS 0x00000000fc200000, 0x00000000fc200000| Untracked 
|   3|0x00000000fc300000, 0x00000000fc400000, 0x00000000fc400000|100%|HS|  |TAMS 0x00000000fc300000, 0x00000000fc300000| Complete 
|   4|0x00000000fc400000, 0x00000000fc500000, 0x00000000fc500000|100%|HC|  |TAMS 0x00000000fc400000, 0x00000000fc400000| Complete 
|   5|0x00000000fc500000, 0x00000000fc600000, 0x00000000fc600000|100%|HC|  |TAMS 0x00000000fc500000, 0x00000000fc500000| Complete 
|   6|0x00000000fc600000, 0x00000000fc600000, 0x00000000fc700000|  0%| F|  |TAMS 0x00000000fc600000, 0x00000000fc600000| Untracked 
|   7|0x00000000fc700000, 0x00000000fc700000, 0x00000000fc800000|  0%| F|  |TAMS 0x00000000fc700000, 0x00000000fc700000| Untracked 
|   8|0x00000000fc800000, 0x00000000fc800000, 0x00000000fc900000|  0%| F|  |TAMS 0x00000000fc800000, 0x00000000fc800000| Untracked 
|   9|0x00000000fc900000, 0x00000000fc900000, 0x00000000fca00000|  0%| F|  |TAMS 0x00000000fc900000, 0x00000000fc900000| Untracked 
|  10|0x00000000fca00000, 0x00000000fca00000, 0x00000000fcb00000|  0%| F|  |TAMS 0x00000000fca00000, 0x00000000fca00000| Untracked 
|  11|0x00000000fcb00000, 0x00000000fcb00000, 0x00000000fcc00000|  0%| F|  |TAMS 0x00000000fcb00000, 0x00000000fcb00000| Untracked 
|  12|0x00000000fcc00000, 0x00000000fcc00000, 0x00000000fcd00000|  0%| F|  |TAMS 0x00000000fcc00000, 0x00000000fcc00000| Untracked 
|  13|0x00000000fcd00000, 0x00000000fcd00000, 0x00000000fce00000|  0%| F|  |TAMS 0x00000000fcd00000, 0x00000000fcd00000| Untracked 
|  14|0x00000000fce00000, 0x00000000fce00000, 0x00000000fcf00000|  0%| F|  |TAMS 0x00000000fce00000, 0x00000000fce00000| Untracked 
|  15|0x00000000fcf00000, 0x00000000fcf00000, 0x00000000fd000000|  0%| F|  |TAMS 0x00000000fcf00000, 0x00000000fcf00000| Untracked 
|  16|0x00000000fd000000, 0x00000000fd000000, 0x00000000fd100000|  0%| F|  |TAMS 0x00000000fd000000, 0x00000000fd000000| Untracked 
|  17|0x00000000fd100000, 0x00000000fd100000, 0x00000000fd200000|  0%| F|  |TAMS 0x00000000fd100000, 0x00000000fd100000| Untracked 
|  18|0x00000000fd200000, 0x00000000fd200000, 0x00000000fd300000|  0%| F|  |TAMS 0x00000000fd200000, 0x00000000fd200000| Untracked 
|  19|0x00000000fd300000, 0x00000000fd300000, 0x00000000fd400000|  0%| F|  |TAMS 0x00000000fd300000, 0x00000000fd300000| Untracked 
|  20|0x00000000fd400000, 0x00000000fd400000, 0x00000000fd500000|  0%| F|  |TAMS 0x00000000fd400000, 0x00000000fd400000| Untracked 
|  21|0x00000000fd500000, 0x00000000fd500000, 0x00000000fd600000|  0%| F|  |TAMS 0x00000000fd500000, 0x00000000fd500000| Untracked 
|  22|0x00000000fd600000, 0x00000000fd600000, 0x00000000fd700000|  0%| F|  |TAMS 0x00000000fd600000, 0x00000000fd600000| Untracked 
|  23|0x00000000fd700000, 0x00000000fd700000, 0x00000000fd800000|  0%| F|  |TAMS 0x00000000fd700000, 0x00000000fd700000| Untracked 
|  24|0x00000000fd800000, 0x00000000fd800000, 0x00000000fd900000|  0%| F|  |TAMS 0x00000000fd800000, 0x00000000fd800000| Untracked 
|  25|0x00000000fd900000, 0x00000000fd900000, 0x00000000fda00000|  0%| F|  |TAMS 0x00000000fd900000, 0x00000000fd900000| Untracked 
|  26|0x00000000fda00000, 0x00000000fda5cab8, 0x00000000fdb00000| 36%| E|  |TAMS 0x00000000fda00000, 0x00000000fda00000| Complete 
|  27|0x00000000fdb00000, 0x00000000fdc00000, 0x00000000fdc00000|100%| E|CS|TAMS 0x00000000fdb00000, 0x00000000fdb00000| Complete 
|  28|0x00000000fdc00000, 0x00000000fdd00000, 0x00000000fdd00000|100%| E|CS|TAMS 0x00000000fdc00000, 0x00000000fdc00000| Complete 
|  29|0x00000000fdd00000, 0x00000000fde00000, 0x00000000fde00000|100%| E|CS|TAMS 0x00000000fdd00000, 0x00000000fdd00000| Complete 
|  30|0x00000000fde00000, 0x00000000fdf00000, 0x00000000fdf00000|100%| E|CS|TAMS 0x00000000fde00000, 0x00000000fde00000| Complete 
|  31|0x00000000fdf00000, 0x00000000fe000000, 0x00000000fe000000|100%| E|CS|TAMS 0x00000000fdf00000, 0x00000000fdf00000| Complete 
|  32|0x00000000fe000000, 0x00000000fe100000, 0x00000000fe100000|100%| E|CS|TAMS 0x00000000fe000000, 0x00000000fe000000| Complete 
|  33|0x00000000fe100000, 0x00000000fe200000, 0x00000000fe200000|100%| E|CS|TAMS 0x00000000fe100000, 0x00000000fe100000| Complete 
|  34|0x00000000fe200000, 0x00000000fe300000, 0x00000000fe300000|100%| E|CS|TAMS 0x00000000fe200000, 0x00000000fe200000| Complete 
|  35|0x00000000fe300000, 0x00000000fe400000, 0x00000000fe400000|100%| E|CS|TAMS 0x00000000fe300000, 0x00000000fe300000| Complete 
|  36|0x00000000fe400000, 0x00000000fe500000, 0x00000000fe500000|100%| E|CS|TAMS 0x00000000fe400000, 0x00000000fe400000| Complete 
|  37|0x00000000fe500000, 0x00000000fe600000, 0x00000000fe600000|100%| E|CS|TAMS 0x00000000fe500000, 0x00000000fe500000| Complete 
|  38|0x00000000fe600000, 0x00000000fe700000, 0x00000000fe700000|100%| E|CS|TAMS 0x00000000fe600000, 0x00000000fe600000| Complete 
|  39|0x00000000fe700000, 0x00000000fe800000, 0x00000000fe800000|100%| E|CS|TAMS 0x00000000fe700000, 0x00000000fe700000| Complete 
|  40|0x00000000fe800000, 0x00000000fe900000, 0x00000000fe900000|100%| E|CS|TAMS 0x00000000fe800000, 0x00000000fe800000| Complete 
|  41|0x00000000fe900000, 0x00000000fea00000, 0x00000000fea00000|100%| E|CS|TAMS 0x00000000fe900000, 0x00000000fe900000| Complete 
|  42|0x00000000fea00000, 0x00000000feb00000, 0x00000000feb00000|100%| E|CS|TAMS 0x00000000fea00000, 0x00000000fea00000| Complete 
|  43|0x00000000feb00000, 0x00000000fec00000, 0x00000000fec00000|100%| E|CS|TAMS 0x00000000feb00000, 0x00000000feb00000| Complete 
|  44|0x00000000fec00000, 0x00000000fed00000, 0x00000000fed00000|100%| E|CS|TAMS 0x00000000fec00000, 0x00000000fec00000| Complete 
|  45|0x00000000fed00000, 0x00000000fee00000, 0x00000000fee00000|100%| E|CS|TAMS 0x00000000fed00000, 0x00000000fed00000| Complete 
|  46|0x00000000fee00000, 0x00000000fef00000, 0x00000000fef00000|100%| E|CS|TAMS 0x00000000fee00000, 0x00000000fee00000| Complete 
|  47|0x00000000fef00000, 0x00000000ff000000, 0x00000000ff000000|100%| E|CS|TAMS 0x00000000fef00000, 0x00000000fef00000| Complete 
|  48|0x00000000ff000000, 0x00000000ff100000, 0x00000000ff100000|100%| E|CS|TAMS 0x00000000ff000000, 0x00000000ff000000| Complete 
|  49|0x00000000ff100000, 0x00000000ff200000, 0x00000000ff200000|100%| S|CS|TAMS 0x00000000ff100000, 0x00000000ff100000| Complete 
|  50|0x00000000ff200000, 0x00000000ff300000, 0x00000000ff300000|100%| S|CS|TAMS 0x00000000ff200000, 0x00000000ff200000| Complete 
|  51|0x00000000ff300000, 0x00000000ff400000, 0x00000000ff400000|100%| E|CS|TAMS 0x00000000ff300000, 0x00000000ff300000| Complete 
|  52|0x00000000ff400000, 0x00000000ff500000, 0x00000000ff500000|100%| E|CS|TAMS 0x00000000ff400000, 0x00000000ff400000| Complete 
|  53|0x00000000ff500000, 0x00000000ff600000, 0x00000000ff600000|100%| E|CS|TAMS 0x00000000ff500000, 0x00000000ff500000| Complete 
|  54|0x00000000ff600000, 0x00000000ff700000, 0x00000000ff700000|100%| E|CS|TAMS 0x00000000ff600000, 0x00000000ff600000| Complete 
|  55|0x00000000ff700000, 0x00000000ff800000, 0x00000000ff800000|100%| E|CS|TAMS 0x00000000ff700000, 0x00000000ff700000| Complete 
|  56|0x00000000ff800000, 0x00000000ff900000, 0x00000000ff900000|100%| E|CS|TAMS 0x00000000ff800000, 0x00000000ff800000| Complete 
|  57|0x00000000ff900000, 0x00000000ffa00000, 0x00000000ffa00000|100%| E|CS|TAMS 0x00000000ff900000, 0x00000000ff900000| Complete 
|  58|0x00000000ffa00000, 0x00000000ffb00000, 0x00000000ffb00000|100%| E|CS|TAMS 0x00000000ffa00000, 0x00000000ffa00000| Complete 
|  59|0x00000000ffb00000, 0x00000000ffc00000, 0x00000000ffc00000|100%| E|CS|TAMS 0x00000000ffb00000, 0x00000000ffb00000| Complete 
|  60|0x00000000ffc00000, 0x00000000ffd00000, 0x00000000ffd00000|100%| E|CS|TAMS 0x00000000ffc00000, 0x00000000ffc00000| Complete 
|  61|0x00000000ffd00000, 0x00000000ffe00000, 0x00000000ffe00000|100%| E|CS|TAMS 0x00000000ffd00000, 0x00000000ffd00000| Complete 
|  62|0x00000000ffe00000, 0x00000000fff00000, 0x00000000fff00000|100%| E|CS|TAMS 0x00000000ffe00000, 0x00000000ffe00000| Complete 
|  63|0x00000000fff00000, 0x0000000100000000, 0x0000000100000000|100%| E|CS|TAMS 0x00000000fff00000, 0x00000000fff00000| Complete 

Card table byte_map: [0x00000251edff0000,0x00000251ee010000] _byte_map_base: 0x00000251ed810000

Marking Bits (Prev, Next): (CMBitMap*) 0x00000251f0088cc0, (CMBitMap*) 0x00000251f0088d00
 Prev Bits: [0x00000251efc40000, 0x00000251efd40000)
 Next Bits: [0x00000251efd40000, 0x00000251efe40000)

Polling page: 0x00000251edfa0000

Metaspace:

Usage:
  Non-class:      8.02 MB used.
      Class:      1.21 MB used.
       Both:      9.23 MB used.

Virtual space:
  Non-class space:       64.00 MB reserved,       8.12 MB ( 13%) committed,  1 nodes.
      Class space:        1.00 GB reserved,       1.31 MB ( <1%) committed,  1 nodes.
             Both:        1.06 GB reserved,       9.44 MB ( <1%) committed. 

Chunk freelists:
   Non-Class:  7.64 MB
       Class:  14.51 MB
        Both:  22.16 MB

MaxMetaspaceSize: unlimited
CompressedClassSpaceSize: 1.00 GB
Initial GC threshold: 21.00 MB
Current GC threshold: 21.00 MB
CDS: on
MetaspaceReclaimPolicy: balanced
 - commit_granule_bytes: 65536.
 - commit_granule_words: 8192.
 - virtual_space_node_default_size: 8388608.
 - enlarge_chunks_in_place: 1.
 - new_chunks_are_fully_committed: 0.
 - uncommit_free_chunks: 1.
 - use_allocation_guard: 0.
 - handle_deallocations: 1.


Internal statistics:

num_allocs_failed_limit: 0.
num_arena_births: 70.
num_arena_deaths: 0.
num_vsnodes_births: 2.
num_vsnodes_deaths: 0.
num_space_committed: 151.
num_space_uncommitted: 0.
num_chunks_returned_to_freelist: 0.
num_chunks_taken_from_freelist: 326.
num_chunk_merges: 0.
num_chunk_splits: 226.
num_chunks_enlarged: 184.
num_inconsistent_stats: 0.

CodeHeap 'non-profiled nmethods': size=120064Kb used=770Kb max_used=770Kb free=119293Kb
 bounds [0x0000025187ac0000, 0x0000025187d30000, 0x000002518f000000]
CodeHeap 'profiled nmethods': size=120000Kb used=3533Kb max_used=3533Kb free=116466Kb
 bounds [0x0000025180000000, 0x0000025180380000, 0x0000025187530000]
CodeHeap 'non-nmethods': size=5696Kb used=1165Kb max_used=1185Kb free=4531Kb
 bounds [0x0000025187530000, 0x00000251877a0000, 0x0000025187ac0000]
 total_blobs=2302 nmethods=1839 adapters=377
 compilation: enabled
              stopped_count=0, restarted_count=0
 full_count=0

Compilation events (20 events):
Event: 309.810 Thread 0x00000251f9b36420 nmethod 1829 0x0000025180371d90 code [0x0000025180371fa0, 0x0000025180372718]
Event: 312.882 Thread 0x00000251f9b35a60 1831       4       java.lang.AbstractStringBuilder::append (60 bytes)
Event: 312.905 Thread 0x00000251f9b35a60 nmethod 1831 0x0000025187b7cf90 code [0x0000025187b7d140, 0x0000025187b7d9a8]
Event: 312.913 Thread 0x00000251f9b35a60 1832       4       java.lang.Long::stringSize (55 bytes)
Event: 312.918 Thread 0x00000251f9b35a60 nmethod 1832 0x0000025187b7de10 code [0x0000025187b7df80, 0x0000025187b7e158]
Event: 312.919 Thread 0x00000251f9b35a60 1833       4       java.lang.Long::getChars (208 bytes)
Event: 312.921 Thread 0x00000251f9b35a60 nmethod 1833 0x0000025187b7e210 code [0x0000025187b7e3a0, 0x0000025187b7e538]
Event: 326.155 Thread 0x00000251f9b35a60 1834       4       com.esotericsoftware.kryo.io.Input::readUtf8 (90 bytes)
Event: 326.155 Thread 0x00000251f9b36420 1835       3       com.esotericsoftware.kryo.io.Input::readInt_slow (201 bytes)
Event: 326.157 Thread 0x00000251f9b36420 nmethod 1835 0x0000025180372910 code [0x0000025180372b00, 0x0000025180373038]
Event: 326.178 Thread 0x00000251f9b35a60 nmethod 1834 0x0000025187b7e710 code [0x0000025187b7e8a0, 0x0000025187b7ef38]
Event: 337.277 Thread 0x00000251f9b35a60 1836       4       java.util.HashMap$HashIterator::nextNode (100 bytes)
Event: 337.286 Thread 0x00000251f9b35a60 nmethod 1836 0x0000025187b7f310 code [0x0000025187b7f4a0, 0x0000025187b7f898]
Event: 339.240 Thread 0x00000251f9b35a60 1837       4       java.util.HashMap::get (19 bytes)
Event: 339.255 Thread 0x00000251f9b35a60 nmethod 1837 0x0000025187b7fa10 code [0x0000025187b7fbc0, 0x0000025187b80198]
Event: 339.749 Thread 0x00000251f9b36420 1838       3       org.gradle.internal.logging.sink.GroupingProgressLogEventGenerator$OperationState::<init> (15 bytes)
Event: 339.751 Thread 0x00000251f9b36420 nmethod 1838 0x0000025180373290 code [0x0000025180373440, 0x0000025180373658]
Event: 346.592 Thread 0x00000251f9b35a60 1839       4       java.util.ArrayList$Itr::<init> (26 bytes)
Event: 346.595 Thread 0x00000251f9b35a60 nmethod 1839 0x0000025187b80590 code [0x0000025187b80700, 0x0000025187b80898]
Event: 347.083 Thread 0x00000251f9b35a60 1840       4       org.gradle.internal.logging.console.DefaultWorkInProgressFormatter::format (102 bytes)

GC Heap History (6 events):
Event: 0.670 GC heap before
{Heap before GC invocations=0 (full 0):
 garbage-first heap   total 65536K, used 6144K [0x00000000fc000000, 0x0000000100000000)
  region size 1024K, 6 young (6144K), 0 survivors (0K)
 Metaspace       used 1621K, committed 1728K, reserved 1114112K
  class space    used 155K, committed 192K, reserved 1048576K
}
Event: 0.680 GC heap after
{Heap after GC invocations=1 (full 0):
 garbage-first heap   total 65536K, used 1248K [0x00000000fc000000, 0x0000000100000000)
  region size 1024K, 1 young (1024K), 1 survivors (1024K)
 Metaspace       used 1621K, committed 1728K, reserved 1114112K
  class space    used 155K, committed 192K, reserved 1048576K
}
Event: 1.297 GC heap before
{Heap before GC invocations=1 (full 0):
 garbage-first heap   total 65536K, used 7392K [0x00000000fc000000, 0x0000000100000000)
  region size 1024K, 7 young (7168K), 1 survivors (1024K)
 Metaspace       used 1661K, committed 1792K, reserved 1114112K
  class space    used 155K, committed 192K, reserved 1048576K
}
Event: 1.300 GC heap after
{Heap after GC invocations=2 (full 0):
 garbage-first heap   total 65536K, used 1597K [0x00000000fc000000, 0x0000000100000000)
  region size 1024K, 1 young (1024K), 1 survivors (1024K)
 Metaspace       used 1661K, committed 1792K, reserved 1114112K
  class space    used 155K, committed 192K, reserved 1048576K
}
Event: 2.579 GC heap before
{Heap before GC invocations=2 (full 0):
 garbage-first heap   total 65536K, used 12861K [0x00000000fc000000, 0x0000000100000000)
  region size 1024K, 13 young (13312K), 1 survivors (1024K)
 Metaspace       used 1850K, committed 1984K, reserved 1114112K
  class space    used 159K, committed 192K, reserved 1048576K
}
Event: 2.587 GC heap after
{Heap after GC invocations=3 (full 0):
 garbage-first heap   total 65536K, used 4385K [0x00000000fc000000, 0x0000000100000000)
  region size 1024K, 2 young (2048K), 2 survivors (2048K)
 Metaspace       used 1850K, committed 1984K, reserved 1114112K
  class space    used 159K, committed 192K, reserved 1048576K
}

Deoptimization events (20 events):
Event: 12.860 Thread 0x00000251feb6b930 Uncommon trap: trap_request=0xffffffde fr.pc=0x0000025187af36f4 relative=0x0000000000000074
Event: 12.860 Thread 0x00000251feb6b930 Uncommon trap: reason=class_check action=maybe_recompile pc=0x0000025187af36f4 method=java.util.AbstractList$Itr.hasNext()Z @ 8 c2
Event: 12.860 Thread 0x00000251feb6b930 DEOPT PACKING pc=0x0000025187af36f4 sp=0x000000c5792fec00
Event: 12.860 Thread 0x00000251feb6b930 DEOPT UNPACKING pc=0x000002518758239d sp=0x000000c5792feb98 mode 2
Event: 12.860 Thread 0x00000251feb6b930 Uncommon trap: trap_request=0xffffffde fr.pc=0x0000025187af36f4 relative=0x0000000000000074
Event: 12.860 Thread 0x00000251feb6b930 Uncommon trap: reason=class_check action=maybe_recompile pc=0x0000025187af36f4 method=java.util.AbstractList$Itr.hasNext()Z @ 8 c2
Event: 12.860 Thread 0x00000251feb6b930 DEOPT PACKING pc=0x0000025187af36f4 sp=0x000000c5792fec00
Event: 12.860 Thread 0x00000251feb6b930 DEOPT UNPACKING pc=0x000002518758239d sp=0x000000c5792feb98 mode 2
Event: 12.860 Thread 0x00000251feb6b930 Uncommon trap: trap_request=0xffffffde fr.pc=0x0000025187af3a54 relative=0x00000000000000b4
Event: 12.860 Thread 0x00000251feb6b930 Uncommon trap: reason=class_check action=maybe_recompile pc=0x0000025187af3a54 method=java.util.AbstractList$Itr.next()Ljava/lang/Object; @ 14 c2
Event: 12.860 Thread 0x00000251feb6b930 DEOPT PACKING pc=0x0000025187af3a54 sp=0x000000c5792febf0
Event: 12.861 Thread 0x00000251feb6b930 DEOPT UNPACKING pc=0x000002518758239d sp=0x000000c5792feb88 mode 2
Event: 12.861 Thread 0x00000251feb6b930 Uncommon trap: trap_request=0xffffffde fr.pc=0x0000025187af3a54 relative=0x00000000000000b4
Event: 12.861 Thread 0x00000251feb6b930 Uncommon trap: reason=class_check action=maybe_recompile pc=0x0000025187af3a54 method=java.util.AbstractList$Itr.next()Ljava/lang/Object; @ 14 c2
Event: 12.861 Thread 0x00000251feb6b930 DEOPT PACKING pc=0x0000025187af3a54 sp=0x000000c5792febf0
Event: 12.861 Thread 0x00000251feb6b930 DEOPT UNPACKING pc=0x000002518758239d sp=0x000000c5792feb88 mode 2
Event: 12.891 Thread 0x00000251f0068200 Uncommon trap: trap_request=0xffffff45 fr.pc=0x0000025187aebf60 relative=0x0000000000000200
Event: 12.891 Thread 0x00000251f0068200 Uncommon trap: reason=unstable_if action=reinterpret pc=0x0000025187aebf60 method=java.util.HashMap.putVal(ILjava/lang/Object;Ljava/lang/Object;ZZ)Ljava/lang/Object; @ 162 c2
Event: 12.891 Thread 0x00000251f0068200 DEOPT PACKING pc=0x0000025187aebf60 sp=0x000000c577efb2d0
Event: 12.891 Thread 0x00000251f0068200 DEOPT UNPACKING pc=0x000002518758239d sp=0x000000c577efb1f8 mode 2

Classes unloaded (0 events):
No events

Classes redefined (0 events):
No events

Internal exceptions (19 events):
Event: 0.365 Thread 0x00000251f0068200 Exception <a 'java/lang/NoSuchMethodError'{0x00000000ffda5268}: 'int java.lang.invoke.DirectMethodHandle$Holder.invokeStaticInit(java.lang.Object, java.lang.Object)'> (0x00000000ffda5268) 
thrown [s\open\src\hotspot\share\interpreter\linkResolver.cpp, line 759]
Event: 5.007 Thread 0x00000251f0068200 Exception <a 'java/lang/NoSuchMethodError'{0x00000000ff5a0130}: 'java.lang.Object java.lang.invoke.DirectMethodHandle$Holder.invokeStaticInit(java.lang.Object)'> (0x00000000ff5a0130) 
thrown [s\open\src\hotspot\share\interpreter\linkResolver.cpp, line 759]
Event: 5.080 Thread 0x00000251f0068200 Exception <a 'java/lang/NoSuchMethodError'{0x00000000ff5bae58}: 'int java.lang.invoke.DirectMethodHandle$Holder.invokeSpecial(java.lang.Object, java.lang.Object, java.lang.Object)'> (0x00000000ff5bae58) 
thrown [s\open\src\hotspot\share\interpreter\linkResolver.cpp, line 759]
Event: 5.097 Thread 0x00000251f0068200 Exception <a 'java/lang/NoSuchMethodError'{0x00000000ff5f7780}: 'void java.lang.invoke.DirectMethodHandle$Holder.invokeStatic(java.lang.Object, java.lang.Object)'> (0x00000000ff5f7780) 
thrown [s\open\src\hotspot\share\interpreter\linkResolver.cpp, line 759]
Event: 5.145 Thread 0x00000251f0068200 Implicit null exception at 0x0000025187b1ae8f to 0x0000025187b1b378
Event: 5.145 Thread 0x00000251f0068200 Implicit null exception at 0x0000025187b0a88f to 0x0000025187b0ad8c
Event: 5.268 Thread 0x00000251f0068200 Exception <a 'java/lang/NoClassDefFoundError'{0x00000000ff477fa8}: org/slf4j/impl/StaticMarkerBinder> (0x00000000ff477fa8) 
thrown [s\open\src\hotspot\share\classfile\systemDictionary.cpp, line 245]
Event: 5.360 Thread 0x00000251f0068200 Exception <a 'java/lang/NoSuchMethodError'{0x00000000ff328400}: 'java.lang.Object java.lang.invoke.Invokers$Holder.invoker(java.lang.Object, java.lang.Object, java.lang.Object)'> (0x00000000ff328400) 
thrown [s\open\src\hotspot\share\interpreter\linkResolver.cpp, line 759]
Event: 5.362 Thread 0x00000251f0068200 Exception <a 'java/lang/NoSuchMethodError'{0x00000000ff331558}: 'java.lang.Object java.lang.invoke.DirectMethodHandle$Holder.invokeStatic(java.lang.Object, java.lang.Object, int)'> (0x00000000ff331558) 
thrown [s\open\src\hotspot\share\interpreter\linkResolver.cpp, line 759]
Event: 5.377 Thread 0x00000251f0068200 Exception <a 'java/lang/NoSuchMethodError'{0x00000000ff33d248}: 'void java.lang.invoke.DelegatingMethodHandle$Holder.delegate(java.lang.Object, java.lang.Object, int, java.lang.Object)'> (0x00000000ff33d248) 
thrown [s\open\src\hotspot\share\interpreter\linkResolver.cpp, line 759]
Event: 5.384 Thread 0x00000251f0068200 Exception <a 'java/lang/NoSuchMethodError'{0x00000000ff350890}: 'java.lang.Object java.lang.invoke.Invokers$Holder.invokeExact_MT(java.lang.Object, java.lang.Object, java.lang.Object, java.lang.Object)'> (0x00000000ff350890) 
thrown [s\open\src\hotspot\share\interpreter\linkResolver.cpp, line 759]
Event: 5.413 Thread 0x00000251f0068200 Exception <a 'java/lang/NoSuchMethodError'{0x00000000ff37b0f8}: 'java.lang.Object java.lang.invoke.DirectMethodHandle$Holder.invokeVirtual(java.lang.Object, java.lang.Object, java.lang.Object)'> (0x00000000ff37b0f8) 
thrown [s\open\src\hotspot\share\interpreter\linkResolver.cpp, line 759]
Event: 6.788 Thread 0x00000251f0068200 Exception <a 'java/lang/NoSuchMethodError'{0x00000000fec85828}: 'java.lang.Object java.lang.invoke.DirectMethodHandle$Holder.newInvokeSpecial(java.lang.Object, java.lang.Object, java.lang.Object, java.lang.Object, java.lang.Object)'> (0x00000000fec85828) 
thrown [s\open\src\hotspot\share\interpreter\linkResolver.cpp, line 759]
Event: 7.024 Thread 0x00000251f0068200 Exception <a 'java/lang/NoSuchMethodError'{0x00000000feba9210}: 'void java.lang.invoke.DirectMethodHandle$Holder.invokeSpecial(java.lang.Object, java.lang.Object, java.lang.Object)'> (0x00000000feba9210) 
thrown [s\open\src\hotspot\share\interpreter\linkResolver.cpp, line 759]
Event: 7.979 Thread 0x00000251f0068200 Exception <a 'java/lang/NoSuchMethodError'{0x00000000fe62ded8}: 'java.lang.Object java.lang.invoke.DirectMethodHandle$Holder.invokeSpecialIFC(java.lang.Object, java.lang.Object, java.lang.Object, java.lang.Object)'> (0x00000000fe62ded8) 
thrown [s\open\src\hotspot\share\interpreter\linkResolver.cpp, line 759]
Event: 8.509 Thread 0x00000251f0068200 Exception <a 'java/lang/NoSuchMethodError'{0x00000000fe4c7a20}: 'java.lang.Object java.lang.invoke.DirectMethodHandle$Holder.invokeStaticInit(java.lang.Object, int, int, int, int)'> (0x00000000fe4c7a20) 
thrown [s\open\src\hotspot\share\interpreter\linkResolver.cpp, line 759]
Event: 10.526 Thread 0x00000251f0068200 Exception <a 'java/lang/NoSuchMethodError'{0x00000000fe30fd48}: 'java.lang.Object java.lang.invoke.DirectMethodHandle$Holder.invokeStaticInit(java.lang.Object, java.lang.Object, int, int, int, int)'> (0x00000000fe30fd48) 
thrown [s\open\src\hotspot\share\interpreter\linkResolver.cpp, line 759]
Event: 12.307 Thread 0x00000251f0068200 Exception <a 'java/lang/NoSuchMethodError'{0x00000000fe33bd38}: 'void java.lang.invoke.DirectMethodHandle$Holder.invokeStatic(java.lang.Object, java.lang.Object, java.lang.Object)'> (0x00000000fe33bd38) 
thrown [s\open\src\hotspot\share\interpreter\linkResolver.cpp, line 759]
Event: 12.427 Thread 0x00000251f0068200 Implicit null exception at 0x0000025187b00a72 to 0x0000025187b00f88

VM Operations (20 events):
Event: 214.188 Executing VM operation: Cleanup
Event: 214.189 Executing VM operation: Cleanup done
Event: 225.285 Executing VM operation: Cleanup
Event: 225.285 Executing VM operation: Cleanup done
Event: 228.308 Executing VM operation: Cleanup
Event: 228.309 Executing VM operation: Cleanup done
Event: 241.401 Executing VM operation: Cleanup
Event: 241.401 Executing VM operation: Cleanup done
Event: 259.568 Executing VM operation: Cleanup
Event: 259.568 Executing VM operation: Cleanup done
Event: 309.099 Executing VM operation: Cleanup
Event: 309.099 Executing VM operation: Cleanup done
Event: 310.111 Executing VM operation: Cleanup
Event: 310.111 Executing VM operation: Cleanup done
Event: 311.134 Executing VM operation: Cleanup
Event: 311.134 Executing VM operation: Cleanup done
Event: 339.377 Executing VM operation: Cleanup
Event: 339.377 Executing VM operation: Cleanup done
Event: 340.381 Executing VM operation: Cleanup
Event: 340.382 Executing VM operation: Cleanup done

Events (20 events):
Event: 12.959 loading class java/nio/channels/Pipe$SourceChannel done
Event: 12.959 loading class sun/nio/ch/SourceChannelImpl done
Event: 12.959 loading class sun/nio/ch/SinkChannelImpl
Event: 12.959 loading class java/nio/channels/Pipe$SinkChannel
Event: 12.959 loading class java/nio/channels/Pipe$SinkChannel done
Event: 12.960 loading class sun/nio/ch/SinkChannelImpl done
Event: 12.967 loading class sun/nio/ch/SelectionKeyImpl
Event: 12.968 loading class java/nio/channels/spi/AbstractSelectionKey
Event: 12.968 loading class java/nio/channels/SelectionKey
Event: 12.968 loading class java/nio/channels/SelectionKey done
Event: 12.968 loading class java/nio/channels/spi/AbstractSelectionKey done
Event: 12.968 loading class sun/nio/ch/SelectionKeyImpl done
Event: 12.968 loading class java/lang/invoke/ConstantBootstraps
Event: 12.969 loading class java/lang/invoke/ConstantBootstraps done
Event: 13.038 loading class java/nio/channels/spi/AbstractSelector$1
Event: 13.039 loading class java/nio/channels/spi/AbstractSelector$1 done
Event: 13.101 loading class java/util/concurrent/Executors$FinalizableDelegatedExecutorService
Event: 13.102 loading class java/util/concurrent/Executors$FinalizableDelegatedExecutorService done
Event: 33.421 loading class java/util/ArrayList$ListItr
Event: 33.421 loading class java/util/ArrayList$ListItr done


Dynamic libraries:
0x00007ff78e0b0000 - 0x00007ff78e0c0000 	C:\Program Files\Microsoft\jdk-17.0.12\bin\java.exe
0x00007ff899b10000 - 0x00007ff899d08000 	C:\Windows\SYSTEM32\ntdll.dll
0x00007ff897b30000 - 0x00007ff897bf2000 	C:\Windows\System32\KERNEL32.DLL
0x00007ff8971a0000 - 0x00007ff897496000 	C:\Windows\System32\KERNELBASE.dll
0x00007ff8974d0000 - 0x00007ff8975d0000 	C:\Windows\System32\ucrtbase.dll
0x00007ff895620000 - 0x00007ff895639000 	C:\Program Files\Microsoft\jdk-17.0.12\bin\jli.dll
0x00007ff898330000 - 0x00007ff8983df000 	C:\Windows\System32\ADVAPI32.dll
0x00007ff899620000 - 0x00007ff8996be000 	C:\Windows\System32\msvcrt.dll
0x00007ff898290000 - 0x00007ff89832f000 	C:\Windows\System32\sechost.dll
0x00007ff899880000 - 0x00007ff8999a3000 	C:\Windows\System32\RPCRT4.dll
0x00007ff897860000 - 0x00007ff897887000 	C:\Windows\System32\bcrypt.dll
0x00007ff898b40000 - 0x00007ff898cdd000 	C:\Windows\System32\USER32.dll
0x00007ff8974a0000 - 0x00007ff8974c2000 	C:\Windows\System32\win32u.dll
0x00007ff898b10000 - 0x00007ff898b3b000 	C:\Windows\System32\GDI32.dll
0x00007ff8979c0000 - 0x00007ff897ada000 	C:\Windows\System32\gdi32full.dll
0x00007ff8975d0000 - 0x00007ff89766d000 	C:\Windows\System32\msvcp_win.dll
0x00007ff895600000 - 0x00007ff89561b000 	C:\Program Files\Microsoft\jdk-17.0.12\bin\VCRUNTIME140.dll
0x00007ff884470000 - 0x00007ff88470a000 	C:\Windows\WinSxS\amd64_microsoft.windows.common-controls_6595b64144ccf1df_6.0.19041.4355_none_60b8b9eb71f62e16\COMCTL32.dll
0x00007ff895880000 - 0x00007ff89588a000 	C:\Windows\SYSTEM32\VERSION.dll
0x00007ff898df0000 - 0x00007ff898e1f000 	C:\Windows\System32\IMM32.DLL
0x00007ff895660000 - 0x00007ff89566c000 	C:\Program Files\Microsoft\jdk-17.0.12\bin\vcruntime140_1.dll
0x00007ff8865d0000 - 0x00007ff88665e000 	C:\Program Files\Microsoft\jdk-17.0.12\bin\msvcp140.dll
0x00007ff835170000 - 0x00007ff835d50000 	C:\Program Files\Microsoft\jdk-17.0.12\bin\server\jvm.dll
0x00007ff899a60000 - 0x00007ff899a68000 	C:\Windows\System32\PSAPI.DLL
0x00007ff88fe60000 - 0x00007ff88fe69000 	C:\Windows\SYSTEM32\WSOCK32.dll
0x00007ff898500000 - 0x00007ff89856b000 	C:\Windows\System32\WS2_32.dll
0x00007ff87f330000 - 0x00007ff87f357000 	C:\Windows\SYSTEM32\WINMM.dll
0x00007ff8959d0000 - 0x00007ff8959e2000 	C:\Windows\SYSTEM32\kernel.appcore.dll
0x00007ff88fe50000 - 0x00007ff88fe5a000 	C:\Program Files\Microsoft\jdk-17.0.12\bin\jimage.dll
0x00007ff894b30000 - 0x00007ff894d14000 	C:\Windows\SYSTEM32\DBGHELP.DLL
0x00007ff87f2b0000 - 0x00007ff87f2e4000 	C:\Windows\SYSTEM32\dbgcore.DLL
0x00007ff897670000 - 0x00007ff8976f2000 	C:\Windows\System32\bcryptPrimitives.dll
0x00007ff88fe20000 - 0x00007ff88fe45000 	C:\Program Files\Microsoft\jdk-17.0.12\bin\java.dll
0x00007ff8819f0000 - 0x00007ff881ac7000 	C:\Program Files\Microsoft\jdk-17.0.12\bin\jsvml.dll
0x00007ff898e90000 - 0x00007ff8995ff000 	C:\Windows\System32\SHELL32.dll
0x00007ff894e30000 - 0x00007ff8955d3000 	C:\Windows\SYSTEM32\windows.storage.dll
0x00007ff898730000 - 0x00007ff898a85000 	C:\Windows\System32\combase.dll
0x00007ff896a20000 - 0x00007ff896a4b000 	C:\Windows\SYSTEM32\Wldp.dll
0x00007ff8981c0000 - 0x00007ff89828d000 	C:\Windows\System32\OLEAUT32.dll
0x00007ff898d40000 - 0x00007ff898ded000 	C:\Windows\System32\SHCORE.dll
0x00007ff899a70000 - 0x00007ff899ac5000 	C:\Windows\System32\shlwapi.dll
0x00007ff8970d0000 - 0x00007ff8970f5000 	C:\Windows\SYSTEM32\profapi.dll
0x00007ff88fce0000 - 0x00007ff88fcf9000 	C:\Program Files\Microsoft\jdk-17.0.12\bin\net.dll
0x00007ff886960000 - 0x00007ff886a6a000 	C:\Windows\SYSTEM32\WINHTTP.dll
0x00007ff896800000 - 0x00007ff89686c000 	C:\Windows\system32\mswsock.dll
0x00007ff886690000 - 0x00007ff8866a6000 	C:\Program Files\Microsoft\jdk-17.0.12\bin\nio.dll
0x00007ff8865b0000 - 0x00007ff8865c8000 	C:\Program Files\Microsoft\jdk-17.0.12\bin\zip.dll
0x00007ff888ca0000 - 0x00007ff888cb0000 	C:\Program Files\Microsoft\jdk-17.0.12\bin\verify.dll
0x00007ff888b50000 - 0x00007ff888b5a000 	C:\Program Files\Microsoft\jdk-17.0.12\bin\management.dll
0x00007ff8888c0000 - 0x00007ff8888cb000 	C:\Program Files\Microsoft\jdk-17.0.12\bin\management_ext.dll
0x00007ff886580000 - 0x00007ff8865a7000 	C:\Users\Fahad Computer\.gradle\native\1def1411415f61bf3af743bc5b6707747c0891f09f0c88961ee8f79bc544acac\windows-amd64\native-platform.dll
0x00007ff8831a0000 - 0x00007ff8831aa000 	C:\Users\Fahad Computer\.gradle\native\jansi\1.18\windows64\jansi.dll
0x00007ff896a60000 - 0x00007ff896a78000 	C:\Windows\SYSTEM32\CRYPTSP.dll
0x00007ff896140000 - 0x00007ff896178000 	C:\Windows\system32\rsaenh.dll
0x00007ff897050000 - 0x00007ff89707e000 	C:\Windows\SYSTEM32\USERENV.dll
0x00007ff896990000 - 0x00007ff89699c000 	C:\Windows\SYSTEM32\CRYPTBASE.dll
0x00007ff896500000 - 0x00007ff89653b000 	C:\Windows\SYSTEM32\IPHLPAPI.DLL
0x00007ff898e20000 - 0x00007ff898e28000 	C:\Windows\System32\NSI.dll
0x00007ff888d10000 - 0x00007ff888d27000 	C:\Windows\SYSTEM32\dhcpcsvc6.DLL
0x00007ff888c80000 - 0x00007ff888c9d000 	C:\Windows\SYSTEM32\dhcpcsvc.DLL
0x00007ff896540000 - 0x00007ff89660a000 	C:\Windows\SYSTEM32\DNSAPI.dll
0x00007ff886550000 - 0x00007ff88655e000 	C:\Program Files\Microsoft\jdk-17.0.12\bin\sunmscapi.dll
0x00007ff897700000 - 0x00007ff89785d000 	C:\Windows\System32\CRYPT32.dll
0x00007ff896bd0000 - 0x00007ff896bf7000 	C:\Windows\SYSTEM32\ncrypt.dll
0x00007ff896b90000 - 0x00007ff896bcb000 	C:\Windows\SYSTEM32\NTASN1.dll
0x00007ff88ec00000 - 0x00007ff88ec07000 	C:\Windows\system32\wshunix.dll

dbghelp: loaded successfully - version: 4.0.5 - missing functions: none
symbol engine: initialized successfully - sym options: 0x614 - pdb path: .;C:\Program Files\Microsoft\jdk-17.0.12\bin;C:\Windows\SYSTEM32;C:\Windows\WinSxS\amd64_microsoft.windows.common-controls_6595b64144ccf1df_6.0.19041.4355_none_60b8b9eb71f62e16;C:\Program Files\Microsoft\jdk-17.0.12\bin\server;C:\Users\Fahad Computer\.gradle\native\1def1411415f61bf3af743bc5b6707747c0891f09f0c88961ee8f79bc544acac\windows-amd64;C:\Users\Fahad Computer\.gradle\native\jansi\1.18\windows64

VM Arguments:
jvm_args: -Xmx64m -Xms64m -Dorg.gradle.appname=gradlew 
java_command: org.gradle.wrapper.GradleWrapperMain bundleRelease
java_class_path (initial): C:\vtT\ChatbotApp\android\\gradle\wrapper\gradle-wrapper.jar
Launcher Type: SUN_STANDARD

[Global flags]
     intx CICompilerCount                          = 2                                         {product} {ergonomic}
     uint ConcGCThreads                            = 1                                         {product} {ergonomic}
     uint G1ConcRefinementThreads                  = 2                                         {product} {ergonomic}
   size_t G1HeapRegionSize                         = 1048576                                   {product} {ergonomic}
    uintx GCDrainStackTargetSize                   = 64                                        {product} {ergonomic}
   size_t InitialHeapSize                          = 67108864                                  {product} {command line}
   size_t MarkStackSize                            = 4194304                                   {product} {ergonomic}
   size_t MaxHeapSize                              = 67108864                                  {product} {command line}
   size_t MaxNewSize                               = 39845888                                  {product} {ergonomic}
   size_t MinHeapDeltaBytes                        = 1048576                                   {product} {ergonomic}
   size_t MinHeapSize                              = 67108864                                  {product} {command line}
    uintx NonNMethodCodeHeapSize                   = 5826188                                {pd product} {ergonomic}
    uintx NonProfiledCodeHeapSize                  = 122916026                              {pd product} {ergonomic}
    uintx ProfiledCodeHeapSize                     = 122916026                              {pd product} {ergonomic}
    uintx ReservedCodeCacheSize                    = 251658240                              {pd product} {ergonomic}
     bool SegmentedCodeCache                       = true                                      {product} {ergonomic}
   size_t SoftMaxHeapSize                          = 67108864                               {manageable} {ergonomic}
     bool UseCompressedClassPointers               = true                           {product lp64_product} {ergonomic}
     bool UseCompressedOops                        = true                           {product lp64_product} {ergonomic}
     bool UseG1GC                                  = true                                      {product} {ergonomic}
     bool UseLargePagesIndividualAllocation        = false                                  {pd product} {ergonomic}

Logging:
Log output configuration:
 #0: stdout all=warning uptime,level,tags
 #1: stderr all=off uptime,level,tags

Environment Variables:
JAVA_HOME=C:\Program Files\Microsoft\jdk-17.0.12\
CLASSPATH=C:\vtT\ChatbotApp\android\\gradle\wrapper\gradle-wrapper.jar
PATH=c:\Users\Fahad Computer\AppData\Local\Programs\cursor\resources\app\bin;C:\Python313\Scripts\;C:\Python313\;C:\Program Files\Microsoft\jdk-11.0.26.4-hotspot\bin;C:\Program Files\Common Files\Oracle\Java\javapath;C:\Program Files\Microsoft\jdk-17.0.12.7-hotspot\bin;C:\Windows\system32;C:\Windows;C:\Windows\System32\Wbem;C:\Windows\System32\WindowsPowerShell\v1.0\;C:\Windows\System32\OpenSSH\;C:\ProgramData\chocolatey\bin;C:\Users\Fahad Computer\AppData\Local\Android\Sdk\platform-tools;C:\Program Files\Java\jdk-18.0.2.1\bin.exe;C:\Program Files\Git\cmd;C:\Android\Sdk\emulator;C:\Android\Sdk\tools;C:\Program Files\nodejs\;C:\Users\Fahad Computer\AppData\Local\Android\Sdk\tools;C:\Users\Fahad Computer\AppData\Local\Android\Sdk\tools;C:\Users\Fahad Computer\AppData\Local\Microsoft\WindowsApps;C:\Program Files\MongoDB\Server\7.0\bin;C:\Program Files\MongoDB\Server\7.0\bin;C:\Users\Fahad Computer\AppData\Roaming\npm;c:\Users\Fahad Computer\AppData\Local\Programs\cursor\resources\app\bin;c:\Users\Fahad Computer\AppData\Local\Programs\cursor\resources\app\bin;C:\Users\Fahad Computer\AppData\Local\Android\Sdk\tools;C:\Users\Fahad Computer\AppData\Local\Android\Sdk\tools;C:\Users\Fahad Computer\AppData\Local\Microsoft\WindowsApps;C:\Users\Fahad Computer\AppData\Local\Programs\Microsoft VS Code\bin;C:\Program Files\MongoDB\Server\7.0\bin;C:\Program Files\MongoDB\Server\7.0\bin;C:\Users\Fahad Computer\AppData\Roaming\npm;C:\Users\Fahad Computer\AppData\Local\Programs\cursor\resources\app\bin
USERNAME=Fahad Computer
LANG=en_US.UTF-8
OS=Windows_NT
PROCESSOR_IDENTIFIER=Intel64 Family 6 Model 122 Stepping 8, GenuineIntel



---------------  S Y S T E M  ---------------

OS:
 Windows 10 , 64 bit Build 19041 (10.0.19041.5678)
OS uptime: 0 days 6:16 hours
Hyper-V role detected

CPU: total 2 (initial active 2) (2 cores per cpu, 1 threads per core) family 6 model 122 stepping 8 microcode 0x18, cx8, cmov, fxsr, mmx, 3dnowpref, sse, sse2, sse3, ssse3, sse4.1, sse4.2, popcnt, tsc, tscinvbit, aes, erms, clmul, sha, clflush, clflushopt, hv

Memory: 4k page, system-wide physical 3918M (76M free)
TotalPageFile size 15694M (AvailPageFile size 1M)
current process WorkingSet (physical memory assigned to process): 20M, peak: 94M
current process commit charge ("private bytes"): 154M, peak: 155M

vm_info: Java HotSpot(TM) 64-Bit Server VM (17.0.12+8-LTS-286) for windows-amd64 JRE (17.0.12+8-LTS-286), built on Jun  5 2024 06:46:59 by "mach5one" with MS VC++ 17.6 (VS2022)

END.
