#
# There is insufficient memory for the Java Runtime Environment to continue.
# Native memory allocation (mmap) failed to map 100663296 bytes for G1 virtual space
# Possible reasons:
#   The system is out of physical RAM or swap space
#   The process is running with CompressedOops enabled, and the Java Heap may be blocking the growth of the native heap
# Possible solutions:
#   Reduce memory load on the system
#   Increase physical memory or swap space
#   Check if swap backing store is full
#   Decrease Java heap size (-Xmx/-Xms)
#   Decrease number of Java threads
#   Decrease Java thread stack sizes (-Xss)
#   Set larger code cache with -XX:ReservedCodeCacheSize=
#   JVM is running with Unscaled Compressed Oops mode in which the Java heap is
#     placed in the first 4GB address space. The Java Heap base address is the
#     maximum limit for the native heap growth. Please use -XX:HeapBaseMinAddress
#     to set the Java Heap base and to place the Java Heap above 4GB virtual address.
# This output file may be truncated or incomplete.
#
#  Out of Memory Error (os_windows.cpp:3548), pid=12176, tid=10808
#
# JRE version: Java(TM) SE Runtime Environment (17.0.12+8) (build 17.0.12+8-LTS-286)
# Java VM: Java HotSpot(TM) 64-Bit Server VM (17.0.12+8-LTS-286, mixed mode, sharing, tiered, compressed oops, compressed class ptrs, g1 gc, windows-amd64)
# No core dump will be written. Minidumps are not enabled by default on client versions of Windows
#

---------------  S U M M A R Y ------------

Command Line: --add-opens=java.base/java.lang=ALL-UNNAMED --add-opens=java.base/java.lang.invoke=ALL-UNNAMED --add-opens=java.base/java.util=ALL-UNNAMED --add-opens=java.prefs/java.util.prefs=ALL-UNNAMED --add-exports=jdk.compiler/com.sun.tools.javac.api=ALL-UNNAMED --add-exports=jdk.compiler/com.sun.tools.javac.util=ALL-UNNAMED --add-opens=java.base/java.util=ALL-UNNAMED --add-opens=java.prefs/java.util.prefs=ALL-UNNAMED --add-opens=java.base/java.nio.charset=ALL-UNNAMED --add-opens=java.base/java.net=ALL-UNNAMED --add-opens=java.base/java.util.concurrent.atomic=ALL-UNNAMED --add-opens=java.xml/javax.xml.namespace=ALL-UNNAMED -XX:MaxMetaspaceSize=512m -XX:ReservedCodeCacheSize=128m -Xmx2g -Dfile.encoding=UTF-8 -Duser.country=US -Duser.language=en -Duser.variant -javaagent:C:\Users\Fahad Computer\.gradle\wrapper\dists\gradle-8.12-all\ejduaidbjup3bmmkhw3rie4zb\gradle-8.12\lib\agents\gradle-instrumentation-agent-8.12.jar org.gradle.launcher.daemon.bootstrap.GradleDaemon 8.12

Host: Intel(R) Celeron(R) N4020 CPU @ 1.10GHz, 2 cores, 3G,  Windows 10 , 64 bit Build 19041 (10.0.19041.5678)
Time: Wed May  7 08:10:05 2025 Pacific Daylight Time elapsed time: 40.209830 seconds (0d 0h 0m 40s)

---------------  T H R E A D  ---------------

Current thread (0x000001fac1152cd0):  VMThread "VM Thread" [stack: 0x000000f736000000,0x000000f736100000] [id=10808]

Stack: [0x000000f736000000,0x000000f736100000]
Native frames: (J=compiled Java code, j=interpreted, Vv=VM code, C=native code)
V  [jvm.dll+0x67a04a]
V  [jvm.dll+0x7da4ed]
V  [jvm.dll+0x7dbe33]
V  [jvm.dll+0x7dc4a3]
V  [jvm.dll+0x24508f]
V  [jvm.dll+0x677089]
V  [jvm.dll+0x66bd32]
V  [jvm.dll+0x301fa6]
V  [jvm.dll+0x309546]
V  [jvm.dll+0x359d2e]
V  [jvm.dll+0x359f5f]
V  [jvm.dll+0x2d9078]
V  [jvm.dll+0x2d74ad]
V  [jvm.dll+0x2d6afc]
V  [jvm.dll+0x31a65b]
V  [jvm.dll+0x7e0d9b]
V  [jvm.dll+0x7e1ad4]
V  [jvm.dll+0x7e1fed]
V  [jvm.dll+0x7e23c4]
V  [jvm.dll+0x7e2490]
V  [jvm.dll+0x78abea]
V  [jvm.dll+0x678f35]
C  [ucrtbase.dll+0x21bb2]
C  [KERNEL32.DLL+0x17374]
C  [ntdll.dll+0x4cc91]

VM_Operation (0x000000f7374f4810): G1CollectForAllocation, mode: safepoint, requested by thread 0x000001fac14c3b80


---------------  P R O C E S S  ---------------

Threads class SMR info:
_java_thread_list=0x000001fae443e0a0, length=42, elements={
0x000001faaad4c120, 0x000001fac1156860, 0x000001fac11575f0, 0x000001fac116a2a0,
0x000001fac116b030, 0x000001fac116c910, 0x000001fac116e1f0, 0x000001fac116eea0,
0x000001fac116f860, 0x000001fac11e80a0, 0x000001fac114ce10, 0x000001fac141dab0,
0x000001fae10c3760, 0x000001fae1b27270, 0x000001fac16afd20, 0x000001fae199d570,
0x000001fae199da50, 0x000001fac14c2740, 0x000001fac14c3b80, 0x000001fac14c3160,
0x000001fac14c3670, 0x000001fac14c2230, 0x000001fac14c4090, 0x000001fac14c45a0,
0x000001fac14c4ab0, 0x000001fac14c2c50, 0x000001fac14c4fc0, 0x000001fac14c54d0,
0x000001fae2e68e30, 0x000001fae2e674e0, 0x000001fae2e66ac0, 0x000001fae2e69340,
0x000001fae2e660a0, 0x000001fae2e665b0, 0x000001fae2e67f00, 0x000001fae2e68410,
0x000001fae2e68920, 0x000001fae2e69850, 0x000001fae3c7aa90, 0x000001fae3c7f680,
0x000001fae3c814e0, 0x000001fae3c7ec60
}

Java Threads: ( => current thread )
  0x000001faaad4c120 JavaThread "main" [_thread_blocked, id=12312, stack(0x000000f735a00000,0x000000f735b00000)]
  0x000001fac1156860 JavaThread "Reference Handler" daemon [_thread_blocked, id=7524, stack(0x000000f736100000,0x000000f736200000)]
  0x000001fac11575f0 JavaThread "Finalizer" daemon [_thread_blocked, id=12584, stack(0x000000f736200000,0x000000f736300000)]
  0x000001fac116a2a0 JavaThread "Signal Dispatcher" daemon [_thread_blocked, id=16456, stack(0x000000f736300000,0x000000f736400000)]
  0x000001fac116b030 JavaThread "Attach Listener" daemon [_thread_blocked, id=11724, stack(0x000000f736400000,0x000000f736500000)]
  0x000001fac116c910 JavaThread "Service Thread" daemon [_thread_blocked, id=5184, stack(0x000000f736500000,0x000000f736600000)]
  0x000001fac116e1f0 JavaThread "Monitor Deflation Thread" daemon [_thread_blocked, id=1372, stack(0x000000f736600000,0x000000f736700000)]
  0x000001fac116eea0 JavaThread "C2 CompilerThread0" daemon [_thread_blocked, id=12756, stack(0x000000f736700000,0x000000f736800000)]
  0x000001fac116f860 JavaThread "C1 CompilerThread0" daemon [_thread_blocked, id=15348, stack(0x000000f736800000,0x000000f736900000)]
  0x000001fac11e80a0 JavaThread "Sweeper thread" daemon [_thread_blocked, id=14352, stack(0x000000f736900000,0x000000f736a00000)]
  0x000001fac114ce10 JavaThread "Common-Cleaner" daemon [_thread_blocked, id=2708, stack(0x000000f736a00000,0x000000f736b00000)]
  0x000001fac141dab0 JavaThread "Notification Thread" daemon [_thread_blocked, id=13396, stack(0x000000f736b00000,0x000000f736c00000)]
  0x000001fae10c3760 JavaThread "Daemon health stats" [_thread_blocked, id=3592, stack(0x000000f736e00000,0x000000f736f00000)]
  0x000001fae1b27270 JavaThread "Incoming local TCP Connector on port 6428" [_thread_in_native, id=14208, stack(0x000000f736f00000,0x000000f737000000)]
  0x000001fac16afd20 JavaThread "Daemon periodic checks" [_thread_blocked, id=14224, stack(0x000000f737000000,0x000000f737100000)]
  0x000001fae199d570 JavaThread "Daemon" [_thread_blocked, id=6540, stack(0x000000f737100000,0x000000f737200000)]
  0x000001fae199da50 JavaThread "Handler for socket connection from /127.0.0.1:6428 to /127.0.0.1:6429" [_thread_in_native, id=9964, stack(0x000000f737200000,0x000000f737300000)]
  0x000001fac14c2740 JavaThread "Cancel handler" [_thread_blocked, id=11124, stack(0x000000f737300000,0x000000f737400000)]
  0x000001fac14c3b80 JavaThread "Daemon worker" [_thread_blocked, id=2544, stack(0x000000f737400000,0x000000f737500000)]
  0x000001fac14c3160 JavaThread "Asynchronous log dispatcher for DefaultDaemonConnection: socket connection from /127.0.0.1:6428 to /127.0.0.1:6429" [_thread_blocked, id=9264, stack(0x000000f737500000,0x000000f737600000)]
  0x000001fac14c3670 JavaThread "Stdin handler" [_thread_blocked, id=1932, stack(0x000000f737600000,0x000000f737700000)]
  0x000001fac14c2230 JavaThread "Daemon client event forwarder" [_thread_blocked, id=1684, stack(0x000000f737700000,0x000000f737800000)]
  0x000001fac14c4090 JavaThread "Cache worker for journal cache (C:\Users\Fahad Computer\.gradle\caches\journal-1)" [_thread_blocked, id=10548, stack(0x000000f737800000,0x000000f737900000)]
  0x000001fac14c45a0 JavaThread "File lock request listener" [_thread_in_native, id=15796, stack(0x000000f737900000,0x000000f737a00000)]
  0x000001fac14c4ab0 JavaThread "Cache worker for file hash cache (C:\Users\Fahad Computer\.gradle\caches\8.12\fileHashes)" [_thread_blocked, id=1260, stack(0x000000f737a00000,0x000000f737b00000)]
  0x000001fac14c2c50 JavaThread "Cache worker for file hash cache (C:\VoicetoText app\ChatbotApp\android\.gradle\8.12\fileHashes)" [_thread_blocked, id=15020, stack(0x000000f737b00000,0x000000f737c00000)]
  0x000001fac14c4fc0 JavaThread "Cache worker for Build Output Cleanup Cache (C:\VoicetoText app\ChatbotApp\android\.gradle\buildOutputCleanup)" [_thread_blocked, id=14820, stack(0x000000f737c00000,0x000000f737d00000)]
  0x000001fac14c54d0 JavaThread "File watcher server" daemon [_thread_in_native, id=17204, stack(0x000000f737d00000,0x000000f737e00000)]
  0x000001fae2e68e30 JavaThread "File watcher consumer" daemon [_thread_blocked, id=13648, stack(0x000000f737e00000,0x000000f737f00000)]
  0x000001fae2e674e0 JavaThread "jar transforms" [_thread_blocked, id=13740, stack(0x000000f737f00000,0x000000f738000000)]
  0x000001fae2e66ac0 JavaThread "Cache worker for checksums cache (C:\VoicetoText app\ChatbotApp\android\.gradle\8.12\checksums)" [_thread_blocked, id=16352, stack(0x000000f738000000,0x000000f738100000)]
  0x000001fae2e69340 JavaThread "Cache worker for file content cache (C:\Users\Fahad Computer\.gradle\caches\8.12\fileContent)" [_thread_blocked, id=13748, stack(0x000000f738100000,0x000000f738200000)]
  0x000001fae2e660a0 JavaThread "Cache worker for cache directory md-rule (C:\Users\Fahad Computer\.gradle\caches\8.12\md-rule)" [_thread_blocked, id=13168, stack(0x000000f738200000,0x000000f738300000)]
  0x000001fae2e665b0 JavaThread "Cache worker for cache directory md-supplier (C:\Users\Fahad Computer\.gradle\caches\8.12\md-supplier)" [_thread_blocked, id=9076, stack(0x000000f738300000,0x000000f738400000)]
  0x000001fae2e67f00 JavaThread "Cache worker for Build Output Cleanup Cache (C:\VoicetoText app\ChatbotApp\node_modules\@react-native\gradle-plugin\.gradle\buildOutputCleanup)" [_thread_blocked, id=17376, stack(0x000000f738400000,0x000000f738500000)]
  0x000001fae2e68410 JavaThread "Unconstrained build operations" [_thread_blocked, id=14756, stack(0x000000f738500000,0x000000f738600000)]
  0x000001fae2e68920 JavaThread "Unconstrained build operations Thread 2" [_thread_blocked, id=9852, stack(0x000000f738600000,0x000000f738700000)]
  0x000001fae2e69850 JavaThread "Unconstrained build operations Thread 3" [_thread_blocked, id=1696, stack(0x000000f738700000,0x000000f738800000)]
  0x000001fae3c7aa90 JavaThread "Unconstrained build operations Thread 4" [_thread_blocked, id=14852, stack(0x000000f738800000,0x000000f738900000)]
  0x000001fae3c7f680 JavaThread "Unconstrained build operations Thread 5" [_thread_blocked, id=8408, stack(0x000000f738900000,0x000000f738a00000)]
  0x000001fae3c814e0 JavaThread "Unconstrained build operations Thread 6" [_thread_blocked, id=9348, stack(0x000000f738a00000,0x000000f738b00000)]
  0x000001fae3c7ec60 JavaThread "build event listener" [_thread_blocked, id=15808, stack(0x000000f738d00000,0x000000f738e00000)]

Other Threads:
=>0x000001fac1152cd0 VMThread "VM Thread" [stack: 0x000000f736000000,0x000000f736100000] [id=10808]
  0x000001fac13dda80 WatcherThread [stack: 0x000000f736c00000,0x000000f736d00000] [id=2552]
  0x000001faaada5e60 GCTaskThread "GC Thread#0" [stack: 0x000000f735b00000,0x000000f735c00000] [id=13604]
  0x000001fac14e95a0 GCTaskThread "GC Thread#1" [stack: 0x000000f736d00000,0x000000f736e00000] [id=16604]
  0x000001faaadb6cc0 ConcurrentGCThread "G1 Main Marker" [stack: 0x000000f735c00000,0x000000f735d00000] [id=17036]
  0x000001faaadb75e0 ConcurrentGCThread "G1 Conc#0" [stack: 0x000000f735d00000,0x000000f735e00000] [id=780]
  0x000001faaadfb4c0 ConcurrentGCThread "G1 Refine#0" [stack: 0x000000f735e00000,0x000000f735f00000] [id=14944]
  0x000001faaadfbe00 ConcurrentGCThread "G1 Service" [stack: 0x000000f735f00000,0x000000f736000000] [id=7556]

Threads with active compile tasks:

VM state: at safepoint (normal execution)

VM Mutex/Monitor currently owned by a thread:  ([mutex/lock_event])
[0x000001faaad48b90] Threads_lock - owner thread: 0x000001fac1152cd0
[0x000001faaad48cb0] Heap_lock - owner thread: 0x000001fac14c3b80

Heap address: 0x0000000080000000, size: 2048 MB, Compressed Oops mode: 32-bit

CDS archive(s) mapped at: [0x000001fac2000000-0x000001fac2bd0000-0x000001fac2bd0000), size 12386304, SharedBaseAddress: 0x000001fac2000000, ArchiveRelocationMode: 1.
Compressed class space mapped at: 0x000001fac3000000-0x000001fadd000000, reserved size: 436207616
Narrow klass base: 0x000001fac2000000, Narrow klass shift: 0, Narrow klass range: 0x100000000

GC Precious Log:
 CPUs: 2 total, 2 available
 Memory: 3918M
 Large Page Support: Disabled
 NUMA Support: Disabled
 Compressed Oops: Enabled (32-bit)
 Heap Region Size: 1M
 Heap Min Capacity: 8M
 Heap Initial Capacity: 62M
 Heap Max Capacity: 2G
 Pre-touch: Disabled
 Parallel Workers: 2
 Concurrent Workers: 1
 Concurrent Refinement Workers: 2
 Periodic GC: Disabled

Heap:
 garbage-first heap   total 114688K, used 57458K [0x0000000080000000, 0x0000000100000000)
  region size 1024K, 2 young (2048K), 2 survivors (2048K)
 Metaspace       used 58147K, committed 58880K, reserved 491520K
  class space    used 8163K, committed 8512K, reserved 425984K

Heap Regions: E=young(eden), S=young(survivor), O=old, HS=humongous(starts), HC=humongous(continues), CS=collection set, F=free, OA=open archive, CA=closed archive, TAMS=top-at-mark-start (previous, next)
|   0|0x0000000080000000, 0x0000000080100000, 0x0000000080100000|100%| O|  |TAMS 0x0000000080100000, 0x0000000080100000| Untracked 
|   1|0x0000000080100000, 0x0000000080200000, 0x0000000080200000|100%| O|  |TAMS 0x0000000080200000, 0x0000000080200000| Untracked 
|   2|0x0000000080200000, 0x0000000080300000, 0x0000000080300000|100%| O|  |TAMS 0x0000000080300000, 0x0000000080300000| Untracked 
|   3|0x0000000080300000, 0x0000000080400000, 0x0000000080400000|100%| O|  |TAMS 0x0000000080400000, 0x0000000080400000| Untracked 
|   4|0x0000000080400000, 0x0000000080500000, 0x0000000080500000|100%|HS|  |TAMS 0x0000000080500000, 0x0000000080500000| Complete 
|   5|0x0000000080500000, 0x0000000080600000, 0x0000000080600000|100%|HC|  |TAMS 0x0000000080600000, 0x0000000080600000| Complete 
|   6|0x0000000080600000, 0x0000000080700000, 0x0000000080700000|100%|HC|  |TAMS 0x0000000080700000, 0x0000000080700000| Complete 
|   7|0x0000000080700000, 0x0000000080800000, 0x0000000080800000|100%|HS|  |TAMS 0x0000000080800000, 0x0000000080800000| Complete 
|   8|0x0000000080800000, 0x0000000080900000, 0x0000000080900000|100%| O|  |TAMS 0x0000000080900000, 0x0000000080900000| Untracked 
|   9|0x0000000080900000, 0x0000000080a00000, 0x0000000080a00000|100%| O|  |TAMS 0x0000000080a00000, 0x0000000080a00000| Untracked 
|  10|0x0000000080a00000, 0x0000000080b00000, 0x0000000080b00000|100%| O|  |TAMS 0x0000000080b00000, 0x0000000080b00000| Untracked 
|  11|0x0000000080b00000, 0x0000000080c00000, 0x0000000080c00000|100%| O|  |TAMS 0x0000000080c00000, 0x0000000080c00000| Untracked 
|  12|0x0000000080c00000, 0x0000000080d00000, 0x0000000080d00000|100%| O|  |TAMS 0x0000000080d00000, 0x0000000080d00000| Untracked 
|  13|0x0000000080d00000, 0x0000000080e00000, 0x0000000080e00000|100%| O|  |TAMS 0x0000000080e00000, 0x0000000080e00000| Untracked 
|  14|0x0000000080e00000, 0x0000000080f00000, 0x0000000080f00000|100%| O|  |TAMS 0x0000000080f00000, 0x0000000080f00000| Untracked 
|  15|0x0000000080f00000, 0x0000000081000000, 0x0000000081000000|100%| O|  |TAMS 0x0000000081000000, 0x0000000081000000| Untracked 
|  16|0x0000000081000000, 0x0000000081100000, 0x0000000081100000|100%| O|  |TAMS 0x0000000081100000, 0x0000000081100000| Untracked 
|  17|0x0000000081100000, 0x0000000081200000, 0x0000000081200000|100%| O|  |TAMS 0x0000000081200000, 0x0000000081200000| Untracked 
|  18|0x0000000081200000, 0x0000000081300000, 0x0000000081300000|100%| O|  |TAMS 0x0000000081300000, 0x0000000081300000| Untracked 
|  19|0x0000000081300000, 0x0000000081400000, 0x0000000081400000|100%| O|  |TAMS 0x0000000081400000, 0x0000000081400000| Untracked 
|  20|0x0000000081400000, 0x0000000081500000, 0x0000000081500000|100%| O|  |TAMS 0x0000000081500000, 0x0000000081500000| Untracked 
|  21|0x0000000081500000, 0x0000000081600000, 0x0000000081600000|100%| O|  |TAMS 0x0000000081600000, 0x0000000081600000| Untracked 
|  22|0x0000000081600000, 0x0000000081700000, 0x0000000081700000|100%| O|  |TAMS 0x0000000081700000, 0x0000000081700000| Untracked 
|  23|0x0000000081700000, 0x0000000081800000, 0x0000000081800000|100%| O|  |TAMS 0x0000000081800000, 0x0000000081800000| Untracked 
|  24|0x0000000081800000, 0x0000000081900000, 0x0000000081900000|100%| O|  |TAMS 0x0000000081900000, 0x0000000081900000| Untracked 
|  25|0x0000000081900000, 0x0000000081a00000, 0x0000000081a00000|100%| O|  |TAMS 0x0000000081a00000, 0x0000000081a00000| Untracked 
|  26|0x0000000081a00000, 0x0000000081b00000, 0x0000000081b00000|100%| O|  |TAMS 0x0000000081b00000, 0x0000000081b00000| Untracked 
|  27|0x0000000081b00000, 0x0000000081c00000, 0x0000000081c00000|100%| O|  |TAMS 0x0000000081c00000, 0x0000000081c00000| Untracked 
|  28|0x0000000081c00000, 0x0000000081d00000, 0x0000000081d00000|100%| O|  |TAMS 0x0000000081d00000, 0x0000000081d00000| Untracked 
|  29|0x0000000081d00000, 0x0000000081e00000, 0x0000000081e00000|100%| O|  |TAMS 0x0000000081e00000, 0x0000000081e00000| Untracked 
|  30|0x0000000081e00000, 0x0000000081f00000, 0x0000000081f00000|100%| O|  |TAMS 0x0000000081f00000, 0x0000000081f00000| Untracked 
|  31|0x0000000081f00000, 0x0000000082000000, 0x0000000082000000|100%| O|  |TAMS 0x0000000082000000, 0x0000000082000000| Untracked 
|  32|0x0000000082000000, 0x0000000082100000, 0x0000000082100000|100%| O|  |TAMS 0x0000000082100000, 0x0000000082100000| Untracked 
|  33|0x0000000082100000, 0x0000000082200000, 0x0000000082200000|100%| O|  |TAMS 0x0000000082200000, 0x0000000082200000| Untracked 
|  34|0x0000000082200000, 0x0000000082300000, 0x0000000082300000|100%| O|  |TAMS 0x0000000082300000, 0x0000000082300000| Untracked 
|  35|0x0000000082300000, 0x0000000082400000, 0x0000000082400000|100%| O|  |TAMS 0x0000000082400000, 0x0000000082400000| Untracked 
|  36|0x0000000082400000, 0x0000000082500000, 0x0000000082500000|100%| O|  |TAMS 0x0000000082500000, 0x0000000082500000| Untracked 
|  37|0x0000000082500000, 0x0000000082600000, 0x0000000082600000|100%| O|  |TAMS 0x0000000082500000, 0x0000000082600000| Untracked 
|  38|0x0000000082600000, 0x0000000082700000, 0x0000000082700000|100%| O|  |TAMS 0x0000000082700000, 0x0000000082700000| Untracked 
|  39|0x0000000082700000, 0x0000000082800000, 0x0000000082800000|100%| O|  |TAMS 0x0000000082700000, 0x0000000082800000| Untracked 
|  40|0x0000000082800000, 0x0000000082900000, 0x0000000082900000|100%| O|  |TAMS 0x0000000082900000, 0x0000000082900000| Untracked 
|  41|0x0000000082900000, 0x0000000082a00000, 0x0000000082a00000|100%| O|  |TAMS 0x0000000082a00000, 0x0000000082a00000| Untracked 
|  42|0x0000000082a00000, 0x0000000082b00000, 0x0000000082b00000|100%| O|  |TAMS 0x0000000082b00000, 0x0000000082b00000| Untracked 
|  43|0x0000000082b00000, 0x0000000082c00000, 0x0000000082c00000|100%| O|  |TAMS 0x0000000082c00000, 0x0000000082c00000| Untracked 
|  44|0x0000000082c00000, 0x0000000082d00000, 0x0000000082d00000|100%| O|  |TAMS 0x0000000082d00000, 0x0000000082d00000| Untracked 
|  45|0x0000000082d00000, 0x0000000082d00000, 0x0000000082e00000|  0%| F|  |TAMS 0x0000000082d00000, 0x0000000082d00000| Untracked 
|  46|0x0000000082e00000, 0x0000000082f00000, 0x0000000082f00000|100%| O|  |TAMS 0x0000000082f00000, 0x0000000082f00000| Untracked 
|  47|0x0000000082f00000, 0x0000000083000000, 0x0000000083000000|100%| O|  |TAMS 0x0000000082f25000, 0x0000000083000000| Untracked 
|  48|0x0000000083000000, 0x0000000083100000, 0x0000000083100000|100%|HS|  |TAMS 0x0000000083100000, 0x0000000083100000| Complete 
|  49|0x0000000083100000, 0x0000000083200000, 0x0000000083200000|100%|HC|  |TAMS 0x0000000083200000, 0x0000000083200000| Complete 
|  50|0x0000000083200000, 0x0000000083300000, 0x0000000083300000|100%|HS|  |TAMS 0x0000000083300000, 0x0000000083300000| Complete 
|  51|0x0000000083300000, 0x0000000083400000, 0x0000000083400000|100%|HC|  |TAMS 0x0000000083400000, 0x0000000083400000| Complete 
|  52|0x0000000083400000, 0x0000000083500000, 0x0000000083500000|100%|HC|  |TAMS 0x0000000083500000, 0x0000000083500000| Complete 
|  53|0x0000000083500000, 0x0000000083600000, 0x0000000083600000|100%|HS|  |TAMS 0x0000000083500000, 0x0000000083600000| Complete 
|  54|0x0000000083600000, 0x0000000083700000, 0x0000000083700000|100%|HC|  |TAMS 0x0000000083600000, 0x0000000083700000| Complete 
|  55|0x0000000083700000, 0x00000000837fee00, 0x0000000083800000| 99%| O|  |TAMS 0x0000000083700000, 0x00000000837fee00| Untracked 
|  56|0x0000000083800000, 0x0000000083800000, 0x0000000083900000|  0%| F|  |TAMS 0x0000000083800000, 0x0000000083800000| Untracked 
|  57|0x0000000083900000, 0x0000000083900000, 0x0000000083a00000|  0%| F|  |TAMS 0x0000000083900000, 0x0000000083900000| Untracked 
|  58|0x0000000083a00000, 0x0000000083a00000, 0x0000000083b00000|  0%| F|  |TAMS 0x0000000083a00000, 0x0000000083a00000| Untracked 
|  59|0x0000000083b00000, 0x0000000083b00000, 0x0000000083c00000|  0%| F|  |TAMS 0x0000000083b00000, 0x0000000083b00000| Untracked 
|  60|0x0000000083c00000, 0x0000000083c00000, 0x0000000083d00000|  0%| F|  |TAMS 0x0000000083c00000, 0x0000000083c00000| Untracked 
|  61|0x0000000083d00000, 0x0000000083d00000, 0x0000000083e00000|  0%| F|  |TAMS 0x0000000083d00000, 0x0000000083d00000| Untracked 
|  62|0x0000000083e00000, 0x0000000083e00000, 0x0000000083f00000|  0%| F|  |TAMS 0x0000000083e00000, 0x0000000083e00000| Untracked 
|  63|0x0000000083f00000, 0x0000000083f00000, 0x0000000084000000|  0%| F|  |TAMS 0x0000000083f00000, 0x0000000083f00000| Untracked 
|  64|0x0000000084000000, 0x0000000084000000, 0x0000000084100000|  0%| F|  |TAMS 0x0000000084000000, 0x0000000084000000| Untracked 
|  65|0x0000000084100000, 0x0000000084100000, 0x0000000084200000|  0%| F|  |TAMS 0x0000000084100000, 0x0000000084100000| Untracked 
|  66|0x0000000084200000, 0x0000000084200000, 0x0000000084300000|  0%| F|  |TAMS 0x0000000084200000, 0x0000000084200000| Untracked 
|  67|0x0000000084300000, 0x0000000084300000, 0x0000000084400000|  0%| F|  |TAMS 0x0000000084300000, 0x0000000084300000| Untracked 
|  68|0x0000000084400000, 0x0000000084400000, 0x0000000084500000|  0%| F|  |TAMS 0x0000000084400000, 0x0000000084400000| Untracked 
|  69|0x0000000084500000, 0x0000000084500000, 0x0000000084600000|  0%| F|  |TAMS 0x0000000084500000, 0x0000000084500000| Untracked 
|  70|0x0000000084600000, 0x0000000084600000, 0x0000000084700000|  0%| F|  |TAMS 0x0000000084600000, 0x0000000084600000| Untracked 
|  71|0x0000000084700000, 0x0000000084700000, 0x0000000084800000|  0%| F|  |TAMS 0x0000000084700000, 0x0000000084700000| Untracked 
|  72|0x0000000084800000, 0x0000000084800000, 0x0000000084900000|  0%| F|  |TAMS 0x0000000084800000, 0x0000000084800000| Untracked 
|  73|0x0000000084900000, 0x0000000084900000, 0x0000000084a00000|  0%| F|  |TAMS 0x0000000084900000, 0x0000000084900000| Untracked 
|  74|0x0000000084a00000, 0x0000000084a00000, 0x0000000084b00000|  0%| F|  |TAMS 0x0000000084a00000, 0x0000000084a00000| Untracked 
|  75|0x0000000084b00000, 0x0000000084b00000, 0x0000000084c00000|  0%| F|  |TAMS 0x0000000084b00000, 0x0000000084b00000| Untracked 
|  76|0x0000000084c00000, 0x0000000084c00000, 0x0000000084d00000|  0%| F|  |TAMS 0x0000000084c00000, 0x0000000084c00000| Untracked 
|  77|0x0000000084d00000, 0x0000000084d00000, 0x0000000084e00000|  0%| F|  |TAMS 0x0000000084d00000, 0x0000000084d00000| Untracked 
|  78|0x0000000084e00000, 0x0000000084e00000, 0x0000000084f00000|  0%| F|  |TAMS 0x0000000084e00000, 0x0000000084e00000| Untracked 
|  79|0x0000000084f00000, 0x0000000084f00000, 0x0000000085000000|  0%| F|  |TAMS 0x0000000084f00000, 0x0000000084f00000| Untracked 
|  80|0x0000000085000000, 0x0000000085000000, 0x0000000085100000|  0%| F|  |TAMS 0x0000000085000000, 0x0000000085000000| Untracked 
|  81|0x0000000085100000, 0x0000000085100000, 0x0000000085200000|  0%| F|  |TAMS 0x0000000085100000, 0x0000000085100000| Untracked 
|  82|0x0000000085200000, 0x0000000085200000, 0x0000000085300000|  0%| F|  |TAMS 0x0000000085200000, 0x0000000085200000| Untracked 
|  83|0x0000000085300000, 0x0000000085300000, 0x0000000085400000|  0%| F|  |TAMS 0x0000000085300000, 0x0000000085300000| Untracked 
|  84|0x0000000085400000, 0x000000008541da48, 0x0000000085500000| 11%| S|CS|TAMS 0x0000000085400000, 0x0000000085400000| Complete 
|  85|0x0000000085500000, 0x0000000085600000, 0x0000000085600000|100%| S|CS|TAMS 0x0000000085500000, 0x0000000085500000| Complete 
|  86|0x0000000085600000, 0x0000000085600000, 0x0000000085700000|  0%| F|  |TAMS 0x0000000085600000, 0x0000000085600000| Untracked 
|  87|0x0000000085700000, 0x0000000085700000, 0x0000000085800000|  0%| F|  |TAMS 0x0000000085700000, 0x0000000085700000| Untracked 
|  88|0x0000000085800000, 0x0000000085800000, 0x0000000085900000|  0%| F|  |TAMS 0x0000000085800000, 0x0000000085800000| Untracked 
|  89|0x0000000085900000, 0x0000000085900000, 0x0000000085a00000|  0%| F|  |TAMS 0x0000000085900000, 0x0000000085900000| Untracked 
|  90|0x0000000085a00000, 0x0000000085a00000, 0x0000000085b00000|  0%| F|  |TAMS 0x0000000085a00000, 0x0000000085a00000| Untracked 
|  91|0x0000000085b00000, 0x0000000085b00000, 0x0000000085c00000|  0%| F|  |TAMS 0x0000000085b00000, 0x0000000085b00000| Untracked 
|  92|0x0000000085c00000, 0x0000000085c00000, 0x0000000085d00000|  0%| F|  |TAMS 0x0000000085c00000, 0x0000000085c00000| Untracked 
|  93|0x0000000085d00000, 0x0000000085d00000, 0x0000000085e00000|  0%| F|  |TAMS 0x0000000085d00000, 0x0000000085d00000| Untracked 
|  94|0x0000000085e00000, 0x0000000085e00000, 0x0000000085f00000|  0%| F|  |TAMS 0x0000000085e00000, 0x0000000085e00000| Untracked 
|  95|0x0000000085f00000, 0x0000000085f00000, 0x0000000086000000|  0%| F|  |TAMS 0x0000000085f00000, 0x0000000085f00000| Untracked 
|  96|0x0000000086000000, 0x0000000086000000, 0x0000000086100000|  0%| F|  |TAMS 0x0000000086000000, 0x0000000086000000| Untracked 
|  97|0x0000000086100000, 0x0000000086100000, 0x0000000086200000|  0%| F|  |TAMS 0x0000000086100000, 0x0000000086100000| Untracked 
|  98|0x0000000086200000, 0x0000000086200000, 0x0000000086300000|  0%| F|  |TAMS 0x0000000086200000, 0x0000000086200000| Untracked 
|  99|0x0000000086300000, 0x0000000086300000, 0x0000000086400000|  0%| F|  |TAMS 0x0000000086300000, 0x0000000086300000| Untracked 
| 100|0x0000000086400000, 0x0000000086400000, 0x0000000086500000|  0%| F|  |TAMS 0x0000000086400000, 0x0000000086400000| Untracked 
| 101|0x0000000086500000, 0x0000000086500000, 0x0000000086600000|  0%| F|  |TAMS 0x0000000086500000, 0x0000000086500000| Untracked 
| 102|0x0000000086600000, 0x0000000086600000, 0x0000000086700000|  0%| F|  |TAMS 0x0000000086600000, 0x0000000086600000| Untracked 
| 103|0x0000000086700000, 0x0000000086700000, 0x0000000086800000|  0%| F|  |TAMS 0x0000000086700000, 0x0000000086700000| Untracked 
| 104|0x0000000086800000, 0x0000000086800000, 0x0000000086900000|  0%| F|  |TAMS 0x0000000086800000, 0x0000000086800000| Untracked 
| 105|0x0000000086900000, 0x0000000086900000, 0x0000000086a00000|  0%| F|  |TAMS 0x0000000086900000, 0x0000000086900000| Untracked 
| 106|0x0000000086a00000, 0x0000000086a00000, 0x0000000086b00000|  0%| F|  |TAMS 0x0000000086a00000, 0x0000000086a00000| Untracked 
| 107|0x0000000086b00000, 0x0000000086b00000, 0x0000000086c00000|  0%| F|  |TAMS 0x0000000086b00000, 0x0000000086b00000| Untracked 
| 108|0x0000000086c00000, 0x0000000086c00000, 0x0000000086d00000|  0%| F|  |TAMS 0x0000000086c00000, 0x0000000086c00000| Untracked 
| 109|0x0000000086d00000, 0x0000000086d00000, 0x0000000086e00000|  0%| F|  |TAMS 0x0000000086d00000, 0x0000000086d00000| Untracked 
| 110|0x0000000086e00000, 0x0000000086e00000, 0x0000000086f00000|  0%| F|  |TAMS 0x0000000086e00000, 0x0000000086e00000| Untracked 
| 111|0x0000000086f00000, 0x0000000086f00000, 0x0000000087000000|  0%| F|  |TAMS 0x0000000086f00000, 0x0000000086f00000| Untracked 

Card table byte_map: [0x000001faba610000,0x000001fabaa10000] _byte_map_base: 0x000001faba210000

Marking Bits (Prev, Next): (CMBitMap*) 0x000001faaada6390, (CMBitMap*) 0x000001faaada63d0
 Prev Bits: [0x000001fabae10000, 0x000001fabce10000)
 Next Bits: [0x000001fabce10000, 0x000001fabee10000)

Polling page: 0x000001faaa520000

Metaspace:

Usage:
  Non-class:     48.81 MB used.
      Class:      7.97 MB used.
       Both:     56.78 MB used.

Virtual space:
  Non-class space:       64.00 MB reserved,      49.19 MB ( 77%) committed,  1 nodes.
      Class space:      416.00 MB reserved,       8.31 MB (  2%) committed,  1 nodes.
             Both:      480.00 MB reserved,      57.50 MB ( 12%) committed. 

Chunk freelists:
   Non-Class:  13.89 MB
       Class:  7.67 MB
        Both:  21.56 MB

MaxMetaspaceSize: 512.00 MB
CompressedClassSpaceSize: 416.00 MB
Initial GC threshold: 21.00 MB
Current GC threshold: 88.44 MB
CDS: on
MetaspaceReclaimPolicy: balanced
 - commit_granule_bytes: 65536.
 - commit_granule_words: 8192.
 - virtual_space_node_default_size: 8388608.
 - enlarge_chunks_in_place: 1.
 - new_chunks_are_fully_committed: 0.
 - uncommit_free_chunks: 1.
 - use_allocation_guard: 0.
 - handle_deallocations: 1.


Internal statistics:

num_allocs_failed_limit: 6.
num_arena_births: 808.
num_arena_deaths: 0.
num_vsnodes_births: 2.
num_vsnodes_deaths: 0.
num_space_committed: 920.
num_space_uncommitted: 0.
num_chunks_returned_to_freelist: 6.
num_chunks_taken_from_freelist: 3184.
num_chunk_merges: 6.
num_chunk_splits: 2112.
num_chunks_enlarged: 1412.
num_inconsistent_stats: 0.

CodeCache: size=131072Kb used=18056Kb max_used=18058Kb free=113015Kb
 bounds [0x000001fab2610000, 0x000001fab37c0000, 0x000001faba610000]
 total_blobs=7148 nmethods=6255 adapters=805
 compilation: enabled
              stopped_count=0, restarted_count=0
 full_count=0

Compilation events (20 events):
Event: 40.120 Thread 0x000001fac116f860 nmethod 7082 0x000001fab37a4390 code [0x000001fab37a4520, 0x000001fab37a4668]
Event: 40.120 Thread 0x000001fac116f860 7083       3       com.google.common.collect.LinkedHashMultimap::put (7 bytes)
Event: 40.121 Thread 0x000001fac116f860 nmethod 7083 0x000001fab37ad390 code [0x000001fab37ad540, 0x000001fab37ad6e8]
Event: 40.121 Thread 0x000001fac116f860 7084       3       com.google.common.collect.LinkedHashMultimap$ValueSet::add (144 bytes)
Event: 40.122 Thread 0x000001fac116f860 nmethod 7084 0x000001fab37b0090 code [0x000001fab37b03a0, 0x000001fab37b1998]
Event: 40.122 Thread 0x000001fac116f860 7085       3       com.google.common.collect.Hashing::needsResizing (22 bytes)
Event: 40.122 Thread 0x000001fac116f860 nmethod 7085 0x000001fab37acf90 code [0x000001fab37ad120, 0x000001fab37ad2d8]
Event: 40.124 Thread 0x000001fac116f860 7086       3       com.google.common.collect.AbstractSetMultimap::wrapCollection (14 bytes)
Event: 40.124 Thread 0x000001fac116f860 nmethod 7086 0x000001fab37aca10 code [0x000001fab37acbc0, 0x000001fab37ace88]
Event: 40.126 Thread 0x000001fac116f860 7087       1       java.util.Collections$EmptySet::isEmpty (2 bytes)
Event: 40.126 Thread 0x000001fac116f860 nmethod 7087 0x000001fab37a7c90 code [0x000001fab37a7e20, 0x000001fab37a7ef8]
Event: 40.141 Thread 0x000001fac116eea0 nmethod 7081 0x000001fab37b2110 code [0x000001fab37b22e0, 0x000001fab37b2ea8]
Event: 40.142 Thread 0x000001fac116f860 7088       3       com.google.common.collect.AbstractMapBasedMultimap::<init> (19 bytes)
Event: 40.143 Thread 0x000001fac116f860 nmethod 7088 0x000001fab37ac210 code [0x000001fab37ac3e0, 0x000001fab37ac838]
Event: 40.144 Thread 0x000001fac116f860 7089       3       java.util.ArrayList::listIterator (10 bytes)
Event: 40.144 Thread 0x000001fac116f860 nmethod 7089 0x000001fab37af590 code [0x000001fab37af740, 0x000001fab37afa98]
Event: 40.144 Thread 0x000001fac116f860 7090       3       java.util.ArrayList$ListItr::<init> (16 bytes)
Event: 40.144 Thread 0x000001fac116f860 nmethod 7090 0x000001fab37af010 code [0x000001fab37af1c0, 0x000001fab37af458]
Event: 40.149 Thread 0x000001fac116f860 7091       3       org.gradle.model.internal.asm.AsmClassGeneratorUtils::visitTypes (33 bytes)
Event: 40.149 Thread 0x000001fac116f860 nmethod 7091 0x000001fab37aeb10 code [0x000001fab37aecc0, 0x000001fab37aeec8]

GC Heap History (20 events):
Event: 32.640 GC heap after
{Heap after GC invocations=24 (full 0):
 garbage-first heap   total 76800K, used 41053K [0x0000000080000000, 0x0000000100000000)
  region size 1024K, 3 young (3072K), 3 survivors (3072K)
 Metaspace       used 49944K, committed 50560K, reserved 491520K
  class space    used 7012K, committed 7296K, reserved 425984K
}
Event: 33.873 GC heap before
{Heap before GC invocations=25 (full 0):
 garbage-first heap   total 76800K, used 62557K [0x0000000080000000, 0x0000000100000000)
  region size 1024K, 24 young (24576K), 3 survivors (3072K)
 Metaspace       used 51928K, committed 52480K, reserved 491520K
  class space    used 7346K, committed 7616K, reserved 425984K
}
Event: 33.898 GC heap after
{Heap after GC invocations=26 (full 0):
 garbage-first heap   total 76800K, used 42184K [0x0000000080000000, 0x0000000100000000)
  region size 1024K, 2 young (2048K), 2 survivors (2048K)
 Metaspace       used 51928K, committed 52480K, reserved 491520K
  class space    used 7346K, committed 7616K, reserved 425984K
}
Event: 33.971 GC heap before
{Heap before GC invocations=26 (full 0):
 garbage-first heap   total 76800K, used 43208K [0x0000000080000000, 0x0000000100000000)
  region size 1024K, 3 young (3072K), 2 survivors (2048K)
 Metaspace       used 51973K, committed 52544K, reserved 491520K
  class space    used 7354K, committed 7616K, reserved 425984K
}
Event: 33.981 GC heap after
{Heap after GC invocations=27 (full 0):
 garbage-first heap   total 76800K, used 41967K [0x0000000080000000, 0x0000000100000000)
  region size 1024K, 1 young (1024K), 1 survivors (1024K)
 Metaspace       used 51973K, committed 52544K, reserved 491520K
  class space    used 7354K, committed 7616K, reserved 425984K
}
Event: 35.676 GC heap before
{Heap before GC invocations=27 (full 0):
 garbage-first heap   total 76800K, used 61423K [0x0000000080000000, 0x0000000100000000)
  region size 1024K, 21 young (21504K), 1 survivors (1024K)
 Metaspace       used 52889K, committed 53504K, reserved 491520K
  class space    used 7441K, committed 7680K, reserved 425984K
}
Event: 35.688 GC heap after
{Heap after GC invocations=28 (full 0):
 garbage-first heap   total 76800K, used 45896K [0x0000000080000000, 0x0000000100000000)
  region size 1024K, 3 young (3072K), 3 survivors (3072K)
 Metaspace       used 52889K, committed 53504K, reserved 491520K
  class space    used 7441K, committed 7680K, reserved 425984K
}
Event: 36.561 GC heap before
{Heap before GC invocations=29 (full 0):
 garbage-first heap   total 78848K, used 62280K [0x0000000080000000, 0x0000000100000000)
  region size 1024K, 19 young (19456K), 3 survivors (3072K)
 Metaspace       used 53418K, committed 53952K, reserved 491520K
  class space    used 7496K, committed 7744K, reserved 425984K
}
Event: 36.574 GC heap after
{Heap after GC invocations=30 (full 0):
 garbage-first heap   total 78848K, used 47601K [0x0000000080000000, 0x0000000100000000)
  region size 1024K, 3 young (3072K), 3 survivors (3072K)
 Metaspace       used 53418K, committed 53952K, reserved 491520K
  class space    used 7496K, committed 7744K, reserved 425984K
}
Event: 36.614 GC heap before
{Heap before GC invocations=30 (full 0):
 garbage-first heap   total 78848K, used 48625K [0x0000000080000000, 0x0000000100000000)
  region size 1024K, 4 young (4096K), 3 survivors (3072K)
 Metaspace       used 53546K, committed 54144K, reserved 491520K
  class space    used 7510K, committed 7808K, reserved 425984K
}
Event: 36.625 GC heap after
{Heap after GC invocations=31 (full 0):
 garbage-first heap   total 114688K, used 46746K [0x0000000080000000, 0x0000000100000000)
  region size 1024K, 1 young (1024K), 1 survivors (1024K)
 Metaspace       used 53546K, committed 54144K, reserved 491520K
  class space    used 7510K, committed 7808K, reserved 425984K
}
Event: 36.937 GC heap before
{Heap before GC invocations=31 (full 0):
 garbage-first heap   total 114688K, used 52890K [0x0000000080000000, 0x0000000100000000)
  region size 1024K, 6 young (6144K), 1 survivors (1024K)
 Metaspace       used 53626K, committed 54208K, reserved 491520K
  class space    used 7523K, committed 7808K, reserved 425984K
}
Event: 36.943 GC heap after
{Heap after GC invocations=32 (full 0):
 garbage-first heap   total 114688K, used 49897K [0x0000000080000000, 0x0000000100000000)
  region size 1024K, 2 young (2048K), 2 survivors (2048K)
 Metaspace       used 53626K, committed 54208K, reserved 491520K
  class space    used 7523K, committed 7808K, reserved 425984K
}
Event: 37.210 GC heap before
{Heap before GC invocations=32 (full 0):
 garbage-first heap   total 114688K, used 55017K [0x0000000080000000, 0x0000000100000000)
  region size 1024K, 5 young (5120K), 2 survivors (2048K)
 Metaspace       used 53732K, committed 54336K, reserved 491520K
  class space    used 7539K, committed 7808K, reserved 425984K
}
Event: 37.216 GC heap after
{Heap after GC invocations=33 (full 0):
 garbage-first heap   total 114688K, used 54015K [0x0000000080000000, 0x0000000100000000)
  region size 1024K, 3 young (3072K), 3 survivors (3072K)
 Metaspace       used 53732K, committed 54336K, reserved 491520K
  class space    used 7539K, committed 7808K, reserved 425984K
}
Event: 38.842 GC heap before
{Heap before GC invocations=34 (full 0):
 garbage-first heap   total 114688K, used 80639K [0x0000000080000000, 0x0000000100000000)
  region size 1024K, 27 young (27648K), 3 survivors (3072K)
 Metaspace       used 56240K, committed 56896K, reserved 491520K
  class space    used 7878K, committed 8192K, reserved 425984K
}
Event: 38.862 GC heap after
{Heap after GC invocations=35 (full 0):
 garbage-first heap   total 114688K, used 57104K [0x0000000080000000, 0x0000000100000000)
  region size 1024K, 3 young (3072K), 3 survivors (3072K)
 Metaspace       used 56240K, committed 56896K, reserved 491520K
  class space    used 7878K, committed 8192K, reserved 425984K
}
Event: 38.969 GC heap before
{Heap before GC invocations=35 (full 0):
 garbage-first heap   total 114688K, used 59152K [0x0000000080000000, 0x0000000100000000)
  region size 1024K, 5 young (5120K), 3 survivors (3072K)
 Metaspace       used 56388K, committed 57088K, reserved 491520K
  class space    used 7915K, committed 8256K, reserved 425984K
}
Event: 38.975 GC heap after
{Heap after GC invocations=36 (full 0):
 garbage-first heap   total 114688K, used 56605K [0x0000000080000000, 0x0000000100000000)
  region size 1024K, 1 young (1024K), 1 survivors (1024K)
 Metaspace       used 56388K, committed 57088K, reserved 491520K
  class space    used 7915K, committed 8256K, reserved 425984K
}
Event: 40.193 GC heap before
{Heap before GC invocations=36 (full 0):
 garbage-first heap   total 114688K, used 82205K [0x0000000080000000, 0x0000000100000000)
  region size 1024K, 26 young (26624K), 1 survivors (1024K)
 Metaspace       used 58147K, committed 58880K, reserved 491520K
  class space    used 8163K, committed 8512K, reserved 425984K
}

Deoptimization events (20 events):
Event: 39.968 Thread 0x000001fac14c3b80 Uncommon trap: trap_request=0xffffff45 fr.pc=0x000001fab3771144 relative=0x0000000000000124
Event: 39.968 Thread 0x000001fac14c3b80 Uncommon trap: reason=unstable_if action=reinterpret pc=0x000001fab3771144 method=kotlin.reflect.jvm.internal.impl.protobuf.CodedInputStream.readRawVarint32()I @ 69 c2
Event: 39.968 Thread 0x000001fac14c3b80 DEOPT PACKING pc=0x000001fab3771144 sp=0x000000f7374f3610
Event: 39.968 Thread 0x000001fac14c3b80 DEOPT UNPACKING pc=0x000001fab266239d sp=0x000000f7374f3598 mode 2
Event: 39.988 Thread 0x000001fac14c3b80 Uncommon trap: trap_request=0xffffffc6 fr.pc=0x000001fab3785554 relative=0x0000000000000574
Event: 39.988 Thread 0x000001fac14c3b80 Uncommon trap: reason=bimorphic_or_optimized_type_check action=maybe_recompile pc=0x000001fab3785554 method=kotlin.reflect.jvm.internal.impl.protobuf.CodedInputStream.tryRefillBuffer(I)Z @ 175 c2
Event: 39.988 Thread 0x000001fac14c3b80 DEOPT PACKING pc=0x000001fab3785554 sp=0x000000f7374f3ea0
Event: 39.988 Thread 0x000001fac14c3b80 DEOPT UNPACKING pc=0x000001fab266239d sp=0x000000f7374f3d88 mode 2
Event: 39.988 Thread 0x000001fac14c3b80 Uncommon trap: trap_request=0xffffffc6 fr.pc=0x000001fab3785554 relative=0x0000000000000574
Event: 39.988 Thread 0x000001fac14c3b80 Uncommon trap: reason=bimorphic_or_optimized_type_check action=maybe_recompile pc=0x000001fab3785554 method=kotlin.reflect.jvm.internal.impl.protobuf.CodedInputStream.tryRefillBuffer(I)Z @ 175 c2
Event: 39.988 Thread 0x000001fac14c3b80 DEOPT PACKING pc=0x000001fab3785554 sp=0x000000f7374f3ea0
Event: 39.988 Thread 0x000001fac14c3b80 DEOPT UNPACKING pc=0x000001fab266239d sp=0x000000f7374f3d88 mode 2
Event: 39.991 Thread 0x000001fac14c3b80 Uncommon trap: trap_request=0xffffffc6 fr.pc=0x000001fab3785554 relative=0x0000000000000574
Event: 39.991 Thread 0x000001fac14c3b80 Uncommon trap: reason=bimorphic_or_optimized_type_check action=maybe_recompile pc=0x000001fab3785554 method=kotlin.reflect.jvm.internal.impl.protobuf.CodedInputStream.tryRefillBuffer(I)Z @ 175 c2
Event: 39.991 Thread 0x000001fac14c3b80 DEOPT PACKING pc=0x000001fab3785554 sp=0x000000f7374f4260
Event: 39.991 Thread 0x000001fac14c3b80 DEOPT UNPACKING pc=0x000001fab266239d sp=0x000000f7374f4148 mode 2
Event: 39.991 Thread 0x000001fac14c3b80 Uncommon trap: trap_request=0xffffffc6 fr.pc=0x000001fab3785554 relative=0x0000000000000574
Event: 39.991 Thread 0x000001fac14c3b80 Uncommon trap: reason=bimorphic_or_optimized_type_check action=maybe_recompile pc=0x000001fab3785554 method=kotlin.reflect.jvm.internal.impl.protobuf.CodedInputStream.tryRefillBuffer(I)Z @ 175 c2
Event: 39.991 Thread 0x000001fac14c3b80 DEOPT PACKING pc=0x000001fab3785554 sp=0x000000f7374f4260
Event: 39.991 Thread 0x000001fac14c3b80 DEOPT UNPACKING pc=0x000001fab266239d sp=0x000000f7374f4148 mode 2

Classes unloaded (0 events):
No events

Classes redefined (0 events):
No events

Internal exceptions (20 events):
Event: 34.114 Thread 0x000001fac14c3b80 Exception <a 'java/lang/NoSuchMethodError'{0x000000008460a2d0}: static Lorg/gradle/api/internal/catalog/PluginModel;.<clinit>()V> (0x000000008460a2d0) 
thrown [s\open\src\hotspot\share\prims\jni.cpp, line 1112]
Event: 34.115 Thread 0x000001fac14c3b80 Exception <a 'java/lang/NoSuchMethodError'{0x00000000846255c8}: static Lorg/gradle/api/internal/catalog/VersionModel;.<clinit>()V> (0x00000000846255c8) 
thrown [s\open\src\hotspot\share\prims\jni.cpp, line 1112]
Event: 34.122 Thread 0x000001fac14c3b80 Exception <a 'java/lang/NoSuchMethodError'{0x000000008463fc00}: 'void java.lang.invoke.DirectMethodHandle$Holder.invokeSpecial(java.lang.Object, java.lang.Object, java.lang.Object, int)'> (0x000000008463fc00) 
thrown [s\open\src\hotspot\share\interpreter\linkResolver.cpp, line 759]
Event: 37.156 Thread 0x000001fac14c3b80 Implicit null exception at 0x000001fab2a3e98f to 0x000001fab2a3efc0
Event: 37.156 Thread 0x000001fac14c3b80 Implicit null exception at 0x000001fab2ad6294 to 0x000001fab2ad68dc
Event: 38.006 Thread 0x000001fac14c3b80 Exception <a 'java/lang/NoSuchMethodError'{0x000000008627c278}: static Lorg/jetbrains/kotlin/gradle/plugin/internal/DefaultConfigurationTimePropertiesAccessorVariantFactory;.<clinit>()V> (0x000000008627c278) 
thrown [s\open\src\hotspot\share\prims\jni.cpp, line 1112]
Event: 38.010 Thread 0x000001fac14c3b80 Exception <a 'java/lang/NoSuchMethodError'{0x00000000862a05a8}: static Lorg/jetbrains/kotlin/gradle/plugin/internal/DefaultProjectIsolationStartParameterAccessor$Factory;.<clinit>()V> (0x00000000862a05a8) 
thrown [s\open\src\hotspot\share\prims\jni.cpp, line 1112]
Event: 38.012 Thread 0x000001fac14c3b80 Exception <a 'java/lang/NoSuchMethodError'{0x00000000862c5840}: static Lorg/jetbrains/kotlin/gradle/plugin/internal/DefaultSourceSetCompatibilityHelperVariantFactory;.<clinit>()V> (0x00000000862c5840) 
thrown [s\open\src\hotspot\share\prims\jni.cpp, line 1112]
Event: 38.019 Thread 0x000001fac14c3b80 Exception <a 'java/lang/NoSuchMethodError'{0x00000000862f8e10}: static Lorg/jetbrains/kotlin/gradle/plugin/internal/DefaultArtifactTypeAttributeAccessorVariantFactory;.<clinit>()V> (0x00000000862f8e10) 
thrown [s\open\src\hotspot\share\prims\jni.cpp, line 1112]
Event: 38.023 Thread 0x000001fac14c3b80 Exception <a 'java/lang/NoSuchMethodError'{0x000000008612c8f0}: static Lorg/jetbrains/kotlin/gradle/plugin/internal/DefaultCompatibilityConventionRegistrar$Factory;.<clinit>()V> (0x000000008612c8f0) 
thrown [s\open\src\hotspot\share\prims\jni.cpp, line 1112]
Event: 38.026 Thread 0x000001fac14c3b80 Exception <a 'java/lang/NoSuchMethodError'{0x0000000086151770}: static Lorg/jetbrains/kotlin/gradle/plugin/internal/DefaultJavaSourceSetsAccessorVariantFactory;.<clinit>()V> (0x0000000086151770) 
thrown [s\open\src\hotspot\share\prims\jni.cpp, line 1112]
Event: 38.028 Thread 0x000001fac14c3b80 Exception <a 'java/lang/NoSuchMethodError'{0x0000000086175e30}: static Lorg/jetbrains/kotlin/gradle/plugin/internal/DefaultIdeaSyncDetectorVariantFactory;.<clinit>()V> (0x0000000086175e30) 
thrown [s\open\src\hotspot\share\prims\jni.cpp, line 1112]
Event: 38.034 Thread 0x000001fac14c3b80 Exception <a 'java/lang/NoSuchMethodError'{0x000000008619e8b8}: static Lorg/jetbrains/kotlin/gradle/plugin/internal/DefaultKotlinTestReportCompatibilityHelperVariantFactory;.<clinit>()V> (0x000000008619e8b8) 
thrown [s\open\src\hotspot\share\prims\jni.cpp, line 1112]
Event: 38.037 Thread 0x000001fac14c3b80 Exception <a 'java/lang/NoSuchMethodError'{0x00000000861c3e28}: static Lorg/jetbrains/kotlin/gradle/plugin/internal/DefaultMppTestReportHelperVariantFactory;.<clinit>()V> (0x00000000861c3e28) 
thrown [s\open\src\hotspot\share\prims\jni.cpp, line 1112]
Event: 38.039 Thread 0x000001fac14c3b80 Exception <a 'java/lang/NoSuchMethodError'{0x00000000861e8218}: static Lorg/jetbrains/kotlin/gradle/plugin/internal/DefaultConfigurationCacheStartParameterAccessorVariantFactory;.<clinit>()V> (0x00000000861e8218) 
thrown [s\open\src\hotspot\share\prims\jni.cpp, line 1112]
Event: 38.041 Thread 0x000001fac14c3b80 Exception <a 'java/lang/NoSuchMethodError'{0x000000008600e928}: static Lorg/jetbrains/kotlin/gradle/plugin/internal/MavenPluginConfigurator$DefaultMavenPluginConfiguratorVariantFactory;.<clinit>()V> (0x000000008600e928) 
thrown [s\open\src\hotspot\share\prims\jni.cpp, line 1112]
Event: 38.044 Thread 0x000001fac14c3b80 Exception <a 'java/lang/NoSuchMethodError'{0x0000000086032db8}: static Lorg/jetbrains/kotlin/gradle/targets/js/nodejs/DefaultUnameExecutorVariantFactory;.<clinit>()V> (0x0000000086032db8) 
thrown [s\open\src\hotspot\share\prims\jni.cpp, line 1112]
Event: 38.046 Thread 0x000001fac14c3b80 Exception <a 'java/lang/NoSuchMethodError'{0x0000000086057ca8}: static Lorg/jetbrains/kotlin/gradle/plugin/internal/DefaultBasePluginConfigurationVariantFactory;.<clinit>()V> (0x0000000086057ca8) 
thrown [s\open\src\hotspot\share\prims\jni.cpp, line 1112]
Event: 38.054 Thread 0x000001fac14c3b80 Exception <a 'java/lang/NoSuchMethodError'{0x000000008607d1f0}: static Lorg/jetbrains/kotlin/gradle/plugin/internal/DefaultAttributeConfigurationHelperVariantFactory;.<clinit>()V> (0x000000008607d1f0) 
thrown [s\open\src\hotspot\share\prims\jni.cpp, line 1112]
Event: 38.234 Thread 0x000001fac14c3b80 Exception <a 'java/lang/IncompatibleClassChangeError'{0x0000000085cf8060}: Found class java.lang.Object, but interface was expected> (0x0000000085cf8060) 
thrown [s\open\src\hotspot\share\interpreter\linkResolver.cpp, line 826]

VM Operations (20 events):
Event: 36.625 Executing VM operation: G1CollectForAllocation done
Event: 36.937 Executing VM operation: G1TryInitiateConcMark
Event: 36.945 Executing VM operation: G1TryInitiateConcMark done
Event: 37.210 Executing VM operation: G1TryInitiateConcMark
Event: 37.252 Executing VM operation: G1TryInitiateConcMark done
Event: 37.335 Executing VM operation: G1Concurrent
Event: 37.342 Executing VM operation: G1Concurrent done
Event: 37.394 Executing VM operation: G1Concurrent
Event: 37.394 Executing VM operation: G1Concurrent done
Event: 37.762 Executing VM operation: HandshakeAllThreads
Event: 37.762 Executing VM operation: HandshakeAllThreads done
Event: 38.767 Executing VM operation: Cleanup
Event: 38.787 Executing VM operation: Cleanup done
Event: 38.842 Executing VM operation: G1CollectForAllocation
Event: 38.867 Executing VM operation: G1CollectForAllocation done
Event: 38.969 Executing VM operation: G1CollectForAllocation
Event: 38.975 Executing VM operation: G1CollectForAllocation done
Event: 39.977 Executing VM operation: Cleanup
Event: 39.978 Executing VM operation: Cleanup done
Event: 40.192 Executing VM operation: G1CollectForAllocation

Events (20 events):
Event: 38.390 loading class javax/management/NotificationFilter done
Event: 38.390 loading class javax/management/ListenerNotFoundException
Event: 38.390 loading class javax/management/OperationsException
Event: 38.390 loading class javax/management/JMException
Event: 38.390 loading class javax/management/JMException done
Event: 38.390 loading class javax/management/OperationsException done
Event: 38.391 loading class javax/management/ListenerNotFoundException done
Event: 38.391 loading class jdk/jfr/Recording
Event: 38.391 loading class jdk/jfr/Recording done
Event: 38.391 loading class jdk/jfr/FlightRecorder
Event: 38.392 loading class jdk/jfr/FlightRecorder done
Event: 38.392 loading class jdk/management/jfr/FlightRecorderMXBeanImpl$MXBeanListener
Event: 38.392 loading class jdk/jfr/FlightRecorderListener
Event: 38.392 loading class jdk/jfr/FlightRecorderListener done
Event: 38.392 loading class jdk/management/jfr/FlightRecorderMXBeanImpl$MXBeanListener done
Event: 38.579 loading class com/sun/jmx/mbeanserver/StandardMBeanSupport
Event: 38.579 loading class com/sun/jmx/mbeanserver/StandardMBeanSupport done
Event: 38.579 loading class com/sun/jmx/mbeanserver/StandardMBeanIntrospector
Event: 38.585 loading class com/sun/jmx/mbeanserver/StandardMBeanIntrospector done
Event: 38.824 Thread 0x000001fae3c7ec60 Thread added: 0x000001fae3c7ec60


Dynamic libraries:
0x00007ff61e250000 - 0x00007ff61e260000 	C:\Program Files\Microsoft\jdk-17.0.12\bin\java.exe
0x00007ffe72850000 - 0x00007ffe72a48000 	C:\Windows\SYSTEM32\ntdll.dll
0x00007ffe71ca0000 - 0x00007ffe71d62000 	C:\Windows\System32\KERNEL32.DLL
0x00007ffe704f0000 - 0x00007ffe707e6000 	C:\Windows\System32\KERNELBASE.dll
0x00007ffe6fee0000 - 0x00007ffe6ffe0000 	C:\Windows\System32\ucrtbase.dll
0x00007ffe67810000 - 0x00007ffe67829000 	C:\Program Files\Microsoft\jdk-17.0.12\bin\jli.dll
0x00007ffe723d0000 - 0x00007ffe7247f000 	C:\Windows\System32\ADVAPI32.dll
0x00007ffe72330000 - 0x00007ffe723ce000 	C:\Windows\System32\msvcrt.dll
0x00007ffe70900000 - 0x00007ffe7099f000 	C:\Windows\System32\sechost.dll
0x00007ffe71900000 - 0x00007ffe71a23000 	C:\Windows\System32\RPCRT4.dll
0x00007ffe707f0000 - 0x00007ffe70817000 	C:\Windows\System32\bcrypt.dll
0x00007ffe71a30000 - 0x00007ffe71bcd000 	C:\Windows\System32\USER32.dll
0x00007ffe70070000 - 0x00007ffe70092000 	C:\Windows\System32\win32u.dll
0x00007ffe70b50000 - 0x00007ffe70b7b000 	C:\Windows\System32\GDI32.dll
0x00007ffe701d0000 - 0x00007ffe702ea000 	C:\Windows\System32\gdi32full.dll
0x00007ffe702f0000 - 0x00007ffe7038d000 	C:\Windows\System32\msvcp_win.dll
0x00007ffe677f0000 - 0x00007ffe6780b000 	C:\Program Files\Microsoft\jdk-17.0.12\bin\VCRUNTIME140.dll
0x00007ffe58980000 - 0x00007ffe58c1a000 	C:\Windows\WinSxS\amd64_microsoft.windows.common-controls_6595b64144ccf1df_6.0.19041.4355_none_60b8b9eb71f62e16\COMCTL32.dll
0x00007ffe674e0000 - 0x00007ffe674ea000 	C:\Windows\SYSTEM32\VERSION.dll
0x00007ffe725b0000 - 0x00007ffe725df000 	C:\Windows\System32\IMM32.DLL
0x00007ffe6d130000 - 0x00007ffe6d13c000 	C:\Program Files\Microsoft\jdk-17.0.12\bin\vcruntime140_1.dll
0x00007ffe5c8d0000 - 0x00007ffe5c95e000 	C:\Program Files\Microsoft\jdk-17.0.12\bin\msvcp140.dll
0x00007ffe2df50000 - 0x00007ffe2eb30000 	C:\Program Files\Microsoft\jdk-17.0.12\bin\server\jvm.dll
0x00007ffe727a0000 - 0x00007ffe727a8000 	C:\Windows\System32\PSAPI.DLL
0x00007ffe68e60000 - 0x00007ffe68e69000 	C:\Windows\SYSTEM32\WSOCK32.dll
0x00007ffe72710000 - 0x00007ffe7277b000 	C:\Windows\System32\WS2_32.dll
0x00007ffe58de0000 - 0x00007ffe58e07000 	C:\Windows\SYSTEM32\WINMM.dll
0x00007ffe6e6f0000 - 0x00007ffe6e702000 	C:\Windows\SYSTEM32\kernel.appcore.dll
0x00007ffe68d90000 - 0x00007ffe68d9a000 	C:\Program Files\Microsoft\jdk-17.0.12\bin\jimage.dll
0x00007ffe6e3c0000 - 0x00007ffe6e5a4000 	C:\Windows\SYSTEM32\DBGHELP.DLL
0x00007ffe60fb0000 - 0x00007ffe60fe4000 	C:\Windows\SYSTEM32\dbgcore.DLL
0x00007ffe6ffe0000 - 0x00007ffe70062000 	C:\Windows\System32\bcryptPrimitives.dll
0x00007ffe68150000 - 0x00007ffe6815e000 	C:\Program Files\Microsoft\jdk-17.0.12\bin\instrument.dll
0x00007ffe5eb50000 - 0x00007ffe5eb75000 	C:\Program Files\Microsoft\jdk-17.0.12\bin\java.dll
0x00007ffe52af0000 - 0x00007ffe52bc7000 	C:\Program Files\Microsoft\jdk-17.0.12\bin\jsvml.dll
0x00007ffe71190000 - 0x00007ffe718ff000 	C:\Windows\System32\SHELL32.dll
0x00007ffe6db40000 - 0x00007ffe6e2e3000 	C:\Windows\SYSTEM32\windows.storage.dll
0x00007ffe71d70000 - 0x00007ffe720c5000 	C:\Windows\System32\combase.dll
0x00007ffe6f760000 - 0x00007ffe6f78b000 	C:\Windows\SYSTEM32\Wldp.dll
0x00007ffe71bd0000 - 0x00007ffe71c9d000 	C:\Windows\System32\OLEAUT32.dll
0x00007ffe720d0000 - 0x00007ffe7217d000 	C:\Windows\System32\SHCORE.dll
0x00007ffe70a80000 - 0x00007ffe70ad5000 	C:\Windows\System32\shlwapi.dll
0x00007ffe6fe10000 - 0x00007ffe6fe35000 	C:\Windows\SYSTEM32\profapi.dll
0x00007ffe5e9d0000 - 0x00007ffe5e9e8000 	C:\Program Files\Microsoft\jdk-17.0.12\bin\zip.dll
0x00007ffe5ea80000 - 0x00007ffe5ea99000 	C:\Program Files\Microsoft\jdk-17.0.12\bin\net.dll
0x00007ffe61810000 - 0x00007ffe6191a000 	C:\Windows\SYSTEM32\WINHTTP.dll
0x00007ffe6f540000 - 0x00007ffe6f5ac000 	C:\Windows\system32\mswsock.dll
0x00007ffe5ea60000 - 0x00007ffe5ea76000 	C:\Program Files\Microsoft\jdk-17.0.12\bin\nio.dll
0x00007ffe68820000 - 0x00007ffe68830000 	C:\Program Files\Microsoft\jdk-17.0.12\bin\verify.dll
0x00007ffe5d3d0000 - 0x00007ffe5d3f7000 	C:\Users\Fahad Computer\.gradle\native\1def1411415f61bf3af743bc5b6707747c0891f09f0c88961ee8f79bc544acac\windows-amd64\native-platform.dll
0x0000000061110000 - 0x0000000061183000 	C:\Users\Fahad Computer\.gradle\native\0.2.5\x86_64-windows-gnu\gradle-fileevents.dll
0x00007ffe68590000 - 0x00007ffe6859a000 	C:\Program Files\Microsoft\jdk-17.0.12\bin\management.dll
0x00007ffe68420000 - 0x00007ffe6842b000 	C:\Program Files\Microsoft\jdk-17.0.12\bin\management_ext.dll
0x00007ffe6f7a0000 - 0x00007ffe6f7b8000 	C:\Windows\SYSTEM32\CRYPTSP.dll
0x00007ffe6ee80000 - 0x00007ffe6eeb8000 	C:\Windows\system32\rsaenh.dll
0x00007ffe6fdd0000 - 0x00007ffe6fdfe000 	C:\Windows\SYSTEM32\USERENV.dll
0x00007ffe6f6d0000 - 0x00007ffe6f6dc000 	C:\Windows\SYSTEM32\CRYPTBASE.dll
0x00007ffe6f240000 - 0x00007ffe6f27b000 	C:\Windows\SYSTEM32\IPHLPAPI.DLL
0x00007ffe70ae0000 - 0x00007ffe70ae8000 	C:\Windows\System32\NSI.dll
0x00007ffe673e0000 - 0x00007ffe673f7000 	C:\Windows\SYSTEM32\dhcpcsvc6.DLL
0x00007ffe66c30000 - 0x00007ffe66c4d000 	C:\Windows\SYSTEM32\dhcpcsvc.DLL
0x00007ffe6f280000 - 0x00007ffe6f34a000 	C:\Windows\SYSTEM32\DNSAPI.dll
0x00007ffe68120000 - 0x00007ffe6812e000 	C:\Program Files\Microsoft\jdk-17.0.12\bin\sunmscapi.dll
0x00007ffe70390000 - 0x00007ffe704ed000 	C:\Windows\System32\CRYPT32.dll
0x00007ffe6f910000 - 0x00007ffe6f937000 	C:\Windows\SYSTEM32\ncrypt.dll
0x00007ffe6f8d0000 - 0x00007ffe6f90b000 	C:\Windows\SYSTEM32\NTASN1.dll
0x00007ffe5da10000 - 0x00007ffe5da17000 	C:\Windows\system32\wshunix.dll
0x0000000061010000 - 0x0000000061083000 	C:\Users\Fahad Computer\AppData\Local\Temp\native-platform11352754036786081186dir\gradle-fileevents.dll

dbghelp: loaded successfully - version: 4.0.5 - missing functions: none
symbol engine: initialized successfully - sym options: 0x614 - pdb path: .;C:\Program Files\Microsoft\jdk-17.0.12\bin;C:\Windows\SYSTEM32;C:\Windows\WinSxS\amd64_microsoft.windows.common-controls_6595b64144ccf1df_6.0.19041.4355_none_60b8b9eb71f62e16;C:\Program Files\Microsoft\jdk-17.0.12\bin\server;C:\Users\Fahad Computer\.gradle\native\1def1411415f61bf3af743bc5b6707747c0891f09f0c88961ee8f79bc544acac\windows-amd64;C:\Users\Fahad Computer\.gradle\native\0.2.5\x86_64-windows-gnu;C:\Users\Fahad Computer\AppData\Local\Temp\native-platform11352754036786081186dir

VM Arguments:
jvm_args: --add-opens=java.base/java.lang=ALL-UNNAMED --add-opens=java.base/java.lang.invoke=ALL-UNNAMED --add-opens=java.base/java.util=ALL-UNNAMED --add-opens=java.prefs/java.util.prefs=ALL-UNNAMED --add-exports=jdk.compiler/com.sun.tools.javac.api=ALL-UNNAMED --add-exports=jdk.compiler/com.sun.tools.javac.util=ALL-UNNAMED --add-opens=java.base/java.util=ALL-UNNAMED --add-opens=java.prefs/java.util.prefs=ALL-UNNAMED --add-opens=java.base/java.nio.charset=ALL-UNNAMED --add-opens=java.base/java.net=ALL-UNNAMED --add-opens=java.base/java.util.concurrent.atomic=ALL-UNNAMED --add-opens=java.xml/javax.xml.namespace=ALL-UNNAMED -XX:MaxMetaspaceSize=512m -XX:ReservedCodeCacheSize=128m -Xmx2g -Dfile.encoding=UTF-8 -Duser.country=US -Duser.language=en -Duser.variant -javaagent:C:\Users\Fahad Computer\.gradle\wrapper\dists\gradle-8.12-all\ejduaidbjup3bmmkhw3rie4zb\gradle-8.12\lib\agents\gradle-instrumentation-agent-8.12.jar 
java_command: org.gradle.launcher.daemon.bootstrap.GradleDaemon 8.12
java_class_path (initial): C:\Users\Fahad Computer\.gradle\wrapper\dists\gradle-8.12-all\ejduaidbjup3bmmkhw3rie4zb\gradle-8.12\lib\gradle-daemon-main-8.12.jar
Launcher Type: SUN_STANDARD

[Global flags]
     intx CICompilerCount                          = 2                                         {product} {ergonomic}
   size_t CompressedClassSpaceSize                 = 436207616                                 {product} {ergonomic}
     uint ConcGCThreads                            = 1                                         {product} {ergonomic}
     uint G1ConcRefinementThreads                  = 2                                         {product} {ergonomic}
   size_t G1HeapRegionSize                         = 1048576                                   {product} {ergonomic}
    uintx GCDrainStackTargetSize                   = 64                                        {product} {ergonomic}
   size_t InitialHeapSize                          = 65011712                                  {product} {ergonomic}
   size_t MarkStackSize                            = 4194304                                   {product} {ergonomic}
   size_t MaxHeapSize                              = 2147483648                                {product} {command line}
   size_t MaxMetaspaceSize                         = 536870912                                 {product} {command line}
   size_t MaxNewSize                               = 1287651328                                {product} {ergonomic}
   size_t MinHeapDeltaBytes                        = 1048576                                   {product} {ergonomic}
   size_t MinHeapSize                              = 8388608                                   {product} {ergonomic}
    uintx NonProfiledCodeHeapSize                  = 0                                      {pd product} {ergonomic}
    uintx ProfiledCodeHeapSize                     = 0                                      {pd product} {ergonomic}
    uintx ReservedCodeCacheSize                    = 134217728                              {pd product} {command line}
   size_t SoftMaxHeapSize                          = 2147483648                             {manageable} {ergonomic}
     bool UseCompressedClassPointers               = true                           {product lp64_product} {ergonomic}
     bool UseCompressedOops                        = true                           {product lp64_product} {ergonomic}
     bool UseG1GC                                  = true                                      {product} {ergonomic}
     bool UseLargePagesIndividualAllocation        = false                                  {pd product} {ergonomic}

Logging:
Log output configuration:
 #0: stdout all=warning uptime,level,tags
 #1: stderr all=off uptime,level,tags

Environment Variables:
JAVA_HOME=C:\Program Files\Microsoft\jdk-17.0.12\
CLASSPATH=C:\VoicetoText app\ChatbotApp\android\\gradle\wrapper\gradle-wrapper.jar
PATH=c:\Users\Fahad Computer\AppData\Local\Programs\cursor\resources\app\bin;C:\Python313\Scripts\;C:\Python313\;C:\Program Files\Microsoft\jdk-11.0.26.4-hotspot\bin;C:\Program Files\Common Files\Oracle\Java\javapath;C:\Program Files\Microsoft\jdk-17.0.12.7-hotspot\bin;C:\Windows\system32;C:\Windows;C:\Windows\System32\Wbem;C:\Windows\System32\WindowsPowerShell\v1.0\;C:\Windows\System32\OpenSSH\;C:\ProgramData\chocolatey\bin;C:\Users\Fahad Computer\AppData\Local\Android\Sdk\platform-tools;C:\Program Files\Java\jdk-18.0.2.1\bin.exe;C:\Program Files\Git\cmd;C:\Android\Sdk\emulator;C:\Android\Sdk\tools;C:\Program Files\nodejs\;C:\Users\Fahad Computer\AppData\Local\Android\Sdk\tools;C:\Users\Fahad Computer\AppData\Local\Android\Sdk\tools;C:\Users\Fahad Computer\AppData\Local\Microsoft\WindowsApps;C:\Program Files\MongoDB\Server\7.0\bin;C:\Program Files\MongoDB\Server\7.0\bin;C:\Users\Fahad Computer\AppData\Roaming\npm;c:\Users\Fahad Computer\AppData\Local\Programs\cursor\resources\app\bin;c:\Users\Fahad Computer\AppData\Local\Programs\cursor\resources\app\bin;C:\Users\Fahad Computer\AppData\Local\Android\Sdk\tools;C:\Users\Fahad Computer\AppData\Local\Android\Sdk\tools;C:\Users\Fahad Computer\AppData\Local\Microsoft\WindowsApps;C:\Users\Fahad Computer\AppData\Local\Programs\Microsoft VS Code\bin;C:\Program Files\MongoDB\Server\7.0\bin;C:\Program Files\MongoDB\Server\7.0\bin;C:\Users\Fahad Computer\AppData\Roaming\npm;C:\Users\Fahad Computer\AppData\Local\Programs\cursor\resources\app\bin
USERNAME=Fahad Computer
LANG=en_US.UTF-8
OS=Windows_NT
PROCESSOR_IDENTIFIER=Intel64 Family 6 Model 122 Stepping 8, GenuineIntel



---------------  S Y S T E M  ---------------

OS:
 Windows 10 , 64 bit Build 19041 (10.0.19041.5678)
OS uptime: 6 days 5:25 hours
Hyper-V role detected

CPU: total 2 (initial active 2) (2 cores per cpu, 1 threads per core) family 6 model 122 stepping 8 microcode 0x18, cx8, cmov, fxsr, mmx, 3dnowpref, sse, sse2, sse3, ssse3, sse4.1, sse4.2, popcnt, tsc, tscinvbit, aes, erms, clmul, sha, clflush, clflushopt, hv

Memory: 4k page, system-wide physical 3918M (62M free)
TotalPageFile size 15694M (AvailPageFile size 82M)
current process WorkingSet (physical memory assigned to process): 211M, peak: 239M
current process commit charge ("private bytes"): 314M, peak: 410M

vm_info: Java HotSpot(TM) 64-Bit Server VM (17.0.12+8-LTS-286) for windows-amd64 JRE (17.0.12+8-LTS-286), built on Jun  5 2024 06:46:59 by "mach5one" with MS VC++ 17.6 (VS2022)

END.
