#
# There is insufficient memory for the Java Runtime Environment to continue.
# Native memory allocation (mmap) failed to map 893386752 bytes for G1 virtual space
# Possible reasons:
#   The system is out of physical RAM or swap space
#   The process is running with CompressedOops enabled, and the Java Heap may be blocking the growth of the native heap
# Possible solutions:
#   Reduce memory load on the system
#   Increase physical memory or swap space
#   Check if swap backing store is full
#   Decrease Java heap size (-Xmx/-Xms)
#   Decrease number of Java threads
#   Decrease Java thread stack sizes (-Xss)
#   Set larger code cache with -XX:ReservedCodeCacheSize=
#   JVM is running with Zero Based Compressed Oops mode in which the Java heap is
#     placed in the first 32GB address space. The Java Heap base address is the
#     maximum limit for the native heap growth. Please use -XX:HeapBaseMinAddress
#     to set the Java Heap base and to place the Java Heap above 32GB virtual address.
# This output file may be truncated or incomplete.
#
#  Out of Memory Error (os_windows.cpp:3548), pid=8580, tid=13224
#
# JRE version: Java(TM) SE Runtime Environment (17.0.12+8) (build 17.0.12+8-LTS-286)
# Java VM: Java HotSpot(TM) 64-Bit Server VM (17.0.12+8-LTS-286, mixed mode, sharing, tiered, compressed oops, compressed class ptrs, g1 gc, windows-amd64)
# No core dump will be written. Minidumps are not enabled by default on client versions of Windows
#

---------------  S U M M A R Y ------------

Command Line: --add-opens=java.base/java.lang=ALL-UNNAMED --add-opens=java.base/java.lang.invoke=ALL-UNNAMED --add-opens=java.base/java.util=ALL-UNNAMED --add-opens=java.prefs/java.util.prefs=ALL-UNNAMED --add-exports=jdk.compiler/com.sun.tools.javac.api=ALL-UNNAMED --add-exports=jdk.compiler/com.sun.tools.javac.util=ALL-UNNAMED --add-opens=java.base/java.util=ALL-UNNAMED --add-opens=java.prefs/java.util.prefs=ALL-UNNAMED --add-opens=java.base/java.nio.charset=ALL-UNNAMED --add-opens=java.base/java.net=ALL-UNNAMED --add-opens=java.base/java.util.concurrent.atomic=ALL-UNNAMED --add-opens=java.xml/javax.xml.namespace=ALL-UNNAMED -XX:ReservedCodeCacheSize=1024m -XX:MaxMetaspaceSize=2048m -XX:+HeapDumpOnOutOfMemoryError -Xms1024m -Xmx8192m -Dfile.encoding=UTF-8 -Duser.country=US -Duser.language=en -Duser.variant -javaagent:C:\Users\Fahad Computer\.gradle\wrapper\dists\gradle-8.12-all\ejduaidbjup3bmmkhw3rie4zb\gradle-8.12\lib\agents\gradle-instrumentation-agent-8.12.jar org.gradle.launcher.daemon.bootstrap.GradleDaemon 8.12

Host: Intel(R) Celeron(R) N4020 CPU @ 1.10GHz, 2 cores, 3G,  Windows 10 , 64 bit Build 19041 (10.0.19041.5678)
Time: Sat May 10 10:26:38 2025 Pacific Daylight Time elapsed time: 109.379252 seconds (0d 0h 1m 49s)

---------------  T H R E A D  ---------------

Current thread (0x000002b29b74b190):  VMThread "VM Thread" [stack: 0x000000e0c3f00000,0x000000e0c4000000] [id=13224]

Stack: [0x000000e0c3f00000,0x000000e0c4000000]
Native frames: (J=compiled Java code, j=interpreted, Vv=VM code, C=native code)
V  [jvm.dll+0x67a04a]
V  [jvm.dll+0x7da4ed]
V  [jvm.dll+0x7dbe33]
V  [jvm.dll+0x7dc4a3]
V  [jvm.dll+0x24508f]
V  [jvm.dll+0x677089]
V  [jvm.dll+0x66bd32]
V  [jvm.dll+0x301fa6]
V  [jvm.dll+0x309546]
V  [jvm.dll+0x359d2e]
V  [jvm.dll+0x359f5f]
V  [jvm.dll+0x2d9078]
V  [jvm.dll+0x2d74ad]
V  [jvm.dll+0x2d6afc]
V  [jvm.dll+0x31a65b]
V  [jvm.dll+0x7e0d9b]
V  [jvm.dll+0x7e1ad4]
V  [jvm.dll+0x7e1fed]
V  [jvm.dll+0x7e23c4]
V  [jvm.dll+0x7e2490]
V  [jvm.dll+0x78abea]
V  [jvm.dll+0x678f35]
C  [ucrtbase.dll+0x21bb2]
C  [KERNEL32.DLL+0x17374]
C  [ntdll.dll+0x4cc91]

VM_Operation (0x000000e0c85fbe50): G1CollectForAllocation, mode: safepoint, requested by thread 0x000002b2e50b3aa0


---------------  P R O C E S S  ---------------

Threads class SMR info:
_java_thread_list=0x000002b2ebe59340, length=63, elements={
0x000002b23e7c0b60, 0x000002b29b74fc00, 0x000002b29b750f30, 0x000002b29b766790,
0x000002b29b767060, 0x000002b29b767930, 0x000002b29b7689a0, 0x000002b29b76d160,
0x000002b29b772740, 0x000002b29b785040, 0x000002b29b6b9fa0, 0x000002b29b9e6cb0,
0x000002b2e28b1810, 0x000002b2e2104ea0, 0x000002b2e2d00720, 0x000002b2e2b6d790,
0x000002b2e1e6a3f0, 0x000002b2e29c4e30, 0x000002b2e29c5850, 0x000002b2e29c4920,
0x000002b2e29c3f00, 0x000002b2e29c5340, 0x000002b2e29c4410, 0x000002b2e29c25b0,
0x000002b2e29c2ac0, 0x000002b2e2064e40, 0x000002b2e20671b0, 0x000002b2e2065350,
0x000002b2e2065860, 0x000002b2e2063f10, 0x000002b2e2066ca0, 0x000002b2e2064420,
0x000002b2e19cc880, 0x000002b2e19ccd90, 0x000002b2e19cebf0, 0x000002b2e19cd2a0,
0x000002b2e19caa20, 0x000002b2e19c9af0, 0x000002b2e19ca510, 0x000002b2e19cbe60,
0x000002b2e19cfb20, 0x000002b2e19cc370, 0x000002b2e19cb440, 0x000002b2e42e6560,
0x000002b2e42e83c0, 0x000002b2e42e7490, 0x000002b2e42e6f80, 0x000002b2e42e8de0,
0x000002b2e42e88d0, 0x000002b2e42e6050, 0x000002b2e42e6a70, 0x000002b2e50b4ee0,
0x000002b2e50b8ba0, 0x000002b2e50b7c70, 0x000002b2e50b5e10, 0x000002b2e50b9ad0,
0x000002b2e50b53f0, 0x000002b2e50b6320, 0x000002b2e50b44c0, 0x000002b2e50b95c0,
0x000002b2e50ba4f0, 0x000002b2e50b3080, 0x000002b2e50b3aa0
}

Java Threads: ( => current thread )
  0x000002b23e7c0b60 JavaThread "main" [_thread_blocked, id=8496, stack(0x000000e0c3900000,0x000000e0c3a00000)]
  0x000002b29b74fc00 JavaThread "Reference Handler" daemon [_thread_blocked, id=11736, stack(0x000000e0c4000000,0x000000e0c4100000)]
  0x000002b29b750f30 JavaThread "Finalizer" daemon [_thread_blocked, id=8772, stack(0x000000e0c4100000,0x000000e0c4200000)]
  0x000002b29b766790 JavaThread "Signal Dispatcher" daemon [_thread_blocked, id=11840, stack(0x000000e0c4200000,0x000000e0c4300000)]
  0x000002b29b767060 JavaThread "Attach Listener" daemon [_thread_blocked, id=12424, stack(0x000000e0c4300000,0x000000e0c4400000)]
  0x000002b29b767930 JavaThread "Service Thread" daemon [_thread_blocked, id=6664, stack(0x000000e0c4400000,0x000000e0c4500000)]
  0x000002b29b7689a0 JavaThread "Monitor Deflation Thread" daemon [_thread_blocked, id=14764, stack(0x000000e0c4500000,0x000000e0c4600000)]
  0x000002b29b76d160 JavaThread "C2 CompilerThread0" daemon [_thread_blocked, id=12160, stack(0x000000e0c4600000,0x000000e0c4700000)]
  0x000002b29b772740 JavaThread "C1 CompilerThread0" daemon [_thread_blocked, id=2408, stack(0x000000e0c4700000,0x000000e0c4800000)]
  0x000002b29b785040 JavaThread "Sweeper thread" daemon [_thread_blocked, id=9932, stack(0x000000e0c4800000,0x000000e0c4900000)]
  0x000002b29b6b9fa0 JavaThread "Common-Cleaner" daemon [_thread_blocked, id=10428, stack(0x000000e0c4900000,0x000000e0c4a00000)]
  0x000002b29b9e6cb0 JavaThread "Notification Thread" daemon [_thread_blocked, id=13908, stack(0x000000e0c4a00000,0x000000e0c4b00000)]
  0x000002b2e28b1810 JavaThread "Daemon health stats" [_thread_blocked, id=7916, stack(0x000000e0c4d00000,0x000000e0c4e00000)]
  0x000002b2e2104ea0 JavaThread "Incoming local TCP Connector on port 12616" [_thread_in_native, id=12436, stack(0x000000e0c4e00000,0x000000e0c4f00000)]
  0x000002b2e2d00720 JavaThread "Daemon periodic checks" [_thread_blocked, id=9016, stack(0x000000e0c4f00000,0x000000e0c5000000)]
  0x000002b2e2b6d790 JavaThread "Daemon" [_thread_blocked, id=14264, stack(0x000000e0c5000000,0x000000e0c5100000)]
  0x000002b2e1e6a3f0 JavaThread "Handler for socket connection from /127.0.0.1:12616 to /127.0.0.1:12618" [_thread_in_native, id=8996, stack(0x000000e0c5100000,0x000000e0c5200000)]
  0x000002b2e29c4e30 JavaThread "Cancel handler" [_thread_blocked, id=2464, stack(0x000000e0c5200000,0x000000e0c5300000)]
  0x000002b2e29c5850 JavaThread "Daemon worker" [_thread_blocked, id=9404, stack(0x000000e0c5300000,0x000000e0c5400000)]
  0x000002b2e29c4920 JavaThread "Asynchronous log dispatcher for DefaultDaemonConnection: socket connection from /127.0.0.1:12616 to /127.0.0.1:12618" [_thread_blocked, id=4056, stack(0x000000e0c5400000,0x000000e0c5500000)]
  0x000002b2e29c3f00 JavaThread "Stdin handler" [_thread_blocked, id=5992, stack(0x000000e0c5500000,0x000000e0c5600000)]
  0x000002b2e29c5340 JavaThread "Daemon client event forwarder" [_thread_blocked, id=14984, stack(0x000000e0c5600000,0x000000e0c5700000)]
  0x000002b2e29c4410 JavaThread "Cache worker for journal cache (C:\Users\Fahad Computer\.gradle\caches\journal-1)" [_thread_blocked, id=14536, stack(0x000000e0c5700000,0x000000e0c5800000)]
  0x000002b2e29c25b0 JavaThread "File lock request listener" [_thread_in_native, id=6472, stack(0x000000e0c5800000,0x000000e0c5900000)]
  0x000002b2e29c2ac0 JavaThread "Cache worker for file hash cache (C:\Users\Fahad Computer\.gradle\caches\8.12\fileHashes)" [_thread_blocked, id=5600, stack(0x000000e0c5900000,0x000000e0c5a00000)]
  0x000002b2e2064e40 JavaThread "Cache worker for file hash cache (C:\vtT\ChatbotApp\android\.gradle\8.12\fileHashes)" [_thread_blocked, id=15272, stack(0x000000e0c5b00000,0x000000e0c5c00000)]
  0x000002b2e20671b0 JavaThread "Cache worker for Build Output Cleanup Cache (C:\vtT\ChatbotApp\android\.gradle\buildOutputCleanup)" [_thread_blocked, id=12884, stack(0x000000e0c5c00000,0x000000e0c5d00000)]
  0x000002b2e2065350 JavaThread "File watcher server" daemon [_thread_in_native, id=9024, stack(0x000000e0c5d00000,0x000000e0c5e00000)]
  0x000002b2e2065860 JavaThread "File watcher consumer" daemon [_thread_blocked, id=7804, stack(0x000000e0c5e00000,0x000000e0c5f00000)]
  0x000002b2e2063f10 JavaThread "jar transforms" [_thread_blocked, id=11764, stack(0x000000e0c5f00000,0x000000e0c6000000)]
  0x000002b2e2066ca0 JavaThread "Cache worker for checksums cache (C:\vtT\ChatbotApp\android\.gradle\8.12\checksums)" [_thread_blocked, id=3892, stack(0x000000e0c6000000,0x000000e0c6100000)]
  0x000002b2e2064420 JavaThread "Cache worker for file content cache (C:\Users\Fahad Computer\.gradle\caches\8.12\fileContent)" [_thread_blocked, id=9092, stack(0x000000e0c6100000,0x000000e0c6200000)]
  0x000002b2e19cc880 JavaThread "Cache worker for cache directory md-rule (C:\Users\Fahad Computer\.gradle\caches\8.12\md-rule)" [_thread_blocked, id=13748, stack(0x000000e0c6200000,0x000000e0c6300000)]
  0x000002b2e19ccd90 JavaThread "Cache worker for cache directory md-supplier (C:\Users\Fahad Computer\.gradle\caches\8.12\md-supplier)" [_thread_blocked, id=7960, stack(0x000000e0c6300000,0x000000e0c6400000)]
  0x000002b2e19cebf0 JavaThread "Cache worker for Build Output Cleanup Cache (C:\vtT\ChatbotApp\node_modules\@react-native\gradle-plugin\.gradle\buildOutputCleanup)" [_thread_blocked, id=12868, stack(0x000000e0c6400000,0x000000e0c6500000)]
  0x000002b2e19cd2a0 JavaThread "Unconstrained build operations" [_thread_blocked, id=11396, stack(0x000000e0c6500000,0x000000e0c6600000)]
  0x000002b2e19caa20 JavaThread "Unconstrained build operations Thread 2" [_thread_blocked, id=9300, stack(0x000000e0c6600000,0x000000e0c6700000)]
  0x000002b2e19c9af0 JavaThread "Unconstrained build operations Thread 3" [_thread_blocked, id=10416, stack(0x000000e0c6700000,0x000000e0c6800000)]
  0x000002b2e19ca510 JavaThread "Unconstrained build operations Thread 4" [_thread_blocked, id=9344, stack(0x000000e0c6800000,0x000000e0c6900000)]
  0x000002b2e19cbe60 JavaThread "Unconstrained build operations Thread 5" [_thread_blocked, id=10264, stack(0x000000e0c6900000,0x000000e0c6a00000)]
  0x000002b2e19cfb20 JavaThread "Unconstrained build operations Thread 6" [_thread_blocked, id=15344, stack(0x000000e0c6a00000,0x000000e0c6b00000)]
  0x000002b2e19cc370 JavaThread "build event listener" [_thread_blocked, id=13228, stack(0x000000e0c6b00000,0x000000e0c6c00000)]
  0x000002b2e19cb440 JavaThread "Memory manager" [_thread_blocked, id=6188, stack(0x000000e0c6c00000,0x000000e0c6d00000)]
  0x000002b2e42e6560 JavaThread "ForkJoinPool.commonPool-worker-2" daemon [_thread_blocked, id=6832, stack(0x000000e0c7300000,0x000000e0c7400000)]
  0x000002b2e42e83c0 JavaThread "Execution worker" [_thread_blocked, id=10504, stack(0x000000e0c7500000,0x000000e0c7600000)]
  0x000002b2e42e7490 JavaThread "Cache worker for execution history cache (C:\vtT\ChatbotApp\node_modules\@react-native\gradle-plugin\.gradle\8.12\executionHistory)" [_thread_blocked, id=9788, stack(0x000000e0c7600000,0x000000e0c7700000)]
  0x000002b2e42e6f80 JavaThread "Unconstrained build operations Thread 7" [_thread_blocked, id=14900, stack(0x000000e0c7700000,0x000000e0c7800000)]
  0x000002b2e42e8de0 JavaThread "Unconstrained build operations Thread 8" [_thread_blocked, id=7836, stack(0x000000e0c7800000,0x000000e0c7900000)]
  0x000002b2e42e88d0 JavaThread "Unconstrained build operations Thread 9" [_thread_blocked, id=15280, stack(0x000000e0c7900000,0x000000e0c7a00000)]
  0x000002b2e42e6050 JavaThread "Unconstrained build operations Thread 10" [_thread_blocked, id=13472, stack(0x000000e0c7a00000,0x000000e0c7b00000)]
  0x000002b2e42e6a70 JavaThread "Unconstrained build operations Thread 11" [_thread_blocked, id=11708, stack(0x000000e0c7b00000,0x000000e0c7c00000)]
  0x000002b2e50b4ee0 JavaThread "Unconstrained build operations Thread 12" [_thread_blocked, id=4904, stack(0x000000e0c7c00000,0x000000e0c7d00000)]
  0x000002b2e50b8ba0 JavaThread "Unconstrained build operations Thread 13" [_thread_blocked, id=2792, stack(0x000000e0c7d00000,0x000000e0c7e00000)]
  0x000002b2e50b7c70 JavaThread "Unconstrained build operations Thread 14" [_thread_blocked, id=9648, stack(0x000000e0c7e00000,0x000000e0c7f00000)]
  0x000002b2e50b5e10 JavaThread "jar transforms Thread 2" [_thread_blocked, id=12024, stack(0x000000e0c7f00000,0x000000e0c8000000)]
  0x000002b2e50b9ad0 JavaThread "Unconstrained build operations Thread 15" [_thread_blocked, id=11728, stack(0x000000e0c8000000,0x000000e0c8100000)]
  0x000002b2e50b53f0 JavaThread "Unconstrained build operations Thread 16" [_thread_blocked, id=9336, stack(0x000000e0c8100000,0x000000e0c8200000)]
  0x000002b2e50b6320 JavaThread "Unconstrained build operations Thread 17" [_thread_blocked, id=15312, stack(0x000000e0c8200000,0x000000e0c8300000)]
  0x000002b2e50b44c0 JavaThread "Unconstrained build operations Thread 18" [_thread_blocked, id=10756, stack(0x000000e0c8300000,0x000000e0c8400000)]
  0x000002b2e50b95c0 JavaThread "Unconstrained build operations Thread 19" [_thread_blocked, id=3752, stack(0x000000e0c8400000,0x000000e0c8500000)]
  0x000002b2e50ba4f0 JavaThread "build event listener" [_thread_blocked, id=3692, stack(0x000000e0c3700000,0x000000e0c3800000)]
  0x000002b2e50b3080 JavaThread "Problems report writer" [_thread_blocked, id=13516, stack(0x000000e0c3800000,0x000000e0c3900000)]
  0x000002b2e50b3aa0 JavaThread "Unconstrained build operations Thread 20" [_thread_blocked, id=10572, stack(0x000000e0c8500000,0x000000e0c8600000)]

Other Threads:
=>0x000002b29b74b190 VMThread "VM Thread" [stack: 0x000000e0c3f00000,0x000000e0c4000000] [id=13224]
  0x000002b29b9351c0 WatcherThread [stack: 0x000000e0c4b00000,0x000000e0c4c00000] [id=14896]
  0x000002b23e86b8b0 GCTaskThread "GC Thread#0" [stack: 0x000000e0c3a00000,0x000000e0c3b00000] [id=14424]
  0x000002b2e1924c10 GCTaskThread "GC Thread#1" [stack: 0x000000e0c4c00000,0x000000e0c4d00000] [id=7368]
  0x000002b23e87c610 ConcurrentGCThread "G1 Main Marker" [stack: 0x000000e0c3b00000,0x000000e0c3c00000] [id=348]
  0x000002b23e87ce30 ConcurrentGCThread "G1 Conc#0" [stack: 0x000000e0c3c00000,0x000000e0c3d00000] [id=7216]
  0x000002b29b600ad0 ConcurrentGCThread "G1 Refine#0" [stack: 0x000000e0c3d00000,0x000000e0c3e00000] [id=4216]
  0x000002b2e3dc32e0 ConcurrentGCThread "G1 Refine#1" [stack: 0x000000e0c5a00000,0x000000e0c5b00000] [id=12600]
  0x000002b29b601310 ConcurrentGCThread "G1 Service" [stack: 0x000000e0c3e00000,0x000000e0c3f00000] [id=3744]

Threads with active compile tasks:

VM state: at safepoint (normal execution)

VM Mutex/Monitor currently owned by a thread:  ([mutex/lock_event])
[0x000002b23e7bc510] Threads_lock - owner thread: 0x000002b29b74b190
[0x000002b23e7bd680] Heap_lock - owner thread: 0x000002b2e50b3aa0

Heap address: 0x0000000600000000, size: 8192 MB, Compressed Oops mode: Zero based, Oop shift amount: 3

CDS archive(s) mapped at: [0x000002b29c000000-0x000002b29cbd0000-0x000002b29cbd0000), size 12386304, SharedBaseAddress: 0x000002b29c000000, ArchiveRelocationMode: 1.
Compressed class space mapped at: 0x000002b29d000000-0x000002b2dd000000, reserved size: 1073741824
Narrow klass base: 0x000002b29c000000, Narrow klass shift: 0, Narrow klass range: 0x100000000

GC Precious Log:
 CPUs: 2 total, 2 available
 Memory: 3918M
 Large Page Support: Disabled
 NUMA Support: Disabled
 Compressed Oops: Enabled (Zero based)
 Heap Region Size: 4M
 Heap Min Capacity: 1G
 Heap Initial Capacity: 1G
 Heap Max Capacity: 8G
 Pre-touch: Disabled
 Parallel Workers: 2
 Concurrent Workers: 1
 Concurrent Refinement Workers: 2
 Periodic GC: Disabled

Heap:
 garbage-first heap   total 1048576K, used 174670K [0x0000000600000000, 0x0000000800000000)
  region size 4096K, 3 young (12288K), 3 survivors (12288K)
 Metaspace       used 108549K, committed 109888K, reserved 1179648K
  class space    used 15028K, committed 15616K, reserved 1048576K

Heap Regions: E=young(eden), S=young(survivor), O=old, HS=humongous(starts), HC=humongous(continues), CS=collection set, F=free, OA=open archive, CA=closed archive, TAMS=top-at-mark-start (previous, next)
|   0|0x0000000600000000, 0x0000000600400000, 0x0000000600400000|100%|HS|  |TAMS 0x0000000600400000, 0x0000000600000000| Complete 
|   1|0x0000000600400000, 0x0000000600800000, 0x0000000600800000|100%| O|  |TAMS 0x0000000600800000, 0x0000000600400000| Untracked 
|   2|0x0000000600800000, 0x0000000600c00000, 0x0000000600c00000|100%| O|  |TAMS 0x0000000600c00000, 0x0000000600800000| Untracked 
|   3|0x0000000600c00000, 0x0000000601000000, 0x0000000601000000|100%| O|  |TAMS 0x0000000601000000, 0x0000000600c00000| Untracked 
|   4|0x0000000601000000, 0x0000000601400000, 0x0000000601400000|100%| O|  |TAMS 0x0000000601400000, 0x0000000601000000| Untracked 
|   5|0x0000000601400000, 0x0000000601800000, 0x0000000601800000|100%| O|  |TAMS 0x0000000601800000, 0x0000000601400000| Untracked 
|   6|0x0000000601800000, 0x0000000601c00000, 0x0000000601c00000|100%|HS|  |TAMS 0x0000000601c00000, 0x0000000601800000| Complete 
|   7|0x0000000601c00000, 0x0000000602000000, 0x0000000602000000|100%| O|  |TAMS 0x0000000602000000, 0x0000000601c00000| Untracked 
|   8|0x0000000602000000, 0x0000000602400000, 0x0000000602400000|100%| O|  |TAMS 0x0000000602400000, 0x0000000602000000| Untracked 
|   9|0x0000000602400000, 0x0000000602800000, 0x0000000602800000|100%| O|  |TAMS 0x0000000602800000, 0x0000000602400000| Untracked 
|  10|0x0000000602800000, 0x0000000602c00000, 0x0000000602c00000|100%|HS|  |TAMS 0x0000000602c00000, 0x0000000602800000| Complete 
|  11|0x0000000602c00000, 0x0000000603000000, 0x0000000603000000|100%| O|  |TAMS 0x0000000603000000, 0x0000000602c00000| Untracked 
|  12|0x0000000603000000, 0x0000000603400000, 0x0000000603400000|100%| O|  |TAMS 0x0000000603400000, 0x0000000603000000| Untracked 
|  13|0x0000000603400000, 0x0000000603800000, 0x0000000603800000|100%| O|  |TAMS 0x0000000603800000, 0x0000000603400000| Untracked 
|  14|0x0000000603800000, 0x0000000603c00000, 0x0000000603c00000|100%| O|  |TAMS 0x0000000603c00000, 0x0000000603800000| Untracked 
|  15|0x0000000603c00000, 0x0000000604000000, 0x0000000604000000|100%| O|  |TAMS 0x0000000604000000, 0x0000000603c00000| Untracked 
|  16|0x0000000604000000, 0x0000000604400000, 0x0000000604400000|100%| O|  |TAMS 0x0000000604400000, 0x0000000604000000| Untracked 
|  17|0x0000000604400000, 0x0000000604800000, 0x0000000604800000|100%| O|  |TAMS 0x0000000604800000, 0x0000000604400000| Untracked 
|  18|0x0000000604800000, 0x0000000604c00000, 0x0000000604c00000|100%| O|  |TAMS 0x0000000604c00000, 0x0000000604800000| Untracked 
|  19|0x0000000604c00000, 0x0000000605000000, 0x0000000605000000|100%| O|  |TAMS 0x0000000605000000, 0x0000000604c00000| Untracked 
|  20|0x0000000605000000, 0x0000000605400000, 0x0000000605400000|100%| O|  |TAMS 0x0000000605400000, 0x0000000605000000| Untracked 
|  21|0x0000000605400000, 0x0000000605800000, 0x0000000605800000|100%| O|  |TAMS 0x0000000605800000, 0x0000000605400000| Untracked 
|  22|0x0000000605800000, 0x0000000605c00000, 0x0000000605c00000|100%| O|  |TAMS 0x0000000605c00000, 0x0000000605800000| Untracked 
|  23|0x0000000605c00000, 0x0000000606000000, 0x0000000606000000|100%| O|  |TAMS 0x0000000605c00000, 0x0000000605c00000| Untracked 
|  24|0x0000000606000000, 0x0000000606400000, 0x0000000606400000|100%| O|  |TAMS 0x0000000606000000, 0x0000000606000000| Untracked 
|  25|0x0000000606400000, 0x0000000606800000, 0x0000000606800000|100%| O|  |TAMS 0x0000000606400000, 0x0000000606400000| Untracked 
|  26|0x0000000606800000, 0x0000000606c00000, 0x0000000606c00000|100%| O|  |TAMS 0x0000000606800000, 0x0000000606800000| Untracked 
|  27|0x0000000606c00000, 0x0000000607000000, 0x0000000607000000|100%| O|  |TAMS 0x0000000606c00000, 0x0000000606c00000| Untracked 
|  28|0x0000000607000000, 0x0000000607400000, 0x0000000607400000|100%| O|  |TAMS 0x0000000607000000, 0x0000000607000000| Untracked 
|  29|0x0000000607400000, 0x0000000607800000, 0x0000000607800000|100%| O|  |TAMS 0x0000000607400000, 0x0000000607400000| Untracked 
|  30|0x0000000607800000, 0x0000000607c00000, 0x0000000607c00000|100%| O|  |TAMS 0x0000000607800000, 0x0000000607800000| Untracked 
|  31|0x0000000607c00000, 0x0000000608000000, 0x0000000608000000|100%| O|  |TAMS 0x0000000607c00000, 0x0000000607c00000| Untracked 
|  32|0x0000000608000000, 0x0000000608400000, 0x0000000608400000|100%| O|  |TAMS 0x0000000608000000, 0x0000000608000000| Untracked 
|  33|0x0000000608400000, 0x0000000608800000, 0x0000000608800000|100%| O|  |TAMS 0x0000000608400000, 0x0000000608400000| Untracked 
|  34|0x0000000608800000, 0x0000000608c00000, 0x0000000608c00000|100%| O|  |TAMS 0x0000000608800000, 0x0000000608800000| Untracked 
|  35|0x0000000608c00000, 0x0000000609000000, 0x0000000609000000|100%| O|  |TAMS 0x0000000608c00000, 0x0000000608c00000| Untracked 
|  36|0x0000000609000000, 0x0000000609400000, 0x0000000609400000|100%| O|  |TAMS 0x0000000609000000, 0x0000000609000000| Untracked 
|  37|0x0000000609400000, 0x0000000609800000, 0x0000000609800000|100%| O|  |TAMS 0x0000000609400000, 0x0000000609400000| Untracked 
|  38|0x0000000609800000, 0x0000000609c00000, 0x0000000609c00000|100%| O|  |TAMS 0x0000000609800000, 0x0000000609800000| Untracked 
|  39|0x0000000609c00000, 0x0000000609e93800, 0x000000060a000000| 64%| O|  |TAMS 0x0000000609c00000, 0x0000000609c00000| Untracked 
|  40|0x000000060a000000, 0x000000060a000000, 0x000000060a400000|  0%| F|  |TAMS 0x000000060a000000, 0x000000060a000000| Untracked 
|  41|0x000000060a400000, 0x000000060a400000, 0x000000060a800000|  0%| F|  |TAMS 0x000000060a400000, 0x000000060a400000| Untracked 
|  42|0x000000060a800000, 0x000000060a800000, 0x000000060ac00000|  0%| F|  |TAMS 0x000000060a800000, 0x000000060a800000| Untracked 
|  43|0x000000060ac00000, 0x000000060ac00000, 0x000000060b000000|  0%| F|  |TAMS 0x000000060ac00000, 0x000000060ac00000| Untracked 
|  44|0x000000060b000000, 0x000000060b000000, 0x000000060b400000|  0%| F|  |TAMS 0x000000060b000000, 0x000000060b000000| Untracked 
|  45|0x000000060b400000, 0x000000060b400000, 0x000000060b800000|  0%| F|  |TAMS 0x000000060b400000, 0x000000060b400000| Untracked 
|  46|0x000000060b800000, 0x000000060b800000, 0x000000060bc00000|  0%| F|  |TAMS 0x000000060b800000, 0x000000060b800000| Untracked 
|  47|0x000000060bc00000, 0x000000060bc00000, 0x000000060c000000|  0%| F|  |TAMS 0x000000060bc00000, 0x000000060bc00000| Untracked 
|  48|0x000000060c000000, 0x000000060c000000, 0x000000060c400000|  0%| F|  |TAMS 0x000000060c000000, 0x000000060c000000| Untracked 
|  49|0x000000060c400000, 0x000000060c400000, 0x000000060c800000|  0%| F|  |TAMS 0x000000060c400000, 0x000000060c400000| Untracked 
|  50|0x000000060c800000, 0x000000060c800000, 0x000000060cc00000|  0%| F|  |TAMS 0x000000060c800000, 0x000000060c800000| Untracked 
|  51|0x000000060cc00000, 0x000000060cc00000, 0x000000060d000000|  0%| F|  |TAMS 0x000000060cc00000, 0x000000060cc00000| Untracked 
|  52|0x000000060d000000, 0x000000060d000000, 0x000000060d400000|  0%| F|  |TAMS 0x000000060d000000, 0x000000060d000000| Untracked 
|  53|0x000000060d400000, 0x000000060d400000, 0x000000060d800000|  0%| F|  |TAMS 0x000000060d400000, 0x000000060d400000| Untracked 
|  54|0x000000060d800000, 0x000000060d800000, 0x000000060dc00000|  0%| F|  |TAMS 0x000000060d800000, 0x000000060d800000| Untracked 
|  55|0x000000060dc00000, 0x000000060dc00000, 0x000000060e000000|  0%| F|  |TAMS 0x000000060dc00000, 0x000000060dc00000| Untracked 
|  56|0x000000060e000000, 0x000000060e000000, 0x000000060e400000|  0%| F|  |TAMS 0x000000060e000000, 0x000000060e000000| Untracked 
|  57|0x000000060e400000, 0x000000060e400000, 0x000000060e800000|  0%| F|  |TAMS 0x000000060e400000, 0x000000060e400000| Untracked 
|  58|0x000000060e800000, 0x000000060e800000, 0x000000060ec00000|  0%| F|  |TAMS 0x000000060e800000, 0x000000060e800000| Untracked 
|  59|0x000000060ec00000, 0x000000060ec00000, 0x000000060f000000|  0%| F|  |TAMS 0x000000060ec00000, 0x000000060ec00000| Untracked 
|  60|0x000000060f000000, 0x000000060f000000, 0x000000060f400000|  0%| F|  |TAMS 0x000000060f000000, 0x000000060f000000| Untracked 
|  61|0x000000060f400000, 0x000000060f400000, 0x000000060f800000|  0%| F|  |TAMS 0x000000060f400000, 0x000000060f400000| Untracked 
|  62|0x000000060f800000, 0x000000060f800000, 0x000000060fc00000|  0%| F|  |TAMS 0x000000060f800000, 0x000000060f800000| Untracked 
|  63|0x000000060fc00000, 0x000000060fc00000, 0x0000000610000000|  0%| F|  |TAMS 0x000000060fc00000, 0x000000060fc00000| Untracked 
|  64|0x0000000610000000, 0x0000000610000000, 0x0000000610400000|  0%| F|  |TAMS 0x0000000610000000, 0x0000000610000000| Untracked 
|  65|0x0000000610400000, 0x0000000610400000, 0x0000000610800000|  0%| F|  |TAMS 0x0000000610400000, 0x0000000610400000| Untracked 
|  66|0x0000000610800000, 0x0000000610800000, 0x0000000610c00000|  0%| F|  |TAMS 0x0000000610800000, 0x0000000610800000| Untracked 
|  67|0x0000000610c00000, 0x0000000610c00000, 0x0000000611000000|  0%| F|  |TAMS 0x0000000610c00000, 0x0000000610c00000| Untracked 
|  68|0x0000000611000000, 0x0000000611000000, 0x0000000611400000|  0%| F|  |TAMS 0x0000000611000000, 0x0000000611000000| Untracked 
|  69|0x0000000611400000, 0x0000000611400000, 0x0000000611800000|  0%| F|  |TAMS 0x0000000611400000, 0x0000000611400000| Untracked 
|  70|0x0000000611800000, 0x0000000611800000, 0x0000000611c00000|  0%| F|  |TAMS 0x0000000611800000, 0x0000000611800000| Untracked 
|  71|0x0000000611c00000, 0x0000000611c00000, 0x0000000612000000|  0%| F|  |TAMS 0x0000000611c00000, 0x0000000611c00000| Untracked 
|  72|0x0000000612000000, 0x0000000612000000, 0x0000000612400000|  0%| F|  |TAMS 0x0000000612000000, 0x0000000612000000| Untracked 
|  73|0x0000000612400000, 0x0000000612400000, 0x0000000612800000|  0%| F|  |TAMS 0x0000000612400000, 0x0000000612400000| Untracked 
|  74|0x0000000612800000, 0x0000000612800000, 0x0000000612c00000|  0%| F|  |TAMS 0x0000000612800000, 0x0000000612800000| Untracked 
|  75|0x0000000612c00000, 0x0000000612c00000, 0x0000000613000000|  0%| F|  |TAMS 0x0000000612c00000, 0x0000000612c00000| Untracked 
|  76|0x0000000613000000, 0x0000000613000000, 0x0000000613400000|  0%| F|  |TAMS 0x0000000613000000, 0x0000000613000000| Untracked 
|  77|0x0000000613400000, 0x0000000613400000, 0x0000000613800000|  0%| F|  |TAMS 0x0000000613400000, 0x0000000613400000| Untracked 
|  78|0x0000000613800000, 0x0000000613800000, 0x0000000613c00000|  0%| F|  |TAMS 0x0000000613800000, 0x0000000613800000| Untracked 
|  79|0x0000000613c00000, 0x0000000613c00000, 0x0000000614000000|  0%| F|  |TAMS 0x0000000613c00000, 0x0000000613c00000| Untracked 
|  80|0x0000000614000000, 0x0000000614000000, 0x0000000614400000|  0%| F|  |TAMS 0x0000000614000000, 0x0000000614000000| Untracked 
|  81|0x0000000614400000, 0x0000000614400000, 0x0000000614800000|  0%| F|  |TAMS 0x0000000614400000, 0x0000000614400000| Untracked 
|  82|0x0000000614800000, 0x0000000614800000, 0x0000000614c00000|  0%| F|  |TAMS 0x0000000614800000, 0x0000000614800000| Untracked 
|  83|0x0000000614c00000, 0x0000000614c00000, 0x0000000615000000|  0%| F|  |TAMS 0x0000000614c00000, 0x0000000614c00000| Untracked 
|  84|0x0000000615000000, 0x0000000615000000, 0x0000000615400000|  0%| F|  |TAMS 0x0000000615000000, 0x0000000615000000| Untracked 
|  85|0x0000000615400000, 0x0000000615400000, 0x0000000615800000|  0%| F|  |TAMS 0x0000000615400000, 0x0000000615400000| Untracked 
|  86|0x0000000615800000, 0x0000000615800000, 0x0000000615c00000|  0%| F|  |TAMS 0x0000000615800000, 0x0000000615800000| Untracked 
|  87|0x0000000615c00000, 0x0000000615c00000, 0x0000000616000000|  0%| F|  |TAMS 0x0000000615c00000, 0x0000000615c00000| Untracked 
|  88|0x0000000616000000, 0x0000000616000000, 0x0000000616400000|  0%| F|  |TAMS 0x0000000616000000, 0x0000000616000000| Untracked 
|  89|0x0000000616400000, 0x0000000616400000, 0x0000000616800000|  0%| F|  |TAMS 0x0000000616400000, 0x0000000616400000| Untracked 
|  90|0x0000000616800000, 0x0000000616800000, 0x0000000616c00000|  0%| F|  |TAMS 0x0000000616800000, 0x0000000616800000| Untracked 
|  91|0x0000000616c00000, 0x0000000616c00000, 0x0000000617000000|  0%| F|  |TAMS 0x0000000616c00000, 0x0000000616c00000| Untracked 
|  92|0x0000000617000000, 0x0000000617000000, 0x0000000617400000|  0%| F|  |TAMS 0x0000000617000000, 0x0000000617000000| Untracked 
|  93|0x0000000617400000, 0x0000000617400000, 0x0000000617800000|  0%| F|  |TAMS 0x0000000617400000, 0x0000000617400000| Untracked 
|  94|0x0000000617800000, 0x0000000617800000, 0x0000000617c00000|  0%| F|  |TAMS 0x0000000617800000, 0x0000000617800000| Untracked 
|  95|0x0000000617c00000, 0x0000000617c00000, 0x0000000618000000|  0%| F|  |TAMS 0x0000000617c00000, 0x0000000617c00000| Untracked 
|  96|0x0000000618000000, 0x0000000618000000, 0x0000000618400000|  0%| F|  |TAMS 0x0000000618000000, 0x0000000618000000| Untracked 
|  97|0x0000000618400000, 0x0000000618400000, 0x0000000618800000|  0%| F|  |TAMS 0x0000000618400000, 0x0000000618400000| Untracked 
|  98|0x0000000618800000, 0x0000000618800000, 0x0000000618c00000|  0%| F|  |TAMS 0x0000000618800000, 0x0000000618800000| Untracked 
|  99|0x0000000618c00000, 0x0000000618c00000, 0x0000000619000000|  0%| F|  |TAMS 0x0000000618c00000, 0x0000000618c00000| Untracked 
| 100|0x0000000619000000, 0x0000000619000000, 0x0000000619400000|  0%| F|  |TAMS 0x0000000619000000, 0x0000000619000000| Untracked 
| 101|0x0000000619400000, 0x0000000619400000, 0x0000000619800000|  0%| F|  |TAMS 0x0000000619400000, 0x0000000619400000| Untracked 
| 102|0x0000000619800000, 0x0000000619800000, 0x0000000619c00000|  0%| F|  |TAMS 0x0000000619800000, 0x0000000619800000| Untracked 
| 103|0x0000000619c00000, 0x0000000619c00000, 0x000000061a000000|  0%| F|  |TAMS 0x0000000619c00000, 0x0000000619c00000| Untracked 
| 104|0x000000061a000000, 0x000000061a000000, 0x000000061a400000|  0%| F|  |TAMS 0x000000061a000000, 0x000000061a000000| Untracked 
| 105|0x000000061a400000, 0x000000061a400000, 0x000000061a800000|  0%| F|  |TAMS 0x000000061a400000, 0x000000061a400000| Untracked 
| 106|0x000000061a800000, 0x000000061a800000, 0x000000061ac00000|  0%| F|  |TAMS 0x000000061a800000, 0x000000061a800000| Untracked 
| 107|0x000000061ac00000, 0x000000061ac00000, 0x000000061b000000|  0%| F|  |TAMS 0x000000061ac00000, 0x000000061ac00000| Untracked 
| 108|0x000000061b000000, 0x000000061b000000, 0x000000061b400000|  0%| F|  |TAMS 0x000000061b000000, 0x000000061b000000| Untracked 
| 109|0x000000061b400000, 0x000000061b400000, 0x000000061b800000|  0%| F|  |TAMS 0x000000061b400000, 0x000000061b400000| Untracked 
| 110|0x000000061b800000, 0x000000061b800000, 0x000000061bc00000|  0%| F|  |TAMS 0x000000061b800000, 0x000000061b800000| Untracked 
| 111|0x000000061bc00000, 0x000000061bc00000, 0x000000061c000000|  0%| F|  |TAMS 0x000000061bc00000, 0x000000061bc00000| Untracked 
| 112|0x000000061c000000, 0x000000061c000000, 0x000000061c400000|  0%| F|  |TAMS 0x000000061c000000, 0x000000061c000000| Untracked 
| 113|0x000000061c400000, 0x000000061c400000, 0x000000061c800000|  0%| F|  |TAMS 0x000000061c400000, 0x000000061c400000| Untracked 
| 114|0x000000061c800000, 0x000000061c800000, 0x000000061cc00000|  0%| F|  |TAMS 0x000000061c800000, 0x000000061c800000| Untracked 
| 115|0x000000061cc00000, 0x000000061cc00000, 0x000000061d000000|  0%| F|  |TAMS 0x000000061cc00000, 0x000000061cc00000| Untracked 
| 116|0x000000061d000000, 0x000000061d000000, 0x000000061d400000|  0%| F|  |TAMS 0x000000061d000000, 0x000000061d000000| Untracked 
| 117|0x000000061d400000, 0x000000061d400000, 0x000000061d800000|  0%| F|  |TAMS 0x000000061d400000, 0x000000061d400000| Untracked 
| 118|0x000000061d800000, 0x000000061d800000, 0x000000061dc00000|  0%| F|  |TAMS 0x000000061d800000, 0x000000061d800000| Untracked 
| 119|0x000000061dc00000, 0x000000061dc00000, 0x000000061e000000|  0%| F|  |TAMS 0x000000061dc00000, 0x000000061dc00000| Untracked 
| 120|0x000000061e000000, 0x000000061e000000, 0x000000061e400000|  0%| F|  |TAMS 0x000000061e000000, 0x000000061e000000| Untracked 
| 121|0x000000061e400000, 0x000000061e400000, 0x000000061e800000|  0%| F|  |TAMS 0x000000061e400000, 0x000000061e400000| Untracked 
| 122|0x000000061e800000, 0x000000061e800000, 0x000000061ec00000|  0%| F|  |TAMS 0x000000061e800000, 0x000000061e800000| Untracked 
| 123|0x000000061ec00000, 0x000000061ec00000, 0x000000061f000000|  0%| F|  |TAMS 0x000000061ec00000, 0x000000061ec00000| Untracked 
| 124|0x000000061f000000, 0x000000061f000000, 0x000000061f400000|  0%| F|  |TAMS 0x000000061f000000, 0x000000061f000000| Untracked 
| 125|0x000000061f400000, 0x000000061f400000, 0x000000061f800000|  0%| F|  |TAMS 0x000000061f400000, 0x000000061f400000| Untracked 
| 126|0x000000061f800000, 0x000000061f800000, 0x000000061fc00000|  0%| F|  |TAMS 0x000000061f800000, 0x000000061f800000| Untracked 
| 127|0x000000061fc00000, 0x000000061fc00000, 0x0000000620000000|  0%| F|  |TAMS 0x000000061fc00000, 0x000000061fc00000| Untracked 
| 128|0x0000000620000000, 0x0000000620000000, 0x0000000620400000|  0%| F|  |TAMS 0x0000000620000000, 0x0000000620000000| Untracked 
| 129|0x0000000620400000, 0x0000000620400000, 0x0000000620800000|  0%| F|  |TAMS 0x0000000620400000, 0x0000000620400000| Untracked 
| 130|0x0000000620800000, 0x0000000620800000, 0x0000000620c00000|  0%| F|  |TAMS 0x0000000620800000, 0x0000000620800000| Untracked 
| 131|0x0000000620c00000, 0x0000000620c00000, 0x0000000621000000|  0%| F|  |TAMS 0x0000000620c00000, 0x0000000620c00000| Untracked 
| 132|0x0000000621000000, 0x0000000621000000, 0x0000000621400000|  0%| F|  |TAMS 0x0000000621000000, 0x0000000621000000| Untracked 
| 133|0x0000000621400000, 0x0000000621400000, 0x0000000621800000|  0%| F|  |TAMS 0x0000000621400000, 0x0000000621400000| Untracked 
| 134|0x0000000621800000, 0x0000000621800000, 0x0000000621c00000|  0%| F|  |TAMS 0x0000000621800000, 0x0000000621800000| Untracked 
| 135|0x0000000621c00000, 0x0000000621c00000, 0x0000000622000000|  0%| F|  |TAMS 0x0000000621c00000, 0x0000000621c00000| Untracked 
| 136|0x0000000622000000, 0x0000000622000000, 0x0000000622400000|  0%| F|  |TAMS 0x0000000622000000, 0x0000000622000000| Untracked 
| 137|0x0000000622400000, 0x0000000622400000, 0x0000000622800000|  0%| F|  |TAMS 0x0000000622400000, 0x0000000622400000| Untracked 
| 138|0x0000000622800000, 0x0000000622800000, 0x0000000622c00000|  0%| F|  |TAMS 0x0000000622800000, 0x0000000622800000| Untracked 
| 139|0x0000000622c00000, 0x0000000622c00000, 0x0000000623000000|  0%| F|  |TAMS 0x0000000622c00000, 0x0000000622c00000| Untracked 
| 140|0x0000000623000000, 0x0000000623000000, 0x0000000623400000|  0%| F|  |TAMS 0x0000000623000000, 0x0000000623000000| Untracked 
| 141|0x0000000623400000, 0x0000000623400000, 0x0000000623800000|  0%| F|  |TAMS 0x0000000623400000, 0x0000000623400000| Untracked 
| 142|0x0000000623800000, 0x0000000623800000, 0x0000000623c00000|  0%| F|  |TAMS 0x0000000623800000, 0x0000000623800000| Untracked 
| 143|0x0000000623c00000, 0x0000000623c00000, 0x0000000624000000|  0%| F|  |TAMS 0x0000000623c00000, 0x0000000623c00000| Untracked 
| 144|0x0000000624000000, 0x0000000624000000, 0x0000000624400000|  0%| F|  |TAMS 0x0000000624000000, 0x0000000624000000| Untracked 
| 145|0x0000000624400000, 0x0000000624400000, 0x0000000624800000|  0%| F|  |TAMS 0x0000000624400000, 0x0000000624400000| Untracked 
| 146|0x0000000624800000, 0x0000000624800000, 0x0000000624c00000|  0%| F|  |TAMS 0x0000000624800000, 0x0000000624800000| Untracked 
| 147|0x0000000624c00000, 0x0000000624c00000, 0x0000000625000000|  0%| F|  |TAMS 0x0000000624c00000, 0x0000000624c00000| Untracked 
| 148|0x0000000625000000, 0x0000000625000000, 0x0000000625400000|  0%| F|  |TAMS 0x0000000625000000, 0x0000000625000000| Untracked 
| 149|0x0000000625400000, 0x0000000625400000, 0x0000000625800000|  0%| F|  |TAMS 0x0000000625400000, 0x0000000625400000| Untracked 
| 150|0x0000000625800000, 0x0000000625800000, 0x0000000625c00000|  0%| F|  |TAMS 0x0000000625800000, 0x0000000625800000| Untracked 
| 151|0x0000000625c00000, 0x0000000625c00000, 0x0000000626000000|  0%| F|  |TAMS 0x0000000625c00000, 0x0000000625c00000| Untracked 
| 152|0x0000000626000000, 0x0000000626000000, 0x0000000626400000|  0%| F|  |TAMS 0x0000000626000000, 0x0000000626000000| Untracked 
| 153|0x0000000626400000, 0x0000000626400000, 0x0000000626800000|  0%| F|  |TAMS 0x0000000626400000, 0x0000000626400000| Untracked 
| 154|0x0000000626800000, 0x0000000626800000, 0x0000000626c00000|  0%| F|  |TAMS 0x0000000626800000, 0x0000000626800000| Untracked 
| 155|0x0000000626c00000, 0x0000000626c00000, 0x0000000627000000|  0%| F|  |TAMS 0x0000000626c00000, 0x0000000626c00000| Untracked 
| 156|0x0000000627000000, 0x0000000627000000, 0x0000000627400000|  0%| F|  |TAMS 0x0000000627000000, 0x0000000627000000| Untracked 
| 157|0x0000000627400000, 0x0000000627400000, 0x0000000627800000|  0%| F|  |TAMS 0x0000000627400000, 0x0000000627400000| Untracked 
| 158|0x0000000627800000, 0x0000000627800000, 0x0000000627c00000|  0%| F|  |TAMS 0x0000000627800000, 0x0000000627800000| Untracked 
| 159|0x0000000627c00000, 0x0000000627c00000, 0x0000000628000000|  0%| F|  |TAMS 0x0000000627c00000, 0x0000000627c00000| Untracked 
| 160|0x0000000628000000, 0x0000000628000000, 0x0000000628400000|  0%| F|  |TAMS 0x0000000628000000, 0x0000000628000000| Untracked 
| 161|0x0000000628400000, 0x0000000628400000, 0x0000000628800000|  0%| F|  |TAMS 0x0000000628400000, 0x0000000628400000| Untracked 
| 162|0x0000000628800000, 0x0000000628800000, 0x0000000628c00000|  0%| F|  |TAMS 0x0000000628800000, 0x0000000628800000| Untracked 
| 163|0x0000000628c00000, 0x0000000628c00000, 0x0000000629000000|  0%| F|  |TAMS 0x0000000628c00000, 0x0000000628c00000| Untracked 
| 164|0x0000000629000000, 0x0000000629000000, 0x0000000629400000|  0%| F|  |TAMS 0x0000000629000000, 0x0000000629000000| Untracked 
| 165|0x0000000629400000, 0x0000000629400000, 0x0000000629800000|  0%| F|  |TAMS 0x0000000629400000, 0x0000000629400000| Untracked 
| 166|0x0000000629800000, 0x0000000629800000, 0x0000000629c00000|  0%| F|  |TAMS 0x0000000629800000, 0x0000000629800000| Untracked 
| 167|0x0000000629c00000, 0x0000000629c00000, 0x000000062a000000|  0%| F|  |TAMS 0x0000000629c00000, 0x0000000629c00000| Untracked 
| 168|0x000000062a000000, 0x000000062a000000, 0x000000062a400000|  0%| F|  |TAMS 0x000000062a000000, 0x000000062a000000| Untracked 
| 169|0x000000062a400000, 0x000000062a400000, 0x000000062a800000|  0%| F|  |TAMS 0x000000062a400000, 0x000000062a400000| Untracked 
| 170|0x000000062a800000, 0x000000062a800000, 0x000000062ac00000|  0%| F|  |TAMS 0x000000062a800000, 0x000000062a800000| Untracked 
| 171|0x000000062ac00000, 0x000000062ac00000, 0x000000062b000000|  0%| F|  |TAMS 0x000000062ac00000, 0x000000062ac00000| Untracked 
| 172|0x000000062b000000, 0x000000062b000000, 0x000000062b400000|  0%| F|  |TAMS 0x000000062b000000, 0x000000062b000000| Untracked 
| 173|0x000000062b400000, 0x000000062b400000, 0x000000062b800000|  0%| F|  |TAMS 0x000000062b400000, 0x000000062b400000| Untracked 
| 174|0x000000062b800000, 0x000000062b800000, 0x000000062bc00000|  0%| F|  |TAMS 0x000000062b800000, 0x000000062b800000| Untracked 
| 175|0x000000062bc00000, 0x000000062bc00000, 0x000000062c000000|  0%| F|  |TAMS 0x000000062bc00000, 0x000000062bc00000| Untracked 
| 176|0x000000062c000000, 0x000000062c000000, 0x000000062c400000|  0%| F|  |TAMS 0x000000062c000000, 0x000000062c000000| Untracked 
| 177|0x000000062c400000, 0x000000062c400000, 0x000000062c800000|  0%| F|  |TAMS 0x000000062c400000, 0x000000062c400000| Untracked 
| 178|0x000000062c800000, 0x000000062c800000, 0x000000062cc00000|  0%| F|  |TAMS 0x000000062c800000, 0x000000062c800000| Untracked 
| 179|0x000000062cc00000, 0x000000062cc00000, 0x000000062d000000|  0%| F|  |TAMS 0x000000062cc00000, 0x000000062cc00000| Untracked 
| 180|0x000000062d000000, 0x000000062d000000, 0x000000062d400000|  0%| F|  |TAMS 0x000000062d000000, 0x000000062d000000| Untracked 
| 181|0x000000062d400000, 0x000000062d400000, 0x000000062d800000|  0%| F|  |TAMS 0x000000062d400000, 0x000000062d400000| Untracked 
| 182|0x000000062d800000, 0x000000062d800000, 0x000000062dc00000|  0%| F|  |TAMS 0x000000062d800000, 0x000000062d800000| Untracked 
| 183|0x000000062dc00000, 0x000000062dc00000, 0x000000062e000000|  0%| F|  |TAMS 0x000000062dc00000, 0x000000062dc00000| Untracked 
| 184|0x000000062e000000, 0x000000062e000000, 0x000000062e400000|  0%| F|  |TAMS 0x000000062e000000, 0x000000062e000000| Untracked 
| 185|0x000000062e400000, 0x000000062e400000, 0x000000062e800000|  0%| F|  |TAMS 0x000000062e400000, 0x000000062e400000| Untracked 
| 186|0x000000062e800000, 0x000000062e800000, 0x000000062ec00000|  0%| F|  |TAMS 0x000000062e800000, 0x000000062e800000| Untracked 
| 187|0x000000062ec00000, 0x000000062ec00000, 0x000000062f000000|  0%| F|  |TAMS 0x000000062ec00000, 0x000000062ec00000| Untracked 
| 188|0x000000062f000000, 0x000000062f000000, 0x000000062f400000|  0%| F|  |TAMS 0x000000062f000000, 0x000000062f000000| Untracked 
| 189|0x000000062f400000, 0x000000062f400000, 0x000000062f800000|  0%| F|  |TAMS 0x000000062f400000, 0x000000062f400000| Untracked 
| 190|0x000000062f800000, 0x000000062f800000, 0x000000062fc00000|  0%| F|  |TAMS 0x000000062f800000, 0x000000062f800000| Untracked 
| 191|0x000000062fc00000, 0x000000062fc00000, 0x0000000630000000|  0%| F|  |TAMS 0x000000062fc00000, 0x000000062fc00000| Untracked 
| 192|0x0000000630000000, 0x0000000630000000, 0x0000000630400000|  0%| F|  |TAMS 0x0000000630000000, 0x0000000630000000| Untracked 
| 193|0x0000000630400000, 0x0000000630400000, 0x0000000630800000|  0%| F|  |TAMS 0x0000000630400000, 0x0000000630400000| Untracked 
| 194|0x0000000630800000, 0x0000000630800000, 0x0000000630c00000|  0%| F|  |TAMS 0x0000000630800000, 0x0000000630800000| Untracked 
| 195|0x0000000630c00000, 0x0000000630c00000, 0x0000000631000000|  0%| F|  |TAMS 0x0000000630c00000, 0x0000000630c00000| Untracked 
| 196|0x0000000631000000, 0x0000000631000000, 0x0000000631400000|  0%| F|  |TAMS 0x0000000631000000, 0x0000000631000000| Untracked 
| 197|0x0000000631400000, 0x0000000631400000, 0x0000000631800000|  0%| F|  |TAMS 0x0000000631400000, 0x0000000631400000| Untracked 
| 198|0x0000000631800000, 0x0000000631800000, 0x0000000631c00000|  0%| F|  |TAMS 0x0000000631800000, 0x0000000631800000| Untracked 
| 199|0x0000000631c00000, 0x0000000631c00000, 0x0000000632000000|  0%| F|  |TAMS 0x0000000631c00000, 0x0000000631c00000| Untracked 
| 200|0x0000000632000000, 0x0000000632000000, 0x0000000632400000|  0%| F|  |TAMS 0x0000000632000000, 0x0000000632000000| Untracked 
| 201|0x0000000632400000, 0x0000000632400000, 0x0000000632800000|  0%| F|  |TAMS 0x0000000632400000, 0x0000000632400000| Untracked 
| 202|0x0000000632800000, 0x0000000632800000, 0x0000000632c00000|  0%| F|  |TAMS 0x0000000632800000, 0x0000000632800000| Untracked 
| 203|0x0000000632c00000, 0x0000000632c00000, 0x0000000633000000|  0%| F|  |TAMS 0x0000000632c00000, 0x0000000632c00000| Untracked 
| 204|0x0000000633000000, 0x0000000633000000, 0x0000000633400000|  0%| F|  |TAMS 0x0000000633000000, 0x0000000633000000| Untracked 
| 205|0x0000000633400000, 0x0000000633400000, 0x0000000633800000|  0%| F|  |TAMS 0x0000000633400000, 0x0000000633400000| Untracked 
| 206|0x0000000633800000, 0x0000000633800000, 0x0000000633c00000|  0%| F|  |TAMS 0x0000000633800000, 0x0000000633800000| Untracked 
| 207|0x0000000633c00000, 0x0000000633c00000, 0x0000000634000000|  0%| F|  |TAMS 0x0000000633c00000, 0x0000000633c00000| Untracked 
| 208|0x0000000634000000, 0x0000000634000000, 0x0000000634400000|  0%| F|  |TAMS 0x0000000634000000, 0x0000000634000000| Untracked 
| 209|0x0000000634400000, 0x0000000634400000, 0x0000000634800000|  0%| F|  |TAMS 0x0000000634400000, 0x0000000634400000| Untracked 
| 210|0x0000000634800000, 0x0000000634800000, 0x0000000634c00000|  0%| F|  |TAMS 0x0000000634800000, 0x0000000634800000| Untracked 
| 211|0x0000000634c00000, 0x0000000634c00000, 0x0000000635000000|  0%| F|  |TAMS 0x0000000634c00000, 0x0000000634c00000| Untracked 
| 212|0x0000000635000000, 0x0000000635400000, 0x0000000635400000|100%| S|CS|TAMS 0x0000000635000000, 0x0000000635000000| Complete 
| 213|0x0000000635400000, 0x0000000635800000, 0x0000000635800000|100%| S|CS|TAMS 0x0000000635400000, 0x0000000635400000| Complete 
| 214|0x0000000635800000, 0x0000000635c00000, 0x0000000635c00000|100%| S|CS|TAMS 0x0000000635800000, 0x0000000635800000| Complete 
| 215|0x0000000635c00000, 0x0000000635c00000, 0x0000000636000000|  0%| F|  |TAMS 0x0000000635c00000, 0x0000000635c00000| Untracked 
| 216|0x0000000636000000, 0x0000000636000000, 0x0000000636400000|  0%| F|  |TAMS 0x0000000636000000, 0x0000000636000000| Untracked 
| 217|0x0000000636400000, 0x0000000636400000, 0x0000000636800000|  0%| F|  |TAMS 0x0000000636400000, 0x0000000636400000| Untracked 
| 218|0x0000000636800000, 0x0000000636800000, 0x0000000636c00000|  0%| F|  |TAMS 0x0000000636800000, 0x0000000636800000| Untracked 
| 219|0x0000000636c00000, 0x0000000636c00000, 0x0000000637000000|  0%| F|  |TAMS 0x0000000636c00000, 0x0000000636c00000| Untracked 
| 220|0x0000000637000000, 0x0000000637000000, 0x0000000637400000|  0%| F|  |TAMS 0x0000000637000000, 0x0000000637000000| Untracked 
| 221|0x0000000637400000, 0x0000000637400000, 0x0000000637800000|  0%| F|  |TAMS 0x0000000637400000, 0x0000000637400000| Untracked 
| 222|0x0000000637800000, 0x0000000637800000, 0x0000000637c00000|  0%| F|  |TAMS 0x0000000637800000, 0x0000000637800000| Untracked 
| 223|0x0000000637c00000, 0x0000000637c00000, 0x0000000638000000|  0%| F|  |TAMS 0x0000000637c00000, 0x0000000637c00000| Untracked 
| 224|0x0000000638000000, 0x0000000638000000, 0x0000000638400000|  0%| F|  |TAMS 0x0000000638000000, 0x0000000638000000| Untracked 
| 225|0x0000000638400000, 0x0000000638400000, 0x0000000638800000|  0%| F|  |TAMS 0x0000000638400000, 0x0000000638400000| Untracked 
| 226|0x0000000638800000, 0x0000000638800000, 0x0000000638c00000|  0%| F|  |TAMS 0x0000000638800000, 0x0000000638800000| Untracked 
| 227|0x0000000638c00000, 0x0000000638c00000, 0x0000000639000000|  0%| F|  |TAMS 0x0000000638c00000, 0x0000000638c00000| Untracked 
| 228|0x0000000639000000, 0x0000000639000000, 0x0000000639400000|  0%| F|  |TAMS 0x0000000639000000, 0x0000000639000000| Untracked 
| 229|0x0000000639400000, 0x0000000639400000, 0x0000000639800000|  0%| F|  |TAMS 0x0000000639400000, 0x0000000639400000| Untracked 
| 230|0x0000000639800000, 0x0000000639800000, 0x0000000639c00000|  0%| F|  |TAMS 0x0000000639800000, 0x0000000639800000| Untracked 
| 231|0x0000000639c00000, 0x0000000639c00000, 0x000000063a000000|  0%| F|  |TAMS 0x0000000639c00000, 0x0000000639c00000| Untracked 
| 232|0x000000063a000000, 0x000000063a000000, 0x000000063a400000|  0%| F|  |TAMS 0x000000063a000000, 0x000000063a000000| Untracked 
| 233|0x000000063a400000, 0x000000063a400000, 0x000000063a800000|  0%| F|  |TAMS 0x000000063a400000, 0x000000063a400000| Untracked 
| 234|0x000000063a800000, 0x000000063a800000, 0x000000063ac00000|  0%| F|  |TAMS 0x000000063a800000, 0x000000063a800000| Untracked 
| 235|0x000000063ac00000, 0x000000063ac00000, 0x000000063b000000|  0%| F|  |TAMS 0x000000063ac00000, 0x000000063ac00000| Untracked 
| 236|0x000000063b000000, 0x000000063b000000, 0x000000063b400000|  0%| F|  |TAMS 0x000000063b000000, 0x000000063b000000| Untracked 
| 237|0x000000063b400000, 0x000000063b400000, 0x000000063b800000|  0%| F|  |TAMS 0x000000063b400000, 0x000000063b400000| Untracked 
| 238|0x000000063b800000, 0x000000063b800000, 0x000000063bc00000|  0%| F|  |TAMS 0x000000063b800000, 0x000000063b800000| Untracked 
| 239|0x000000063bc00000, 0x000000063bc00000, 0x000000063c000000|  0%| F|  |TAMS 0x000000063bc00000, 0x000000063bc00000| Untracked 
| 240|0x000000063c000000, 0x000000063c000000, 0x000000063c400000|  0%| F|  |TAMS 0x000000063c000000, 0x000000063c000000| Untracked 
| 241|0x000000063c400000, 0x000000063c400000, 0x000000063c800000|  0%| F|  |TAMS 0x000000063c400000, 0x000000063c400000| Untracked 
| 242|0x000000063c800000, 0x000000063c800000, 0x000000063cc00000|  0%| F|  |TAMS 0x000000063c800000, 0x000000063c800000| Untracked 
| 243|0x000000063cc00000, 0x000000063cc00000, 0x000000063d000000|  0%| F|  |TAMS 0x000000063cc00000, 0x000000063cc00000| Untracked 
| 244|0x000000063d000000, 0x000000063d000000, 0x000000063d400000|  0%| F|  |TAMS 0x000000063d000000, 0x000000063d000000| Untracked 
| 245|0x000000063d400000, 0x000000063d400000, 0x000000063d800000|  0%| F|  |TAMS 0x000000063d400000, 0x000000063d400000| Untracked 
| 246|0x000000063d800000, 0x000000063d800000, 0x000000063dc00000|  0%| F|  |TAMS 0x000000063d800000, 0x000000063d800000| Untracked 
| 247|0x000000063dc00000, 0x000000063dc00000, 0x000000063e000000|  0%| F|  |TAMS 0x000000063dc00000, 0x000000063dc00000| Untracked 
| 248|0x000000063e000000, 0x000000063e000000, 0x000000063e400000|  0%| F|  |TAMS 0x000000063e000000, 0x000000063e000000| Untracked 
| 249|0x000000063e400000, 0x000000063e400000, 0x000000063e800000|  0%| F|  |TAMS 0x000000063e400000, 0x000000063e400000| Untracked 
| 250|0x000000063e800000, 0x000000063e800000, 0x000000063ec00000|  0%| F|  |TAMS 0x000000063e800000, 0x000000063e800000| Untracked 
| 251|0x000000063ec00000, 0x000000063ec00000, 0x000000063f000000|  0%| F|  |TAMS 0x000000063ec00000, 0x000000063ec00000| Untracked 
| 252|0x000000063f000000, 0x000000063f000000, 0x000000063f400000|  0%| F|  |TAMS 0x000000063f000000, 0x000000063f000000| Untracked 
| 253|0x000000063f400000, 0x000000063f400000, 0x000000063f800000|  0%| F|  |TAMS 0x000000063f400000, 0x000000063f400000| Untracked 
| 254|0x000000063f800000, 0x000000063f800000, 0x000000063fc00000|  0%| F|  |TAMS 0x000000063f800000, 0x000000063f800000| Untracked 
| 255|0x000000063fc00000, 0x000000063fc00000, 0x0000000640000000|  0%| F|  |TAMS 0x000000063fc00000, 0x000000063fc00000| Untracked 

Card table byte_map: [0x000002b2872a0000,0x000002b2882a0000] _byte_map_base: 0x000002b2842a0000

Marking Bits (Prev, Next): (CMBitMap*) 0x000002b23e86bce0, (CMBitMap*) 0x000002b23e86bd20
 Prev Bits: [0x000002b2892a0000, 0x000002b2912a0000)
 Next Bits: [0x000002b2912a0000, 0x000002b2992a0000)

Polling page: 0x000002b23c750000

Metaspace:

Usage:
  Non-class:     91.33 MB used.
      Class:     14.68 MB used.
       Both:    106.01 MB used.

Virtual space:
  Non-class space:      128.00 MB reserved,      92.06 MB ( 72%) committed,  2 nodes.
      Class space:        1.00 GB reserved,      15.25 MB (  1%) committed,  1 nodes.
             Both:        1.12 GB reserved,     107.31 MB (  9%) committed. 

Chunk freelists:
   Non-Class:  3.23 MB
       Class:  817.00 KB
        Both:  4.03 MB

MaxMetaspaceSize: 2.00 GB
CompressedClassSpaceSize: 1.00 GB
Initial GC threshold: 21.00 MB
Current GC threshold: 164.69 MB
CDS: on
MetaspaceReclaimPolicy: balanced
 - commit_granule_bytes: 65536.
 - commit_granule_words: 8192.
 - virtual_space_node_default_size: 8388608.
 - enlarge_chunks_in_place: 1.
 - new_chunks_are_fully_committed: 0.
 - uncommit_free_chunks: 1.
 - use_allocation_guard: 0.
 - handle_deallocations: 1.


Internal statistics:

num_allocs_failed_limit: 12.
num_arena_births: 1610.
num_arena_deaths: 0.
num_vsnodes_births: 3.
num_vsnodes_deaths: 0.
num_space_committed: 1717.
num_space_uncommitted: 0.
num_chunks_returned_to_freelist: 12.
num_chunks_taken_from_freelist: 6549.
num_chunk_merges: 9.
num_chunk_splits: 4208.
num_chunks_enlarged: 2628.
num_inconsistent_stats: 0.

CodeHeap 'non-profiled nmethods': size=521472Kb used=8970Kb max_used=8970Kb free=512501Kb
 bounds [0x000002b266340000, 0x000002b266c10000, 0x000002b286080000]
CodeHeap 'profiled nmethods': size=521408Kb used=26020Kb max_used=26020Kb free=495387Kb
 bounds [0x000002b246080000, 0x000002b2479f0000, 0x000002b265db0000]
CodeHeap 'non-nmethods': size=5696Kb used=2446Kb max_used=2486Kb free=3249Kb
 bounds [0x000002b265db0000, 0x000002b266030000, 0x000002b266340000]
 total_blobs=13777 nmethods=12784 adapters=904
 compilation: enabled
              stopped_count=0, restarted_count=0
 full_count=0

Compilation events (20 events):
Event: 107.583 Thread 0x000002b29b76d160 15236       4       org.gradle.cache.internal.LockOnDemandCrossProcessCacheAccess$UnlockAction::run (8 bytes)
Event: 107.596 Thread 0x000002b29b76d160 nmethod 15236 0x000002b266bf7310 code [0x000002b266bf74c0, 0x000002b266bf7a58]
Event: 107.600 Thread 0x000002b29b76d160 15237       4       org.gradle.api.internal.changedetection.state.SplitFileHasher::hash (44 bytes)
Event: 107.620 Thread 0x000002b29b76d160 nmethod 15237 0x000002b266bf7e10 code [0x000002b266bf8060, 0x000002b266bf89e0]
Event: 107.621 Thread 0x000002b29b76d160 15238       4       org.gradle.internal.buildoption.DefaultInternalOptions::getOption (58 bytes)
Event: 107.669 Thread 0x000002b29b76d160 nmethod 15238 0x000002b266bf9390 code [0x000002b266bf95c0, 0x000002b266bfa470]
Event: 107.669 Thread 0x000002b29b76d160 15239       4       org.gradle.internal.execution.steps.IdentifyStep::executeDeferred (18 bytes)
Event: 107.742 Thread 0x000002b29b76d160 nmethod 15239 0x000002b266bfaf90 code [0x000002b266bfb280, 0x000002b266bfc9e0]
Event: 107.781 Thread 0x000002b29b76d160 15240   !   4       sun.nio.ch.IOUtil::releaseScope (31 bytes)
Event: 107.782 Thread 0x000002b29b76d160 nmethod 15240 0x000002b266bfdd90 code [0x000002b266bfdf00, 0x000002b266bfdf78]
Event: 107.791 Thread 0x000002b29b76d160 15241       4       sun.nio.ch.IOUtil::acquireScope (11 bytes)
Event: 107.792 Thread 0x000002b29b76d160 nmethod 15241 0x000002b266bfe090 code [0x000002b266bfe200, 0x000002b266bfe298]
Event: 108.113 Thread 0x000002b29b76d160 15242       4       org.gradle.cache.internal.LockOnDemandCrossProcessCacheAccess::acquireFileLock (9 bytes)
Event: 108.138 Thread 0x000002b29b76d160 nmethod 15242 0x000002b266bfe390 code [0x000002b266bfe5c0, 0x000002b266bfefb0]
Event: 108.190 Thread 0x000002b29b76d160 15243       4       org.gradle.api.internal.artifacts.PreResolvedResolvableArtifact::<init> (73 bytes)
Event: 108.215 Thread 0x000002b29b76d160 nmethod 15243 0x000002b266bff710 code [0x000002b266bff8c0, 0x000002b266c006b8]
Event: 108.446 Thread 0x000002b29b76d160 15244       4       java.io.WinNTFileSystem::resolve (275 bytes)
Event: 108.481 Thread 0x000002b29b76d160 nmethod 15244 0x000002b266c00990 code [0x000002b266c00b80, 0x000002b266c01af8]
Event: 108.874 Thread 0x000002b29b76d160 15245       4       java.util.LinkedList::unlinkFirst (64 bytes)
Event: 108.878 Thread 0x000002b29b76d160 nmethod 15245 0x000002b266c02590 code [0x000002b266c02700, 0x000002b266c029f8]

GC Heap History (20 events):
Event: 31.446 GC heap after
{Heap after GC invocations=11 (full 0):
 garbage-first heap   total 1048576K, used 52647K [0x0000000600000000, 0x0000000800000000)
  region size 4096K, 5 young (20480K), 5 survivors (20480K)
 Metaspace       used 57783K, committed 58496K, reserved 1114112K
  class space    used 8087K, committed 8384K, reserved 1048576K
}
Event: 32.095 GC heap before
{Heap before GC invocations=11 (full 0):
 garbage-first heap   total 1048576K, used 77223K [0x0000000600000000, 0x0000000800000000)
  region size 4096K, 12 young (49152K), 5 survivors (20480K)
 Metaspace       used 59736K, committed 60416K, reserved 1114112K
  class space    used 8383K, committed 8704K, reserved 1048576K
}
Event: 32.147 GC heap after
{Heap after GC invocations=12 (full 0):
 garbage-first heap   total 1048576K, used 55430K [0x0000000600000000, 0x0000000800000000)
  region size 4096K, 4 young (16384K), 4 survivors (16384K)
 Metaspace       used 59736K, committed 60416K, reserved 1114112K
  class space    used 8383K, committed 8704K, reserved 1048576K
}
Event: 51.049 GC heap before
{Heap before GC invocations=13 (full 0):
 garbage-first heap   total 1048576K, used 415878K [0x0000000600000000, 0x0000000800000000)
  region size 4096K, 91 young (372736K), 4 survivors (16384K)
 Metaspace       used 73693K, committed 74560K, reserved 1114112K
  class space    used 10386K, committed 10816K, reserved 1048576K
}
Event: 51.168 GC heap after
{Heap after GC invocations=14 (full 0):
 garbage-first heap   total 1048576K, used 77923K [0x0000000600000000, 0x0000000800000000)
  region size 4096K, 9 young (36864K), 9 survivors (36864K)
 Metaspace       used 73693K, committed 74560K, reserved 1114112K
  class space    used 10386K, committed 10816K, reserved 1048576K
}
Event: 60.600 GC heap before
{Heap before GC invocations=14 (full 0):
 garbage-first heap   total 1048576K, used 274531K [0x0000000600000000, 0x0000000800000000)
  region size 4096K, 57 young (233472K), 9 survivors (36864K)
 Metaspace       used 81396K, committed 82368K, reserved 1179648K
  class space    used 11215K, committed 11648K, reserved 1048576K
}
Event: 60.853 GC heap after
{Heap after GC invocations=15 (full 0):
 garbage-first heap   total 1048576K, used 95484K [0x0000000600000000, 0x0000000800000000)
  region size 4096K, 5 young (20480K), 5 survivors (20480K)
 Metaspace       used 81396K, committed 82368K, reserved 1179648K
  class space    used 11215K, committed 11648K, reserved 1048576K
}
Event: 67.014 GC heap before
{Heap before GC invocations=15 (full 0):
 garbage-first heap   total 1048576K, used 255228K [0x0000000600000000, 0x0000000800000000)
  region size 4096K, 45 young (184320K), 5 survivors (20480K)
 Metaspace       used 90824K, committed 91776K, reserved 1179648K
  class space    used 12488K, committed 12928K, reserved 1048576K
}
Event: 67.073 GC heap after
{Heap after GC invocations=16 (full 0):
 garbage-first heap   total 1048576K, used 104302K [0x0000000600000000, 0x0000000800000000)
  region size 4096K, 3 young (12288K), 3 survivors (12288K)
 Metaspace       used 90824K, committed 91776K, reserved 1179648K
  class space    used 12488K, committed 12928K, reserved 1048576K
}
Event: 72.921 GC heap before
{Heap before GC invocations=16 (full 0):
 garbage-first heap   total 1048576K, used 272238K [0x0000000600000000, 0x0000000800000000)
  region size 4096K, 45 young (184320K), 3 survivors (12288K)
 Metaspace       used 99997K, committed 100928K, reserved 1179648K
  class space    used 13834K, committed 14272K, reserved 1048576K
}
Event: 72.969 GC heap after
{Heap after GC invocations=17 (full 0):
 garbage-first heap   total 1048576K, used 111661K [0x0000000600000000, 0x0000000800000000)
  region size 4096K, 5 young (20480K), 5 survivors (20480K)
 Metaspace       used 99997K, committed 100928K, reserved 1179648K
  class space    used 13834K, committed 14272K, reserved 1048576K
}
Event: 84.349 GC heap before
{Heap before GC invocations=18 (full 0):
 garbage-first heap   total 1048576K, used 369709K [0x0000000600000000, 0x0000000800000000)
  region size 4096K, 68 young (278528K), 5 survivors (20480K)
 Metaspace       used 104843K, committed 105984K, reserved 1179648K
  class space    used 14595K, committed 15168K, reserved 1048576K
}
Event: 84.514 GC heap after
{Heap after GC invocations=19 (full 0):
 garbage-first heap   total 1048576K, used 128322K [0x0000000600000000, 0x0000000800000000)
  region size 4096K, 9 young (36864K), 9 survivors (36864K)
 Metaspace       used 104843K, committed 105984K, reserved 1179648K
  class space    used 14595K, committed 15168K, reserved 1048576K
}
Event: 88.401 GC heap before
{Heap before GC invocations=19 (full 0):
 garbage-first heap   total 1048576K, used 234818K [0x0000000600000000, 0x0000000800000000)
  region size 4096K, 35 young (143360K), 9 survivors (36864K)
 Metaspace       used 105300K, committed 106496K, reserved 1179648K
  class space    used 14636K, committed 15232K, reserved 1048576K
}
Event: 88.538 GC heap after
{Heap after GC invocations=20 (full 0):
 garbage-first heap   total 1048576K, used 140950K [0x0000000600000000, 0x0000000800000000)
  region size 4096K, 4 young (16384K), 4 survivors (16384K)
 Metaspace       used 105300K, committed 106496K, reserved 1179648K
  class space    used 14636K, committed 15232K, reserved 1048576K
}
Event: 101.387 GC heap before
{Heap before GC invocations=20 (full 0):
 garbage-first heap   total 1048576K, used 444054K [0x0000000600000000, 0x0000000800000000)
  region size 4096K, 78 young (319488K), 4 survivors (16384K)
 Metaspace       used 108345K, committed 109632K, reserved 1179648K
  class space    used 15000K, committed 15552K, reserved 1048576K
}
Event: 101.671 GC heap after
{Heap after GC invocations=21 (full 0):
 garbage-first heap   total 1048576K, used 164779K [0x0000000600000000, 0x0000000800000000)
  region size 4096K, 10 young (40960K), 10 survivors (40960K)
 Metaspace       used 108345K, committed 109632K, reserved 1179648K
  class space    used 15000K, committed 15552K, reserved 1048576K
}
Event: 102.167 GC heap before
{Heap before GC invocations=21 (full 0):
 garbage-first heap   total 1048576K, used 172971K [0x0000000600000000, 0x0000000800000000)
  region size 4096K, 12 young (49152K), 10 survivors (40960K)
 Metaspace       used 108345K, committed 109632K, reserved 1179648K
  class space    used 15000K, committed 15552K, reserved 1048576K
}
Event: 102.333 GC heap after
{Heap after GC invocations=22 (full 0):
 garbage-first heap   total 1048576K, used 168526K [0x0000000600000000, 0x0000000800000000)
  region size 4096K, 2 young (8192K), 2 survivors (8192K)
 Metaspace       used 108345K, committed 109632K, reserved 1179648K
  class space    used 15000K, committed 15552K, reserved 1048576K
}
Event: 109.326 GC heap before
{Heap before GC invocations=22 (full 0):
 garbage-first heap   total 1048576K, used 324174K [0x0000000600000000, 0x0000000800000000)
  region size 4096K, 41 young (167936K), 2 survivors (8192K)
 Metaspace       used 108549K, committed 109888K, reserved 1179648K
  class space    used 15028K, committed 15616K, reserved 1048576K
}

Deoptimization events (20 events):
Event: 108.222 Thread 0x000002b2e29c5850 Uncommon trap: trap_request=0xffffffd6 fr.pc=0x000002b266b9a9dc relative=0x000000000000089c
Event: 108.222 Thread 0x000002b2e29c5850 Uncommon trap: reason=array_check action=maybe_recompile pc=0x000002b266b9a9dc method=java.util.ComparableTimSort.binarySort([Ljava/lang/Object;III)V @ 193 c2
Event: 108.222 Thread 0x000002b2e29c5850 DEOPT PACKING pc=0x000002b266b9a9dc sp=0x000000e0c53f80b0
Event: 108.222 Thread 0x000002b2e29c5850 DEOPT UNPACKING pc=0x000002b265e0239d sp=0x000000e0c53f8050 mode 2
Event: 108.222 Thread 0x000002b2e29c5850 Uncommon trap: trap_request=0xffffffd6 fr.pc=0x000002b266b9a8bc relative=0x000000000000077c
Event: 108.222 Thread 0x000002b2e29c5850 Uncommon trap: reason=array_check action=maybe_recompile pc=0x000002b266b9a8bc method=java.util.ComparableTimSort.binarySort([Ljava/lang/Object;III)V @ 215 c2
Event: 108.222 Thread 0x000002b2e29c5850 DEOPT PACKING pc=0x000002b266b9a8bc sp=0x000000e0c53f80b0
Event: 108.222 Thread 0x000002b2e29c5850 DEOPT UNPACKING pc=0x000002b265e0239d sp=0x000000e0c53f8050 mode 2
Event: 108.222 Thread 0x000002b2e29c5850 Uncommon trap: trap_request=0xffffffd6 fr.pc=0x000002b266b9aaa4 relative=0x0000000000000964
Event: 108.222 Thread 0x000002b2e29c5850 Uncommon trap: reason=array_check action=maybe_recompile pc=0x000002b266b9aaa4 method=java.util.ComparableTimSort.binarySort([Ljava/lang/Object;III)V @ 183 c2
Event: 108.222 Thread 0x000002b2e29c5850 DEOPT PACKING pc=0x000002b266b9aaa4 sp=0x000000e0c53f80b0
Event: 108.222 Thread 0x000002b2e29c5850 DEOPT UNPACKING pc=0x000002b265e0239d sp=0x000000e0c53f8050 mode 2
Event: 108.222 Thread 0x000002b2e29c5850 Uncommon trap: trap_request=0xffffffd6 fr.pc=0x000002b266b9a8bc relative=0x000000000000077c
Event: 108.222 Thread 0x000002b2e29c5850 Uncommon trap: reason=array_check action=maybe_recompile pc=0x000002b266b9a8bc method=java.util.ComparableTimSort.binarySort([Ljava/lang/Object;III)V @ 215 c2
Event: 108.222 Thread 0x000002b2e29c5850 DEOPT PACKING pc=0x000002b266b9a8bc sp=0x000000e0c53f80b0
Event: 108.222 Thread 0x000002b2e29c5850 DEOPT UNPACKING pc=0x000002b265e0239d sp=0x000000e0c53f8050 mode 2
Event: 109.188 Thread 0x000002b2e50b3aa0 Uncommon trap: trap_request=0xffffff45 fr.pc=0x000002b266637f08 relative=0x00000000000001e8
Event: 109.189 Thread 0x000002b2e50b3aa0 Uncommon trap: reason=unstable_if action=reinterpret pc=0x000002b266637f08 method=java.util.concurrent.locks.AbstractQueuedSynchronizer.hasQueuedPredecessors()Z @ 33 c2
Event: 109.189 Thread 0x000002b2e50b3aa0 DEOPT PACKING pc=0x000002b266637f08 sp=0x000000e0c85fc9f0
Event: 109.189 Thread 0x000002b2e50b3aa0 DEOPT UNPACKING pc=0x000002b265e0239d sp=0x000000e0c85fc938 mode 2

Classes unloaded (0 events):
No events

Classes redefined (0 events):
No events

Internal exceptions (20 events):
Event: 99.039 Thread 0x000002b2e29c5850 Exception <a 'java/lang/ClassNotFoundException'{0x000000062ed95b10}: io/invertase/gradle/common/UtilitiesBeanInfo> (0x000000062ed95b10) 
thrown [s\open\src\hotspot\share\classfile\systemDictionary.cpp, line 256]
Event: 99.042 Thread 0x000002b2e29c5850 Exception <a 'java/lang/ClassNotFoundException'{0x000000062edae468}: io/invertase/gradle/common/UtilitiesCustomizer> (0x000000062edae468) 
thrown [s\open\src\hotspot\share\classfile\systemDictionary.cpp, line 256]
Event: 99.054 Thread 0x000002b2e29c5850 Exception <a 'java/lang/ClassNotFoundException'{0x000000062ede3890}: org/gradle/util/GradleVersionBeanInfo> (0x000000062ede3890) 
thrown [s\open\src\hotspot\share\classfile\systemDictionary.cpp, line 256]
Event: 99.056 Thread 0x000002b2e29c5850 Exception <a 'java/lang/ClassNotFoundException'{0x000000062edfa9e8}: org/gradle/util/GradleVersionCustomizer> (0x000000062edfa9e8) 
thrown [s\open\src\hotspot\share\classfile\systemDictionary.cpp, line 256]
Event: 99.082 Thread 0x000002b2e29c5850 Exception <a 'java/lang/ClassNotFoundException'{0x000000062ee3fdb8}: org/gradle/util/internal/DefaultGradleVersionBeanInfo> (0x000000062ee3fdb8) 
thrown [s\open\src\hotspot\share\classfile\systemDictionary.cpp, line 256]
Event: 99.084 Thread 0x000002b2e29c5850 Exception <a 'java/lang/ClassNotFoundException'{0x000000062ee57698}: org/gradle/util/internal/DefaultGradleVersionCustomizer> (0x000000062ee57698) 
thrown [s\open\src\hotspot\share\classfile\systemDictionary.cpp, line 256]
Event: 99.854 Thread 0x000002b2e29c5850 Exception <a 'java/lang/ClassNotFoundException'{0x000000062e6615a0}: build_33gn5dxo9kmdrtj7pwnrji0f8BeanInfo> (0x000000062e6615a0) 
thrown [s\open\src\hotspot\share\classfile\systemDictionary.cpp, line 256]
Event: 99.855 Thread 0x000002b2e29c5850 Exception <a 'java/lang/ClassNotFoundException'{0x000000062e668a78}: build_33gn5dxo9kmdrtj7pwnrji0f8Customizer> (0x000000062e668a78) 
thrown [s\open\src\hotspot\share\classfile\systemDictionary.cpp, line 256]
Event: 99.954 Thread 0x000002b2e29c5850 Exception <a 'java/lang/ClassNotFoundException'{0x000000062e700a40}: build_33gn5dxo9kmdrtj7pwnrji0f8BeanInfo> (0x000000062e700a40) 
thrown [s\open\src\hotspot\share\classfile\systemDictionary.cpp, line 256]
Event: 99.955 Thread 0x000002b2e29c5850 Exception <a 'java/lang/ClassNotFoundException'{0x000000062e707e78}: build_33gn5dxo9kmdrtj7pwnrji0f8Customizer> (0x000000062e707e78) 
thrown [s\open\src\hotspot\share\classfile\systemDictionary.cpp, line 256]
Event: 100.090 Thread 0x000002b2e29c5850 Exception <a 'java/lang/ClassNotFoundException'{0x000000062e0c10e8}: build_33gn5dxo9kmdrtj7pwnrji0f8$_run_closure1BeanInfo> (0x000000062e0c10e8) 
thrown [s\open\src\hotspot\share\classfile\systemDictionary.cpp, line 256]
Event: 100.091 Thread 0x000002b2e29c5850 Exception <a 'java/lang/ClassNotFoundException'{0x000000062e0cca60}: build_33gn5dxo9kmdrtj7pwnrji0f8$_run_closure1Customizer> (0x000000062e0cca60) 
thrown [s\open\src\hotspot\share\classfile\systemDictionary.cpp, line 256]
Event: 100.446 Thread 0x000002b2e29c5850 Exception <a 'java/lang/ClassNotFoundException'{0x000000062dd6cdd8}: build_4ycqtvs23ggfoildrg687bchfBeanInfo> (0x000000062dd6cdd8) 
thrown [s\open\src\hotspot\share\classfile\systemDictionary.cpp, line 256]
Event: 100.447 Thread 0x000002b2e29c5850 Exception <a 'java/lang/ClassNotFoundException'{0x000000062dd742b0}: build_4ycqtvs23ggfoildrg687bchfCustomizer> (0x000000062dd742b0) 
thrown [s\open\src\hotspot\share\classfile\systemDictionary.cpp, line 256]
Event: 105.793 Thread 0x000002b2e29c5850 Exception <a 'java/lang/ClassNotFoundException'{0x000000063a3eb588}: build_4ycqtvs23ggfoildrg687bchfBeanInfo> (0x000000063a3eb588) 
thrown [s\open\src\hotspot\share\classfile\systemDictionary.cpp, line 256]
Event: 105.794 Thread 0x000002b2e29c5850 Exception <a 'java/lang/ClassNotFoundException'{0x000000063a3f29c0}: build_4ycqtvs23ggfoildrg687bchfCustomizer> (0x000000063a3f29c0) 
thrown [s\open\src\hotspot\share\classfile\systemDictionary.cpp, line 256]
Event: 106.203 Thread 0x000002b2e29c5850 Exception <a 'java/lang/ClassNotFoundException'{0x0000000639b70788}: build_4ycqtvs23ggfoildrg687bchf$_run_closure1BeanInfo> (0x0000000639b70788) 
thrown [s\open\src\hotspot\share\classfile\systemDictionary.cpp, line 256]
Event: 106.205 Thread 0x000002b2e29c5850 Exception <a 'java/lang/ClassNotFoundException'{0x0000000639b7dea0}: build_4ycqtvs23ggfoildrg687bchf$_run_closure1Customizer> (0x0000000639b7dea0) 
thrown [s\open\src\hotspot\share\classfile\systemDictionary.cpp, line 256]
Event: 106.859 Thread 0x000002b2e29c5850 Exception <a 'java/lang/ClassNotFoundException'{0x00000006390741d0}: build_dcu9yqmehofdtt2nxvsh6mn27BeanInfo> (0x00000006390741d0) 
thrown [s\open\src\hotspot\share\classfile\systemDictionary.cpp, line 256]
Event: 106.860 Thread 0x000002b2e29c5850 Exception <a 'java/lang/ClassNotFoundException'{0x000000063907b6a8}: build_dcu9yqmehofdtt2nxvsh6mn27Customizer> (0x000000063907b6a8) 
thrown [s\open\src\hotspot\share\classfile\systemDictionary.cpp, line 256]

VM Operations (20 events):
Event: 100.668 Executing VM operation: Cleanup done
Event: 101.387 Executing VM operation: G1CollectForAllocation
Event: 101.695 Executing VM operation: G1CollectForAllocation done
Event: 102.167 Executing VM operation: G1CollectForAllocation
Event: 102.333 Executing VM operation: G1CollectForAllocation done
Event: 103.459 Executing VM operation: HandshakeAllThreads
Event: 103.459 Executing VM operation: HandshakeAllThreads done
Event: 103.459 Executing VM operation: Cleanup
Event: 103.459 Executing VM operation: Cleanup done
Event: 104.464 Executing VM operation: Cleanup
Event: 104.466 Executing VM operation: Cleanup done
Event: 105.473 Executing VM operation: Cleanup
Event: 105.474 Executing VM operation: Cleanup done
Event: 106.486 Executing VM operation: Cleanup
Event: 106.486 Executing VM operation: Cleanup done
Event: 107.490 Executing VM operation: Cleanup
Event: 107.491 Executing VM operation: Cleanup done
Event: 108.491 Executing VM operation: Cleanup
Event: 108.508 Executing VM operation: Cleanup done
Event: 109.325 Executing VM operation: G1CollectForAllocation

Events (20 events):
Event: 98.784 loading class java/io/FilterOutputStreamCustomizer
Event: 98.784 loading class java/io/FilterOutputStreamCustomizer done
Event: 98.785 loading class java/io/FilterOutputStreamCustomizer
Event: 98.785 loading class java/io/FilterOutputStreamCustomizer done
Event: 98.785 loading class java/io/PrintStreamCustomizer
Event: 98.785 loading class java/io/PrintStreamCustomizer done
Event: 98.786 loading class java/io/PrintStreamCustomizer
Event: 98.786 loading class java/io/PrintStreamCustomizer done
Event: 99.092 loading class jdk/internal/reflect/UnsafeStaticObjectFieldAccessorImpl
Event: 99.093 loading class jdk/internal/reflect/UnsafeStaticObjectFieldAccessorImpl done
Event: 100.821 Thread 0x000002b2e19ce6e0 Thread exited: 0x000002b2e19ce6e0
Event: 100.821 Thread 0x000002b2e42e79a0 Thread exited: 0x000002b2e42e79a0
Event: 100.888 Thread 0x000002b2e19d0a50 Thread exited: 0x000002b2e19d0a50
Event: 103.486 Thread 0x000002b29b785040 flushing nmethod 0x000002b24725fd90
Event: 106.233 loading class jdk/internal/reflect/UnsafeStaticBooleanFieldAccessorImpl
Event: 106.234 loading class jdk/internal/reflect/UnsafeStaticBooleanFieldAccessorImpl done
Event: 107.573 Thread 0x000002b2e19cb950 Thread exited: 0x000002b2e19cb950
Event: 107.780 loading class jdk/internal/misc/ScopedMemoryAccess$Scope$Handle
Event: 107.781 loading class jdk/internal/misc/ScopedMemoryAccess$Scope$Handle done
Event: 108.384 Thread 0x000002b2e42e9800 Thread exited: 0x000002b2e42e9800


Dynamic libraries:
0x00007ff78e0b0000 - 0x00007ff78e0c0000 	C:\Program Files\Microsoft\jdk-17.0.12\bin\java.exe
0x00007ff899b10000 - 0x00007ff899d08000 	C:\Windows\SYSTEM32\ntdll.dll
0x00007ff897b30000 - 0x00007ff897bf2000 	C:\Windows\System32\KERNEL32.DLL
0x00007ff8971a0000 - 0x00007ff897496000 	C:\Windows\System32\KERNELBASE.dll
0x00007ff8974d0000 - 0x00007ff8975d0000 	C:\Windows\System32\ucrtbase.dll
0x00007ff895620000 - 0x00007ff895639000 	C:\Program Files\Microsoft\jdk-17.0.12\bin\jli.dll
0x00007ff895600000 - 0x00007ff89561b000 	C:\Program Files\Microsoft\jdk-17.0.12\bin\VCRUNTIME140.dll
0x00007ff898330000 - 0x00007ff8983df000 	C:\Windows\System32\ADVAPI32.dll
0x00007ff899620000 - 0x00007ff8996be000 	C:\Windows\System32\msvcrt.dll
0x00007ff898290000 - 0x00007ff89832f000 	C:\Windows\System32\sechost.dll
0x00007ff899880000 - 0x00007ff8999a3000 	C:\Windows\System32\RPCRT4.dll
0x00007ff897860000 - 0x00007ff897887000 	C:\Windows\System32\bcrypt.dll
0x00007ff898b40000 - 0x00007ff898cdd000 	C:\Windows\System32\USER32.dll
0x00007ff8974a0000 - 0x00007ff8974c2000 	C:\Windows\System32\win32u.dll
0x00007ff898b10000 - 0x00007ff898b3b000 	C:\Windows\System32\GDI32.dll
0x00007ff8979c0000 - 0x00007ff897ada000 	C:\Windows\System32\gdi32full.dll
0x00007ff8975d0000 - 0x00007ff89766d000 	C:\Windows\System32\msvcp_win.dll
0x00007ff884470000 - 0x00007ff88470a000 	C:\Windows\WinSxS\amd64_microsoft.windows.common-controls_6595b64144ccf1df_6.0.19041.4355_none_60b8b9eb71f62e16\COMCTL32.dll
0x00007ff895880000 - 0x00007ff89588a000 	C:\Windows\SYSTEM32\VERSION.dll
0x00007ff898df0000 - 0x00007ff898e1f000 	C:\Windows\System32\IMM32.DLL
0x00007ff895660000 - 0x00007ff89566c000 	C:\Program Files\Microsoft\jdk-17.0.12\bin\vcruntime140_1.dll
0x00007ff8865d0000 - 0x00007ff88665e000 	C:\Program Files\Microsoft\jdk-17.0.12\bin\msvcp140.dll
0x00007ff835170000 - 0x00007ff835d50000 	C:\Program Files\Microsoft\jdk-17.0.12\bin\server\jvm.dll
0x00007ff899a60000 - 0x00007ff899a68000 	C:\Windows\System32\PSAPI.DLL
0x00007ff88fe60000 - 0x00007ff88fe69000 	C:\Windows\SYSTEM32\WSOCK32.dll
0x00007ff898500000 - 0x00007ff89856b000 	C:\Windows\System32\WS2_32.dll
0x00007ff87f330000 - 0x00007ff87f357000 	C:\Windows\SYSTEM32\WINMM.dll
0x00007ff8959d0000 - 0x00007ff8959e2000 	C:\Windows\SYSTEM32\kernel.appcore.dll
0x00007ff88fe50000 - 0x00007ff88fe5a000 	C:\Program Files\Microsoft\jdk-17.0.12\bin\jimage.dll
0x00007ff894b30000 - 0x00007ff894d14000 	C:\Windows\SYSTEM32\DBGHELP.DLL
0x00007ff87f2b0000 - 0x00007ff87f2e4000 	C:\Windows\SYSTEM32\dbgcore.DLL
0x00007ff897670000 - 0x00007ff8976f2000 	C:\Windows\System32\bcryptPrimitives.dll
0x00007ff886560000 - 0x00007ff88656e000 	C:\Program Files\Microsoft\jdk-17.0.12\bin\instrument.dll
0x00007ff88fe20000 - 0x00007ff88fe45000 	C:\Program Files\Microsoft\jdk-17.0.12\bin\java.dll
0x00007ff8819f0000 - 0x00007ff881ac7000 	C:\Program Files\Microsoft\jdk-17.0.12\bin\jsvml.dll
0x00007ff898e90000 - 0x00007ff8995ff000 	C:\Windows\System32\SHELL32.dll
0x00007ff894e30000 - 0x00007ff8955d3000 	C:\Windows\SYSTEM32\windows.storage.dll
0x00007ff898730000 - 0x00007ff898a85000 	C:\Windows\System32\combase.dll
0x00007ff896a20000 - 0x00007ff896a4b000 	C:\Windows\SYSTEM32\Wldp.dll
0x00007ff8981c0000 - 0x00007ff89828d000 	C:\Windows\System32\OLEAUT32.dll
0x00007ff898d40000 - 0x00007ff898ded000 	C:\Windows\System32\SHCORE.dll
0x00007ff899a70000 - 0x00007ff899ac5000 	C:\Windows\System32\shlwapi.dll
0x00007ff8970d0000 - 0x00007ff8970f5000 	C:\Windows\SYSTEM32\profapi.dll
0x00007ff8865b0000 - 0x00007ff8865c8000 	C:\Program Files\Microsoft\jdk-17.0.12\bin\zip.dll
0x00007ff88fce0000 - 0x00007ff88fcf9000 	C:\Program Files\Microsoft\jdk-17.0.12\bin\net.dll
0x00007ff886960000 - 0x00007ff886a6a000 	C:\Windows\SYSTEM32\WINHTTP.dll
0x00007ff896800000 - 0x00007ff89686c000 	C:\Windows\system32\mswsock.dll
0x00007ff886690000 - 0x00007ff8866a6000 	C:\Program Files\Microsoft\jdk-17.0.12\bin\nio.dll
0x00007ff888ca0000 - 0x00007ff888cb0000 	C:\Program Files\Microsoft\jdk-17.0.12\bin\verify.dll
0x00007ff886580000 - 0x00007ff8865a7000 	C:\Users\Fahad Computer\.gradle\native\1def1411415f61bf3af743bc5b6707747c0891f09f0c88961ee8f79bc544acac\windows-amd64\native-platform.dll
0x0000000066700000 - 0x0000000066773000 	C:\Users\Fahad Computer\.gradle\native\0.2.5\x86_64-windows-gnu\gradle-fileevents.dll
0x00007ff888b50000 - 0x00007ff888b5a000 	C:\Program Files\Microsoft\jdk-17.0.12\bin\management.dll
0x00007ff8888c0000 - 0x00007ff8888cb000 	C:\Program Files\Microsoft\jdk-17.0.12\bin\management_ext.dll
0x00007ff896a60000 - 0x00007ff896a78000 	C:\Windows\SYSTEM32\CRYPTSP.dll
0x00007ff896140000 - 0x00007ff896178000 	C:\Windows\system32\rsaenh.dll
0x00007ff897050000 - 0x00007ff89707e000 	C:\Windows\SYSTEM32\USERENV.dll
0x00007ff896990000 - 0x00007ff89699c000 	C:\Windows\SYSTEM32\CRYPTBASE.dll
0x00007ff896500000 - 0x00007ff89653b000 	C:\Windows\SYSTEM32\IPHLPAPI.DLL
0x00007ff898e20000 - 0x00007ff898e28000 	C:\Windows\System32\NSI.dll
0x00007ff888d10000 - 0x00007ff888d27000 	C:\Windows\SYSTEM32\dhcpcsvc6.DLL
0x00007ff888c80000 - 0x00007ff888c9d000 	C:\Windows\SYSTEM32\dhcpcsvc.DLL
0x00007ff896540000 - 0x00007ff89660a000 	C:\Windows\SYSTEM32\DNSAPI.dll
0x00007ff886550000 - 0x00007ff88655e000 	C:\Program Files\Microsoft\jdk-17.0.12\bin\sunmscapi.dll
0x00007ff897700000 - 0x00007ff89785d000 	C:\Windows\System32\CRYPT32.dll
0x00007ff896bd0000 - 0x00007ff896bf7000 	C:\Windows\SYSTEM32\ncrypt.dll
0x00007ff896b90000 - 0x00007ff896bcb000 	C:\Windows\SYSTEM32\NTASN1.dll
0x00007ff88ec00000 - 0x00007ff88ec07000 	C:\Windows\system32\wshunix.dll
0x0000000066680000 - 0x00000000666f3000 	C:\Users\Fahad Computer\AppData\Local\Temp\native-platform750010091620864789dir\gradle-fileevents.dll
0x00007ff8780b0000 - 0x00007ff8780c7000 	C:\Windows\system32\napinsp.dll
0x00007ff878090000 - 0x00007ff8780ab000 	C:\Windows\system32\pnrpnsp.dll
0x00007ff891ae0000 - 0x00007ff891af5000 	C:\Windows\system32\wshbth.dll
0x00007ff891850000 - 0x00007ff89186d000 	C:\Windows\system32\NLAapi.dll
0x00007ff878070000 - 0x00007ff878082000 	C:\Windows\System32\winrnr.dll
0x00007ff8824a0000 - 0x00007ff8824aa000 	C:\Windows\System32\rasadhlp.dll
0x00007ff884fb0000 - 0x00007ff885030000 	C:\Windows\System32\fwpuclnt.dll

dbghelp: loaded successfully - version: 4.0.5 - missing functions: none
symbol engine: initialized successfully - sym options: 0x614 - pdb path: .;C:\Program Files\Microsoft\jdk-17.0.12\bin;C:\Windows\SYSTEM32;C:\Windows\WinSxS\amd64_microsoft.windows.common-controls_6595b64144ccf1df_6.0.19041.4355_none_60b8b9eb71f62e16;C:\Program Files\Microsoft\jdk-17.0.12\bin\server;C:\Users\Fahad Computer\.gradle\native\1def1411415f61bf3af743bc5b6707747c0891f09f0c88961ee8f79bc544acac\windows-amd64;C:\Users\Fahad Computer\.gradle\native\0.2.5\x86_64-windows-gnu;C:\Users\Fahad Computer\AppData\Local\Temp\native-platform750010091620864789dir

VM Arguments:
jvm_args: --add-opens=java.base/java.lang=ALL-UNNAMED --add-opens=java.base/java.lang.invoke=ALL-UNNAMED --add-opens=java.base/java.util=ALL-UNNAMED --add-opens=java.prefs/java.util.prefs=ALL-UNNAMED --add-exports=jdk.compiler/com.sun.tools.javac.api=ALL-UNNAMED --add-exports=jdk.compiler/com.sun.tools.javac.util=ALL-UNNAMED --add-opens=java.base/java.util=ALL-UNNAMED --add-opens=java.prefs/java.util.prefs=ALL-UNNAMED --add-opens=java.base/java.nio.charset=ALL-UNNAMED --add-opens=java.base/java.net=ALL-UNNAMED --add-opens=java.base/java.util.concurrent.atomic=ALL-UNNAMED --add-opens=java.xml/javax.xml.namespace=ALL-UNNAMED -XX:ReservedCodeCacheSize=1024m -XX:MaxMetaspaceSize=2048m -XX:+HeapDumpOnOutOfMemoryError -Xms1024m -Xmx8192m -Dfile.encoding=UTF-8 -Duser.country=US -Duser.language=en -Duser.variant -javaagent:C:\Users\Fahad Computer\.gradle\wrapper\dists\gradle-8.12-all\ejduaidbjup3bmmkhw3rie4zb\gradle-8.12\lib\agents\gradle-instrumentation-agent-8.12.jar 
java_command: org.gradle.launcher.daemon.bootstrap.GradleDaemon 8.12
java_class_path (initial): C:\Users\Fahad Computer\.gradle\wrapper\dists\gradle-8.12-all\ejduaidbjup3bmmkhw3rie4zb\gradle-8.12\lib\gradle-daemon-main-8.12.jar
Launcher Type: SUN_STANDARD

[Global flags]
     intx CICompilerCount                          = 2                                         {product} {ergonomic}
     uint ConcGCThreads                            = 1                                         {product} {ergonomic}
     uint G1ConcRefinementThreads                  = 2                                         {product} {ergonomic}
   size_t G1HeapRegionSize                         = 4194304                                   {product} {ergonomic}
    uintx GCDrainStackTargetSize                   = 64                                        {product} {ergonomic}
     bool HeapDumpOnOutOfMemoryError               = true                                   {manageable} {command line}
   size_t InitialHeapSize                          = 1073741824                                {product} {command line}
   size_t MarkStackSize                            = 4194304                                   {product} {ergonomic}
   size_t MaxHeapSize                              = 8589934592                                {product} {command line}
   size_t MaxMetaspaceSize                         = 2147483648                                {product} {command line}
   size_t MaxNewSize                               = 5150605312                                {product} {ergonomic}
   size_t MinHeapDeltaBytes                        = 4194304                                   {product} {ergonomic}
   size_t MinHeapSize                              = 1073741824                                {product} {command line}
    uintx NonNMethodCodeHeapSize                   = 5826188                                {pd product} {ergonomic}
    uintx NonProfiledCodeHeapSize                  = 533957818                              {pd product} {ergonomic}
    uintx ProfiledCodeHeapSize                     = 533957818                              {pd product} {ergonomic}
    uintx ReservedCodeCacheSize                    = 1073741824                             {pd product} {command line}
     bool SegmentedCodeCache                       = true                                      {product} {ergonomic}
   size_t SoftMaxHeapSize                          = 8589934592                             {manageable} {ergonomic}
   double SweeperThreshold                         = 0.117188                                  {product} {ergonomic}
     bool UseCompressedClassPointers               = true                           {product lp64_product} {ergonomic}
     bool UseCompressedOops                        = true                           {product lp64_product} {ergonomic}
     bool UseG1GC                                  = true                                      {product} {ergonomic}
     bool UseLargePagesIndividualAllocation        = false                                  {pd product} {ergonomic}

Logging:
Log output configuration:
 #0: stdout all=warning uptime,level,tags
 #1: stderr all=off uptime,level,tags

Environment Variables:
JAVA_HOME=C:\Program Files\Microsoft\jdk-17.0.12\
CLASSPATH=C:\vtT\ChatbotApp\android\\gradle\wrapper\gradle-wrapper.jar
PATH=c:\Users\Fahad Computer\AppData\Local\Programs\cursor\resources\app\bin;C:\Python313\Scripts\;C:\Python313\;C:\Program Files\Microsoft\jdk-11.0.26.4-hotspot\bin;C:\Program Files\Common Files\Oracle\Java\javapath;C:\Program Files\Microsoft\jdk-17.0.12.7-hotspot\bin;C:\Windows\system32;C:\Windows;C:\Windows\System32\Wbem;C:\Windows\System32\WindowsPowerShell\v1.0\;C:\Windows\System32\OpenSSH\;C:\ProgramData\chocolatey\bin;C:\Users\Fahad Computer\AppData\Local\Android\Sdk\platform-tools;C:\Program Files\Java\jdk-18.0.2.1\bin.exe;C:\Program Files\Git\cmd;C:\Android\Sdk\emulator;C:\Android\Sdk\tools;C:\Program Files\nodejs\;C:\Users\Fahad Computer\AppData\Local\Android\Sdk\tools;C:\Users\Fahad Computer\AppData\Local\Android\Sdk\tools;C:\Users\Fahad Computer\AppData\Local\Microsoft\WindowsApps;C:\Program Files\MongoDB\Server\7.0\bin;C:\Program Files\MongoDB\Server\7.0\bin;C:\Users\Fahad Computer\AppData\Roaming\npm;c:\Users\Fahad Computer\AppData\Local\Programs\cursor\resources\app\bin;c:\Users\Fahad Computer\AppData\Local\Programs\cursor\resources\app\bin;C:\Users\Fahad Computer\AppData\Local\Android\Sdk\tools;C:\Users\Fahad Computer\AppData\Local\Android\Sdk\tools;C:\Users\Fahad Computer\AppData\Local\Microsoft\WindowsApps;C:\Users\Fahad Computer\AppData\Local\Programs\Microsoft VS Code\bin;C:\Program Files\MongoDB\Server\7.0\bin;C:\Program Files\MongoDB\Server\7.0\bin;C:\Users\Fahad Computer\AppData\Roaming\npm;C:\Users\Fahad Computer\AppData\Local\Programs\cursor\resources\app\bin
USERNAME=Fahad Computer
LANG=en_US.UTF-8
OS=Windows_NT
PROCESSOR_IDENTIFIER=Intel64 Family 6 Model 122 Stepping 8, GenuineIntel



---------------  S Y S T E M  ---------------

OS:
 Windows 10 , 64 bit Build 19041 (10.0.19041.5678)
OS uptime: 0 days 6:50 hours
Hyper-V role detected

CPU: total 2 (initial active 2) (2 cores per cpu, 1 threads per core) family 6 model 122 stepping 8 microcode 0x18, cx8, cmov, fxsr, mmx, 3dnowpref, sse, sse2, sse3, ssse3, sse4.1, sse4.2, popcnt, tsc, tscinvbit, aes, erms, clmul, sha, clflush, clflushopt, hv

Memory: 4k page, system-wide physical 3918M (285M free)
TotalPageFile size 15694M (AvailPageFile size 846M)
current process WorkingSet (physical memory assigned to process): 770M, peak: 771M
current process commit charge ("private bytes"): 1377M, peak: 2229M

vm_info: Java HotSpot(TM) 64-Bit Server VM (17.0.12+8-LTS-286) for windows-amd64 JRE (17.0.12+8-LTS-286), built on Jun  5 2024 06:46:59 by "mach5one" with MS VC++ 17.6 (VS2022)

END.
