#
# There is insufficient memory for the Java Runtime Environment to continue.
# Native memory allocation (mmap) failed to map 115343360 bytes for G1 virtual space
# Possible reasons:
#   The system is out of physical RAM or swap space
#   The process is running with CompressedOops enabled, and the Java Heap may be blocking the growth of the native heap
# Possible solutions:
#   Reduce memory load on the system
#   Increase physical memory or swap space
#   Check if swap backing store is full
#   Decrease Java heap size (-Xmx/-Xms)
#   Decrease number of Java threads
#   Decrease Java thread stack sizes (-Xss)
#   Set larger code cache with -XX:ReservedCodeCacheSize=
#   JVM is running with Unscaled Compressed Oops mode in which the Java heap is
#     placed in the first 4GB address space. The Java Heap base address is the
#     maximum limit for the native heap growth. Please use -XX:HeapBaseMinAddress
#     to set the Java Heap base and to place the Java Heap above 4GB virtual address.
# This output file may be truncated or incomplete.
#
#  Out of Memory Error (os_windows.cpp:3530), pid=564, tid=13648
#
# JRE version: Java(TM) SE Runtime Environment (18.0.2.1+1) (build 18.0.2.1+1-1)
# Java VM: Java HotSpot(TM) 64-Bit Server VM (18.0.2.1+1-1, mixed mode, sharing, tiered, compressed oops, compressed class ptrs, g1 gc, windows-amd64)
# No core dump will be written. Minidumps are not enabled by default on client versions of Windows
#

---------------  S U M M A R Y ------------

Command Line: --add-opens=java.base/java.lang=ALL-UNNAMED --add-opens=java.base/java.lang.invoke=ALL-UNNAMED --add-opens=java.base/java.util=ALL-UNNAMED --add-opens=java.prefs/java.util.prefs=ALL-UNNAMED --add-exports=jdk.compiler/com.sun.tools.javac.api=ALL-UNNAMED --add-exports=jdk.compiler/com.sun.tools.javac.util=ALL-UNNAMED --add-opens=java.base/java.util=ALL-UNNAMED --add-opens=java.prefs/java.util.prefs=ALL-UNNAMED --add-opens=java.base/java.nio.charset=ALL-UNNAMED --add-opens=java.base/java.net=ALL-UNNAMED --add-opens=java.base/java.util.concurrent.atomic=ALL-UNNAMED --add-opens=java.xml/javax.xml.namespace=ALL-UNNAMED -XX:MaxMetaspaceSize=256m -XX:ReservedCodeCacheSize=64m -Xmx1g -Dfile.encoding=UTF-8 -Duser.country=US -Duser.language=en -Duser.variant -javaagent:C:\Users\Fahad Computer\.gradle\wrapper\dists\gradle-8.12-all\ejduaidbjup3bmmkhw3rie4zb\gradle-8.12\lib\agents\gradle-instrumentation-agent-8.12.jar org.gradle.launcher.daemon.bootstrap.GradleDaemon 8.12

Host: Intel(R) Celeron(R) N4020 CPU @ 1.10GHz, 2 cores, 3G,  Windows 10 , 64 bit Build 19041 (10.0.19041.5678)
Time: Wed May  7 08:19:01 2025 Pacific Daylight Time elapsed time: 36.278491 seconds (0d 0h 0m 36s)

---------------  T H R E A D  ---------------

Current thread (0x000002aabb05c960):  VMThread "VM Thread" [stack: 0x000000afa1f00000,0x000000afa2000000] [id=13648]

Stack: [0x000000afa1f00000,0x000000afa2000000]
Native frames: (J=compiled Java code, j=interpreted, Vv=VM code, C=native code)
V  [jvm.dll+0x6993aa]
V  [jvm.dll+0x7f46dd]
V  [jvm.dll+0x7f5fee]
V  [jvm.dll+0x7f66a3]
V  [jvm.dll+0x25cf1f]
V  [jvm.dll+0x6962f9]
V  [jvm.dll+0x68ae2a]
V  [jvm.dll+0x32255b]
V  [jvm.dll+0x329f36]
V  [jvm.dll+0x37eade]
V  [jvm.dll+0x37ed0f]
V  [jvm.dll+0x2fa2da]
V  [jvm.dll+0x2fa387]
V  [jvm.dll+0x33e8c2]
V  [jvm.dll+0x33ce64]
V  [jvm.dll+0x2f9ab0]
V  [jvm.dll+0x33c43b]
V  [jvm.dll+0x7fb48b]
V  [jvm.dll+0x7fc224]
V  [jvm.dll+0x7fc75c]
V  [jvm.dll+0x7fcbb4]
V  [jvm.dll+0x7fcc77]
V  [jvm.dll+0x7a120a]
V  [jvm.dll+0x698255]
C  [ucrtbase.dll+0x21bb2]
C  [KERNEL32.DLL+0x17374]
C  [ntdll.dll+0x4cc91]

VM_Operation (0x000000afa33ee990): G1CollectForAllocation, mode: safepoint, requested by thread 0x000002aabf5c8d30


---------------  P R O C E S S  ---------------

Threads class SMR info:
_java_thread_list=0x000002aac1c1b860, length=35, elements={
0x000002aaab3304c0, 0x000002aabb060010, 0x000002aabb061320, 0x000002aabb075c40,
0x000002aabb077660, 0x000002aabb077f10, 0x000002aabb078f60, 0x000002aabb079fb0,
0x000002aabb07e8a0, 0x000002aabb0c1c90, 0x000002aabf4338f0, 0x000002aabf4c71d0,
0x000002aabff00850, 0x000002aabf5d3990, 0x000002aac0a4eca0, 0x000002aac03546d0,
0x000002aabf7497e0, 0x000002aabf6d18a0, 0x000002aabf5c8d30, 0x000002aac0087a10,
0x000002aac008a090, 0x000002aac0089bc0, 0x000002aac008aa30, 0x000002aac0087ee0,
0x000002aac0088d50, 0x000002aac0087070, 0x000002aac00883b0, 0x000002aac0087540,
0x000002aac008a560, 0x000002aac1334a90, 0x000002aac1337ab0, 0x000002aac133a600,
0x000002aac1339c60, 0x000002aac133aad0, 0x000002aac133afa0
}

Java Threads: ( => current thread )
  0x000002aaab3304c0 JavaThread "main" [_thread_blocked, id=14444, stack(0x000000afa1900000,0x000000afa1a00000)]
  0x000002aabb060010 JavaThread "Reference Handler" daemon [_thread_blocked, id=5408, stack(0x000000afa2000000,0x000000afa2100000)]
  0x000002aabb061320 JavaThread "Finalizer" daemon [_thread_blocked, id=7308, stack(0x000000afa2100000,0x000000afa2200000)]
  0x000002aabb075c40 JavaThread "Signal Dispatcher" daemon [_thread_blocked, id=11712, stack(0x000000afa2200000,0x000000afa2300000)]
  0x000002aabb077660 JavaThread "Attach Listener" daemon [_thread_blocked, id=3188, stack(0x000000afa2300000,0x000000afa2400000)]
  0x000002aabb077f10 JavaThread "Service Thread" daemon [_thread_blocked, id=6972, stack(0x000000afa2400000,0x000000afa2500000)]
  0x000002aabb078f60 JavaThread "Monitor Deflation Thread" daemon [_thread_blocked, id=7908, stack(0x000000afa2500000,0x000000afa2600000)]
  0x000002aabb079fb0 JavaThread "C2 CompilerThread0" daemon [_thread_blocked, id=10344, stack(0x000000afa2600000,0x000000afa2700000)]
  0x000002aabb07e8a0 JavaThread "C1 CompilerThread0" daemon [_thread_blocked, id=3176, stack(0x000000afa2700000,0x000000afa2800000)]
  0x000002aabb0c1c90 JavaThread "Sweeper thread" daemon [_thread_blocked, id=15768, stack(0x000000afa2800000,0x000000afa2900000)]
  0x000002aabf4338f0 JavaThread "Common-Cleaner" daemon [_thread_blocked, id=7804, stack(0x000000afa2900000,0x000000afa2a00000)]
  0x000002aabf4c71d0 JavaThread "Notification Thread" daemon [_thread_blocked, id=5872, stack(0x000000afa2a00000,0x000000afa2b00000)]
  0x000002aabff00850 JavaThread "Daemon health stats" [_thread_blocked, id=14936, stack(0x000000afa2d00000,0x000000afa2e00000)]
  0x000002aabf5d3990 JavaThread "Incoming local TCP Connector on port 6495" [_thread_in_native, id=15116, stack(0x000000afa2e00000,0x000000afa2f00000)]
  0x000002aac0a4eca0 JavaThread "Daemon periodic checks" [_thread_blocked, id=13436, stack(0x000000afa2f00000,0x000000afa3000000)]
  0x000002aac03546d0 JavaThread "Daemon" [_thread_blocked, id=9664, stack(0x000000afa3000000,0x000000afa3100000)]
  0x000002aabf7497e0 JavaThread "Handler for socket connection from /127.0.0.1:6495 to /127.0.0.1:6496" [_thread_in_native, id=8576, stack(0x000000afa3100000,0x000000afa3200000)]
  0x000002aabf6d18a0 JavaThread "Cancel handler" [_thread_blocked, id=4260, stack(0x000000afa3200000,0x000000afa3300000)]
  0x000002aabf5c8d30 JavaThread "Daemon worker" [_thread_blocked, id=10272, stack(0x000000afa3300000,0x000000afa3400000)]
  0x000002aac0087a10 JavaThread "Asynchronous log dispatcher for DefaultDaemonConnection: socket connection from /127.0.0.1:6495 to /127.0.0.1:6496" [_thread_blocked, id=12180, stack(0x000000afa3400000,0x000000afa3500000)]
  0x000002aac008a090 JavaThread "Stdin handler" [_thread_blocked, id=10428, stack(0x000000afa3500000,0x000000afa3600000)]
  0x000002aac0089bc0 JavaThread "Daemon client event forwarder" [_thread_blocked, id=11808, stack(0x000000afa3600000,0x000000afa3700000)]
  0x000002aac008aa30 JavaThread "Cache worker for journal cache (C:\Users\Fahad Computer\.gradle\caches\journal-1)" [_thread_blocked, id=13720, stack(0x000000afa3700000,0x000000afa3800000)]
  0x000002aac0087ee0 JavaThread "File lock request listener" [_thread_in_native, id=14408, stack(0x000000afa3800000,0x000000afa3900000)]
  0x000002aac0088d50 JavaThread "Cache worker for file hash cache (C:\Users\Fahad Computer\.gradle\caches\8.12\fileHashes)" [_thread_blocked, id=3588, stack(0x000000afa3900000,0x000000afa3a00000)]
  0x000002aac0087070 JavaThread "Cache worker for file hash cache (C:\VoicetoText app\ChatbotApp\android\.gradle\8.12\fileHashes)" [_thread_blocked, id=780, stack(0x000000afa3a00000,0x000000afa3b00000)]
  0x000002aac00883b0 JavaThread "Cache worker for Build Output Cleanup Cache (C:\VoicetoText app\ChatbotApp\android\.gradle\buildOutputCleanup)" [_thread_blocked, id=7012, stack(0x000000afa3b00000,0x000000afa3c00000)]
  0x000002aac0087540 JavaThread "File watcher server" daemon [_thread_in_native, id=11188, stack(0x000000afa3c00000,0x000000afa3d00000)]
  0x000002aac008a560 JavaThread "File watcher consumer" daemon [_thread_blocked, id=16956, stack(0x000000afa3d00000,0x000000afa3e00000)]
  0x000002aac1334a90 JavaThread "jar transforms" [_thread_blocked, id=5868, stack(0x000000afa3e00000,0x000000afa3f00000)]
  0x000002aac1337ab0 JavaThread "Cache worker for checksums cache (C:\VoicetoText app\ChatbotApp\android\.gradle\8.12\checksums)" [_thread_blocked, id=12908, stack(0x000000afa3f00000,0x000000afa4000000)]
  0x000002aac133a600 JavaThread "Cache worker for file content cache (C:\Users\Fahad Computer\.gradle\caches\8.12\fileContent)" [_thread_blocked, id=10608, stack(0x000000afa4000000,0x000000afa4100000)]
  0x000002aac1339c60 JavaThread "Cache worker for cache directory md-rule (C:\Users\Fahad Computer\.gradle\caches\8.12\md-rule)" [_thread_blocked, id=17332, stack(0x000000afa4100000,0x000000afa4200000)]
  0x000002aac133aad0 JavaThread "Cache worker for cache directory md-supplier (C:\Users\Fahad Computer\.gradle\caches\8.12\md-supplier)" [_thread_blocked, id=13388, stack(0x000000afa4200000,0x000000afa4300000)]
  0x000002aac133afa0 JavaThread "Cache worker for Build Output Cleanup Cache (C:\VoicetoText app\ChatbotApp\node_modules\@react-native\gradle-plugin\.gradle\buildOutputCleanup)" [_thread_blocked, id=15748, stack(0x000000afa4300000,0x000000afa4400000)]

Other Threads:
=>0x000002aabb05c960 VMThread "VM Thread" [stack: 0x000000afa1f00000,0x000000afa2000000] [id=13648]
  0x000002aaab331260 WatcherThread "VM Periodic Task Thread" [stack: 0x000000afa2b00000,0x000000afa2c00000] [id=14508]
  0x000002aaab370bf0 WorkerThread "GC Thread#0" [stack: 0x000000afa1a00000,0x000000afa1b00000] [id=12112]
  0x000002aabf55d300 WorkerThread "GC Thread#1" [stack: 0x000000afa2c00000,0x000000afa2d00000] [id=11068]
  0x000002aaab379930 ConcurrentGCThread "G1 Main Marker" [stack: 0x000000afa1b00000,0x000000afa1c00000] [id=11508]
  0x000002aaab37a130 WorkerThread "G1 Conc#0" [stack: 0x000000afa1c00000,0x000000afa1d00000] [id=14252]
  0x000002aaab396110 ConcurrentGCThread "G1 Refine#0" [stack: 0x000000afa1d00000,0x000000afa1e00000] [id=15636]
  0x000002aac1e32bc0 ConcurrentGCThread "G1 Refine#1" [stack: 0x000000afa4400000,0x000000afa4500000] [id=6640]
  0x000002aaab396930 ConcurrentGCThread "G1 Service" [stack: 0x000000afa1e00000,0x000000afa1f00000] [id=12176]

Threads with active compile tasks:

VM state: at safepoint (normal execution)

VM Mutex/Monitor currently owned by a thread:  ([mutex/lock_event])
[0x000002aaab32b930] Threads_lock - owner thread: 0x000002aabb05c960
[0x000002aaab32b9c0] Heap_lock - owner thread: 0x000002aabf5c8d30

Heap address: 0x00000000c0000000, size: 1024 MB, Compressed Oops mode: 32-bit

CDS archive(s) mapped at: [0x0000000800000000-0x0000000800ba0000-0x0000000800ba0000), size 12189696, SharedBaseAddress: 0x0000000800000000, ArchiveRelocationMode: 0.
Compressed class space mapped at: 0x0000000800c00000-0x000000080dc00000, reserved size: 218103808
Narrow klass base: 0x0000000800000000, Narrow klass shift: 0, Narrow klass range: 0x100000000

GC Precious Log:
 CardTable entry size: 512
 Card Set container configuration: InlinePtr #cards 5 size 8 Array Of Cards #cards 12 size 40 Howl #buckets 4 coarsen threshold 1843 Howl Bitmap #cards 512 size 80 coarsen threshold 460 Card regions per heap region 1 cards per card region 2048
 CPUs: 2 total, 2 available
 Memory: 3918M
 Large Page Support: Disabled
 NUMA Support: Disabled
 Compressed Oops: Enabled (32-bit)
 Heap Region Size: 1M
 Heap Min Capacity: 8M
 Heap Initial Capacity: 62M
 Heap Max Capacity: 1G
 Pre-touch: Disabled
 Parallel Workers: 2
 Concurrent Workers: 1
 Concurrent Refinement Workers: 2
 Periodic GC: Disabled

Heap:
 garbage-first heap   total 117760K, used 67099K [0x00000000c0000000, 0x0000000100000000)
  region size 1024K, 2 young (2048K), 2 survivors (2048K)
 Metaspace       used 77199K, committed 79104K, reserved 344064K
  class space    used 10429K, committed 11392K, reserved 212992K

Heap Regions: E=young(eden), S=young(survivor), O=old, HS=humongous(starts), HC=humongous(continues), CS=collection set, F=free, OA=open archive, CA=closed archive, TAMS=top-at-mark-start (previous, next)
|   0|0x00000000c0000000, 0x00000000c0100000, 0x00000000c0100000|100%| O|  |TAMS 0x00000000c0100000, 0x00000000c0100000| Untracked 
|   1|0x00000000c0100000, 0x00000000c0200000, 0x00000000c0200000|100%|HS|  |TAMS 0x00000000c0200000, 0x00000000c0200000| Complete 
|   2|0x00000000c0200000, 0x00000000c0300000, 0x00000000c0300000|100%|HC|  |TAMS 0x00000000c0300000, 0x00000000c0300000| Complete 
|   3|0x00000000c0300000, 0x00000000c0400000, 0x00000000c0400000|100%|HC|  |TAMS 0x00000000c0400000, 0x00000000c0400000| Complete 
|   4|0x00000000c0400000, 0x00000000c0500000, 0x00000000c0500000|100%| O|  |TAMS 0x00000000c0500000, 0x00000000c0500000| Untracked 
|   5|0x00000000c0500000, 0x00000000c0600000, 0x00000000c0600000|100%| O|  |TAMS 0x00000000c0600000, 0x00000000c0600000| Untracked 
|   6|0x00000000c0600000, 0x00000000c0700000, 0x00000000c0700000|100%| O|  |TAMS 0x00000000c0700000, 0x00000000c0700000| Untracked 
|   7|0x00000000c0700000, 0x00000000c0800000, 0x00000000c0800000|100%| O|  |TAMS 0x00000000c0800000, 0x00000000c0800000| Untracked 
|   8|0x00000000c0800000, 0x00000000c0900000, 0x00000000c0900000|100%|HS|  |TAMS 0x00000000c0900000, 0x00000000c0900000| Complete 
|   9|0x00000000c0900000, 0x00000000c0a00000, 0x00000000c0a00000|100%| O|  |TAMS 0x00000000c0a00000, 0x00000000c0a00000| Untracked 
|  10|0x00000000c0a00000, 0x00000000c0b00000, 0x00000000c0b00000|100%| O|  |TAMS 0x00000000c0b00000, 0x00000000c0b00000| Untracked 
|  11|0x00000000c0b00000, 0x00000000c0c00000, 0x00000000c0c00000|100%| O|  |TAMS 0x00000000c0c00000, 0x00000000c0c00000| Untracked 
|  12|0x00000000c0c00000, 0x00000000c0d00000, 0x00000000c0d00000|100%| O|  |TAMS 0x00000000c0d00000, 0x00000000c0d00000| Untracked 
|  13|0x00000000c0d00000, 0x00000000c0e00000, 0x00000000c0e00000|100%| O|  |TAMS 0x00000000c0e00000, 0x00000000c0e00000| Untracked 
|  14|0x00000000c0e00000, 0x00000000c0f00000, 0x00000000c0f00000|100%| O|  |TAMS 0x00000000c0f00000, 0x00000000c0f00000| Untracked 
|  15|0x00000000c0f00000, 0x00000000c1000000, 0x00000000c1000000|100%| O|  |TAMS 0x00000000c1000000, 0x00000000c1000000| Untracked 
|  16|0x00000000c1000000, 0x00000000c1100000, 0x00000000c1100000|100%| O|  |TAMS 0x00000000c1100000, 0x00000000c1100000| Untracked 
|  17|0x00000000c1100000, 0x00000000c1200000, 0x00000000c1200000|100%| O|  |TAMS 0x00000000c1200000, 0x00000000c1200000| Untracked 
|  18|0x00000000c1200000, 0x00000000c1300000, 0x00000000c1300000|100%| O|  |TAMS 0x00000000c1300000, 0x00000000c1300000| Untracked 
|  19|0x00000000c1300000, 0x00000000c1400000, 0x00000000c1400000|100%| O|  |TAMS 0x00000000c1400000, 0x00000000c1400000| Untracked 
|  20|0x00000000c1400000, 0x00000000c1500000, 0x00000000c1500000|100%| O|  |TAMS 0x00000000c1500000, 0x00000000c1500000| Untracked 
|  21|0x00000000c1500000, 0x00000000c1600000, 0x00000000c1600000|100%| O|  |TAMS 0x00000000c1600000, 0x00000000c1600000| Untracked 
|  22|0x00000000c1600000, 0x00000000c1700000, 0x00000000c1700000|100%| O|  |TAMS 0x00000000c1700000, 0x00000000c1700000| Untracked 
|  23|0x00000000c1700000, 0x00000000c1800000, 0x00000000c1800000|100%| O|  |TAMS 0x00000000c1800000, 0x00000000c1800000| Untracked 
|  24|0x00000000c1800000, 0x00000000c1900000, 0x00000000c1900000|100%| O|  |TAMS 0x00000000c1900000, 0x00000000c1900000| Untracked 
|  25|0x00000000c1900000, 0x00000000c1a00000, 0x00000000c1a00000|100%| O|  |TAMS 0x00000000c1a00000, 0x00000000c1a00000| Untracked 
|  26|0x00000000c1a00000, 0x00000000c1b00000, 0x00000000c1b00000|100%| O|  |TAMS 0x00000000c1b00000, 0x00000000c1b00000| Untracked 
|  27|0x00000000c1b00000, 0x00000000c1c00000, 0x00000000c1c00000|100%| O|  |TAMS 0x00000000c1c00000, 0x00000000c1c00000| Untracked 
|  28|0x00000000c1c00000, 0x00000000c1d00000, 0x00000000c1d00000|100%| O|  |TAMS 0x00000000c1d00000, 0x00000000c1d00000| Untracked 
|  29|0x00000000c1d00000, 0x00000000c1e00000, 0x00000000c1e00000|100%| O|  |TAMS 0x00000000c1e00000, 0x00000000c1e00000| Untracked 
|  30|0x00000000c1e00000, 0x00000000c1f00000, 0x00000000c1f00000|100%| O|  |TAMS 0x00000000c1f00000, 0x00000000c1f00000| Untracked 
|  31|0x00000000c1f00000, 0x00000000c2000000, 0x00000000c2000000|100%| O|  |TAMS 0x00000000c2000000, 0x00000000c2000000| Untracked 
|  32|0x00000000c2000000, 0x00000000c2100000, 0x00000000c2100000|100%| O|  |TAMS 0x00000000c2100000, 0x00000000c2100000| Untracked 
|  33|0x00000000c2100000, 0x00000000c2200000, 0x00000000c2200000|100%| O|  |TAMS 0x00000000c2200000, 0x00000000c2200000| Untracked 
|  34|0x00000000c2200000, 0x00000000c2300000, 0x00000000c2300000|100%| O|  |TAMS 0x00000000c2300000, 0x00000000c2300000| Untracked 
|  35|0x00000000c2300000, 0x00000000c2400000, 0x00000000c2400000|100%| O|  |TAMS 0x00000000c2400000, 0x00000000c2400000| Untracked 
|  36|0x00000000c2400000, 0x00000000c2500000, 0x00000000c2500000|100%| O|  |TAMS 0x00000000c2500000, 0x00000000c2500000| Untracked 
|  37|0x00000000c2500000, 0x00000000c2600000, 0x00000000c2600000|100%| O|  |TAMS 0x00000000c2600000, 0x00000000c2600000| Untracked 
|  38|0x00000000c2600000, 0x00000000c2700000, 0x00000000c2700000|100%|HS|  |TAMS 0x00000000c2700000, 0x00000000c2700000| Complete 
|  39|0x00000000c2700000, 0x00000000c2800000, 0x00000000c2800000|100%| O|  |TAMS 0x00000000c2800000, 0x00000000c2800000| Untracked 
|  40|0x00000000c2800000, 0x00000000c2900000, 0x00000000c2900000|100%| O|  |TAMS 0x00000000c2900000, 0x00000000c2900000| Untracked 
|  41|0x00000000c2900000, 0x00000000c2a00000, 0x00000000c2a00000|100%| O|  |TAMS 0x00000000c2a00000, 0x00000000c2a00000| Untracked 
|  42|0x00000000c2a00000, 0x00000000c2b00000, 0x00000000c2b00000|100%| O|  |TAMS 0x00000000c2b00000, 0x00000000c2b00000| Untracked 
|  43|0x00000000c2b00000, 0x00000000c2c00000, 0x00000000c2c00000|100%| O|  |TAMS 0x00000000c2c00000, 0x00000000c2c00000| Untracked 
|  44|0x00000000c2c00000, 0x00000000c2d00000, 0x00000000c2d00000|100%| O|  |TAMS 0x00000000c2d00000, 0x00000000c2d00000| Untracked 
|  45|0x00000000c2d00000, 0x00000000c2e00000, 0x00000000c2e00000|100%| O|  |TAMS 0x00000000c2e00000, 0x00000000c2e00000| Untracked 
|  46|0x00000000c2e00000, 0x00000000c2f00000, 0x00000000c2f00000|100%| O|  |TAMS 0x00000000c2f00000, 0x00000000c2f00000| Untracked 
|  47|0x00000000c2f00000, 0x00000000c3000000, 0x00000000c3000000|100%| O|  |TAMS 0x00000000c3000000, 0x00000000c3000000| Untracked 
|  48|0x00000000c3000000, 0x00000000c3000000, 0x00000000c3100000|  0%| F|  |TAMS 0x00000000c3000000, 0x00000000c3000000| Untracked 
|  49|0x00000000c3100000, 0x00000000c3200000, 0x00000000c3200000|100%| O|  |TAMS 0x00000000c3100000, 0x00000000c3200000| Untracked 
|  50|0x00000000c3200000, 0x00000000c3300000, 0x00000000c3300000|100%| O|  |TAMS 0x00000000c3300000, 0x00000000c3300000| Untracked 
|  51|0x00000000c3300000, 0x00000000c3400000, 0x00000000c3400000|100%| O|  |TAMS 0x00000000c3400000, 0x00000000c3400000| Untracked 
|  52|0x00000000c3400000, 0x00000000c3500000, 0x00000000c3500000|100%| O|  |TAMS 0x00000000c3500000, 0x00000000c3500000| Untracked 
|  53|0x00000000c3500000, 0x00000000c3600000, 0x00000000c3600000|100%| O|  |TAMS 0x00000000c3597a00, 0x00000000c3600000| Untracked 
|  54|0x00000000c3600000, 0x00000000c3700000, 0x00000000c3700000|100%| O|  |TAMS 0x00000000c3600000, 0x00000000c3700000| Untracked 
|  55|0x00000000c3700000, 0x00000000c379dc00, 0x00000000c3800000| 61%| O|  |TAMS 0x00000000c3700000, 0x00000000c379dc00| Untracked 
|  56|0x00000000c3800000, 0x00000000c3800000, 0x00000000c3900000|  0%| F|  |TAMS 0x00000000c3800000, 0x00000000c3800000| Untracked 
|  57|0x00000000c3900000, 0x00000000c3900000, 0x00000000c3a00000|  0%| F|  |TAMS 0x00000000c3900000, 0x00000000c3900000| Untracked 
|  58|0x00000000c3a00000, 0x00000000c3b00000, 0x00000000c3b00000|100%| O|  |TAMS 0x00000000c3b00000, 0x00000000c3b00000| Untracked 
|  59|0x00000000c3b00000, 0x00000000c3c00000, 0x00000000c3c00000|100%| O|  |TAMS 0x00000000c3c00000, 0x00000000c3c00000| Untracked 
|  60|0x00000000c3c00000, 0x00000000c3d00000, 0x00000000c3d00000|100%| O|  |TAMS 0x00000000c3d00000, 0x00000000c3d00000| Untracked 
|  61|0x00000000c3d00000, 0x00000000c3d00000, 0x00000000c3e00000|  0%| F|  |TAMS 0x00000000c3d00000, 0x00000000c3d00000| Untracked 
|  62|0x00000000c3e00000, 0x00000000c3f00000, 0x00000000c3f00000|100%|HS|  |TAMS 0x00000000c3f00000, 0x00000000c3f00000| Complete 
|  63|0x00000000c3f00000, 0x00000000c4000000, 0x00000000c4000000|100%|HC|  |TAMS 0x00000000c4000000, 0x00000000c4000000| Complete 
|  64|0x00000000c4000000, 0x00000000c4100000, 0x00000000c4100000|100%|HC|  |TAMS 0x00000000c4100000, 0x00000000c4100000| Complete 
|  65|0x00000000c4100000, 0x00000000c4200000, 0x00000000c4200000|100%|HC|  |TAMS 0x00000000c4200000, 0x00000000c4200000| Complete 
|  66|0x00000000c4200000, 0x00000000c4300000, 0x00000000c4300000|100%|HC|  |TAMS 0x00000000c4300000, 0x00000000c4300000| Complete 
|  67|0x00000000c4300000, 0x00000000c4400000, 0x00000000c4400000|100%|HC|  |TAMS 0x00000000c4400000, 0x00000000c4400000| Complete 
|  68|0x00000000c4400000, 0x00000000c4400000, 0x00000000c4500000|  0%| F|  |TAMS 0x00000000c4400000, 0x00000000c4400000| Untracked 
|  69|0x00000000c4500000, 0x00000000c4500000, 0x00000000c4600000|  0%| F|  |TAMS 0x00000000c4500000, 0x00000000c4500000| Untracked 
|  70|0x00000000c4600000, 0x00000000c4600000, 0x00000000c4700000|  0%| F|  |TAMS 0x00000000c4600000, 0x00000000c4600000| Untracked 
|  71|0x00000000c4700000, 0x00000000c4700000, 0x00000000c4800000|  0%| F|  |TAMS 0x00000000c4700000, 0x00000000c4700000| Untracked 
|  72|0x00000000c4800000, 0x00000000c4800000, 0x00000000c4900000|  0%| F|  |TAMS 0x00000000c4800000, 0x00000000c4800000| Untracked 
|  73|0x00000000c4900000, 0x00000000c4900000, 0x00000000c4a00000|  0%| F|  |TAMS 0x00000000c4900000, 0x00000000c4900000| Untracked 
|  74|0x00000000c4a00000, 0x00000000c4a00000, 0x00000000c4b00000|  0%| F|  |TAMS 0x00000000c4a00000, 0x00000000c4a00000| Untracked 
|  75|0x00000000c4b00000, 0x00000000c4b00000, 0x00000000c4c00000|  0%| F|  |TAMS 0x00000000c4b00000, 0x00000000c4b00000| Untracked 
|  76|0x00000000c4c00000, 0x00000000c4c00000, 0x00000000c4d00000|  0%| F|  |TAMS 0x00000000c4c00000, 0x00000000c4c00000| Untracked 
|  77|0x00000000c4d00000, 0x00000000c4d00000, 0x00000000c4e00000|  0%| F|  |TAMS 0x00000000c4d00000, 0x00000000c4d00000| Untracked 
|  78|0x00000000c4e00000, 0x00000000c4e00000, 0x00000000c4f00000|  0%| F|  |TAMS 0x00000000c4e00000, 0x00000000c4e00000| Untracked 
|  79|0x00000000c4f00000, 0x00000000c4f00000, 0x00000000c5000000|  0%| F|  |TAMS 0x00000000c4f00000, 0x00000000c4f00000| Untracked 
|  80|0x00000000c5000000, 0x00000000c5000000, 0x00000000c5100000|  0%| F|  |TAMS 0x00000000c5000000, 0x00000000c5000000| Untracked 
|  81|0x00000000c5100000, 0x00000000c5100000, 0x00000000c5200000|  0%| F|  |TAMS 0x00000000c5100000, 0x00000000c5100000| Untracked 
|  82|0x00000000c5200000, 0x00000000c52e9158, 0x00000000c5300000| 91%| S|CS|TAMS 0x00000000c5200000, 0x00000000c5200000| Complete 
|  83|0x00000000c5300000, 0x00000000c5400000, 0x00000000c5400000|100%| S|CS|TAMS 0x00000000c5300000, 0x00000000c5300000| Complete 
|  84|0x00000000c5400000, 0x00000000c5400000, 0x00000000c5500000|  0%| F|  |TAMS 0x00000000c5400000, 0x00000000c5400000| Untracked 
|  85|0x00000000c5500000, 0x00000000c5500000, 0x00000000c5600000|  0%| F|  |TAMS 0x00000000c5500000, 0x00000000c5500000| Untracked 
|  86|0x00000000c5600000, 0x00000000c5600000, 0x00000000c5700000|  0%| F|  |TAMS 0x00000000c5600000, 0x00000000c5600000| Untracked 
|  87|0x00000000c5700000, 0x00000000c5700000, 0x00000000c5800000|  0%| F|  |TAMS 0x00000000c5700000, 0x00000000c5700000| Untracked 
|  88|0x00000000c5800000, 0x00000000c5800000, 0x00000000c5900000|  0%| F|  |TAMS 0x00000000c5800000, 0x00000000c5800000| Untracked 
|  89|0x00000000c5900000, 0x00000000c5900000, 0x00000000c5a00000|  0%| F|  |TAMS 0x00000000c5900000, 0x00000000c5900000| Untracked 
|  90|0x00000000c5a00000, 0x00000000c5a00000, 0x00000000c5b00000|  0%| F|  |TAMS 0x00000000c5a00000, 0x00000000c5a00000| Untracked 
|  91|0x00000000c5b00000, 0x00000000c5b00000, 0x00000000c5c00000|  0%| F|  |TAMS 0x00000000c5b00000, 0x00000000c5b00000| Untracked 
|  92|0x00000000c5c00000, 0x00000000c5c00000, 0x00000000c5d00000|  0%| F|  |TAMS 0x00000000c5c00000, 0x00000000c5c00000| Untracked 
|  93|0x00000000c5d00000, 0x00000000c5d00000, 0x00000000c5e00000|  0%| F|  |TAMS 0x00000000c5d00000, 0x00000000c5d00000| Untracked 
|  94|0x00000000c5e00000, 0x00000000c5e00000, 0x00000000c5f00000|  0%| F|  |TAMS 0x00000000c5e00000, 0x00000000c5e00000| Untracked 
|  95|0x00000000c5f00000, 0x00000000c5f00000, 0x00000000c6000000|  0%| F|  |TAMS 0x00000000c5f00000, 0x00000000c5f00000| Untracked 
|  96|0x00000000c6000000, 0x00000000c6000000, 0x00000000c6100000|  0%| F|  |TAMS 0x00000000c6000000, 0x00000000c6000000| Untracked 
|  97|0x00000000c6100000, 0x00000000c6100000, 0x00000000c6200000|  0%| F|  |TAMS 0x00000000c6100000, 0x00000000c6100000| Untracked 
|  98|0x00000000c6200000, 0x00000000c6200000, 0x00000000c6300000|  0%| F|  |TAMS 0x00000000c6200000, 0x00000000c6200000| Untracked 
|  99|0x00000000c6300000, 0x00000000c6300000, 0x00000000c6400000|  0%| F|  |TAMS 0x00000000c6300000, 0x00000000c6300000| Untracked 
| 100|0x00000000c6400000, 0x00000000c6400000, 0x00000000c6500000|  0%| F|  |TAMS 0x00000000c6400000, 0x00000000c6400000| Untracked 
| 101|0x00000000c6500000, 0x00000000c6500000, 0x00000000c6600000|  0%| F|  |TAMS 0x00000000c6500000, 0x00000000c6500000| Untracked 
| 102|0x00000000c6600000, 0x00000000c6600000, 0x00000000c6700000|  0%| F|  |TAMS 0x00000000c6600000, 0x00000000c6600000| Untracked 
| 103|0x00000000c6700000, 0x00000000c6700000, 0x00000000c6800000|  0%| F|  |TAMS 0x00000000c6700000, 0x00000000c6700000| Untracked 
| 104|0x00000000c6800000, 0x00000000c6800000, 0x00000000c6900000|  0%| F|  |TAMS 0x00000000c6800000, 0x00000000c6800000| Untracked 
| 105|0x00000000c6900000, 0x00000000c6900000, 0x00000000c6a00000|  0%| F|  |TAMS 0x00000000c6900000, 0x00000000c6900000| Untracked 
| 106|0x00000000c6a00000, 0x00000000c6a00000, 0x00000000c6b00000|  0%| F|  |TAMS 0x00000000c6a00000, 0x00000000c6a00000| Untracked 
| 107|0x00000000c6b00000, 0x00000000c6b00000, 0x00000000c6c00000|  0%| F|  |TAMS 0x00000000c6b00000, 0x00000000c6b00000| Untracked 
| 108|0x00000000c6c00000, 0x00000000c6c00000, 0x00000000c6d00000|  0%| F|  |TAMS 0x00000000c6c00000, 0x00000000c6c00000| Untracked 
| 109|0x00000000c6d00000, 0x00000000c6d00000, 0x00000000c6e00000|  0%| F|  |TAMS 0x00000000c6d00000, 0x00000000c6d00000| Untracked 
| 110|0x00000000c6e00000, 0x00000000c6e00000, 0x00000000c6f00000|  0%| F|  |TAMS 0x00000000c6e00000, 0x00000000c6e00000| Untracked 
| 111|0x00000000c6f00000, 0x00000000c6f00000, 0x00000000c7000000|  0%| F|  |TAMS 0x00000000c6f00000, 0x00000000c6f00000| Untracked 
| 112|0x00000000c7000000, 0x00000000c7000000, 0x00000000c7100000|  0%| F|  |TAMS 0x00000000c7000000, 0x00000000c7000000| Untracked 
| 113|0x00000000c7100000, 0x00000000c7100000, 0x00000000c7200000|  0%| F|  |TAMS 0x00000000c7100000, 0x00000000c7100000| Untracked 
| 114|0x00000000c7200000, 0x00000000c7200000, 0x00000000c7300000|  0%| F|  |TAMS 0x00000000c7200000, 0x00000000c7200000| Untracked 

Card table byte_map: [0x000002aaaaf10000,0x000002aaab110000] _byte_map_base: 0x000002aaaa910000

Marking Bits (Prev, Next): (CMBitMap*) 0x000002aaab371040, (CMBitMap*) 0x000002aaab371000
 Prev Bits: [0x000002aab7e60000, 0x000002aab8e60000)
 Next Bits: [0x000002aab6e60000, 0x000002aab7e60000)

Polling page: 0x000002aaa9100000

Metaspace:

Usage:
  Non-class:     65.20 MB used.
      Class:     10.19 MB used.
       Both:     75.39 MB used.

Virtual space:
  Non-class space:      128.00 MB reserved,      66.12 MB ( 52%) committed,  2 nodes.
      Class space:      208.00 MB reserved,      11.12 MB (  5%) committed,  1 nodes.
             Both:      336.00 MB reserved,      77.25 MB ( 23%) committed. 

Chunk freelists:
   Non-Class:  1.84 MB
       Class:  896.00 KB
        Both:  2.72 MB

MaxMetaspaceSize: 256.00 MB
CompressedClassSpaceSize: 208.00 MB
Initial GC threshold: 21.00 MB
Current GC threshold: 118.25 MB
CDS: on
MetaspaceReclaimPolicy: balanced
 - commit_granule_bytes: 65536.
 - commit_granule_words: 8192.
 - virtual_space_node_default_size: 8388608.
 - enlarge_chunks_in_place: 1.
 - new_chunks_are_fully_committed: 0.
 - uncommit_free_chunks: 1.
 - use_allocation_guard: 0.


Internal statistics:

num_allocs_failed_limit: 3.
num_arena_births: 3448.
num_arena_deaths: 0.
num_vsnodes_births: 3.
num_vsnodes_deaths: 0.
num_space_committed: 1234.
num_space_uncommitted: 0.
num_chunks_returned_to_freelist: 3.
num_chunks_taken_from_freelist: 6796.
num_chunk_merges: 3.
num_chunk_splits: 4706.
num_chunks_enlarged: 3162.
num_inconsistent_stats: 0.

CodeCache: size=65536Kb used=15337Kb max_used=15346Kb free=50198Kb
 bounds [0x000002aab2c60000, 0x000002aab3b60000, 0x000002aab6c60000]
 total_blobs=6019 nmethods=5105 adapters=827
 compilation: enabled
              stopped_count=0, restarted_count=0
 full_count=0

Compilation events (20 events):
Event: 36.223 Thread 0x000002aabb07e8a0 6150       1       org.jetbrains.kotlin.serialization.deserialization.DeserializationComponents::getLookupTracker (5 bytes)
Event: 36.223 Thread 0x000002aabb07e8a0 nmethod 6150 0x000002aab3b50c10 code [0x000002aab3b50da0, 0x000002aab3b50e78]
Event: 36.224 Thread 0x000002aabb07e8a0 6151       3       kotlin.sequences.TransformingSequence$iterator$1::hasNext (10 bytes)
Event: 36.224 Thread 0x000002aabb07e8a0 nmethod 6151 0x000002aab3b50f10 code [0x000002aab3b510c0, 0x000002aab3b51288]
Event: 36.231 Thread 0x000002aabb07e8a0 6152       1       org.jetbrains.kotlin.com.intellij.util.containers.RefHashMap::access$200 (5 bytes)
Event: 36.231 Thread 0x000002aabb07e8a0 nmethod 6152 0x000002aab3b51390 code [0x000002aab3b51520, 0x000002aab3b515d8]
Event: 36.231 Thread 0x000002aabb07e8a0 6153       1       org.jetbrains.kotlin.com.intellij.util.containers.RefHashMap$HardKey::hashCode (5 bytes)
Event: 36.231 Thread 0x000002aabb07e8a0 nmethod 6153 0x000002aab3b51690 code [0x000002aab3b51820, 0x000002aab3b518f8]
Event: 36.231 Thread 0x000002aabb07e8a0 6154       3       org.jetbrains.kotlin.cli.jvm.index.JvmDependenciesIndexImpl::search (374 bytes)
Event: 36.232 Thread 0x000002aabb079fb0 6157   !   4       kotlin.SynchronizedLazyImpl::getValue (92 bytes)
Event: 36.235 Thread 0x000002aabb07e8a0 nmethod 6154 0x000002aab3b51990 code [0x000002aab3b52020, 0x000002aab3b55e88]
Event: 36.235 Thread 0x000002aabb07e8a0 6156       3       org.jetbrains.kotlin.cli.jvm.index.JvmDependenciesIndexImpl::traverseDirectoriesInPackage$lambda$6$lambda$5 (39 bytes)
Event: 36.236 Thread 0x000002aabb07e8a0 nmethod 6156 0x000002aab3b5ad90 code [0x000002aab3b5b040, 0x000002aab3b5bd08]
Event: 36.236 Thread 0x000002aabb079fb0 nmethod 6157 0x000002aab3b5c110 code [0x000002aab3b5c2a0, 0x000002aab3b5c718]
Event: 36.236 Thread 0x000002aabb07e8a0 6155       3       org.jetbrains.kotlin.cli.jvm.index.JvmDependenciesIndexImpl::getRootCache (15 bytes)
Event: 36.236 Thread 0x000002aabb07e8a0 nmethod 6155 0x000002aab3b5a810 code [0x000002aab3b5a9c0, 0x000002aab3b5ac88]
Event: 36.238 Thread 0x000002aabb07e8a0 6158       3       org.jetbrains.org.objectweb.asm.ClassReader::readElementValues (88 bytes)
Event: 36.239 Thread 0x000002aabb07e8a0 nmethod 6158 0x000002aab3b59d10 code [0x000002aab3b59f20, 0x000002aab3b5a558]
Event: 36.244 Thread 0x000002aabb07e8a0 6159       3       java.util.concurrent.locks.ReentrantLock$Sync::tryLockNanos (36 bytes)
Event: 36.245 Thread 0x000002aabb07e8a0 nmethod 6159 0x000002aab3b59490 code [0x000002aab3b59680, 0x000002aab3b59b38]

GC Heap History (20 events):
Event: 29.385 GC heap after
{Heap after GC invocations=31 (full 0):
 garbage-first heap   total 96256K, used 54014K [0x00000000c0000000, 0x0000000100000000)
  region size 1024K, 3 young (3072K), 3 survivors (3072K)
 Metaspace       used 59358K, committed 60864K, reserved 278528K
  class space    used 8400K, committed 9152K, reserved 212992K
}
Event: 30.171 GC heap before
{Heap before GC invocations=31 (full 0):
 garbage-first heap   total 96256K, used 72446K [0x00000000c0000000, 0x0000000100000000)
  region size 1024K, 21 young (21504K), 3 survivors (3072K)
 Metaspace       used 61922K, committed 63424K, reserved 278528K
  class space    used 8702K, committed 9472K, reserved 212992K
}
Event: 30.182 GC heap after
{Heap after GC invocations=32 (full 0):
 garbage-first heap   total 96256K, used 55081K [0x00000000c0000000, 0x0000000100000000)
  region size 1024K, 1 young (1024K), 1 survivors (1024K)
 Metaspace       used 61922K, committed 63424K, reserved 278528K
  class space    used 8702K, committed 9472K, reserved 212992K
}
Event: 31.189 GC heap before
{Heap before GC invocations=33 (full 0):
 garbage-first heap   total 96256K, used 80681K [0x00000000c0000000, 0x0000000100000000)
  region size 1024K, 20 young (20480K), 1 survivors (1024K)
 Metaspace       used 63635K, committed 65216K, reserved 278528K
  class space    used 8871K, committed 9664K, reserved 212992K
}
Event: 31.196 GC heap after
{Heap after GC invocations=34 (full 0):
 garbage-first heap   total 96256K, used 62697K [0x00000000c0000000, 0x0000000100000000)
  region size 1024K, 3 young (3072K), 3 survivors (3072K)
 Metaspace       used 63635K, committed 65216K, reserved 278528K
  class space    used 8871K, committed 9664K, reserved 212992K
}
Event: 31.241 GC heap before
{Heap before GC invocations=34 (full 0):
 garbage-first heap   total 96256K, used 63721K [0x00000000c0000000, 0x0000000100000000)
  region size 1024K, 4 young (4096K), 3 survivors (3072K)
 Metaspace       used 63733K, committed 65280K, reserved 278528K
  class space    used 8882K, committed 9664K, reserved 212992K
}
Event: 31.248 GC heap after
{Heap after GC invocations=35 (full 0):
 garbage-first heap   total 96256K, used 62257K [0x00000000c0000000, 0x0000000100000000)
  region size 1024K, 1 young (1024K), 1 survivors (1024K)
 Metaspace       used 63733K, committed 65280K, reserved 278528K
  class space    used 8882K, committed 9664K, reserved 212992K
}
Event: 31.716 GC heap before
{Heap before GC invocations=35 (full 0):
 garbage-first heap   total 96256K, used 77617K [0x00000000c0000000, 0x0000000100000000)
  region size 1024K, 16 young (16384K), 1 survivors (1024K)
 Metaspace       used 65245K, committed 66752K, reserved 278528K
  class space    used 9037K, committed 9792K, reserved 212992K
}
Event: 31.720 GC heap after
{Heap after GC invocations=36 (full 0):
 garbage-first heap   total 96256K, used 62897K [0x00000000c0000000, 0x0000000100000000)
  region size 1024K, 1 young (1024K), 1 survivors (1024K)
 Metaspace       used 65245K, committed 66752K, reserved 278528K
  class space    used 9037K, committed 9792K, reserved 212992K
}
Event: 32.858 GC heap before
{Heap before GC invocations=37 (full 0):
 garbage-first heap   total 109568K, used 78257K [0x00000000c0000000, 0x0000000100000000)
  region size 1024K, 16 young (16384K), 1 survivors (1024K)
 Metaspace       used 67014K, committed 68608K, reserved 278528K
  class space    used 9168K, committed 9984K, reserved 212992K
}
Event: 32.872 GC heap after
{Heap after GC invocations=38 (full 0):
 garbage-first heap   total 109568K, used 63833K [0x00000000c0000000, 0x0000000100000000)
  region size 1024K, 2 young (2048K), 2 survivors (2048K)
 Metaspace       used 67014K, committed 68608K, reserved 278528K
  class space    used 9168K, committed 9984K, reserved 212992K
}
Event: 32.991 GC heap before
{Heap before GC invocations=38 (full 0):
 garbage-first heap   total 109568K, used 66905K [0x00000000c0000000, 0x0000000100000000)
  region size 1024K, 5 young (5120K), 2 survivors (2048K)
 Metaspace       used 67386K, committed 68928K, reserved 278528K
  class space    used 9188K, committed 9984K, reserved 212992K
}
Event: 33.003 GC heap after
{Heap after GC invocations=39 (full 0):
 garbage-first heap   total 109568K, used 63548K [0x00000000c0000000, 0x0000000100000000)
  region size 1024K, 1 young (1024K), 1 survivors (1024K)
 Metaspace       used 67386K, committed 68928K, reserved 278528K
  class space    used 9188K, committed 9984K, reserved 212992K
}
Event: 33.825 GC heap before
{Heap before GC invocations=39 (full 0):
 garbage-first heap   total 109568K, used 87100K [0x00000000c0000000, 0x0000000100000000)
  region size 1024K, 25 young (25600K), 1 survivors (1024K)
 Metaspace       used 70168K, committed 71936K, reserved 278528K
  class space    used 9526K, committed 10432K, reserved 212992K
}
Event: 33.831 GC heap after
{Heap after GC invocations=40 (full 0):
 garbage-first heap   total 109568K, used 64641K [0x00000000c0000000, 0x0000000100000000)
  region size 1024K, 2 young (2048K), 2 survivors (2048K)
 Metaspace       used 70168K, committed 71936K, reserved 278528K
  class space    used 9526K, committed 10432K, reserved 212992K
}
Event: 34.712 GC heap before
{Heap before GC invocations=41 (full 0):
 garbage-first heap   total 117760K, used 89217K [0x00000000c0000000, 0x0000000100000000)
  region size 1024K, 26 young (26624K), 2 survivors (2048K)
 Metaspace       used 73044K, committed 74944K, reserved 278528K
  class space    used 9902K, committed 10880K, reserved 212992K
}
Event: 34.721 GC heap after
{Heap after GC invocations=42 (full 0):
 garbage-first heap   total 117760K, used 65760K [0x00000000c0000000, 0x0000000100000000)
  region size 1024K, 3 young (3072K), 3 survivors (3072K)
 Metaspace       used 73044K, committed 74944K, reserved 278528K
  class space    used 9902K, committed 10880K, reserved 212992K
}
Event: 34.801 GC heap before
{Heap before GC invocations=42 (full 0):
 garbage-first heap   total 117760K, used 67808K [0x00000000c0000000, 0x0000000100000000)
  region size 1024K, 5 young (5120K), 3 survivors (3072K)
 Metaspace       used 73286K, committed 75200K, reserved 278528K
  class space    used 9932K, committed 10944K, reserved 212992K
}
Event: 34.812 GC heap after
{Heap after GC invocations=43 (full 0):
 garbage-first heap   total 117760K, used 65584K [0x00000000c0000000, 0x0000000100000000)
  region size 1024K, 1 young (1024K), 1 survivors (1024K)
 Metaspace       used 73286K, committed 75200K, reserved 278528K
  class space    used 9932K, committed 10944K, reserved 212992K
}
Event: 36.264 GC heap before
{Heap before GC invocations=43 (full 0):
 garbage-first heap   total 117760K, used 95280K [0x00000000c0000000, 0x0000000100000000)
  region size 1024K, 31 young (31744K), 1 survivors (1024K)
 Metaspace       used 77199K, committed 79104K, reserved 344064K
  class space    used 10429K, committed 11392K, reserved 212992K
}

Deoptimization events (20 events):
Event: 34.578 Thread 0x000002aabf5c8d30 Uncommon trap: trap_request=0xffffff45 fr.pc=0x000002aab36e4ca8 relative=0x0000000000000668
Event: 34.578 Thread 0x000002aabf5c8d30 Uncommon trap: reason=unstable_if action=reinterpret pc=0x000002aab36e4ca8 method=org.jetbrains.org.objectweb.asm.ClassReader.readUtf(II[C)Ljava/lang/String; @ 41 c2
Event: 34.578 Thread 0x000002aabf5c8d30 DEOPT PACKING pc=0x000002aab36e4ca8 sp=0x000000afa33f22e0
Event: 34.578 Thread 0x000002aabf5c8d30 DEOPT UNPACKING pc=0x000002aab2cb239d sp=0x000000afa33f2210 mode 2
Event: 34.579 Thread 0x000002aabf5c8d30 Uncommon trap: trap_request=0xffffffc6 fr.pc=0x000002aab39b3ed0 relative=0x0000000000000290
Event: 34.579 Thread 0x000002aabf5c8d30 Uncommon trap: reason=bimorphic_or_optimized_type_check action=maybe_recompile pc=0x000002aab39b3ed0 method=org.jetbrains.kotlin.protobuf.CodedInputStream.tryRefillBuffer(I)Z @ 177 c2
Event: 34.579 Thread 0x000002aabf5c8d30 DEOPT PACKING pc=0x000002aab39b3ed0 sp=0x000000afa33f25f0
Event: 34.579 Thread 0x000002aabf5c8d30 DEOPT UNPACKING pc=0x000002aab2cb239d sp=0x000000afa33f2528 mode 2
Event: 34.636 Thread 0x000002aabf5c8d30 Uncommon trap: trap_request=0xffffff45 fr.pc=0x000002aab326e37c relative=0x000000000000055c
Event: 34.636 Thread 0x000002aabf5c8d30 Uncommon trap: reason=unstable_if action=reinterpret pc=0x000002aab326e37c method=org.jetbrains.org.objectweb.asm.ClassReader.readUtf(II[C)Ljava/lang/String; @ 41 c2
Event: 34.636 Thread 0x000002aabf5c8d30 DEOPT PACKING pc=0x000002aab326e37c sp=0x000000afa33f1f20
Event: 34.636 Thread 0x000002aabf5c8d30 DEOPT UNPACKING pc=0x000002aab2cb239d sp=0x000000afa33f1ec8 mode 2
Event: 36.085 Thread 0x000002aabf5c8d30 Uncommon trap: trap_request=0xffffff45 fr.pc=0x000002aab38ea138 relative=0x0000000000000678
Event: 36.085 Thread 0x000002aabf5c8d30 Uncommon trap: reason=unstable_if action=reinterpret pc=0x000002aab38ea138 method=java.util.regex.Pattern.atom()Ljava/util/regex/Pattern$Node; @ 14 c2
Event: 36.085 Thread 0x000002aabf5c8d30 DEOPT PACKING pc=0x000002aab38ea138 sp=0x000000afa33f0440
Event: 36.085 Thread 0x000002aabf5c8d30 DEOPT UNPACKING pc=0x000002aab2cb239d sp=0x000000afa33f03f8 mode 2
Event: 36.217 Thread 0x000002aabf5c8d30 Uncommon trap: trap_request=0xffffff45 fr.pc=0x000002aab2fd1dfc relative=0x00000000000000dc
Event: 36.217 Thread 0x000002aabf5c8d30 Uncommon trap: reason=unstable_if action=reinterpret pc=0x000002aab2fd1dfc method=java.text.StringCharacterIterator.current()C @ 19 c2
Event: 36.217 Thread 0x000002aabf5c8d30 DEOPT PACKING pc=0x000002aab2fd1dfc sp=0x000000afa33f06b0
Event: 36.217 Thread 0x000002aabf5c8d30 DEOPT UNPACKING pc=0x000002aab2cb239d sp=0x000000afa33f0648 mode 2

Classes loaded (20 events):
Event: 26.857 Loading class java/util/zip/ZipFile$ZipEntryIterator
Event: 26.858 Loading class java/util/zip/ZipFile$ZipEntryIterator done
Event: 28.733 Loading class java/nio/channels/Channels$ReadableByteChannelImpl
Event: 28.734 Loading class java/nio/channels/Channels$ReadableByteChannelImpl done
Event: 28.734 Loading class java/nio/channels/NonWritableChannelException
Event: 28.734 Loading class java/nio/channels/NonWritableChannelException done
Event: 34.684 Loading class java/text/StringCharacterIterator
Event: 34.684 Loading class java/text/CharacterIterator
Event: 34.685 Loading class java/text/CharacterIterator done
Event: 34.685 Loading class java/text/StringCharacterIterator done
Event: 34.874 Loading class java/io/NotSerializableException
Event: 34.874 Loading class java/io/NotSerializableException done
Event: 35.263 Loading class java/util/AbstractList$ListItr
Event: 35.263 Loading class java/util/AbstractList$ListItr done
Event: 35.887 Loading class java/util/function/IntUnaryOperator
Event: 35.887 Loading class java/util/function/IntUnaryOperator done
Event: 36.031 Loading class java/util/AbstractList$SubList
Event: 36.031 Loading class java/util/AbstractList$SubList done
Event: 36.031 Loading class java/util/AbstractList$SubList$1
Event: 36.032 Loading class java/util/AbstractList$SubList$1 done

Classes unloaded (0 events):
No events

Classes redefined (0 events):
No events

Internal exceptions (20 events):
Event: 28.554 Thread 0x000002aabf5c8d30 Implicit null exception at 0x000002aab367e12b to 0x000002aab3680044
Event: 28.554 Thread 0x000002aabf5c8d30 Implicit null exception at 0x000002aab33c5dd9 to 0x000002aab33c63ac
Event: 33.415 Thread 0x000002aabf5c8d30 Exception <a 'java/lang/NoSuchMethodError'{0x00000000c5e467a8}: 'java.lang.Object java.lang.invoke.DirectMethodHandle$Holder.newInvokeSpecial(java.lang.Object, java.lang.Object, java.lang.Object, java.lang.Object, java.lang.Object, java.lang.Object, java.lang.Object, java.lang.Object, java.lang.Object, java.lang.Object, java.lang.Object, java.lang.Object, java.lang.Object, java.lang.Object)'> (0x00000000c5e467a8) 
thrown [s\open\src\hotspot\share\interpreter\linkResolver.cpp, line 759]
Event: 33.469 Thread 0x000002aabf5c8d30 Exception <a 'java/lang/NoSuchMethodError'{0x00000000c5d87e60}: 'java.lang.Object java.lang.invoke.DirectMethodHandle$Holder.newInvokeSpecial(java.lang.Object, java.lang.Object, java.lang.Object, java.lang.Object, java.lang.Object, java.lang.Object, java.lang.Object, java.lang.Object, java.lang.Object, java.lang.Object, java.lang.Object, java.lang.Object, java.lang.Object, java.lang.Object, java.lang.Object, java.lang.Object, java.lang.Object, java.lang.Object, java.lang.Object, java.lang.Object, java.lang
Event: 33.506 Thread 0x000002aabf5c8d30 Exception <a 'java/lang/NoSuchMethodError'{0x00000000c5b8ffa0}: 'java.lang.Object java.lang.invoke.DirectMethodHandle$Holder.newInvokeSpecial(java.lang.Object, java.lang.Object, java.lang.Object, java.lang.Object, java.lang.Object, java.lang.Object, java.lang.Object, java.lang.Object, java.lang.Object, java.lang.Object, java.lang.Object, java.lang.Object, java.lang.Object, java.lang.Object, java.lang.Object, java.lang.Object, java.lang.Object, java.lang.Object, java.lang.Object, java.lang.Object)'> (0x0000
Event: 33.506 Thread 0x000002aabf5c8d30 Exception <a 'java/lang/NoSuchMethodError'{0x00000000c5b97fb0}: 'java.lang.Object java.lang.invoke.DirectMethodHandle$Holder.invokeSpecial(java.lang.Object, java.lang.Object, java.lang.Object, java.lang.Object, java.lang.Object, java.lang.Object, java.lang.Object, java.lang.Object, java.lang.Object, java.lang.Object, java.lang.Object, java.lang.Object, java.lang.Object, java.lang.Object, java.lang.Object, java.lang.Object, java.lang.Object, java.lang.Object, java.lang.Object, java.lang.Object, java.lang.Ob
Event: 33.507 Thread 0x000002aabf5c8d30 Exception <a 'java/lang/NoSuchMethodError'{0x00000000c5b9ebd8}: 'java.lang.Object java.lang.invoke.DelegatingMethodHandle$Holder.reinvoke_L(java.lang.Object, java.lang.Object, java.lang.Object, java.lang.Object, java.lang.Object, java.lang.Object, java.lang.Object, java.lang.Object, java.lang.Object, java.lang.Object, java.lang.Object, java.lang.Object, java.lang.Object, java.lang.Object, java.lang.Object, java.lang.Object, java.lang.Object, java.lang.Object, java.lang.Object, java.lang.Object)'> (0x000000
Event: 33.805 Thread 0x000002aabf5c8d30 Exception <a 'java/lang/NoSuchMethodError'{0x00000000c53c2de8}: 'java.lang.Object java.lang.invoke.DirectMethodHandle$Holder.newInvokeSpecial(java.lang.Object, java.lang.Object, java.lang.Object, java.lang.Object, java.lang.Object, java.lang.Object, java.lang.Object, java.lang.Object, java.lang.Object, java.lang.Object, java.lang.Object, java.lang.Object, java.lang.Object, java.lang.Object, java.lang.Object, java.lang.Object)'> (0x00000000c53c2de8) 
thrown [s\open\src\hotspot\share\interpreter\linkResolver
Event: 33.805 Thread 0x000002aabf5c8d30 Exception <a 'java/lang/NoSuchMethodError'{0x00000000c53ca208}: 'java.lang.Object java.lang.invoke.DirectMethodHandle$Holder.invokeSpecial(java.lang.Object, java.lang.Object, java.lang.Object, java.lang.Object, java.lang.Object, java.lang.Object, java.lang.Object, java.lang.Object, java.lang.Object, java.lang.Object, java.lang.Object, java.lang.Object, java.lang.Object, java.lang.Object, java.lang.Object, java.lang.Object, java.lang.Object)'> (0x00000000c53ca208) 
thrown [s\open\src\hotspot\share\interpret
Event: 33.819 Thread 0x000002aabf5c8d30 Exception <a 'java/lang/NoSuchMethodError'{0x00000000c528d0e8}: 'java.lang.Object java.lang.invoke.DirectMethodHandle$Holder.newInvokeSpecial(java.lang.Object, java.lang.Object, java.lang.Object, java.lang.Object, java.lang.Object, java.lang.Object, java.lang.Object, java.lang.Object, java.lang.Object, java.lang.Object, java.lang.Object, java.lang.Object, java.lang.Object, java.lang.Object, java.lang.Object, java.lang.Object, java.lang.Object, java.lang.Object)'> (0x00000000c528d0e8) 
thrown [s\open\src\ho
Event: 33.820 Thread 0x000002aabf5c8d30 Exception <a 'java/lang/NoSuchMethodError'{0x00000000c52974f0}: 'java.lang.Object java.lang.invoke.DirectMethodHandle$Holder.invokeSpecial(java.lang.Object, java.lang.Object, java.lang.Object, java.lang.Object, java.lang.Object, java.lang.Object, java.lang.Object, java.lang.Object, java.lang.Object, java.lang.Object, java.lang.Object, java.lang.Object, java.lang.Object, java.lang.Object, java.lang.Object, java.lang.Object, java.lang.Object, java.lang.Object, java.lang.Object)'> (0x00000000c52974f0) 
thrown
Event: 33.820 Thread 0x000002aabf5c8d30 Exception <a 'java/lang/NoSuchMethodError'{0x00000000c529dd88}: 'java.lang.Object java.lang.invoke.DelegatingMethodHandle$Holder.reinvoke_L(java.lang.Object, java.lang.Object, java.lang.Object, java.lang.Object, java.lang.Object, java.lang.Object, java.lang.Object, java.lang.Object, java.lang.Object, java.lang.Object, java.lang.Object, java.lang.Object, java.lang.Object, java.lang.Object, java.lang.Object, java.lang.Object, java.lang.Object, java.lang.Object)'> (0x00000000c529dd88) 
thrown [s\open\src\hots
Event: 33.849 Thread 0x000002aabf5c8d30 Exception <a 'java/lang/NoSuchMethodError'{0x00000000c6a40fa8}: 'java.lang.Object java.lang.invoke.DirectMethodHandle$Holder.newInvokeSpecial(java.lang.Object, java.lang.Object, java.lang.Object, java.lang.Object, java.lang.Object, java.lang.Object, java.lang.Object, java.lang.Object, java.lang.Object, java.lang.Object, java.lang.Object, java.lang.Object, java.lang.Object, java.lang.Object, java.lang.Object, java.lang.Object, java.lang.Object, java.lang.Object, java.lang.Object, java.lang.Object, java.lang
Event: 33.888 Thread 0x000002aabf5c8d30 Exception <a 'java/lang/NoSuchMethodError'{0x00000000c69b4dd8}: 'java.lang.Object java.lang.invoke.DirectMethodHandle$Holder.newInvokeSpecial(java.lang.Object, java.lang.Object, java.lang.Object, java.lang.Object, java.lang.Object, java.lang.Object, java.lang.Object, java.lang.Object, java.lang.Object, java.lang.Object, java.lang.Object, java.lang.Object, java.lang.Object)'> (0x00000000c69b4dd8) 
thrown [s\open\src\hotspot\share\interpreter\linkResolver.cpp, line 759]
Event: 34.373 Thread 0x000002aabf5c8d30 Exception <a 'java/lang/NoSuchMethodError'{0x00000000c64c2df0}: 'java.lang.Object java.lang.invoke.DirectMethodHandle$Holder.newInvokeSpecial(java.lang.Object, java.lang.Object, java.lang.Object, int)'> (0x00000000c64c2df0) 
thrown [s\open\src\hotspot\share\interpreter\linkResolver.cpp, line 759]
Event: 34.374 Thread 0x000002aabf5c8d30 Exception <a 'java/lang/NoSuchMethodError'{0x00000000c64c8650}: 'java.lang.Object java.lang.invoke.Invokers$Holder.linkToTargetMethod(java.lang.Object, java.lang.Object, int, java.lang.Object)'> (0x00000000c64c8650) 
thrown [s\open\src\hotspot\share\interpreter\linkResolver.cpp, line 759]
Event: 34.407 Thread 0x000002aabf5c8d30 Implicit null exception at 0x000002aab2fc31ec to 0x000002aab2fc3294
Event: 34.839 Thread 0x000002aabf5c8d30 Exception <a 'java/lang/NoSuchMethodError'{0x00000000c7224978}: 'java.lang.Object java.lang.invoke.DirectMethodHandle$Holder.newInvokeSpecial(java.lang.Object, java.lang.Object, java.lang.Object, java.lang.Object, int)'> (0x00000000c7224978) 
thrown [s\open\src\hotspot\share\interpreter\linkResolver.cpp, line 759]
Event: 34.839 Thread 0x000002aabf5c8d30 Exception <a 'java/lang/NoSuchMethodError'{0x00000000c722a938}: 'java.lang.Object java.lang.invoke.DirectMethodHandle$Holder.invokeSpecial(java.lang.Object, java.lang.Object, java.lang.Object, java.lang.Object, java.lang.Object, int)'> (0x00000000c722a938) 
thrown [s\open\src\hotspot\share\interpreter\linkResolver.cpp, line 759]
Event: 34.841 Thread 0x000002aabf5c8d30 Exception <a 'java/lang/NoSuchMethodError'{0x00000000c72302a8}: 'java.lang.Object java.lang.invoke.Invokers$Holder.linkToTargetMethod(java.lang.Object, java.lang.Object, java.lang.Object, int, java.lang.Object)'> (0x00000000c72302a8) 
thrown [s\open\src\hotspot\share\interpreter\linkResolver.cpp, line 759]

VM Operations (20 events):
Event: 34.247 Executing VM operation: HandshakeAllThreads done
Event: 34.550 Executing VM operation: HandshakeAllThreads
Event: 34.550 Executing VM operation: HandshakeAllThreads done
Event: 34.606 Executing VM operation: HandshakeAllThreads
Event: 34.606 Executing VM operation: HandshakeAllThreads done
Event: 34.636 Executing VM operation: HandshakeAllThreads
Event: 34.636 Executing VM operation: HandshakeAllThreads done
Event: 34.712 Executing VM operation: G1CollectForAllocation
Event: 34.721 Executing VM operation: G1CollectForAllocation done
Event: 34.801 Executing VM operation: G1CollectForAllocation
Event: 34.814 Executing VM operation: G1CollectForAllocation done
Event: 35.815 Executing VM operation: Cleanup
Event: 35.815 Executing VM operation: Cleanup done
Event: 35.971 Executing VM operation: HandshakeAllThreads
Event: 35.971 Executing VM operation: HandshakeAllThreads done
Event: 36.082 Executing VM operation: HandshakeAllThreads
Event: 36.082 Executing VM operation: HandshakeAllThreads done
Event: 36.186 Executing VM operation: HandshakeAllThreads
Event: 36.187 Executing VM operation: HandshakeAllThreads done
Event: 36.263 Executing VM operation: G1CollectForAllocation

Events (20 events):
Event: 34.642 Thread 0x000002aabb0c1c90 flushing nmethod 0x000002aab36a2510
Event: 34.643 Thread 0x000002aabb0c1c90 flushing nmethod 0x000002aab36f2190
Event: 34.643 Thread 0x000002aabb0c1c90 flushing nmethod 0x000002aab37b0d90
Event: 34.643 Thread 0x000002aabb0c1c90 flushing nmethod 0x000002aab37ef090
Event: 34.643 Thread 0x000002aabb0c1c90 flushing nmethod 0x000002aab3809890
Event: 34.643 Thread 0x000002aabb0c1c90 flushing nmethod 0x000002aab381a110
Event: 34.644 Thread 0x000002aabb0c1c90 flushing nmethod 0x000002aab3859b10
Event: 34.644 Thread 0x000002aabb0c1c90 flushing nmethod 0x000002aab3879290
Event: 34.644 Thread 0x000002aabb0c1c90 flushing nmethod 0x000002aab3894710
Event: 34.644 Thread 0x000002aabb0c1c90 flushing nmethod 0x000002aab38bce90
Event: 34.644 Thread 0x000002aabb0c1c90 flushing nmethod 0x000002aab38c7790
Event: 34.644 Thread 0x000002aabb0c1c90 flushing nmethod 0x000002aab38d1f90
Event: 34.644 Thread 0x000002aabb0c1c90 flushing nmethod 0x000002aab3919d10
Event: 34.644 Thread 0x000002aabb0c1c90 flushing nmethod 0x000002aab3946510
Event: 34.644 Thread 0x000002aabb0c1c90 flushing nmethod 0x000002aab394e390
Event: 34.645 Thread 0x000002aabb0c1c90 flushing nmethod 0x000002aab3a00210
Event: 34.645 Thread 0x000002aabb0c1c90 flushing nmethod 0x000002aab3a3d790
Event: 34.645 Thread 0x000002aabb0c1c90 flushing nmethod 0x000002aab3a57c10
Event: 34.645 Thread 0x000002aabb0c1c90 flushing nmethod 0x000002aab3a6a510
Event: 34.645 Thread 0x000002aabb0c1c90 flushing nmethod 0x000002aab3b14f10


Dynamic libraries:
0x00007ff7b9e20000 - 0x00007ff7b9e30000 	C:\Program Files\Java\jdk-18.0.2.1\bin\java.exe
0x00007ffe72850000 - 0x00007ffe72a48000 	C:\Windows\SYSTEM32\ntdll.dll
0x00007ffe71ca0000 - 0x00007ffe71d62000 	C:\Windows\System32\KERNEL32.DLL
0x00007ffe704f0000 - 0x00007ffe707e6000 	C:\Windows\System32\KERNELBASE.dll
0x00007ffe6fee0000 - 0x00007ffe6ffe0000 	C:\Windows\System32\ucrtbase.dll
0x00007ffe5f5b0000 - 0x00007ffe5f5c8000 	C:\Program Files\Java\jdk-18.0.2.1\bin\jli.dll
0x00007ffe5ebc0000 - 0x00007ffe5ebda000 	C:\Program Files\Java\jdk-18.0.2.1\bin\VCRUNTIME140.dll
0x00007ffe723d0000 - 0x00007ffe7247f000 	C:\Windows\System32\ADVAPI32.dll
0x00007ffe72330000 - 0x00007ffe723ce000 	C:\Windows\System32\msvcrt.dll
0x00007ffe70900000 - 0x00007ffe7099f000 	C:\Windows\System32\sechost.dll
0x00007ffe71900000 - 0x00007ffe71a23000 	C:\Windows\System32\RPCRT4.dll
0x00007ffe707f0000 - 0x00007ffe70817000 	C:\Windows\System32\bcrypt.dll
0x00007ffe71a30000 - 0x00007ffe71bcd000 	C:\Windows\System32\USER32.dll
0x00007ffe70070000 - 0x00007ffe70092000 	C:\Windows\System32\win32u.dll
0x00007ffe70b50000 - 0x00007ffe70b7b000 	C:\Windows\System32\GDI32.dll
0x00007ffe701d0000 - 0x00007ffe702ea000 	C:\Windows\System32\gdi32full.dll
0x00007ffe702f0000 - 0x00007ffe7038d000 	C:\Windows\System32\msvcp_win.dll
0x00007ffe58980000 - 0x00007ffe58c1a000 	C:\Windows\WinSxS\amd64_microsoft.windows.common-controls_6595b64144ccf1df_6.0.19041.4355_none_60b8b9eb71f62e16\COMCTL32.dll
0x00007ffe674e0000 - 0x00007ffe674ea000 	C:\Windows\SYSTEM32\VERSION.dll
0x00007ffe725b0000 - 0x00007ffe725df000 	C:\Windows\System32\IMM32.DLL
0x00007ffe67ac0000 - 0x00007ffe67acc000 	C:\Program Files\Java\jdk-18.0.2.1\bin\vcruntime140_1.dll
0x00007ffe3cb90000 - 0x00007ffe3cc1d000 	C:\Program Files\Java\jdk-18.0.2.1\bin\msvcp140.dll
0x00007ffe238b0000 - 0x00007ffe244c1000 	C:\Program Files\Java\jdk-18.0.2.1\bin\server\jvm.dll
0x00007ffe727a0000 - 0x00007ffe727a8000 	C:\Windows\System32\PSAPI.DLL
0x00007ffe68e60000 - 0x00007ffe68e69000 	C:\Windows\SYSTEM32\WSOCK32.dll
0x00007ffe72710000 - 0x00007ffe7277b000 	C:\Windows\System32\WS2_32.dll
0x00007ffe58de0000 - 0x00007ffe58e07000 	C:\Windows\SYSTEM32\WINMM.dll
0x00007ffe6e6f0000 - 0x00007ffe6e702000 	C:\Windows\SYSTEM32\kernel.appcore.dll
0x00007ffe67a20000 - 0x00007ffe67a2a000 	C:\Program Files\Java\jdk-18.0.2.1\bin\jimage.dll
0x00007ffe6e3c0000 - 0x00007ffe6e5a4000 	C:\Windows\SYSTEM32\DBGHELP.DLL
0x00007ffe60fb0000 - 0x00007ffe60fe4000 	C:\Windows\SYSTEM32\dbgcore.DLL
0x00007ffe6ffe0000 - 0x00007ffe70062000 	C:\Windows\System32\bcryptPrimitives.dll
0x00007ffe5fd50000 - 0x00007ffe5fd5e000 	C:\Program Files\Java\jdk-18.0.2.1\bin\instrument.dll
0x00007ffe5d240000 - 0x00007ffe5d265000 	C:\Program Files\Java\jdk-18.0.2.1\bin\java.dll
0x00007ffe392b0000 - 0x00007ffe39386000 	C:\Program Files\Java\jdk-18.0.2.1\bin\jsvml.dll
0x00007ffe71190000 - 0x00007ffe718ff000 	C:\Windows\System32\SHELL32.dll
0x00007ffe6db40000 - 0x00007ffe6e2e3000 	C:\Windows\SYSTEM32\windows.storage.dll
0x00007ffe71d70000 - 0x00007ffe720c5000 	C:\Windows\System32\combase.dll
0x00007ffe6f760000 - 0x00007ffe6f78b000 	C:\Windows\SYSTEM32\Wldp.dll
0x00007ffe71bd0000 - 0x00007ffe71c9d000 	C:\Windows\System32\OLEAUT32.dll
0x00007ffe720d0000 - 0x00007ffe7217d000 	C:\Windows\System32\SHCORE.dll
0x00007ffe70a80000 - 0x00007ffe70ad5000 	C:\Windows\System32\shlwapi.dll
0x00007ffe6fe10000 - 0x00007ffe6fe35000 	C:\Windows\SYSTEM32\profapi.dll
0x00007ffe5eaa0000 - 0x00007ffe5eab8000 	C:\Program Files\Java\jdk-18.0.2.1\bin\zip.dll
0x00007ffe5cfc0000 - 0x00007ffe5cfd3000 	C:\Program Files\Java\jdk-18.0.2.1\bin\net.dll
0x00007ffe61810000 - 0x00007ffe6191a000 	C:\Windows\SYSTEM32\WINHTTP.dll
0x00007ffe6f540000 - 0x00007ffe6f5ac000 	C:\Windows\system32\mswsock.dll
0x00007ffe5c980000 - 0x00007ffe5c996000 	C:\Program Files\Java\jdk-18.0.2.1\bin\nio.dll
0x00007ffe5fc80000 - 0x00007ffe5fc90000 	C:\Program Files\Java\jdk-18.0.2.1\bin\verify.dll
0x00007ffe5d3d0000 - 0x00007ffe5d3f7000 	C:\Users\Fahad Computer\.gradle\native\1def1411415f61bf3af743bc5b6707747c0891f09f0c88961ee8f79bc544acac\windows-amd64\native-platform.dll
0x0000000061110000 - 0x0000000061183000 	C:\Users\Fahad Computer\.gradle\native\0.2.5\x86_64-windows-gnu\gradle-fileevents.dll
0x00007ffe5f5a0000 - 0x00007ffe5f5a9000 	C:\Program Files\Java\jdk-18.0.2.1\bin\management.dll
0x00007ffe5eda0000 - 0x00007ffe5edab000 	C:\Program Files\Java\jdk-18.0.2.1\bin\management_ext.dll
0x00007ffe6f7a0000 - 0x00007ffe6f7b8000 	C:\Windows\SYSTEM32\CRYPTSP.dll
0x00007ffe6ee80000 - 0x00007ffe6eeb8000 	C:\Windows\system32\rsaenh.dll
0x00007ffe6fdd0000 - 0x00007ffe6fdfe000 	C:\Windows\SYSTEM32\USERENV.dll
0x00007ffe6f6d0000 - 0x00007ffe6f6dc000 	C:\Windows\SYSTEM32\CRYPTBASE.dll
0x00007ffe6f240000 - 0x00007ffe6f27b000 	C:\Windows\SYSTEM32\IPHLPAPI.DLL
0x00007ffe70ae0000 - 0x00007ffe70ae8000 	C:\Windows\System32\NSI.dll
0x00007ffe673e0000 - 0x00007ffe673f7000 	C:\Windows\SYSTEM32\dhcpcsvc6.DLL
0x00007ffe66c30000 - 0x00007ffe66c4d000 	C:\Windows\SYSTEM32\dhcpcsvc.DLL
0x00007ffe6f280000 - 0x00007ffe6f34a000 	C:\Windows\SYSTEM32\DNSAPI.dll
0x0000000061010000 - 0x0000000061083000 	C:\Users\Fahad Computer\AppData\Local\Temp\native-platform7514784937209686314dir\gradle-fileevents.dll

dbghelp: loaded successfully - version: 4.0.5 - missing functions: none
symbol engine: initialized successfully - sym options: 0x614 - pdb path: .;C:\Program Files\Java\jdk-18.0.2.1\bin;C:\Windows\SYSTEM32;C:\Windows\WinSxS\amd64_microsoft.windows.common-controls_6595b64144ccf1df_6.0.19041.4355_none_60b8b9eb71f62e16;C:\Program Files\Java\jdk-18.0.2.1\bin\server;C:\Users\Fahad Computer\.gradle\native\1def1411415f61bf3af743bc5b6707747c0891f09f0c88961ee8f79bc544acac\windows-amd64;C:\Users\Fahad Computer\.gradle\native\0.2.5\x86_64-windows-gnu;C:\Users\Fahad Computer\AppData\Local\Temp\native-platform7514784937209686314dir

VM Arguments:
jvm_args: --add-opens=java.base/java.lang=ALL-UNNAMED --add-opens=java.base/java.lang.invoke=ALL-UNNAMED --add-opens=java.base/java.util=ALL-UNNAMED --add-opens=java.prefs/java.util.prefs=ALL-UNNAMED --add-exports=jdk.compiler/com.sun.tools.javac.api=ALL-UNNAMED --add-exports=jdk.compiler/com.sun.tools.javac.util=ALL-UNNAMED --add-opens=java.base/java.util=ALL-UNNAMED --add-opens=java.prefs/java.util.prefs=ALL-UNNAMED --add-opens=java.base/java.nio.charset=ALL-UNNAMED --add-opens=java.base/java.net=ALL-UNNAMED --add-opens=java.base/java.util.concurrent.atomic=ALL-UNNAMED --add-opens=java.xml/javax.xml.namespace=ALL-UNNAMED -XX:MaxMetaspaceSize=256m -XX:ReservedCodeCacheSize=64m -Xmx1g -Dfile.encoding=UTF-8 -Duser.country=US -Duser.language=en -Duser.variant -javaagent:C:\Users\Fahad Computer\.gradle\wrapper\dists\gradle-8.12-all\ejduaidbjup3bmmkhw3rie4zb\gradle-8.12\lib\agents\gradle-instrumentation-agent-8.12.jar 
java_command: org.gradle.launcher.daemon.bootstrap.GradleDaemon 8.12
java_class_path (initial): C:\Users\Fahad Computer\.gradle\wrapper\dists\gradle-8.12-all\ejduaidbjup3bmmkhw3rie4zb\gradle-8.12\lib\gradle-daemon-main-8.12.jar
Launcher Type: SUN_STANDARD

[Global flags]
     intx CICompilerCount                          = 2                                         {product} {ergonomic}
   size_t CompressedClassSpaceSize                 = 218103808                                 {product} {ergonomic}
     uint ConcGCThreads                            = 1                                         {product} {ergonomic}
     uint G1ConcRefinementThreads                  = 2                                         {product} {ergonomic}
   size_t G1HeapRegionSize                         = 1048576                                   {product} {ergonomic}
    uintx GCDrainStackTargetSize                   = 64                                        {product} {ergonomic}
   size_t InitialHeapSize                          = 65011712                                  {product} {ergonomic}
   size_t MarkStackSize                            = 4194304                                   {product} {ergonomic}
   size_t MaxHeapSize                              = 1073741824                                {product} {command line}
   size_t MaxMetaspaceSize                         = 268435456                                 {product} {command line}
   size_t MaxNewSize                               = 643825664                                 {product} {ergonomic}
   size_t MinHeapDeltaBytes                        = 1048576                                   {product} {ergonomic}
   size_t MinHeapSize                              = 8388608                                   {product} {ergonomic}
    uintx NonProfiledCodeHeapSize                  = 0                                      {pd product} {ergonomic}
    uintx ProfiledCodeHeapSize                     = 0                                      {pd product} {ergonomic}
    uintx ReservedCodeCacheSize                    = 67108864                               {pd product} {command line}
   size_t SoftMaxHeapSize                          = 1073741824                             {manageable} {ergonomic}
     bool UseCompressedClassPointers               = true                           {product lp64_product} {ergonomic}
     bool UseCompressedOops                        = true                           {product lp64_product} {ergonomic}
     bool UseG1GC                                  = true                                      {product} {ergonomic}
     bool UseLargePagesIndividualAllocation        = false                                  {pd product} {ergonomic}

Logging:
Log output configuration:
 #0: stdout all=warning uptime,level,tags foldmultilines=false
 #1: stderr all=off uptime,level,tags foldmultilines=false

Environment Variables:
JAVA_HOME=C:\Program Files\Microsoft\jdk-17.0.12\
CLASSPATH=C:\VoicetoText app\ChatbotApp\android\\gradle\wrapper\gradle-wrapper.jar
PATH=c:\Users\Fahad Computer\AppData\Local\Programs\cursor\resources\app\bin;C:\Python313\Scripts\;C:\Python313\;C:\Program Files\Microsoft\jdk-11.0.26.4-hotspot\bin;C:\Program Files\Common Files\Oracle\Java\javapath;C:\Program Files\Microsoft\jdk-17.0.12.7-hotspot\bin;C:\Windows\system32;C:\Windows;C:\Windows\System32\Wbem;C:\Windows\System32\WindowsPowerShell\v1.0\;C:\Windows\System32\OpenSSH\;C:\ProgramData\chocolatey\bin;C:\Users\Fahad Computer\AppData\Local\Android\Sdk\platform-tools;C:\Program Files\Java\jdk-18.0.2.1\bin.exe;C:\Program Files\Git\cmd;C:\Android\Sdk\emulator;C:\Android\Sdk\tools;C:\Program Files\nodejs\;C:\Users\Fahad Computer\AppData\Local\Android\Sdk\tools;C:\Users\Fahad Computer\AppData\Local\Android\Sdk\tools;C:\Users\Fahad Computer\AppData\Local\Microsoft\WindowsApps;C:\Program Files\MongoDB\Server\7.0\bin;C:\Program Files\MongoDB\Server\7.0\bin;C:\Users\Fahad Computer\AppData\Roaming\npm;c:\Users\Fahad Computer\AppData\Local\Programs\cursor\resources\app\bin;c:\Users\Fahad Computer\AppData\Local\Programs\cursor\resources\app\bin;C:\Users\Fahad Computer\AppData\Local\Android\Sdk\tools;C:\Users\Fahad Computer\AppData\Local\Android\Sdk\tools;C:\Users\Fahad Computer\AppData\Local\Microsoft\WindowsApps;C:\Users\Fahad Computer\AppData\Local\Programs\Microsoft VS Code\bin;C:\Program Files\MongoDB\Server\7.0\bin;C:\Program Files\MongoDB\Server\7.0\bin;C:\Users\Fahad Computer\AppData\Roaming\npm;C:\Users\Fahad Computer\AppData\Local\Programs\cursor\resources\app\bin
USERNAME=Fahad Computer
LANG=en_US.UTF-8
OS=Windows_NT
PROCESSOR_IDENTIFIER=Intel64 Family 6 Model 122 Stepping 8, GenuineIntel



---------------  S Y S T E M  ---------------

OS:
 Windows 10 , 64 bit Build 19041 (10.0.19041.5678)
OS uptime: 6 days 5:34 hours
Hyper-V role detected

CPU: total 2 (initial active 2) (2 cores per cpu, 1 threads per core) family 6 model 122 stepping 8 microcode 0x18, cx8, cmov, fxsr, mmx, 3dnowpref, sse, sse2, sse3, ssse3, sse4.1, sse4.2, popcnt, tsc, tscinvbit, aes, erms, clmul, sha, clflush, clflushopt, hv

Memory: 4k page, system-wide physical 3918M (133M free)
TotalPageFile size 15694M (AvailPageFile size 99M)
current process WorkingSet (physical memory assigned to process): 233M, peak: 238M
current process commit charge ("private bytes"): 333M, peak: 443M

vm_info: Java HotSpot(TM) 64-Bit Server VM (18.0.2.1+1-1) for windows-amd64 JRE (18.0.2.1+1-1), built on Aug 16 2022 01:46:33 by "mach5one" with MS VC++ 16.8 / 16.9 (VS2019)

END.
