#
# There is insufficient memory for the Java Runtime Environment to continue.
# Native memory allocation (mmap) failed to map 67108864 bytes for G1 virtual space
# Possible reasons:
#   The system is out of physical RAM or swap space
#   The process is running with CompressedOops enabled, and the Java Heap may be blocking the growth of the native heap
# Possible solutions:
#   Reduce memory load on the system
#   Increase physical memory or swap space
#   Check if swap backing store is full
#   Decrease Java heap size (-Xmx/-Xms)
#   Decrease number of Java threads
#   Decrease Java thread stack sizes (-Xss)
#   Set larger code cache with -XX:ReservedCodeCacheSize=
#   JVM is running with Unscaled Compressed Oops mode in which the Java heap is
#     placed in the first 4GB address space. The Java Heap base address is the
#     maximum limit for the native heap growth. Please use -XX:HeapBaseMinAddress
#     to set the Java Heap base and to place the Java Heap above 4GB virtual address.
# This output file may be truncated or incomplete.
#
#  Out of Memory Error (os_windows.cpp:3548), pid=12208, tid=14592
#
# JRE version:  (17.0.12+8) (build )
# Java VM: Java HotSpot(TM) 64-Bit Server VM (17.0.12+8-LTS-286, mixed mode, sharing, tiered, compressed oops, compressed class ptrs, g1 gc, windows-amd64)
# No core dump will be written. Minidumps are not enabled by default on client versions of Windows
#

---------------  S U M M A R Y ------------

Command Line: -Xmx64m -Xms64m -Dorg.gradle.appname=gradlew org.gradle.wrapper.GradleWrapperMain app:installDebug -PreactNativeDevServerPort=8081

Host: Intel(R) Celeron(R) N4020 CPU @ 1.10GHz, 2 cores, 3G,  Windows 10 , 64 bit Build 19041 (10.0.19041.5678)
Time: Wed May  7 08:29:15 2025 Pacific Daylight Time elapsed time: 0.185850 seconds (0d 0h 0m 0s)

---------------  T H R E A D  ---------------

Current thread (0x0000022c31d79590):  JavaThread "Unknown thread" [_thread_in_vm, id=14592, stack(0x000000eec3c00000,0x000000eec3d00000)]

Stack: [0x000000eec3c00000,0x000000eec3d00000]
Native frames: (J=compiled Java code, j=interpreted, Vv=VM code, C=native code)
V  [jvm.dll+0x67a04a]
V  [jvm.dll+0x7da4ed]
V  [jvm.dll+0x7dbe33]
V  [jvm.dll+0x7dc4a3]
V  [jvm.dll+0x24508f]
V  [jvm.dll+0x677089]
V  [jvm.dll+0x66bd32]
V  [jvm.dll+0x301fa6]
V  [jvm.dll+0x309546]
V  [jvm.dll+0x359d2e]
V  [jvm.dll+0x359f5f]
V  [jvm.dll+0x2d9078]
V  [jvm.dll+0x2d9fe4]
V  [jvm.dll+0x7aca21]
V  [jvm.dll+0x367591]
V  [jvm.dll+0x78b999]
V  [jvm.dll+0x3ec83f]
V  [jvm.dll+0x3ee471]
C  [jli.dll+0x5297]
C  [ucrtbase.dll+0x21bb2]
C  [KERNEL32.DLL+0x17374]
C  [ntdll.dll+0x4cc91]


---------------  P R O C E S S  ---------------

Threads class SMR info:
_java_thread_list=0x00007ffe2ea07a18, length=0, elements={
}

Java Threads: ( => current thread )

Other Threads:
  0x0000022c31d98da0 GCTaskThread "GC Thread#0" [stack: 0x000000eec3d00000,0x000000eec3e00000] [id=15980]
  0x0000022c31d9a4f0 ConcurrentGCThread "G1 Main Marker" [stack: 0x000000eec3e00000,0x000000eec3f00000] [id=13068]
  0x0000022c31d9bf10 ConcurrentGCThread "G1 Conc#0" [stack: 0x000000eec3f00000,0x000000eec4000000] [id=2620]

[error occurred during error reporting (printing all threads), id 0xc0000005, EXCEPTION_ACCESS_VIOLATION (0xc0000005) at pc=0x00007ffe2e239b67]

VM state: not at safepoint (not fully initialized)

VM Mutex/Monitor currently owned by a thread:  ([mutex/lock_event])
[0x0000022c31d75130] Heap_lock - owner thread: 0x0000022c31d79590

Heap address: 0x00000000fc000000, size: 64 MB, Compressed Oops mode: 32-bit

CDS archive(s) mapped at: [0x0000000000000000-0x0000000000000000-0x0000000000000000), size 0, SharedBaseAddress: 0x0000000800000000, ArchiveRelocationMode: 1.
Narrow klass base: 0x0000000000000000, Narrow klass shift: 0, Narrow klass range: 0x0

GC Precious Log:
<Empty>

Heap:
 garbage-first heap   total 0K, used 0K [0x00000000fc000000, 0x0000000100000000)
  region size 1024K, 0 young (0K), 0 survivors (0K)

[error occurred during error reporting (printing heap information), id 0xc0000005, EXCEPTION_ACCESS_VIOLATION (0xc0000005) at pc=0x00007ffe2e623859]

GC Heap History (0 events):
No events

Deoptimization events (0 events):
No events

Classes unloaded (0 events):
No events

Classes redefined (0 events):
No events

Internal exceptions (0 events):
No events

VM Operations (0 events):
No events

Events (1 events):
Event: 0.056 Loaded shared library C:\Program Files\Microsoft\jdk-17.0.12\bin\java.dll


Dynamic libraries:
0x00007ff61e250000 - 0x00007ff61e260000 	C:\Program Files\Microsoft\jdk-17.0.12\bin\java.exe
0x00007ffe72850000 - 0x00007ffe72a48000 	C:\Windows\SYSTEM32\ntdll.dll
0x00007ffe71ca0000 - 0x00007ffe71d62000 	C:\Windows\System32\KERNEL32.DLL
0x00007ffe704f0000 - 0x00007ffe707e6000 	C:\Windows\System32\KERNELBASE.dll
0x00007ffe6fee0000 - 0x00007ffe6ffe0000 	C:\Windows\System32\ucrtbase.dll
0x00007ffe67810000 - 0x00007ffe67829000 	C:\Program Files\Microsoft\jdk-17.0.12\bin\jli.dll
0x00007ffe723d0000 - 0x00007ffe7247f000 	C:\Windows\System32\ADVAPI32.dll
0x00007ffe72330000 - 0x00007ffe723ce000 	C:\Windows\System32\msvcrt.dll
0x00007ffe70900000 - 0x00007ffe7099f000 	C:\Windows\System32\sechost.dll
0x00007ffe71900000 - 0x00007ffe71a23000 	C:\Windows\System32\RPCRT4.dll
0x00007ffe707f0000 - 0x00007ffe70817000 	C:\Windows\System32\bcrypt.dll
0x00007ffe71a30000 - 0x00007ffe71bcd000 	C:\Windows\System32\USER32.dll
0x00007ffe70070000 - 0x00007ffe70092000 	C:\Windows\System32\win32u.dll
0x00007ffe70b50000 - 0x00007ffe70b7b000 	C:\Windows\System32\GDI32.dll
0x00007ffe701d0000 - 0x00007ffe702ea000 	C:\Windows\System32\gdi32full.dll
0x00007ffe702f0000 - 0x00007ffe7038d000 	C:\Windows\System32\msvcp_win.dll
0x00007ffe677f0000 - 0x00007ffe6780b000 	C:\Program Files\Microsoft\jdk-17.0.12\bin\VCRUNTIME140.dll
0x00007ffe58980000 - 0x00007ffe58c1a000 	C:\Windows\WinSxS\amd64_microsoft.windows.common-controls_6595b64144ccf1df_6.0.19041.4355_none_60b8b9eb71f62e16\COMCTL32.dll
0x00007ffe674e0000 - 0x00007ffe674ea000 	C:\Windows\SYSTEM32\VERSION.dll
0x00007ffe725b0000 - 0x00007ffe725df000 	C:\Windows\System32\IMM32.DLL
0x00007ffe6d130000 - 0x00007ffe6d13c000 	C:\Program Files\Microsoft\jdk-17.0.12\bin\vcruntime140_1.dll
0x00007ffe5c8d0000 - 0x00007ffe5c95e000 	C:\Program Files\Microsoft\jdk-17.0.12\bin\msvcp140.dll
0x00007ffe2df50000 - 0x00007ffe2eb30000 	C:\Program Files\Microsoft\jdk-17.0.12\bin\server\jvm.dll
0x00007ffe727a0000 - 0x00007ffe727a8000 	C:\Windows\System32\PSAPI.DLL
0x00007ffe68e60000 - 0x00007ffe68e69000 	C:\Windows\SYSTEM32\WSOCK32.dll
0x00007ffe72710000 - 0x00007ffe7277b000 	C:\Windows\System32\WS2_32.dll
0x00007ffe58de0000 - 0x00007ffe58e07000 	C:\Windows\SYSTEM32\WINMM.dll
0x00007ffe6e6f0000 - 0x00007ffe6e702000 	C:\Windows\SYSTEM32\kernel.appcore.dll
0x00007ffe68d90000 - 0x00007ffe68d9a000 	C:\Program Files\Microsoft\jdk-17.0.12\bin\jimage.dll
0x00007ffe6e3c0000 - 0x00007ffe6e5a4000 	C:\Windows\SYSTEM32\DBGHELP.DLL
0x00007ffe60fb0000 - 0x00007ffe60fe4000 	C:\Windows\SYSTEM32\dbgcore.DLL
0x00007ffe6ffe0000 - 0x00007ffe70062000 	C:\Windows\System32\bcryptPrimitives.dll
0x00007ffe5eb50000 - 0x00007ffe5eb75000 	C:\Program Files\Microsoft\jdk-17.0.12\bin\java.dll

dbghelp: loaded successfully - version: 4.0.5 - missing functions: none
symbol engine: initialized successfully - sym options: 0x614 - pdb path: .;C:\Program Files\Microsoft\jdk-17.0.12\bin;C:\Windows\SYSTEM32;C:\Windows\WinSxS\amd64_microsoft.windows.common-controls_6595b64144ccf1df_6.0.19041.4355_none_60b8b9eb71f62e16;C:\Program Files\Microsoft\jdk-17.0.12\bin\server

VM Arguments:
jvm_args: -Xmx64m -Xms64m -Dorg.gradle.appname=gradlew 
java_command: org.gradle.wrapper.GradleWrapperMain app:installDebug -PreactNativeDevServerPort=8081
java_class_path (initial): C:\VoicetoText app\ChatbotApp\android\\gradle\wrapper\gradle-wrapper.jar
Launcher Type: SUN_STANDARD

[Global flags]
     intx CICompilerCount                          = 2                                         {product} {ergonomic}
     uint ConcGCThreads                            = 1                                         {product} {ergonomic}
     uint G1ConcRefinementThreads                  = 2                                         {product} {ergonomic}
   size_t G1HeapRegionSize                         = 1048576                                   {product} {ergonomic}
    uintx GCDrainStackTargetSize                   = 64                                        {product} {ergonomic}
   size_t InitialHeapSize                          = 67108864                                  {product} {command line}
   size_t MarkStackSize                            = 4194304                                   {product} {ergonomic}
   size_t MaxHeapSize                              = 67108864                                  {product} {command line}
   size_t MinHeapDeltaBytes                        = 1048576                                   {product} {ergonomic}
   size_t MinHeapSize                              = 67108864                                  {product} {command line}
    uintx NonNMethodCodeHeapSize                   = 5826188                                {pd product} {ergonomic}
    uintx NonProfiledCodeHeapSize                  = 122916026                              {pd product} {ergonomic}
    uintx ProfiledCodeHeapSize                     = 122916026                              {pd product} {ergonomic}
    uintx ReservedCodeCacheSize                    = 251658240                              {pd product} {ergonomic}
     bool SegmentedCodeCache                       = true                                      {product} {ergonomic}
   size_t SoftMaxHeapSize                          = 67108864                               {manageable} {ergonomic}
     bool UseCompressedClassPointers               = true                           {product lp64_product} {ergonomic}
     bool UseCompressedOops                        = true                           {product lp64_product} {ergonomic}
     bool UseG1GC                                  = true                                      {product} {ergonomic}
     bool UseLargePagesIndividualAllocation        = false                                  {pd product} {ergonomic}

Logging:
Log output configuration:
 #0: stdout all=warning uptime,level,tags
 #1: stderr all=off uptime,level,tags

Environment Variables:
JAVA_HOME=C:\Program Files\Microsoft\jdk-17.0.12\
CLASSPATH=C:\VoicetoText app\ChatbotApp\android\\gradle\wrapper\gradle-wrapper.jar
PATH=C:\VoicetoText app\ChatbotApp\node_modules\.bin;C:\VoicetoText app\ChatbotApp\node_modules\.bin;C:\VoicetoText app\node_modules\.bin;C:\node_modules\.bin;C:\Users\Fahad Computer\AppData\Roaming\npm\node_modules\npm\node_modules\@npmcli\run-script\lib\node-gyp-bin;c:\Users\Fahad Computer\AppData\Local\Programs\cursor\resources\app\bin;C:\Python313\Scripts\;C:\Python313\;C:\Program Files\Microsoft\jdk-11.0.26.4-hotspot\bin;C:\Program Files\Common Files\Oracle\Java\javapath;C:\Program Files\Microsoft\jdk-17.0.12.7-hotspot\bin;C:\Windows\system32;C:\Windows;C:\Windows\System32\Wbem;C:\Windows\System32\WindowsPowerShell\v1.0\;C:\Windows\System32\OpenSSH\;C:\ProgramData\chocolatey\bin;C:\Users\Fahad Computer\AppData\Local\Android\Sdk\platform-tools;C:\Program Files\Java\jdk-18.0.2.1\bin.exe;C:\Program Files\Git\cmd;C:\Android\Sdk\emulator;C:\Android\Sdk\tools;C:\Program Files\nodejs\;C:\Users\Fahad Computer\AppData\Local\Android\Sdk\tools;C:\Users\Fahad Computer\AppData\Local\Android\Sdk\tools;C:\Users\Fahad Computer\AppData\Local\Microsoft\WindowsApps;C:\Program Files\MongoDB\Server\7.0\bin;C:\Program Files\MongoDB\Server\7.0\bin;C:\Users\Fahad Computer\AppData\Roaming\npm;c:\Users\Fahad Computer\AppData\Local\Programs\cursor\resources\app\bin;c:\Users\Fahad Computer\AppData\Local\Programs\cursor\resources\app\bin;C:\Users\Fahad Computer\AppData\Local\Android\Sdk\tools;C:\Users\Fahad Computer\AppData\Local\Android\Sdk\tools;C:\Users\Fahad Computer\AppData\Local\Microsoft\WindowsApps;C:\Users\Fahad Computer\AppData\Local\Programs\Microsoft VS Code\bin;C:\Program Files\MongoDB\Server\7.0\bin;C:\Program Files\MongoDB\Server\7.0\bin;C:\Users\Fahad Computer\AppData\Roaming\npm;C:\Users\Fahad Computer\AppData\Local\Programs\cursor\resources\app\bin
USERNAME=Fahad Computer
LANG=en_US.UTF-8
OS=Windows_NT
PROCESSOR_IDENTIFIER=Intel64 Family 6 Model 122 Stepping 8, GenuineIntel



---------------  S Y S T E M  ---------------

OS:
 Windows 10 , 64 bit Build 19041 (10.0.19041.5678)
OS uptime: 6 days 5:44 hours
Hyper-V role detected

CPU: total 2 (initial active 2) (2 cores per cpu, 1 threads per core) family 6 model 122 stepping 8 microcode 0x18, cx8, cmov, fxsr, mmx, 3dnowpref, sse, sse2, sse3, ssse3, sse4.1, sse4.2, popcnt, tsc, tscinvbit, aes, erms, clmul, sha, clflush, clflushopt, hv

Memory: 4k page, system-wide physical 3918M (18M free)
TotalPageFile size 15694M (AvailPageFile size 35M)
current process WorkingSet (physical memory assigned to process): 9M, peak: 9M
current process commit charge ("private bytes"): 47M, peak: 111M

vm_info: Java HotSpot(TM) 64-Bit Server VM (17.0.12+8-LTS-286) for windows-amd64 JRE (17.0.12+8-LTS-286), built on Jun  5 2024 06:46:59 by "mach5one" with MS VC++ 17.6 (VS2022)

END.
