#
# There is insufficient memory for the Java Runtime Environment to continue.
# Native memory allocation (mmap) failed to map 9437184 bytes for G1 virtual space
# Possible reasons:
#   The system is out of physical RAM or swap space
#   The process is running with CompressedOops enabled, and the Java Heap may be blocking the growth of the native heap
# Possible solutions:
#   Reduce memory load on the system
#   Increase physical memory or swap space
#   Check if swap backing store is full
#   Decrease Java heap size (-Xmx/-Xms)
#   Decrease number of Java threads
#   Decrease Java thread stack sizes (-Xss)
#   Set larger code cache with -XX:ReservedCodeCacheSize=
#   JVM is running with Unscaled Compressed Oops mode in which the Java heap is
#     placed in the first 4GB address space. The Java Heap base address is the
#     maximum limit for the native heap growth. Please use -XX:HeapBaseMinAddress
#     to set the Java Heap base and to place the Java Heap above 4GB virtual address.
# This output file may be truncated or incomplete.
#
#  Out of Memory Error (os_windows.cpp:3548), pid=11024, tid=16300
#
# JRE version: Java(TM) SE Runtime Environment (17.0.12+8) (build 17.0.12+8-LTS-286)
# Java VM: Java HotSpot(TM) 64-Bit Server VM (17.0.12+8-LTS-286, mixed mode, sharing, tiered, compressed oops, compressed class ptrs, g1 gc, windows-amd64)
# No core dump will be written. Minidumps are not enabled by default on client versions of Windows
#

---------------  S U M M A R Y ------------

Command Line: org.jetbrains.kotlin.cli.jvm.K2JVMCompiler @C:\VoicetoText app\ChatbotApp\node_modules\react-native-audio-recorder-player\android\build\20250507_9872785368139204253.compiler.options

Host: Intel(R) Celeron(R) N4020 CPU @ 1.10GHz, 2 cores, 3G,  Windows 10 , 64 bit Build 19041 (10.0.19041.5678)
Time: Wed May  7 08:01:53 2025 Pacific Daylight Time elapsed time: 35.272567 seconds (0d 0h 0m 35s)

---------------  T H R E A D  ---------------

Current thread (0x000001c73bd96370):  VMThread "VM Thread" [stack: 0x000000a665400000,0x000000a665500000] [id=16300]

Stack: [0x000000a665400000,0x000000a665500000]
Native frames: (J=compiled Java code, j=interpreted, Vv=VM code, C=native code)
V  [jvm.dll+0x67a04a]
V  [jvm.dll+0x7da4ed]
V  [jvm.dll+0x7dbe33]
V  [jvm.dll+0x7dc4a3]
V  [jvm.dll+0x24508f]
V  [jvm.dll+0x677089]
V  [jvm.dll+0x66bd32]
V  [jvm.dll+0x301fa6]
V  [jvm.dll+0x309546]
V  [jvm.dll+0x359d2e]
V  [jvm.dll+0x359f5f]
V  [jvm.dll+0x2d9078]
V  [jvm.dll+0x2dc0e6]
V  [jvm.dll+0x2e67eb]
V  [jvm.dll+0x31a870]
V  [jvm.dll+0x7e0d9b]
V  [jvm.dll+0x7e1ad4]
V  [jvm.dll+0x7e1fed]
V  [jvm.dll+0x7e23c4]
V  [jvm.dll+0x7e2490]
V  [jvm.dll+0x78abea]
V  [jvm.dll+0x678f35]
C  [ucrtbase.dll+0x21bb2]
C  [KERNEL32.DLL+0x17374]
C  [ntdll.dll+0x4cc91]

VM_Operation (0x000000a6650ffa30): G1Concurrent, mode: safepoint, requested by thread 0x000001c73bd2da70


---------------  P R O C E S S  ---------------

Threads class SMR info:
_java_thread_list=0x000001c756a46480, length=12, elements={
0x000001c73bcec0e0, 0x000001c73bd9afd0, 0x000001c73bd9de60, 0x000001c73bdb3ee0,
0x000001c73bdb48a0, 0x000001c73bdb5260, 0x000001c73bdb5c20, 0x000001c73bdb6910,
0x000001c73bdb73c0, 0x000001c73bdbdd70, 0x000001c756a6d7a0, 0x000001c756a71f30
}

Java Threads: ( => current thread )
  0x000001c73bcec0e0 JavaThread "main" [_thread_blocked, id=10548, stack(0x000000a664d00000,0x000000a664e00000)]
  0x000001c73bd9afd0 JavaThread "Reference Handler" daemon [_thread_blocked, id=13648, stack(0x000000a665500000,0x000000a665600000)]
  0x000001c73bd9de60 JavaThread "Finalizer" daemon [_thread_blocked, id=17204, stack(0x000000a665600000,0x000000a665700000)]
  0x000001c73bdb3ee0 JavaThread "Signal Dispatcher" daemon [_thread_blocked, id=14820, stack(0x000000a665700000,0x000000a665800000)]
  0x000001c73bdb48a0 JavaThread "Attach Listener" daemon [_thread_blocked, id=11828, stack(0x000000a665800000,0x000000a665900000)]
  0x000001c73bdb5260 JavaThread "Service Thread" daemon [_thread_blocked, id=15020, stack(0x000000a665900000,0x000000a665a00000)]
  0x000001c73bdb5c20 JavaThread "Monitor Deflation Thread" daemon [_thread_blocked, id=7652, stack(0x000000a665a00000,0x000000a665b00000)]
  0x000001c73bdb6910 JavaThread "C2 CompilerThread0" daemon [_thread_blocked, id=4004, stack(0x000000a665b00000,0x000000a665c00000)]
  0x000001c73bdb73c0 JavaThread "C1 CompilerThread0" daemon [_thread_blocked, id=560, stack(0x000000a665c00000,0x000000a665d00000)]
  0x000001c73bdbdd70 JavaThread "Sweeper thread" daemon [_thread_blocked, id=14644, stack(0x000000a665d00000,0x000000a665e00000)]
  0x000001c756a6d7a0 JavaThread "Notification Thread" daemon [_thread_blocked, id=15116, stack(0x000000a665e00000,0x000000a665f00000)]
  0x000001c756a71f30 JavaThread "Common-Cleaner" daemon [_thread_blocked, id=17028, stack(0x000000a666000000,0x000000a666100000)]

Other Threads:
=>0x000001c73bd96370 VMThread "VM Thread" [stack: 0x000000a665400000,0x000000a665500000] [id=16300]
  0x000001c756a71ca0 WatcherThread [stack: 0x000000a665f00000,0x000000a666000000] [id=15280]
  0x000001c73bd250a0 GCTaskThread "GC Thread#0" [stack: 0x000000a664f00000,0x000000a665000000] [id=3048]
  0x000001c756d9da80 GCTaskThread "GC Thread#1" [stack: 0x000000a666100000,0x000000a666200000] [id=12940]
  0x000001c73bd2da70 ConcurrentGCThread "G1 Main Marker" [stack: 0x000000a665000000,0x000000a665100000] [id=17288]
  0x000001c73bd2e480 ConcurrentGCThread "G1 Conc#0" [stack: 0x000000a665100000,0x000000a665200000] [id=10792]
  0x000001c73bd62e90 ConcurrentGCThread "G1 Refine#0" [stack: 0x000000a665200000,0x000000a665300000] [id=11604]
  0x000001c73bd648d0 ConcurrentGCThread "G1 Service" [stack: 0x000000a665300000,0x000000a665400000] [id=11668]

Threads with active compile tasks:

VM state: at safepoint (normal execution)

VM Mutex/Monitor currently owned by a thread:  ([mutex/lock_event])
[0x000001c73bce7310] Threads_lock - owner thread: 0x000001c73bd96370
[0x000001c73bce6bc0] Heap_lock - owner thread: 0x000001c73bd2da70

Heap address: 0x00000000c2c00000, size: 980 MB, Compressed Oops mode: 32-bit

CDS archive(s) mapped at: [0x000001c757000000-0x000001c757bd0000-0x000001c757bd0000), size 12386304, SharedBaseAddress: 0x000001c757000000, ArchiveRelocationMode: 1.
Compressed class space mapped at: 0x000001c758000000-0x000001c798000000, reserved size: 1073741824
Narrow klass base: 0x000001c757000000, Narrow klass shift: 0, Narrow klass range: 0x100000000

GC Precious Log:
 CPUs: 2 total, 2 available
 Memory: 3918M
 Large Page Support: Disabled
 NUMA Support: Disabled
 Compressed Oops: Enabled (32-bit)
 Heap Region Size: 1M
 Heap Min Capacity: 8M
 Heap Initial Capacity: 62M
 Heap Max Capacity: 980M
 Pre-touch: Disabled
 Parallel Workers: 2
 Concurrent Workers: 1
 Concurrent Refinement Workers: 2
 Periodic GC: Disabled

Heap:
 garbage-first heap   total 51200K, used 34583K [0x00000000c2c00000, 0x0000000100000000)
  region size 1024K, 3 young (3072K), 2 survivors (2048K)
 Metaspace       used 39677K, committed 39936K, reserved 1114112K
  class space    used 4818K, committed 4928K, reserved 1048576K

Heap Regions: E=young(eden), S=young(survivor), O=old, HS=humongous(starts), HC=humongous(continues), CS=collection set, F=free, OA=open archive, CA=closed archive, TAMS=top-at-mark-start (previous, next)
|   0|0x00000000c2c00000, 0x00000000c2d00000, 0x00000000c2d00000|100%|HS|  |TAMS 0x00000000c2d00000, 0x00000000c2c00000| Complete 
|   1|0x00000000c2d00000, 0x00000000c2e00000, 0x00000000c2e00000|100%|HC|  |TAMS 0x00000000c2e00000, 0x00000000c2d00000| Complete 
|   2|0x00000000c2e00000, 0x00000000c2f00000, 0x00000000c2f00000|100%|HC|  |TAMS 0x00000000c2f00000, 0x00000000c2e00000| Complete 
|   3|0x00000000c2f00000, 0x00000000c3000000, 0x00000000c3000000|100%| O|  |TAMS 0x00000000c3000000, 0x00000000c2f00000| Untracked 
|   4|0x00000000c3000000, 0x00000000c3100000, 0x00000000c3100000|100%| O|  |TAMS 0x00000000c3100000, 0x00000000c3000000| Untracked 
|   5|0x00000000c3100000, 0x00000000c3200000, 0x00000000c3200000|100%| O|  |TAMS 0x00000000c3200000, 0x00000000c3100000| Untracked 
|   6|0x00000000c3200000, 0x00000000c3300000, 0x00000000c3300000|100%| O|  |TAMS 0x00000000c3300000, 0x00000000c3200000| Untracked 
|   7|0x00000000c3300000, 0x00000000c3400000, 0x00000000c3400000|100%| O|  |TAMS 0x00000000c3400000, 0x00000000c3300000| Untracked 
|   8|0x00000000c3400000, 0x00000000c3500000, 0x00000000c3500000|100%| O|  |TAMS 0x00000000c3500000, 0x00000000c3400000| Untracked 
|   9|0x00000000c3500000, 0x00000000c3600000, 0x00000000c3600000|100%| O|  |TAMS 0x00000000c3600000, 0x00000000c3500000| Untracked 
|  10|0x00000000c3600000, 0x00000000c3700000, 0x00000000c3700000|100%| O|  |TAMS 0x00000000c3700000, 0x00000000c3600000| Untracked 
|  11|0x00000000c3700000, 0x00000000c3800000, 0x00000000c3800000|100%| O|  |TAMS 0x00000000c3800000, 0x00000000c3700000| Untracked 
|  12|0x00000000c3800000, 0x00000000c3900000, 0x00000000c3900000|100%| O|  |TAMS 0x00000000c3900000, 0x00000000c3800000| Untracked 
|  13|0x00000000c3900000, 0x00000000c3a00000, 0x00000000c3a00000|100%| O|  |TAMS 0x00000000c3a00000, 0x00000000c3900000| Untracked 
|  14|0x00000000c3a00000, 0x00000000c3b00000, 0x00000000c3b00000|100%| O|  |TAMS 0x00000000c3b00000, 0x00000000c3a00000| Untracked 
|  15|0x00000000c3b00000, 0x00000000c3c00000, 0x00000000c3c00000|100%| O|  |TAMS 0x00000000c3c00000, 0x00000000c3b00000| Updating 
|  16|0x00000000c3c00000, 0x00000000c3d00000, 0x00000000c3d00000|100%|HS|  |TAMS 0x00000000c3d00000, 0x00000000c3c00000| Complete 
|  17|0x00000000c3d00000, 0x00000000c3e00000, 0x00000000c3e00000|100%| O|  |TAMS 0x00000000c3e00000, 0x00000000c3d00000| Untracked 
|  18|0x00000000c3e00000, 0x00000000c3f00000, 0x00000000c3f00000|100%| O|  |TAMS 0x00000000c3f00000, 0x00000000c3e00000| Untracked 
|  19|0x00000000c3f00000, 0x00000000c4000000, 0x00000000c4000000|100%| O|  |TAMS 0x00000000c4000000, 0x00000000c3f00000| Untracked 
|  20|0x00000000c4000000, 0x00000000c4100000, 0x00000000c4100000|100%| O|  |TAMS 0x00000000c4100000, 0x00000000c4000000| Untracked 
|  21|0x00000000c4100000, 0x00000000c4200000, 0x00000000c4200000|100%| O|  |TAMS 0x00000000c4200000, 0x00000000c4100000| Untracked 
|  22|0x00000000c4200000, 0x00000000c4300000, 0x00000000c4300000|100%| O|  |TAMS 0x00000000c4300000, 0x00000000c4200000| Untracked 
|  23|0x00000000c4300000, 0x00000000c4400000, 0x00000000c4400000|100%| O|  |TAMS 0x00000000c4400000, 0x00000000c4300000| Updating 
|  24|0x00000000c4400000, 0x00000000c4500000, 0x00000000c4500000|100%| O|  |TAMS 0x00000000c4500000, 0x00000000c4400000| Untracked 
|  25|0x00000000c4500000, 0x00000000c4600000, 0x00000000c4600000|100%| O|  |TAMS 0x00000000c4600000, 0x00000000c4500000| Untracked 
|  26|0x00000000c4600000, 0x00000000c4700000, 0x00000000c4700000|100%| O|  |TAMS 0x00000000c4700000, 0x00000000c4600000| Untracked 
|  27|0x00000000c4700000, 0x00000000c4800000, 0x00000000c4800000|100%| O|  |TAMS 0x00000000c4800000, 0x00000000c4700000| Untracked 
|  28|0x00000000c4800000, 0x00000000c4900000, 0x00000000c4900000|100%| O|  |TAMS 0x00000000c4900000, 0x00000000c4800000| Untracked 
|  29|0x00000000c4900000, 0x00000000c4a00000, 0x00000000c4a00000|100%| O|  |TAMS 0x00000000c4953600, 0x00000000c4900000| Updating 
|  30|0x00000000c4a00000, 0x00000000c4b00000, 0x00000000c4b00000|100%| O|  |TAMS 0x00000000c4a00000, 0x00000000c4a00000| Untracked 
|  31|0x00000000c4b00000, 0x00000000c4bc5e00, 0x00000000c4c00000| 77%| O|  |TAMS 0x00000000c4b00000, 0x00000000c4b00000| Updating 
|  32|0x00000000c4c00000, 0x00000000c4c00000, 0x00000000c4d00000|  0%| F|  |TAMS 0x00000000c4c00000, 0x00000000c4c00000| Untracked 
|  33|0x00000000c4d00000, 0x00000000c4d00000, 0x00000000c4e00000|  0%| F|  |TAMS 0x00000000c4d00000, 0x00000000c4d00000| Untracked 
|  34|0x00000000c4e00000, 0x00000000c4e00000, 0x00000000c4f00000|  0%| F|  |TAMS 0x00000000c4e00000, 0x00000000c4e00000| Untracked 
|  35|0x00000000c4f00000, 0x00000000c4f00000, 0x00000000c5000000|  0%| F|  |TAMS 0x00000000c4f00000, 0x00000000c4f00000| Untracked 
|  36|0x00000000c5000000, 0x00000000c5000000, 0x00000000c5100000|  0%| F|  |TAMS 0x00000000c5000000, 0x00000000c5000000| Untracked 
|  37|0x00000000c5100000, 0x00000000c5100000, 0x00000000c5200000|  0%| F|  |TAMS 0x00000000c5100000, 0x00000000c5100000| Untracked 
|  38|0x00000000c5200000, 0x00000000c5200000, 0x00000000c5300000|  0%| F|  |TAMS 0x00000000c5200000, 0x00000000c5200000| Untracked 
|  39|0x00000000c5300000, 0x00000000c5300000, 0x00000000c5400000|  0%| F|  |TAMS 0x00000000c5300000, 0x00000000c5300000| Untracked 
|  40|0x00000000c5400000, 0x00000000c5400000, 0x00000000c5500000|  0%| F|  |TAMS 0x00000000c5400000, 0x00000000c5400000| Untracked 
|  41|0x00000000c5500000, 0x00000000c5600000, 0x00000000c5600000|100%| S|CS|TAMS 0x00000000c5500000, 0x00000000c5500000| Complete 
|  42|0x00000000c5600000, 0x00000000c5700000, 0x00000000c5700000|100%| S|CS|TAMS 0x00000000c5600000, 0x00000000c5600000| Complete 
|  43|0x00000000c5700000, 0x00000000c5700000, 0x00000000c5800000|  0%| F|  |TAMS 0x00000000c5700000, 0x00000000c5700000| Untracked 
|  44|0x00000000c5800000, 0x00000000c5800000, 0x00000000c5900000|  0%| F|  |TAMS 0x00000000c5800000, 0x00000000c5800000| Untracked 
|  45|0x00000000c5900000, 0x00000000c5900000, 0x00000000c5a00000|  0%| F|  |TAMS 0x00000000c5900000, 0x00000000c5900000| Untracked 
|  46|0x00000000c5a00000, 0x00000000c5a00000, 0x00000000c5b00000|  0%| F|  |TAMS 0x00000000c5a00000, 0x00000000c5a00000| Untracked 
|  47|0x00000000c5b00000, 0x00000000c5b00000, 0x00000000c5c00000|  0%| F|  |TAMS 0x00000000c5b00000, 0x00000000c5b00000| Untracked 
|  48|0x00000000c5c00000, 0x00000000c5c00000, 0x00000000c5d00000|  0%| F|  |TAMS 0x00000000c5c00000, 0x00000000c5c00000| Untracked 
|  61|0x00000000c6900000, 0x00000000c6963d00, 0x00000000c6a00000| 38%| E|  |TAMS 0x00000000c6900000, 0x00000000c6900000| Complete 

Card table byte_map: [0x000001c73bab0000,0x000001c73bca0000] _byte_map_base: 0x000001c73b49a000

Marking Bits (Prev, Next): (CMBitMap*) 0x000001c73bd256c0, (CMBitMap*) 0x000001c73bd25700
 Prev Bits: [0x000001c7527a0000, 0x000001c7536f0000)
 Next Bits: [0x000001c7536f0000, 0x000001c754640000)

Polling page: 0x000001c739b80000

Metaspace:

Usage:
  Non-class:     34.04 MB used.
      Class:      4.71 MB used.
       Both:     38.75 MB used.

Virtual space:
  Non-class space:       64.00 MB reserved,      34.19 MB ( 53%) committed,  1 nodes.
      Class space:        1.00 GB reserved,       4.81 MB ( <1%) committed,  1 nodes.
             Both:        1.06 GB reserved,      39.00 MB (  4%) committed. 

Chunk freelists:
   Non-Class:  12.33 MB
       Class:  11.19 MB
        Both:  23.52 MB

MaxMetaspaceSize: unlimited
CompressedClassSpaceSize: 1.00 GB
Initial GC threshold: 21.00 MB
Current GC threshold: 63.12 MB
CDS: on
MetaspaceReclaimPolicy: balanced
 - commit_granule_bytes: 65536.
 - commit_granule_words: 8192.
 - virtual_space_node_default_size: 8388608.
 - enlarge_chunks_in_place: 1.
 - new_chunks_are_fully_committed: 0.
 - uncommit_free_chunks: 1.
 - use_allocation_guard: 0.
 - handle_deallocations: 1.


Internal statistics:

num_allocs_failed_limit: 6.
num_arena_births: 180.
num_arena_deaths: 0.
num_vsnodes_births: 2.
num_vsnodes_deaths: 0.
num_space_committed: 623.
num_space_uncommitted: 0.
num_chunks_returned_to_freelist: 6.
num_chunks_taken_from_freelist: 1539.
num_chunk_merges: 6.
num_chunk_splits: 1271.
num_chunks_enlarged: 1152.
num_inconsistent_stats: 0.

CodeHeap 'non-profiled nmethods': size=120064Kb used=1751Kb max_used=1751Kb free=118312Kb
 bounds [0x000001c74b070000, 0x000001c74b2e0000, 0x000001c7525b0000]
CodeHeap 'profiled nmethods': size=120000Kb used=7659Kb max_used=7659Kb free=112340Kb
 bounds [0x000001c7435b0000, 0x000001c743d30000, 0x000001c74aae0000]
CodeHeap 'non-nmethods': size=5696Kb used=1286Kb max_used=1331Kb free=4409Kb
 bounds [0x000001c74aae0000, 0x000001c74ad50000, 0x000001c74b070000]
 total_blobs=3951 nmethods=3348 adapters=516
 compilation: enabled
              stopped_count=0, restarted_count=0
 full_count=0

Compilation events (20 events):
Event: 35.184 Thread 0x000001c73bdb6910 3346   !   4       jdk.internal.ref.PhantomCleanable::remove (60 bytes)
Event: 35.189 Thread 0x000001c73bdb6910 nmethod 3346 0x000001c74b222d90 code [0x000001c74b222f20, 0x000001c74b223418]
Event: 35.195 Thread 0x000001c73bdb6910 3347       4       org.jetbrains.kotlin.com.intellij.util.containers.IntArrayList::checkRange (52 bytes)
Event: 35.196 Thread 0x000001c73bdb6910 nmethod 3347 0x000001c74b223590 code [0x000001c74b223700, 0x000001c74b2237b8]
Event: 35.197 Thread 0x000001c73bdb73c0 3348       1       org.jetbrains.kotlin.load.java.structure.impl.classFiles.ClassifierResolutionContext$Result::getClassifier (5 bytes)
Event: 35.197 Thread 0x000001c73bdb73c0 nmethod 3348 0x000001c74b223890 code [0x000001c74b223a20, 0x000001c74b223af8]
Event: 35.198 Thread 0x000001c73bdb73c0 3349       3       org.jetbrains.kotlin.metadata.jvm.deserialization.JvmMetadataVersion::isCompatibleInternal (40 bytes)
Event: 35.198 Thread 0x000001c73bdb73c0 nmethod 3349 0x000001c743d29310 code [0x000001c743d294c0, 0x000001c743d297a8]
Event: 35.200 Thread 0x000001c73bdb73c0 3350       3       org.jetbrains.kotlin.cli.jvm.index.JvmDependenciesIndexImpl$FindClassRequest::<init> (27 bytes)
Event: 35.201 Thread 0x000001c73bdb73c0 nmethod 3350 0x000001c743d29890 code [0x000001c743d29b20, 0x000001c743d2a698]
Event: 35.216 Thread 0x000001c73bdb6910 3351       4       kotlin.jvm.internal.Lambda::<init> (10 bytes)
Event: 35.217 Thread 0x000001c73bdb6910 nmethod 3351 0x000001c74b223b90 code [0x000001c74b223d00, 0x000001c74b223d78]
Event: 35.229 Thread 0x000001c73bdb73c0 3352       3       org.jetbrains.kotlin.util.OneElementArrayMap::get (17 bytes)
Event: 35.229 Thread 0x000001c73bdb73c0 nmethod 3352 0x000001c743d2aa90 code [0x000001c743d2ac20, 0x000001c743d2adb8]
Event: 35.229 Thread 0x000001c73bdb6910 3353       4       kotlin.collections.CollectionsKt__IterablesKt::collectionSizeOrDefault (27 bytes)
Event: 35.230 Thread 0x000001c73bdb6910 nmethod 3353 0x000001c74b223e90 code [0x000001c74b224000, 0x000001c74b2240d8]
Event: 35.231 Thread 0x000001c73bdb6910 3354       4       java.util.jar.JarFile::getManifest (5 bytes)
Event: 35.243 Thread 0x000001c73bdb6910 nmethod 3354 0x000001c74b224210 code [0x000001c74b224440, 0x000001c74b224b20]
Event: 35.246 Thread 0x000001c73bdb6910 3355   !   4       java.util.jar.JarFile::getManifestFromReference (197 bytes)
Event: 35.258 Thread 0x000001c73bdb6910 nmethod 3355 0x000001c74b225090 code [0x000001c74b2252c0, 0x000001c74b2259a0]

GC Heap History (20 events):
Event: 10.276 GC heap before
{Heap before GC invocations=3 (full 0):
 garbage-first heap   total 63488K, used 42054K [0x00000000c2c00000, 0x0000000100000000)
  region size 1024K, 37 young (37888K), 2 survivors (2048K)
 Metaspace       used 16418K, committed 16640K, reserved 1114112K
  class space    used 1863K, committed 1984K, reserved 1048576K
}
Event: 10.289 GC heap after
{Heap after GC invocations=4 (full 0):
 garbage-first heap   total 63488K, used 9123K [0x00000000c2c00000, 0x0000000100000000)
  region size 1024K, 5 young (5120K), 5 survivors (5120K)
 Metaspace       used 16418K, committed 16640K, reserved 1114112K
  class space    used 1863K, committed 1984K, reserved 1048576K
}
Event: 15.780 GC heap before
{Heap before GC invocations=4 (full 0):
 garbage-first heap   total 63488K, used 33699K [0x00000000c2c00000, 0x0000000100000000)
  region size 1024K, 30 young (30720K), 5 survivors (5120K)
 Metaspace       used 21329K, committed 21504K, reserved 1114112K
  class space    used 2486K, committed 2560K, reserved 1048576K
}
Event: 15.802 GC heap after
{Heap after GC invocations=5 (full 0):
 garbage-first heap   total 63488K, used 13858K [0x00000000c2c00000, 0x0000000100000000)
  region size 1024K, 5 young (5120K), 5 survivors (5120K)
 Metaspace       used 21329K, committed 21504K, reserved 1114112K
  class space    used 2486K, committed 2560K, reserved 1048576K
}
Event: 17.865 GC heap before
{Heap before GC invocations=6 (full 0):
 garbage-first heap   total 51200K, used 38434K [0x00000000c2c00000, 0x0000000100000000)
  region size 1024K, 30 young (30720K), 5 survivors (5120K)
 Metaspace       used 27182K, committed 27392K, reserved 1114112K
  class space    used 3544K, committed 3648K, reserved 1048576K
}
Event: 17.883 GC heap after
{Heap after GC invocations=7 (full 0):
 garbage-first heap   total 51200K, used 16269K [0x00000000c2c00000, 0x0000000100000000)
  region size 1024K, 3 young (3072K), 3 survivors (3072K)
 Metaspace       used 27182K, committed 27392K, reserved 1114112K
  class space    used 3544K, committed 3648K, reserved 1048576K
}
Event: 22.879 GC heap before
{Heap before GC invocations=7 (full 0):
 garbage-first heap   total 51200K, used 36749K [0x00000000c2c00000, 0x0000000100000000)
  region size 1024K, 24 young (24576K), 3 survivors (3072K)
 Metaspace       used 32943K, committed 33216K, reserved 1114112K
  class space    used 4113K, committed 4224K, reserved 1048576K
}
Event: 22.890 GC heap after
{Heap after GC invocations=8 (full 0):
 garbage-first heap   total 51200K, used 17848K [0x00000000c2c00000, 0x0000000100000000)
  region size 1024K, 2 young (2048K), 2 survivors (2048K)
 Metaspace       used 32943K, committed 33216K, reserved 1114112K
  class space    used 4113K, committed 4224K, reserved 1048576K
}
Event: 27.553 GC heap before
{Heap before GC invocations=8 (full 0):
 garbage-first heap   total 51200K, used 28088K [0x00000000c2c00000, 0x0000000100000000)
  region size 1024K, 14 young (14336K), 2 survivors (2048K)
 Metaspace       used 35719K, committed 35968K, reserved 1114112K
  class space    used 4421K, committed 4544K, reserved 1048576K
}
Event: 27.560 GC heap after
{Heap after GC invocations=9 (full 0):
 garbage-first heap   total 51200K, used 18462K [0x00000000c2c00000, 0x0000000100000000)
  region size 1024K, 3 young (3072K), 3 survivors (3072K)
 Metaspace       used 35719K, committed 35968K, reserved 1114112K
  class space    used 4421K, committed 4544K, reserved 1048576K
}
Event: 31.273 GC heap before
{Heap before GC invocations=10 (full 0):
 garbage-first heap   total 51200K, used 39966K [0x00000000c2c00000, 0x0000000100000000)
  region size 1024K, 23 young (23552K), 3 survivors (3072K)
 Metaspace       used 38417K, committed 38720K, reserved 1114112K
  class space    used 4705K, committed 4864K, reserved 1048576K
}
Event: 31.287 GC heap after
{Heap after GC invocations=11 (full 0):
 garbage-first heap   total 51200K, used 23297K [0x00000000c2c00000, 0x0000000100000000)
  region size 1024K, 3 young (3072K), 3 survivors (3072K)
 Metaspace       used 38417K, committed 38720K, reserved 1114112K
  class space    used 4705K, committed 4864K, reserved 1048576K
}
Event: 31.299 GC heap before
{Heap before GC invocations=11 (full 0):
 garbage-first heap   total 51200K, used 24321K [0x00000000c2c00000, 0x0000000100000000)
  region size 1024K, 4 young (4096K), 3 survivors (3072K)
 Metaspace       used 38417K, committed 38720K, reserved 1114112K
  class space    used 4705K, committed 4864K, reserved 1048576K
}
Event: 31.307 GC heap after
{Heap after GC invocations=12 (full 0):
 garbage-first heap   total 51200K, used 24227K [0x00000000c2c00000, 0x0000000100000000)
  region size 1024K, 1 young (1024K), 1 survivors (1024K)
 Metaspace       used 38417K, committed 38720K, reserved 1114112K
  class space    used 4705K, committed 4864K, reserved 1048576K
}
Event: 32.686 GC heap before
{Heap before GC invocations=12 (full 0):
 garbage-first heap   total 51200K, used 38563K [0x00000000c2c00000, 0x0000000100000000)
  region size 1024K, 15 young (15360K), 1 survivors (1024K)
 Metaspace       used 38482K, committed 38784K, reserved 1114112K
  class space    used 4706K, committed 4864K, reserved 1048576K
}
Event: 32.697 GC heap after
{Heap after GC invocations=13 (full 0):
 garbage-first heap   total 51200K, used 29324K [0x00000000c2c00000, 0x0000000100000000)
  region size 1024K, 2 young (2048K), 2 survivors (2048K)
 Metaspace       used 38482K, committed 38784K, reserved 1114112K
  class space    used 4706K, committed 4864K, reserved 1048576K
}
Event: 34.160 GC heap before
{Heap before GC invocations=14 (full 0):
 garbage-first heap   total 51200K, used 38540K [0x00000000c2c00000, 0x0000000100000000)
  region size 1024K, 11 young (11264K), 2 survivors (2048K)
 Metaspace       used 39054K, committed 39296K, reserved 1114112K
  class space    used 4741K, committed 4864K, reserved 1048576K
}
Event: 34.168 GC heap after
{Heap after GC invocations=15 (full 0):
 garbage-first heap   total 51200K, used 32077K [0x00000000c2c00000, 0x0000000100000000)
  region size 1024K, 2 young (2048K), 2 survivors (2048K)
 Metaspace       used 39054K, committed 39296K, reserved 1114112K
  class space    used 4741K, committed 4864K, reserved 1048576K
}
Event: 35.167 GC heap before
{Heap before GC invocations=15 (full 0):
 garbage-first heap   total 51200K, used 39245K [0x00000000c2c00000, 0x0000000100000000)
  region size 1024K, 9 young (9216K), 2 survivors (2048K)
 Metaspace       used 39619K, committed 39872K, reserved 1114112K
  class space    used 4812K, committed 4928K, reserved 1048576K
}
Event: 35.179 GC heap after
{Heap after GC invocations=16 (full 0):
 garbage-first heap   total 51200K, used 34583K [0x00000000c2c00000, 0x0000000100000000)
  region size 1024K, 2 young (2048K), 2 survivors (2048K)
 Metaspace       used 39619K, committed 39872K, reserved 1114112K
  class space    used 4812K, committed 4928K, reserved 1048576K
}

Deoptimization events (20 events):
Event: 33.587 Thread 0x000001c73bcec0e0 Uncommon trap: trap_request=0xffffff76 fr.pc=0x000001c74b1e4bcc relative=0x00000000000055ac
Event: 33.587 Thread 0x000001c73bcec0e0 Uncommon trap: reason=predicate action=maybe_recompile pc=0x000001c74b1e4bcc method=org.jetbrains.org.objectweb.asm.ClassReader.readMethod(Lorg/jetbrains/org/objectweb/asm/ClassVisitor;Lorg/jetbrains/org/objectweb/asm/Context;I)I @ 714 c2
Event: 33.587 Thread 0x000001c73bcec0e0 DEOPT PACKING pc=0x000001c74b1e4bcc sp=0x000000a664dfb970
Event: 33.587 Thread 0x000001c73bcec0e0 DEOPT UNPACKING pc=0x000001c74ab3239d sp=0x000000a664dfb968 mode 2
Event: 33.681 Thread 0x000001c73bcec0e0 Uncommon trap: trap_request=0xffffffcc fr.pc=0x000001c74b1f51c4 relative=0x00000000000002a4
Event: 33.681 Thread 0x000001c73bcec0e0 Uncommon trap: reason=intrinsic_or_type_checked_inlining action=make_not_entrant pc=0x000001c74b1f51c4 method=java.util.Arrays.copyOf([Ljava/lang/Object;ILjava/lang/Class;)[Ljava/lang/Object; @ 35 c2
Event: 33.681 Thread 0x000001c73bcec0e0 DEOPT PACKING pc=0x000001c74b1f51c4 sp=0x000000a664dfaa10
Event: 33.681 Thread 0x000001c73bcec0e0 DEOPT UNPACKING pc=0x000001c74ab3239d sp=0x000000a664dfa9a0 mode 2
Event: 33.691 Thread 0x000001c73bcec0e0 Uncommon trap: trap_request=0xffffff45 fr.pc=0x000001c74b1ee230 relative=0x0000000000000210
Event: 33.691 Thread 0x000001c73bcec0e0 Uncommon trap: reason=unstable_if action=reinterpret pc=0x000001c74b1ee230 method=org.jetbrains.kotlin.name.Name.hashCode()I @ 16 c2
Event: 33.691 Thread 0x000001c73bcec0e0 DEOPT PACKING pc=0x000001c74b1ee230 sp=0x000000a664dfae90
Event: 33.691 Thread 0x000001c73bcec0e0 DEOPT UNPACKING pc=0x000001c74ab3239d sp=0x000000a664dfae28 mode 2
Event: 34.679 Thread 0x000001c73bcec0e0 Uncommon trap: trap_request=0xffffff45 fr.pc=0x000001c74b1a9ad4 relative=0x00000000000000b4
Event: 34.679 Thread 0x000001c73bcec0e0 Uncommon trap: reason=unstable_if action=reinterpret pc=0x000001c74b1a9ad4 method=java.text.StringCharacterIterator.current()C @ 19 c2
Event: 34.679 Thread 0x000001c73bcec0e0 DEOPT PACKING pc=0x000001c74b1a9ad4 sp=0x000000a664dfbab0
Event: 34.680 Thread 0x000001c73bcec0e0 DEOPT UNPACKING pc=0x000001c74ab3239d sp=0x000000a664dfba48 mode 2
Event: 35.086 Thread 0x000001c73bcec0e0 Uncommon trap: trap_request=0xffffff45 fr.pc=0x000001c74b20a864 relative=0x00000000000063c4
Event: 35.086 Thread 0x000001c73bcec0e0 Uncommon trap: reason=unstable_if action=reinterpret pc=0x000001c74b20a864 method=org.jetbrains.org.objectweb.asm.ClassReader.readMethod(Lorg/jetbrains/org/objectweb/asm/ClassVisitor;Lorg/jetbrains/org/objectweb/asm/Context;I)I @ 414 c2
Event: 35.086 Thread 0x000001c73bcec0e0 DEOPT PACKING pc=0x000001c74b20a864 sp=0x000000a664dfb9e0
Event: 35.086 Thread 0x000001c73bcec0e0 DEOPT UNPACKING pc=0x000001c74ab3239d sp=0x000000a664dfb9e8 mode 2

Classes unloaded (0 events):
No events

Classes redefined (0 events):
No events

Internal exceptions (20 events):
Event: 6.954 Thread 0x000001c73bcec0e0 Exception <a 'java/lang/NoSuchMethodError'{0x00000000c57dd488}: 'int java.lang.invoke.DirectMethodHandle$Holder.invokeStatic(java.lang.Object)'> (0x00000000c57dd488) 
thrown [s\open\src\hotspot\share\interpreter\linkResolver.cpp, line 759]
Event: 6.957 Thread 0x000001c73bcec0e0 Exception <a 'java/lang/NoSuchMethodError'{0x00000000c57e0b30}: 'int java.lang.invoke.DirectMethodHandle$Holder.invokeStaticInit(java.lang.Object)'> (0x00000000c57e0b30) 
thrown [s\open\src\hotspot\share\interpreter\linkResolver.cpp, line 759]
Event: 6.985 Thread 0x000001c73bcec0e0 Exception <a 'java/lang/NoSuchMethodError'{0x00000000c563a900}: 'void java.lang.invoke.DirectMethodHandle$Holder.invokeSpecial(java.lang.Object, java.lang.Object, java.lang.Object)'> (0x00000000c563a900) 
thrown [s\open\src\hotspot\share\interpreter\linkResolver.cpp, line 759]
Event: 7.633 Thread 0x000001c73bcec0e0 Exception <a 'java/lang/NoSuchMethodError'{0x00000000c515fd00}: 'void java.lang.invoke.DirectMethodHandle$Holder.invokeStatic(java.lang.Object, java.lang.Object, java.lang.Object, java.lang.Object)'> (0x00000000c515fd00) 
thrown [s\open\src\hotspot\share\interpreter\linkResolver.cpp, line 759]
Event: 8.311 Thread 0x000001c73bcec0e0 Exception <a 'java/lang/NoSuchMethodError'{0x00000000c50cb770}: 'java.lang.Object java.lang.invoke.DirectMethodHandle$Holder.invokeInterface(java.lang.Object, java.lang.Object)'> (0x00000000c50cb770) 
thrown [s\open\src\hotspot\share\interpreter\linkResolver.cpp, line 759]
Event: 8.872 Thread 0x000001c73bcec0e0 Exception <a 'java/lang/NoSuchMethodError'{0x00000000c4d4f3a8}: 'void java.lang.invoke.DirectMethodHandle$Holder.invokeStaticInit(java.lang.Object, java.lang.Object)'> (0x00000000c4d4f3a8) 
thrown [s\open\src\hotspot\share\interpreter\linkResolver.cpp, line 759]
Event: 9.051 Thread 0x000001c73bcec0e0 Exception <a 'java/lang/NoSuchMethodError'{0x00000000c4b4bad8}: 'int java.lang.invoke.DirectMethodHandle$Holder.invokeVirtual(java.lang.Object, java.lang.Object, java.lang.Object)'> (0x00000000c4b4bad8) 
thrown [s\open\src\hotspot\share\interpreter\linkResolver.cpp, line 759]
Event: 9.399 Thread 0x000001c73bcec0e0 Exception <a 'java/lang/NoSuchMethodError'{0x00000000c4898f70}: 'void java.lang.invoke.DirectMethodHandle$Holder.invokeVirtual(java.lang.Object, java.lang.Object)'> (0x00000000c4898f70) 
thrown [s\open\src\hotspot\share\interpreter\linkResolver.cpp, line 759]
Event: 9.417 Thread 0x000001c73bcec0e0 Exception <a 'sun/nio/fs/WindowsException'{0x00000000c48e1530}> (0x00000000c48e1530) 
thrown [s\open\src\hotspot\share\prims\jni.cpp, line 516]
Event: 9.527 Thread 0x000001c73bcec0e0 Exception <a 'java/lang/NoSuchMethodError'{0x00000000c4715630}: 'java.lang.Object java.lang.invoke.Invokers$Holder.invoke_MT(java.lang.Object, java.lang.Object, java.lang.Object)'> (0x00000000c4715630) 
thrown [s\open\src\hotspot\share\interpreter\linkResolver.cpp, line 759]
Event: 11.121 Thread 0x000001c73bcec0e0 Exception <a 'java/lang/NoSuchMethodError'{0x00000000c6143f20}: 'java.lang.Object java.lang.invoke.DirectMethodHandle$Holder.newInvokeSpecial(java.lang.Object, int, java.lang.Object, java.lang.Object, java.lang.Object, java.lang.Object)'> (0x00000000c6143f20) 
thrown [s\open\src\hotspot\share\interpreter\linkResolver.cpp, line 759]
Event: 11.264 Thread 0x000001c73bcec0e0 Exception <a 'java/lang/NoSuchMethodError'{0x00000000c6098bc8}: 'java.lang.Object java.lang.invoke.DirectMethodHandle$Holder.invokeStatic(java.lang.Object, java.lang.Object, int, java.lang.Object)'> (0x00000000c6098bc8) 
thrown [s\open\src\hotspot\share\interpreter\linkResolver.cpp, line 759]
Event: 13.588 Thread 0x000001c73bcec0e0 Exception <a 'java/lang/NoSuchMethodError'{0x00000000c5afdff0}: 'java.lang.Object java.lang.invoke.DirectMethodHandle$Holder.newInvokeSpecial(java.lang.Object, java.lang.Object, java.lang.Object, java.lang.Object, java.lang.Object, java.lang.Object)'> (0x00000000c5afdff0) 
thrown [s\open\src\hotspot\share\interpreter\linkResolver.cpp, line 759]
Event: 17.200 Thread 0x000001c73bcec0e0 Exception <a 'java/lang/NoSuchMethodError'{0x00000000c4a5c018}: 'java.lang.Object java.lang.invoke.DirectMethodHandle$Holder.newInvokeSpecial(java.lang.Object, java.lang.Object, java.lang.Object, java.lang.Object, java.lang.Object, java.lang.Object, java.lang.Object)'> (0x00000000c4a5c018) 
thrown [s\open\src\hotspot\share\interpreter\linkResolver.cpp, line 759]
Event: 17.200 Thread 0x000001c73bcec0e0 Exception <a 'java/lang/NoSuchMethodError'{0x00000000c4a60928}: 'java.lang.Object java.lang.invoke.Invokers$Holder.linkToTargetMethod(java.lang.Object, java.lang.Object, java.lang.Object, java.lang.Object, java.lang.Object, java.lang.Object, java.lang.Object)'> (0x00000000c4a60928) 
thrown [s\open\src\hotspot\share\interpreter\linkResolver.cpp, line 759]
Event: 18.302 Thread 0x000001c73bcec0e0 Exception <a 'java/lang/NoSuchMethodError'{0x00000000c58716b8}: 'java.lang.Object java.lang.invoke.DirectMethodHandle$Holder.invokeVirtual(java.lang.Object, java.lang.Object, java.lang.Object)'> (0x00000000c58716b8) 
thrown [s\open\src\hotspot\share\interpreter\linkResolver.cpp, line 759]
Event: 18.564 Thread 0x000001c73bcec0e0 Exception <a 'java/lang/NoSuchMethodError'{0x00000000c56050d8}: 'java.lang.Object java.lang.invoke.DirectMethodHandle$Holder.newInvokeSpecial(java.lang.Object, java.lang.Object, int)'> (0x00000000c56050d8) 
thrown [s\open\src\hotspot\share\interpreter\linkResolver.cpp, line 759]
Event: 21.476 Thread 0x000001c73bcec0e0 Exception <a 'java/lang/NoSuchMethodError'{0x00000000c50648c8}: 'int java.lang.invoke.DirectMethodHandle$Holder.invokeStaticInit(java.lang.Object, int)'> (0x00000000c50648c8) 
thrown [s\open\src\hotspot\share\interpreter\linkResolver.cpp, line 759]
Event: 27.317 Thread 0x000001c73bcec0e0 Exception <a 'java/lang/NoSuchMethodError'{0x00000000c523d7f0}: 'java.lang.Object java.lang.invoke.DirectMethodHandle$Holder.newInvokeSpecial(java.lang.Object, java.lang.Object, java.lang.Object, int, java.lang.Object)'> (0x00000000c523d7f0) 
thrown [s\open\src\hotspot\share\interpreter\linkResolver.cpp, line 759]
Event: 27.318 Thread 0x000001c73bcec0e0 Exception <a 'java/lang/NoSuchMethodError'{0x00000000c52453b0}: 'java.lang.Object java.lang.invoke.Invokers$Holder.linkToTargetMethod(java.lang.Object, java.lang.Object, int, java.lang.Object, java.lang.Object)'> (0x00000000c52453b0) 
thrown [s\open\src\hotspot\share\interpreter\linkResolver.cpp, line 759]

VM Operations (20 events):
Event: 31.307 Executing VM operation: G1CollectForAllocation done
Event: 32.317 Executing VM operation: Cleanup
Event: 32.397 Executing VM operation: Cleanup done
Event: 32.686 Executing VM operation: G1CollectForAllocation
Event: 32.697 Executing VM operation: G1CollectForAllocation done
Event: 32.811 Executing VM operation: G1Concurrent
Event: 32.838 Executing VM operation: G1Concurrent done
Event: 32.874 Executing VM operation: G1Concurrent
Event: 32.907 Executing VM operation: G1Concurrent done
Event: 33.921 Executing VM operation: Cleanup
Event: 34.015 Executing VM operation: Cleanup done
Event: 34.160 Executing VM operation: G1CollectForAllocation
Event: 34.168 Executing VM operation: G1CollectForAllocation done
Event: 34.919 Executing VM operation: HandshakeAllThreads
Event: 34.919 Executing VM operation: HandshakeAllThreads done
Event: 34.930 Executing VM operation: HandshakeAllThreads
Event: 34.930 Executing VM operation: HandshakeAllThreads done
Event: 35.167 Executing VM operation: G1CollectForAllocation
Event: 35.183 Executing VM operation: G1CollectForAllocation done
Event: 35.262 Executing VM operation: G1Concurrent

Events (20 events):
Event: 21.524 loading class java/util/ArrayList$ListItr
Event: 21.524 loading class java/util/ArrayList$ListItr done
Event: 21.766 loading class java/util/regex/Pattern$1
Event: 21.767 loading class java/util/regex/Pattern$1 done
Event: 23.242 loading class java/util/PriorityQueue
Event: 23.243 loading class java/util/PriorityQueue done
Event: 27.612 loading class java/security/AccessControlException
Event: 27.612 loading class java/security/AccessControlException done
Event: 27.895 loading class java/text/StringCharacterIterator
Event: 27.900 loading class java/text/CharacterIterator
Event: 27.901 loading class java/text/CharacterIterator done
Event: 27.901 loading class java/text/StringCharacterIterator done
Event: 29.095 loading class java/lang/annotation/ElementType
Event: 29.098 loading class java/lang/annotation/ElementType done
Event: 29.098 loading class java/lang/Deprecated
Event: 29.099 loading class java/lang/Deprecated done
Event: 29.099 loading class java/lang/Override
Event: 29.099 loading class java/lang/Override done
Event: 31.035 loading class java/util/AbstractList$ListItr
Event: 31.049 loading class java/util/AbstractList$ListItr done


Dynamic libraries:
0x00007ff61e250000 - 0x00007ff61e260000 	C:\Program Files\Microsoft\jdk-17.0.12\bin\java.exe
0x00007ffe72850000 - 0x00007ffe72a48000 	C:\Windows\SYSTEM32\ntdll.dll
0x00007ffe71ca0000 - 0x00007ffe71d62000 	C:\Windows\System32\KERNEL32.DLL
0x00007ffe704f0000 - 0x00007ffe707e6000 	C:\Windows\System32\KERNELBASE.dll
0x00007ffe6fee0000 - 0x00007ffe6ffe0000 	C:\Windows\System32\ucrtbase.dll
0x00007ffe67810000 - 0x00007ffe67829000 	C:\Program Files\Microsoft\jdk-17.0.12\bin\jli.dll
0x00007ffe723d0000 - 0x00007ffe7247f000 	C:\Windows\System32\ADVAPI32.dll
0x00007ffe72330000 - 0x00007ffe723ce000 	C:\Windows\System32\msvcrt.dll
0x00007ffe70900000 - 0x00007ffe7099f000 	C:\Windows\System32\sechost.dll
0x00007ffe71900000 - 0x00007ffe71a23000 	C:\Windows\System32\RPCRT4.dll
0x00007ffe707f0000 - 0x00007ffe70817000 	C:\Windows\System32\bcrypt.dll
0x00007ffe71a30000 - 0x00007ffe71bcd000 	C:\Windows\System32\USER32.dll
0x00007ffe70070000 - 0x00007ffe70092000 	C:\Windows\System32\win32u.dll
0x00007ffe70b50000 - 0x00007ffe70b7b000 	C:\Windows\System32\GDI32.dll
0x00007ffe701d0000 - 0x00007ffe702ea000 	C:\Windows\System32\gdi32full.dll
0x00007ffe702f0000 - 0x00007ffe7038d000 	C:\Windows\System32\msvcp_win.dll
0x00007ffe677f0000 - 0x00007ffe6780b000 	C:\Program Files\Microsoft\jdk-17.0.12\bin\VCRUNTIME140.dll
0x00007ffe58980000 - 0x00007ffe58c1a000 	C:\Windows\WinSxS\amd64_microsoft.windows.common-controls_6595b64144ccf1df_6.0.19041.4355_none_60b8b9eb71f62e16\COMCTL32.dll
0x00007ffe674e0000 - 0x00007ffe674ea000 	C:\Windows\SYSTEM32\VERSION.dll
0x00007ffe725b0000 - 0x00007ffe725df000 	C:\Windows\System32\IMM32.DLL
0x00007ffe6d130000 - 0x00007ffe6d13c000 	C:\Program Files\Microsoft\jdk-17.0.12\bin\vcruntime140_1.dll
0x00007ffe5c8d0000 - 0x00007ffe5c95e000 	C:\Program Files\Microsoft\jdk-17.0.12\bin\msvcp140.dll
0x00007ffe2df50000 - 0x00007ffe2eb30000 	C:\Program Files\Microsoft\jdk-17.0.12\bin\server\jvm.dll
0x00007ffe727a0000 - 0x00007ffe727a8000 	C:\Windows\System32\PSAPI.DLL
0x00007ffe68e60000 - 0x00007ffe68e69000 	C:\Windows\SYSTEM32\WSOCK32.dll
0x00007ffe72710000 - 0x00007ffe7277b000 	C:\Windows\System32\WS2_32.dll
0x00007ffe58de0000 - 0x00007ffe58e07000 	C:\Windows\SYSTEM32\WINMM.dll
0x00007ffe6e6f0000 - 0x00007ffe6e702000 	C:\Windows\SYSTEM32\kernel.appcore.dll
0x00007ffe68d90000 - 0x00007ffe68d9a000 	C:\Program Files\Microsoft\jdk-17.0.12\bin\jimage.dll
0x00007ffe6e3c0000 - 0x00007ffe6e5a4000 	C:\Windows\SYSTEM32\DBGHELP.DLL
0x00007ffe60fb0000 - 0x00007ffe60fe4000 	C:\Windows\SYSTEM32\dbgcore.DLL
0x00007ffe6ffe0000 - 0x00007ffe70062000 	C:\Windows\System32\bcryptPrimitives.dll
0x00007ffe5eb50000 - 0x00007ffe5eb75000 	C:\Program Files\Microsoft\jdk-17.0.12\bin\java.dll
0x00007ffe52af0000 - 0x00007ffe52bc7000 	C:\Program Files\Microsoft\jdk-17.0.12\bin\jsvml.dll
0x00007ffe71190000 - 0x00007ffe718ff000 	C:\Windows\System32\SHELL32.dll
0x00007ffe6db40000 - 0x00007ffe6e2e3000 	C:\Windows\SYSTEM32\windows.storage.dll
0x00007ffe71d70000 - 0x00007ffe720c5000 	C:\Windows\System32\combase.dll
0x00007ffe6f760000 - 0x00007ffe6f78b000 	C:\Windows\SYSTEM32\Wldp.dll
0x00007ffe71bd0000 - 0x00007ffe71c9d000 	C:\Windows\System32\OLEAUT32.dll
0x00007ffe720d0000 - 0x00007ffe7217d000 	C:\Windows\System32\SHCORE.dll
0x00007ffe70a80000 - 0x00007ffe70ad5000 	C:\Windows\System32\shlwapi.dll
0x00007ffe6fe10000 - 0x00007ffe6fe35000 	C:\Windows\SYSTEM32\profapi.dll
0x00007ffe5ea80000 - 0x00007ffe5ea99000 	C:\Program Files\Microsoft\jdk-17.0.12\bin\net.dll
0x00007ffe61810000 - 0x00007ffe6191a000 	C:\Windows\SYSTEM32\WINHTTP.dll
0x00007ffe6f540000 - 0x00007ffe6f5ac000 	C:\Windows\system32\mswsock.dll
0x00007ffe5ea60000 - 0x00007ffe5ea76000 	C:\Program Files\Microsoft\jdk-17.0.12\bin\nio.dll
0x00007ffe5e9d0000 - 0x00007ffe5e9e8000 	C:\Program Files\Microsoft\jdk-17.0.12\bin\zip.dll
0x00007ffe68820000 - 0x00007ffe68830000 	C:\Program Files\Microsoft\jdk-17.0.12\bin\verify.dll

dbghelp: loaded successfully - version: 4.0.5 - missing functions: none
symbol engine: initialized successfully - sym options: 0x614 - pdb path: .;C:\Program Files\Microsoft\jdk-17.0.12\bin;C:\Windows\SYSTEM32;C:\Windows\WinSxS\amd64_microsoft.windows.common-controls_6595b64144ccf1df_6.0.19041.4355_none_60b8b9eb71f62e16;C:\Program Files\Microsoft\jdk-17.0.12\bin\server

VM Arguments:
java_command: org.jetbrains.kotlin.cli.jvm.K2JVMCompiler @C:\VoicetoText app\ChatbotApp\node_modules\react-native-audio-recorder-player\android\build\20250507_9872785368139204253.compiler.options
java_class_path (initial): C:\Users\Fahad Computer\.gradle\caches\modules-2\files-2.1\org.jetbrains.kotlin\kotlin-compiler-embeddable\2.0.21\79346ed53db48b18312a472602eb5c057070c54d\kotlin-compiler-embeddable-2.0.21.jar;C:\Users\Fahad Computer\.gradle\caches\modules-2\files-2.1\org.jetbrains.kotlin\kotlin-stdlib\2.0.21\618b539767b4899b4660a83006e052b63f1db551\kotlin-stdlib-2.0.21.jar;C:\Users\Fahad Computer\.gradle\caches\modules-2\files-2.1\org.jetbrains.kotlin\kotlin-script-runtime\2.0.21\c9b044380ad41f89aa89aa896c2d32a8c0b2129d\kotlin-script-runtime-2.0.21.jar;C:\Users\Fahad Computer\.gradle\caches\modules-2\files-2.1\org.jetbrains.kotlin\kotlin-reflect\1.6.10\1cbe9c92c12a94eea200d23c2bbaedaf3daf5132\kotlin-reflect-1.6.10.jar;C:\Users\Fahad Computer\.gradle\caches\modules-2\files-2.1\org.jetbrains.kotlin\kotlin-daemon-embeddable\2.0.21\c9e933b23287de9b5a17e2116b4657bb91aea72c\kotlin-daemon-embeddable-2.0.21.jar;C:\Users\Fahad Computer\.gradle\caches\modules-2\files-2.1\org.jetbrains.intellij.deps\trove4j\1.0.20200330\3afb14d5f9ceb459d724e907a21145e8ff394f02\trove4j-1.0.20200330.jar;C:\Users\Fahad Computer\.gradle\caches\modules-2\files-2.1\org.jetbrains.kotlinx\kotlinx-coroutines-core-jvm\1.6.4\2c997cd1c0ef33f3e751d3831929aeff1390cb30\kotlinx-coroutines-core-jvm-1.6.4.jar;C:\Users\Fahad Computer\.gradle\caches\modules-2\files-2.1\org.jetbrains\annotations\13.0\919f0dfe192fb4e063e7dacadee7f8bb9a2672a9\annotations-13.0.jar
Launcher Type: SUN_STANDARD

[Global flags]
     intx CICompilerCount                          = 2                                         {product} {ergonomic}
     uint ConcGCThreads                            = 1                                         {product} {ergonomic}
     uint G1ConcRefinementThreads                  = 2                                         {product} {ergonomic}
   size_t G1HeapRegionSize                         = 1048576                                   {product} {ergonomic}
    uintx GCDrainStackTargetSize                   = 64                                        {product} {ergonomic}
   size_t InitialHeapSize                          = 65011712                                  {product} {ergonomic}
   size_t MarkStackSize                            = 4194304                                   {product} {ergonomic}
   size_t MaxHeapSize                              = 1027604480                                {product} {ergonomic}
   size_t MaxNewSize                               = 616562688                                 {product} {ergonomic}
   size_t MinHeapDeltaBytes                        = 1048576                                   {product} {ergonomic}
   size_t MinHeapSize                              = 8388608                                   {product} {ergonomic}
    uintx NonNMethodCodeHeapSize                   = 5826188                                {pd product} {ergonomic}
    uintx NonProfiledCodeHeapSize                  = 122916026                              {pd product} {ergonomic}
    uintx ProfiledCodeHeapSize                     = 122916026                              {pd product} {ergonomic}
    uintx ReservedCodeCacheSize                    = 251658240                              {pd product} {ergonomic}
     bool SegmentedCodeCache                       = true                                      {product} {ergonomic}
   size_t SoftMaxHeapSize                          = 1027604480                             {manageable} {ergonomic}
     bool UseCompressedClassPointers               = true                           {product lp64_product} {ergonomic}
     bool UseCompressedOops                        = true                           {product lp64_product} {ergonomic}
     bool UseG1GC                                  = true                                      {product} {ergonomic}
     bool UseLargePagesIndividualAllocation        = false                                  {pd product} {ergonomic}

Logging:
Log output configuration:
 #0: stdout all=warning uptime,level,tags
 #1: stderr all=off uptime,level,tags

Environment Variables:
JAVA_HOME=C:\Program Files\Microsoft\jdk-17.0.12\
CLASSPATH=C:\VoicetoText app\ChatbotApp\android\\gradle\wrapper\gradle-wrapper.jar
PATH=C:\VoicetoText app\ChatbotApp\node_modules\.bin;C:\VoicetoText app\ChatbotApp\node_modules\.bin;C:\VoicetoText app\node_modules\.bin;C:\node_modules\.bin;C:\Users\Fahad Computer\AppData\Roaming\npm\node_modules\npm\node_modules\@npmcli\run-script\lib\node-gyp-bin;c:\Users\Fahad Computer\AppData\Local\Programs\cursor\resources\app\bin;C:\Python313\Scripts\;C:\Python313\;C:\Program Files\Microsoft\jdk-11.0.26.4-hotspot\bin;C:\Program Files\Common Files\Oracle\Java\javapath;C:\Program Files\Microsoft\jdk-17.0.12.7-hotspot\bin;C:\Windows\system32;C:\Windows;C:\Windows\System32\Wbem;C:\Windows\System32\WindowsPowerShell\v1.0\;C:\Windows\System32\OpenSSH\;C:\ProgramData\chocolatey\bin;C:\Users\Fahad Computer\AppData\Local\Android\Sdk\platform-tools;C:\Program Files\Java\jdk-18.0.2.1\bin.exe;C:\Program Files\Git\cmd;C:\Android\Sdk\emulator;C:\Android\Sdk\tools;C:\Program Files\nodejs\;C:\Users\Fahad Computer\AppData\Local\Android\Sdk\tools;C:\Users\Fahad Computer\AppData\Local\Android\Sdk\tools;C:\Users\Fahad Computer\AppData\Local\Microsoft\WindowsApps;C:\Program Files\MongoDB\Server\7.0\bin;C:\Program Files\MongoDB\Server\7.0\bin;C:\Users\Fahad Computer\AppData\Roaming\npm;c:\Users\Fahad Computer\AppData\Local\Programs\cursor\resources\app\bin;c:\Users\Fahad Computer\AppData\Local\Programs\cursor\resources\app\bin;C:\Users\Fahad Computer\AppData\Local\Android\Sdk\tools;C:\Users\Fahad Computer\AppData\Local\Android\Sdk\tools;C:\Users\Fahad Computer\AppData\Local\Microsoft\WindowsApps;C:\Users\Fahad Computer\AppData\Local\Programs\Microsoft VS Code\bin;C:\Program Files\MongoDB\Server\7.0\bin;C:\Program Files\MongoDB\Server\7.0\bin;C:\Users\Fahad Computer\AppData\Roaming\npm;C:\Users\Fahad Computer\AppData\Local\Programs\cursor\resources\app\bin
USERNAME=Fahad Computer
LANG=en_US.UTF-8
OS=Windows_NT
PROCESSOR_IDENTIFIER=Intel64 Family 6 Model 122 Stepping 8, GenuineIntel



---------------  S Y S T E M  ---------------

OS:
 Windows 10 , 64 bit Build 19041 (10.0.19041.5678)
OS uptime: 6 days 5:17 hours
Hyper-V role detected

CPU: total 2 (initial active 2) (2 cores per cpu, 1 threads per core) family 6 model 122 stepping 8 microcode 0x18, cx8, cmov, fxsr, mmx, 3dnowpref, sse, sse2, sse3, ssse3, sse4.1, sse4.2, popcnt, tsc, tscinvbit, aes, erms, clmul, sha, clflush, clflushopt, hv

Memory: 4k page, system-wide physical 3918M (111M free)
TotalPageFile size 15694M (AvailPageFile size 12M)
current process WorkingSet (physical memory assigned to process): 160M, peak: 165M
current process commit charge ("private bytes"): 198M, peak: 207M

vm_info: Java HotSpot(TM) 64-Bit Server VM (17.0.12+8-LTS-286) for windows-amd64 JRE (17.0.12+8-LTS-286), built on Jun  5 2024 06:46:59 by "mach5one" with MS VC++ 17.6 (VS2022)

END.
