#
# There is insufficient memory for the Java Runtime Environment to continue.
# Native memory allocation (malloc) failed to allocate 2313712 bytes for Chunk::new
# Possible reasons:
#   The system is out of physical RAM or swap space
#   The process is running with CompressedOops enabled, and the Java Heap may be blocking the growth of the native heap
# Possible solutions:
#   Reduce memory load on the system
#   Increase physical memory or swap space
#   Check if swap backing store is full
#   Decrease Java heap size (-Xmx/-Xms)
#   Decrease number of Java threads
#   Decrease Java thread stack sizes (-Xss)
#   Set larger code cache with -XX:ReservedCodeCacheSize=
#   JVM is running with Unscaled Compressed Oops mode in which the Java heap is
#     placed in the first 4GB address space. The Java Heap base address is the
#     maximum limit for the native heap growth. Please use -XX:HeapBaseMinAddress
#     to set the Java Heap base and to place the Java Heap above 4GB virtual address.
# This output file may be truncated or incomplete.
#
#  Out of Memory Error (arena.cpp:189), pid=13104, tid=8520
#
# JRE version: Java(TM) SE Runtime Environment (17.0.12+8) (build 17.0.12+8-LTS-286)
# Java VM: Java HotSpot(TM) 64-Bit Server VM (17.0.12+8-LTS-286, mixed mode, sharing, tiered, compressed oops, compressed class ptrs, g1 gc, windows-amd64)
# No core dump will be written. Minidumps are not enabled by default on client versions of Windows
#

---------------  S U M M A R Y ------------

Command Line: --add-opens=java.base/java.lang=ALL-UNNAMED --add-opens=java.base/java.lang.invoke=ALL-UNNAMED --add-opens=java.base/java.util=ALL-UNNAMED --add-opens=java.prefs/java.util.prefs=ALL-UNNAMED --add-exports=jdk.compiler/com.sun.tools.javac.api=ALL-UNNAMED --add-exports=jdk.compiler/com.sun.tools.javac.util=ALL-UNNAMED --add-opens=java.base/java.util=ALL-UNNAMED --add-opens=java.prefs/java.util.prefs=ALL-UNNAMED --add-opens=java.base/java.nio.charset=ALL-UNNAMED --add-opens=java.base/java.net=ALL-UNNAMED --add-opens=java.base/java.util.concurrent.atomic=ALL-UNNAMED --add-opens=java.xml/javax.xml.namespace=ALL-UNNAMED -XX:MaxMetaspaceSize=256m -XX:ReservedCodeCacheSize=64m -Xmx1g -Dfile.encoding=UTF-8 -Duser.country=US -Duser.language=en -Duser.variant -javaagent:C:\Users\Fahad Computer\.gradle\wrapper\dists\gradle-8.12-all\ejduaidbjup3bmmkhw3rie4zb\gradle-8.12\lib\agents\gradle-instrumentation-agent-8.12.jar org.gradle.launcher.daemon.bootstrap.GradleDaemon 8.12

Host: Intel(R) Celeron(R) N4020 CPU @ 1.10GHz, 2 cores, 3G,  Windows 10 , 64 bit Build 19041 (10.0.19041.5678)
Time: Wed May  7 08:16:57 2025 Pacific Daylight Time elapsed time: 94.672795 seconds (0d 0h 1m 34s)

---------------  T H R E A D  ---------------

Current thread (0x000001a9097f1780):  JavaThread "C2 CompilerThread0" daemon [_thread_in_native, id=8520, stack(0x0000007423800000,0x0000007423900000)]


Current CompileTask:
C2:  94673 12521       4       java.beans.Introspector::addMethod (196 bytes)

Stack: [0x0000007423800000,0x0000007423900000]
Native frames: (J=compiled Java code, j=interpreted, Vv=VM code, C=native code)
V  [jvm.dll+0x67a04a]
V  [jvm.dll+0x7da4ed]
V  [jvm.dll+0x7dbe33]
V  [jvm.dll+0x7dc4a3]
V  [jvm.dll+0x24508f]
V  [jvm.dll+0xab773]
V  [jvm.dll+0xabd3c]
V  [jvm.dll+0x361bee]
V  [jvm.dll+0x32c431]
V  [jvm.dll+0x32b8ca]
V  [jvm.dll+0x21683f]
V  [jvm.dll+0x215c6f]
V  [jvm.dll+0x1a2960]
V  [jvm.dll+0x22610b]
V  [jvm.dll+0x2242ab]
V  [jvm.dll+0x79075c]
V  [jvm.dll+0x78abea]
V  [jvm.dll+0x678f35]
C  [ucrtbase.dll+0x21bb2]
C  [KERNEL32.DLL+0x17374]
C  [ntdll.dll+0x4cc91]


---------------  P R O C E S S  ---------------

Threads class SMR info:
_java_thread_list=0x000001a9302bb750, length=67, elements={
0x000001a909732260, 0x000001a9097deef0, 0x000001a9097e0220, 0x000001a9097edef0,
0x000001a9097ee920, 0x000001a9097ef1f0, 0x000001a9097f0ad0, 0x000001a9097f1780,
0x000001a9097f2140, 0x000001a9097fb1f0, 0x000001a9194be670, 0x000001a9196c7ea0,
0x000001a91978f9f0, 0x000001a92cad20b0, 0x000001a91991a890, 0x000001a92c078670,
0x000001a919617400, 0x000001a92d112920, 0x000001a92d113850, 0x000001a92d112410,
0x000001a92d112e30, 0x000001a92d113340, 0x000001a92d114270, 0x000001a92d113d60,
0x000001a92d114c90, 0x000001a92e627e90, 0x000001a92e6232a0, 0x000001a92e6292d0,
0x000001a92e6288b0, 0x000001a92e626f60, 0x000001a92e626030, 0x000001a92e6237b0,
0x000001a92e627980, 0x000001a92e628dc0, 0x000001a92e629cf0, 0x000001a92e622880,
0x000001a92e623cc0, 0x000001a92e622d90, 0x000001a92e6246e0, 0x000001a92e627470,
0x000001a92e6241d0, 0x000001a92e625100, 0x000001a92e625610, 0x000001a92f773250,
0x000001a92f7713f0, 0x000001a92f770ee0, 0x000001a92f771e10, 0x000001a92f772830,
0x000001a92f775ad0, 0x000001a92f774ba0, 0x000001a92f777420, 0x000001a92f7750b0,
0x000001a92f775fe0, 0x000001a92f772320, 0x000001a92f7709d0, 0x000001a92f776f10,
0x000001a92f7764f0, 0x000001a92f776a00, 0x000001a92f772d40, 0x000001a92f76ffb0,
0x000001a92f773c70, 0x000001a92f774180, 0x000001a92f774690, 0x000001a92e624bf0,
0x000001a930c140d0, 0x000001a930c16440, 0x000001a930c15510
}

Java Threads: ( => current thread )
  0x000001a909732260 JavaThread "main" [_thread_blocked, id=11392, stack(0x0000007422b00000,0x0000007422c00000)]
  0x000001a9097deef0 JavaThread "Reference Handler" daemon [_thread_blocked, id=3756, stack(0x0000007423200000,0x0000007423300000)]
  0x000001a9097e0220 JavaThread "Finalizer" daemon [_thread_blocked, id=9884, stack(0x0000007423300000,0x0000007423400000)]
  0x000001a9097edef0 JavaThread "Signal Dispatcher" daemon [_thread_blocked, id=3864, stack(0x0000007423400000,0x0000007423500000)]
  0x000001a9097ee920 JavaThread "Attach Listener" daemon [_thread_blocked, id=8808, stack(0x0000007423500000,0x0000007423600000)]
  0x000001a9097ef1f0 JavaThread "Service Thread" daemon [_thread_blocked, id=9024, stack(0x0000007423600000,0x0000007423700000)]
  0x000001a9097f0ad0 JavaThread "Monitor Deflation Thread" daemon [_thread_blocked, id=16064, stack(0x0000007423700000,0x0000007423800000)]
=>0x000001a9097f1780 JavaThread "C2 CompilerThread0" daemon [_thread_in_native, id=8520, stack(0x0000007423800000,0x0000007423900000)]
  0x000001a9097f2140 JavaThread "C1 CompilerThread0" daemon [_thread_blocked, id=8432, stack(0x0000007423900000,0x0000007423a00000)]
  0x000001a9097fb1f0 JavaThread "Sweeper thread" daemon [_thread_blocked, id=15324, stack(0x0000007423a00000,0x0000007423b00000)]
  0x000001a9194be670 JavaThread "Common-Cleaner" daemon [_thread_blocked, id=14664, stack(0x0000007423b00000,0x0000007423c00000)]
  0x000001a9196c7ea0 JavaThread "Notification Thread" daemon [_thread_blocked, id=2148, stack(0x0000007423c00000,0x0000007423d00000)]
  0x000001a91978f9f0 JavaThread "Daemon health stats" [_thread_blocked, id=944, stack(0x0000007423f00000,0x0000007424000000)]
  0x000001a92cad20b0 JavaThread "Incoming local TCP Connector on port 6468" [_thread_in_native, id=7208, stack(0x0000007424000000,0x0000007424100000)]
  0x000001a91991a890 JavaThread "Daemon periodic checks" [_thread_blocked, id=7156, stack(0x0000007424100000,0x0000007424200000)]
  0x000001a92c078670 JavaThread "Daemon" [_thread_blocked, id=16852, stack(0x0000007424200000,0x0000007424300000)]
  0x000001a919617400 JavaThread "Handler for socket connection from /127.0.0.1:6468 to /127.0.0.1:6469" [_thread_in_native, id=6036, stack(0x0000007424300000,0x0000007424400000)]
  0x000001a92d112920 JavaThread "Cancel handler" [_thread_blocked, id=8876, stack(0x0000007424400000,0x0000007424500000)]
  0x000001a92d113850 JavaThread "Daemon worker" [_thread_in_Java, id=15660, stack(0x0000007424500000,0x0000007424600000)]
  0x000001a92d112410 JavaThread "Asynchronous log dispatcher for DefaultDaemonConnection: socket connection from /127.0.0.1:6468 to /127.0.0.1:6469" [_thread_blocked, id=8428, stack(0x0000007424600000,0x0000007424700000)]
  0x000001a92d112e30 JavaThread "Stdin handler" [_thread_blocked, id=16872, stack(0x0000007424700000,0x0000007424800000)]
  0x000001a92d113340 JavaThread "Daemon client event forwarder" [_thread_blocked, id=11300, stack(0x0000007424800000,0x0000007424900000)]
  0x000001a92d114270 JavaThread "Cache worker for journal cache (C:\Users\Fahad Computer\.gradle\caches\journal-1)" [_thread_blocked, id=17092, stack(0x0000007424900000,0x0000007424a00000)]
  0x000001a92d113d60 JavaThread "File lock request listener" [_thread_in_native, id=14300, stack(0x0000007424a00000,0x0000007424b00000)]
  0x000001a92d114c90 JavaThread "Cache worker for file hash cache (C:\Users\Fahad Computer\.gradle\caches\8.12\fileHashes)" [_thread_blocked, id=11908, stack(0x0000007424b00000,0x0000007424c00000)]
  0x000001a92e627e90 JavaThread "Cache worker for file hash cache (C:\VoicetoText app\ChatbotApp\android\.gradle\8.12\fileHashes)" [_thread_blocked, id=1232, stack(0x0000007424c00000,0x0000007424d00000)]
  0x000001a92e6232a0 JavaThread "Cache worker for Build Output Cleanup Cache (C:\VoicetoText app\ChatbotApp\android\.gradle\buildOutputCleanup)" [_thread_blocked, id=16008, stack(0x0000007424d00000,0x0000007424e00000)]
  0x000001a92e6292d0 JavaThread "File watcher server" daemon [_thread_in_native, id=7500, stack(0x0000007424e00000,0x0000007424f00000)]
  0x000001a92e6288b0 JavaThread "File watcher consumer" daemon [_thread_blocked, id=14592, stack(0x0000007424f00000,0x0000007425000000)]
  0x000001a92e626f60 JavaThread "jar transforms" [_thread_blocked, id=3140, stack(0x0000007425100000,0x0000007425200000)]
  0x000001a92e626030 JavaThread "Cache worker for checksums cache (C:\VoicetoText app\ChatbotApp\android\.gradle\8.12\checksums)" [_thread_blocked, id=9576, stack(0x0000007425200000,0x0000007425300000)]
  0x000001a92e6237b0 JavaThread "Cache worker for file content cache (C:\Users\Fahad Computer\.gradle\caches\8.12\fileContent)" [_thread_blocked, id=12208, stack(0x0000007425300000,0x0000007425400000)]
  0x000001a92e627980 JavaThread "Cache worker for cache directory md-rule (C:\Users\Fahad Computer\.gradle\caches\8.12\md-rule)" [_thread_blocked, id=15668, stack(0x0000007425400000,0x0000007425500000)]
  0x000001a92e628dc0 JavaThread "Cache worker for cache directory md-supplier (C:\Users\Fahad Computer\.gradle\caches\8.12\md-supplier)" [_thread_blocked, id=3888, stack(0x0000007425500000,0x0000007425600000)]
  0x000001a92e629cf0 JavaThread "Cache worker for Build Output Cleanup Cache (C:\VoicetoText app\ChatbotApp\node_modules\@react-native\gradle-plugin\.gradle\buildOutputCleanup)" [_thread_blocked, id=16780, stack(0x0000007425600000,0x0000007425700000)]
  0x000001a92e622880 JavaThread "Unconstrained build operations" [_thread_blocked, id=12724, stack(0x0000007425700000,0x0000007425800000)]
  0x000001a92e623cc0 JavaThread "Unconstrained build operations Thread 2" [_thread_blocked, id=14288, stack(0x0000007425800000,0x0000007425900000)]
  0x000001a92e622d90 JavaThread "Unconstrained build operations Thread 3" [_thread_blocked, id=9176, stack(0x0000007425900000,0x0000007425a00000)]
  0x000001a92e6246e0 JavaThread "Unconstrained build operations Thread 4" [_thread_blocked, id=16292, stack(0x0000007425a00000,0x0000007425b00000)]
  0x000001a92e627470 JavaThread "Unconstrained build operations Thread 5" [_thread_blocked, id=8336, stack(0x0000007425b00000,0x0000007425c00000)]
  0x000001a92e6241d0 JavaThread "Unconstrained build operations Thread 6" [_thread_blocked, id=14512, stack(0x0000007425c00000,0x0000007425d00000)]
  0x000001a92e625100 JavaThread "build event listener" [_thread_blocked, id=9780, stack(0x0000007425f00000,0x0000007426000000)]
  0x000001a92e625610 JavaThread "Memory manager" [_thread_blocked, id=13072, stack(0x0000007426000000,0x0000007426100000)]
  0x000001a92f773250 JavaThread "ForkJoinPool.commonPool-worker-1" daemon [_thread_blocked, id=17020, stack(0x0000007426100000,0x0000007426200000)]
  0x000001a92f7713f0 JavaThread "Exec process" [_thread_blocked, id=4348, stack(0x0000007426200000,0x0000007426300000)]
  0x000001a92f770ee0 JavaThread "Exec process Thread 2" [_thread_blocked, id=17184, stack(0x0000007426300000,0x0000007426400000)]
  0x000001a92f771e10 JavaThread "Exec process Thread 3" [_thread_blocked, id=4004, stack(0x0000007426400000,0x0000007426500000)]
  0x000001a92f772830 JavaThread "ForkJoinPool.commonPool-worker-2" daemon [_thread_blocked, id=9596, stack(0x0000007426500000,0x0000007426600000)]
  0x000001a92f775ad0 JavaThread "included builds" [_thread_blocked, id=9648, stack(0x0000007426600000,0x0000007426700000)]
  0x000001a92f774ba0 JavaThread "Execution worker" [_thread_blocked, id=10160, stack(0x0000007426700000,0x0000007426800000)]
  0x000001a92f777420 JavaThread "Cache worker for execution history cache (C:\VoicetoText app\ChatbotApp\node_modules\@react-native\gradle-plugin\.gradle\8.12\executionHistory)" [_thread_blocked, id=2300, stack(0x0000007426800000,0x0000007426900000)]
  0x000001a92f7750b0 JavaThread "Unconstrained build operations Thread 7" [_thread_blocked, id=13828, stack(0x0000007426900000,0x0000007426a00000)]
  0x000001a92f775fe0 JavaThread "Unconstrained build operations Thread 8" [_thread_blocked, id=8256, stack(0x0000007426a00000,0x0000007426b00000)]
  0x000001a92f772320 JavaThread "Unconstrained build operations Thread 9" [_thread_blocked, id=11888, stack(0x0000007426b00000,0x0000007426c00000)]
  0x000001a92f7709d0 JavaThread "Unconstrained build operations Thread 10" [_thread_blocked, id=13956, stack(0x0000007426c00000,0x0000007426d00000)]
  0x000001a92f776f10 JavaThread "Unconstrained build operations Thread 11" [_thread_blocked, id=1240, stack(0x0000007426d00000,0x0000007426e00000)]
  0x000001a92f7764f0 JavaThread "Unconstrained build operations Thread 12" [_thread_blocked, id=10708, stack(0x0000007426e00000,0x0000007426f00000)]
  0x000001a92f776a00 JavaThread "Unconstrained build operations Thread 13" [_thread_blocked, id=10440, stack(0x0000007426f00000,0x0000007427000000)]
  0x000001a92f772d40 JavaThread "Unconstrained build operations Thread 14" [_thread_blocked, id=15500, stack(0x0000007427000000,0x0000007427100000)]
  0x000001a92f76ffb0 JavaThread "jar transforms Thread 2" [_thread_blocked, id=3996, stack(0x0000007422900000,0x0000007422a00000)]
  0x000001a92f773c70 JavaThread "Unconstrained build operations Thread 15" [_thread_blocked, id=10044, stack(0x0000007422a00000,0x0000007422b00000)]
  0x000001a92f774180 JavaThread "Unconstrained build operations Thread 16" [_thread_blocked, id=11912, stack(0x0000007427100000,0x0000007427200000)]
  0x000001a92f774690 JavaThread "Unconstrained build operations Thread 17" [_thread_blocked, id=4080, stack(0x0000007427200000,0x0000007427300000)]
  0x000001a92e624bf0 JavaThread "Unconstrained build operations Thread 18" [_thread_blocked, id=14868, stack(0x0000007427300000,0x0000007427400000)]
  0x000001a930c140d0 JavaThread "Unconstrained build operations Thread 19" [_thread_blocked, id=11640, stack(0x0000007427400000,0x0000007427500000)]
  0x000001a930c16440 JavaThread "build event listener" [_thread_blocked, id=14016, stack(0x0000007427500000,0x0000007427600000)]
  0x000001a930c15510 JavaThread "Problems report writer" [_thread_blocked, id=8684, stack(0x0000007427600000,0x0000007427700000)]

Other Threads:
  0x000001a9097d8d30 VMThread "VM Thread" [stack: 0x0000007423100000,0x0000007423200000] [id=9192]
  0x000001a9196c8380 WatcherThread [stack: 0x0000007423d00000,0x0000007423e00000] [id=15920]
  0x000001a90976d800 GCTaskThread "GC Thread#0" [stack: 0x0000007422c00000,0x0000007422d00000] [id=8424]
  0x000001a91977a560 GCTaskThread "GC Thread#1" [stack: 0x0000007423e00000,0x0000007423f00000] [id=12852]
  0x000001a909772540 ConcurrentGCThread "G1 Main Marker" [stack: 0x0000007422d00000,0x0000007422e00000] [id=14828]
  0x000001a9076edfd0 ConcurrentGCThread "G1 Conc#0" [stack: 0x0000007422e00000,0x0000007422f00000] [id=1432]
  0x000001a9097a3910 ConcurrentGCThread "G1 Refine#0" [stack: 0x0000007422f00000,0x0000007423000000] [id=16344]
  0x000001a92c7c9330 ConcurrentGCThread "G1 Refine#1" [stack: 0x0000007425000000,0x0000007425100000] [id=4532]
  0x000001a9097a4150 ConcurrentGCThread "G1 Service" [stack: 0x0000007423000000,0x0000007423100000] [id=12912]

Threads with active compile tasks:
C2 CompilerThread0    94734 12521       4       java.beans.Introspector::addMethod (196 bytes)

VM state: not at safepoint (normal execution)

VM Mutex/Monitor currently owned by a thread: None

Heap address: 0x00000000c0000000, size: 1024 MB, Compressed Oops mode: 32-bit

CDS archive(s) mapped at: [0x000001a91a000000-0x000001a91abd0000-0x000001a91abd0000), size 12386304, SharedBaseAddress: 0x000001a91a000000, ArchiveRelocationMode: 1.
Compressed class space mapped at: 0x000001a91b000000-0x000001a928000000, reserved size: 218103808
Narrow klass base: 0x000001a91a000000, Narrow klass shift: 0, Narrow klass range: 0x100000000

GC Precious Log:
 CPUs: 2 total, 2 available
 Memory: 3918M
 Large Page Support: Disabled
 NUMA Support: Disabled
 Compressed Oops: Enabled (32-bit)
 Heap Region Size: 1M
 Heap Min Capacity: 8M
 Heap Initial Capacity: 62M
 Heap Max Capacity: 1G
 Pre-touch: Disabled
 Parallel Workers: 2
 Concurrent Workers: 1
 Concurrent Refinement Workers: 2
 Periodic GC: Disabled

Heap:
 garbage-first heap   total 165888K, used 121950K [0x00000000c0000000, 0x0000000100000000)
  region size 1024K, 9 young (9216K), 3 survivors (3072K)
 Metaspace       used 95654K, committed 96704K, reserved 344064K
  class space    used 12965K, committed 13504K, reserved 212992K

Heap Regions: E=young(eden), S=young(survivor), O=old, HS=humongous(starts), HC=humongous(continues), CS=collection set, F=free, OA=open archive, CA=closed archive, TAMS=top-at-mark-start (previous, next)
|   0|0x00000000c0000000, 0x00000000c0100000, 0x00000000c0100000|100%| O|  |TAMS 0x00000000c0100000, 0x00000000c0000000| Untracked 
|   1|0x00000000c0100000, 0x00000000c0200000, 0x00000000c0200000|100%|HS|  |TAMS 0x00000000c0200000, 0x00000000c0100000| Complete 
|   2|0x00000000c0200000, 0x00000000c0300000, 0x00000000c0300000|100%|HC|  |TAMS 0x00000000c0300000, 0x00000000c0200000| Complete 
|   3|0x00000000c0300000, 0x00000000c0400000, 0x00000000c0400000|100%|HC|  |TAMS 0x00000000c0400000, 0x00000000c0300000| Complete 
|   4|0x00000000c0400000, 0x00000000c0500000, 0x00000000c0500000|100%| O|  |TAMS 0x00000000c0500000, 0x00000000c0400000| Untracked 
|   5|0x00000000c0500000, 0x00000000c0600000, 0x00000000c0600000|100%| O|  |TAMS 0x00000000c0600000, 0x00000000c0500000| Untracked 
|   6|0x00000000c0600000, 0x00000000c0700000, 0x00000000c0700000|100%| O|  |TAMS 0x00000000c0700000, 0x00000000c0600000| Untracked 
|   7|0x00000000c0700000, 0x00000000c0800000, 0x00000000c0800000|100%| O|  |TAMS 0x00000000c0800000, 0x00000000c0700000| Untracked 
|   8|0x00000000c0800000, 0x00000000c0900000, 0x00000000c0900000|100%|HS|  |TAMS 0x00000000c0900000, 0x00000000c0800000| Complete 
|   9|0x00000000c0900000, 0x00000000c0a00000, 0x00000000c0a00000|100%| O|  |TAMS 0x00000000c0a00000, 0x00000000c0900000| Untracked 
|  10|0x00000000c0a00000, 0x00000000c0b00000, 0x00000000c0b00000|100%| O|  |TAMS 0x00000000c0b00000, 0x00000000c0a00000| Untracked 
|  11|0x00000000c0b00000, 0x00000000c0c00000, 0x00000000c0c00000|100%| O|  |TAMS 0x00000000c0c00000, 0x00000000c0b00000| Untracked 
|  12|0x00000000c0c00000, 0x00000000c0d00000, 0x00000000c0d00000|100%| O|  |TAMS 0x00000000c0d00000, 0x00000000c0c00000| Untracked 
|  13|0x00000000c0d00000, 0x00000000c0e00000, 0x00000000c0e00000|100%| O|  |TAMS 0x00000000c0e00000, 0x00000000c0d00000| Untracked 
|  14|0x00000000c0e00000, 0x00000000c0f00000, 0x00000000c0f00000|100%| O|  |TAMS 0x00000000c0f00000, 0x00000000c0e00000| Untracked 
|  15|0x00000000c0f00000, 0x00000000c1000000, 0x00000000c1000000|100%| O|  |TAMS 0x00000000c1000000, 0x00000000c0f00000| Untracked 
|  16|0x00000000c1000000, 0x00000000c1100000, 0x00000000c1100000|100%| O|  |TAMS 0x00000000c1100000, 0x00000000c1000000| Untracked 
|  17|0x00000000c1100000, 0x00000000c1200000, 0x00000000c1200000|100%| O|  |TAMS 0x00000000c1200000, 0x00000000c1100000| Untracked 
|  18|0x00000000c1200000, 0x00000000c1300000, 0x00000000c1300000|100%| O|  |TAMS 0x00000000c1300000, 0x00000000c1200000| Untracked 
|  19|0x00000000c1300000, 0x00000000c1400000, 0x00000000c1400000|100%| O|  |TAMS 0x00000000c1400000, 0x00000000c1300000| Untracked 
|  20|0x00000000c1400000, 0x00000000c1500000, 0x00000000c1500000|100%| O|  |TAMS 0x00000000c1500000, 0x00000000c1400000| Untracked 
|  21|0x00000000c1500000, 0x00000000c1600000, 0x00000000c1600000|100%| O|  |TAMS 0x00000000c1600000, 0x00000000c1500000| Untracked 
|  22|0x00000000c1600000, 0x00000000c1700000, 0x00000000c1700000|100%| O|  |TAMS 0x00000000c1700000, 0x00000000c1600000| Untracked 
|  23|0x00000000c1700000, 0x00000000c1800000, 0x00000000c1800000|100%| O|  |TAMS 0x00000000c1800000, 0x00000000c1700000| Untracked 
|  24|0x00000000c1800000, 0x00000000c1900000, 0x00000000c1900000|100%| O|  |TAMS 0x00000000c1900000, 0x00000000c1800000| Untracked 
|  25|0x00000000c1900000, 0x00000000c1a00000, 0x00000000c1a00000|100%| O|  |TAMS 0x00000000c1a00000, 0x00000000c1900000| Untracked 
|  26|0x00000000c1a00000, 0x00000000c1b00000, 0x00000000c1b00000|100%| O|  |TAMS 0x00000000c1b00000, 0x00000000c1a00000| Untracked 
|  27|0x00000000c1b00000, 0x00000000c1c00000, 0x00000000c1c00000|100%| O|  |TAMS 0x00000000c1c00000, 0x00000000c1b00000| Untracked 
|  28|0x00000000c1c00000, 0x00000000c1d00000, 0x00000000c1d00000|100%| O|  |TAMS 0x00000000c1d00000, 0x00000000c1c00000| Untracked 
|  29|0x00000000c1d00000, 0x00000000c1e00000, 0x00000000c1e00000|100%| O|  |TAMS 0x00000000c1e00000, 0x00000000c1d00000| Untracked 
|  30|0x00000000c1e00000, 0x00000000c1f00000, 0x00000000c1f00000|100%| O|  |TAMS 0x00000000c1f00000, 0x00000000c1e00000| Untracked 
|  31|0x00000000c1f00000, 0x00000000c2000000, 0x00000000c2000000|100%| O|  |TAMS 0x00000000c2000000, 0x00000000c1f00000| Untracked 
|  32|0x00000000c2000000, 0x00000000c2100000, 0x00000000c2100000|100%| O|  |TAMS 0x00000000c2100000, 0x00000000c2000000| Untracked 
|  33|0x00000000c2100000, 0x00000000c2200000, 0x00000000c2200000|100%| O|  |TAMS 0x00000000c2200000, 0x00000000c2100000| Untracked 
|  34|0x00000000c2200000, 0x00000000c2300000, 0x00000000c2300000|100%| O|  |TAMS 0x00000000c2300000, 0x00000000c2200000| Untracked 
|  35|0x00000000c2300000, 0x00000000c2400000, 0x00000000c2400000|100%| O|  |TAMS 0x00000000c2400000, 0x00000000c2300000| Untracked 
|  36|0x00000000c2400000, 0x00000000c2500000, 0x00000000c2500000|100%| O|  |TAMS 0x00000000c2500000, 0x00000000c2400000| Untracked 
|  37|0x00000000c2500000, 0x00000000c2600000, 0x00000000c2600000|100%| O|  |TAMS 0x00000000c2600000, 0x00000000c2500000| Untracked 
|  38|0x00000000c2600000, 0x00000000c2700000, 0x00000000c2700000|100%| O|  |TAMS 0x00000000c2700000, 0x00000000c2600000| Untracked 
|  39|0x00000000c2700000, 0x00000000c2800000, 0x00000000c2800000|100%| O|  |TAMS 0x00000000c2800000, 0x00000000c2700000| Untracked 
|  40|0x00000000c2800000, 0x00000000c2900000, 0x00000000c2900000|100%| O|  |TAMS 0x00000000c2900000, 0x00000000c2800000| Untracked 
|  41|0x00000000c2900000, 0x00000000c2a00000, 0x00000000c2a00000|100%| O|  |TAMS 0x00000000c2900000, 0x00000000c2900000| Untracked 
|  42|0x00000000c2a00000, 0x00000000c2b00000, 0x00000000c2b00000|100%| O|  |TAMS 0x00000000c2b00000, 0x00000000c2a00000| Untracked 
|  43|0x00000000c2b00000, 0x00000000c2c00000, 0x00000000c2c00000|100%| O|  |TAMS 0x00000000c2c00000, 0x00000000c2b00000| Untracked 
|  44|0x00000000c2c00000, 0x00000000c2d00000, 0x00000000c2d00000|100%| O|  |TAMS 0x00000000c2d00000, 0x00000000c2c00000| Untracked 
|  45|0x00000000c2d00000, 0x00000000c2e00000, 0x00000000c2e00000|100%| O|  |TAMS 0x00000000c2d00000, 0x00000000c2d00000| Untracked 
|  46|0x00000000c2e00000, 0x00000000c2f00000, 0x00000000c2f00000|100%| O|  |TAMS 0x00000000c2e00000, 0x00000000c2e00000| Untracked 
|  47|0x00000000c2f00000, 0x00000000c3000000, 0x00000000c3000000|100%|HS|  |TAMS 0x00000000c3000000, 0x00000000c2f00000| Complete 
|  48|0x00000000c3000000, 0x00000000c3100000, 0x00000000c3100000|100%|HC|  |TAMS 0x00000000c3100000, 0x00000000c3000000| Complete 
|  49|0x00000000c3100000, 0x00000000c3200000, 0x00000000c3200000|100%|HS|  |TAMS 0x00000000c3200000, 0x00000000c3100000| Complete 
|  50|0x00000000c3200000, 0x00000000c3300000, 0x00000000c3300000|100%|HC|  |TAMS 0x00000000c3300000, 0x00000000c3200000| Complete 
|  51|0x00000000c3300000, 0x00000000c3400000, 0x00000000c3400000|100%|HC|  |TAMS 0x00000000c3400000, 0x00000000c3300000| Complete 
|  52|0x00000000c3400000, 0x00000000c3500000, 0x00000000c3500000|100%|HS|  |TAMS 0x00000000c3500000, 0x00000000c3400000| Complete 
|  53|0x00000000c3500000, 0x00000000c3600000, 0x00000000c3600000|100%|HC|  |TAMS 0x00000000c3600000, 0x00000000c3500000| Complete 
|  54|0x00000000c3600000, 0x00000000c3700000, 0x00000000c3700000|100%|HS|  |TAMS 0x00000000c3700000, 0x00000000c3600000| Complete 
|  55|0x00000000c3700000, 0x00000000c3800000, 0x00000000c3800000|100%|HC|  |TAMS 0x00000000c3800000, 0x00000000c3700000| Complete 
|  56|0x00000000c3800000, 0x00000000c3900000, 0x00000000c3900000|100%|HC|  |TAMS 0x00000000c3900000, 0x00000000c3800000| Complete 
|  57|0x00000000c3900000, 0x00000000c3a00000, 0x00000000c3a00000|100%| O|  |TAMS 0x00000000c3a00000, 0x00000000c3900000| Untracked 
|  58|0x00000000c3a00000, 0x00000000c3b00000, 0x00000000c3b00000|100%| O|  |TAMS 0x00000000c3b00000, 0x00000000c3a00000| Untracked 
|  59|0x00000000c3b00000, 0x00000000c3c00000, 0x00000000c3c00000|100%| O|  |TAMS 0x00000000c3c00000, 0x00000000c3b00000| Untracked 
|  60|0x00000000c3c00000, 0x00000000c3d00000, 0x00000000c3d00000|100%| O|  |TAMS 0x00000000c3d00000, 0x00000000c3c00000| Untracked 
|  61|0x00000000c3d00000, 0x00000000c3e00000, 0x00000000c3e00000|100%| O|  |TAMS 0x00000000c3e00000, 0x00000000c3d00000| Untracked 
|  62|0x00000000c3e00000, 0x00000000c3f00000, 0x00000000c3f00000|100%| O|  |TAMS 0x00000000c3f00000, 0x00000000c3e00000| Untracked 
|  63|0x00000000c3f00000, 0x00000000c4000000, 0x00000000c4000000|100%| O|  |TAMS 0x00000000c4000000, 0x00000000c3f00000| Untracked 
|  64|0x00000000c4000000, 0x00000000c4100000, 0x00000000c4100000|100%| O|  |TAMS 0x00000000c4100000, 0x00000000c4000000| Untracked 
|  65|0x00000000c4100000, 0x00000000c4200000, 0x00000000c4200000|100%| O|  |TAMS 0x00000000c4200000, 0x00000000c4100000| Untracked 
|  66|0x00000000c4200000, 0x00000000c4300000, 0x00000000c4300000|100%| O|  |TAMS 0x00000000c4200000, 0x00000000c4200000| Untracked 
|  67|0x00000000c4300000, 0x00000000c4400000, 0x00000000c4400000|100%| O|  |TAMS 0x00000000c4300000, 0x00000000c4300000| Untracked 
|  68|0x00000000c4400000, 0x00000000c4500000, 0x00000000c4500000|100%| O|  |TAMS 0x00000000c4500000, 0x00000000c4400000| Untracked 
|  69|0x00000000c4500000, 0x00000000c4600000, 0x00000000c4600000|100%| O|  |TAMS 0x00000000c4600000, 0x00000000c4500000| Untracked 
|  70|0x00000000c4600000, 0x00000000c4700000, 0x00000000c4700000|100%| O|  |TAMS 0x00000000c4700000, 0x00000000c4600000| Untracked 
|  71|0x00000000c4700000, 0x00000000c4800000, 0x00000000c4800000|100%| O|  |TAMS 0x00000000c4800000, 0x00000000c4700000| Untracked 
|  72|0x00000000c4800000, 0x00000000c4900000, 0x00000000c4900000|100%| O|  |TAMS 0x00000000c4800000, 0x00000000c4800000| Untracked 
|  73|0x00000000c4900000, 0x00000000c4a00000, 0x00000000c4a00000|100%| O|  |TAMS 0x00000000c4900000, 0x00000000c4900000| Untracked 
|  74|0x00000000c4a00000, 0x00000000c4b00000, 0x00000000c4b00000|100%| O|  |TAMS 0x00000000c4a00000, 0x00000000c4a00000| Untracked 
|  75|0x00000000c4b00000, 0x00000000c4c00000, 0x00000000c4c00000|100%| O|  |TAMS 0x00000000c4b00000, 0x00000000c4b00000| Untracked 
|  76|0x00000000c4c00000, 0x00000000c4d00000, 0x00000000c4d00000|100%| O|  |TAMS 0x00000000c4c00000, 0x00000000c4c00000| Untracked 
|  77|0x00000000c4d00000, 0x00000000c4e00000, 0x00000000c4e00000|100%| O|  |TAMS 0x00000000c4d00000, 0x00000000c4d00000| Untracked 
|  78|0x00000000c4e00000, 0x00000000c4f00000, 0x00000000c4f00000|100%| O|  |TAMS 0x00000000c4e00000, 0x00000000c4e00000| Untracked 
|  79|0x00000000c4f00000, 0x00000000c5000000, 0x00000000c5000000|100%| O|  |TAMS 0x00000000c4f00000, 0x00000000c4f00000| Untracked 
|  80|0x00000000c5000000, 0x00000000c5100000, 0x00000000c5100000|100%| O|  |TAMS 0x00000000c5000000, 0x00000000c5000000| Untracked 
|  81|0x00000000c5100000, 0x00000000c5200000, 0x00000000c5200000|100%| O|  |TAMS 0x00000000c5100000, 0x00000000c5100000| Untracked 
|  82|0x00000000c5200000, 0x00000000c5300000, 0x00000000c5300000|100%| O|  |TAMS 0x00000000c5200000, 0x00000000c5200000| Untracked 
|  83|0x00000000c5300000, 0x00000000c5400000, 0x00000000c5400000|100%| O|  |TAMS 0x00000000c5300000, 0x00000000c5300000| Untracked 
|  84|0x00000000c5400000, 0x00000000c5500000, 0x00000000c5500000|100%| O|  |TAMS 0x00000000c5400000, 0x00000000c5400000| Untracked 
|  85|0x00000000c5500000, 0x00000000c5600000, 0x00000000c5600000|100%|HS|  |TAMS 0x00000000c5500000, 0x00000000c5500000| Complete 
|  86|0x00000000c5600000, 0x00000000c5700000, 0x00000000c5700000|100%|HS|  |TAMS 0x00000000c5600000, 0x00000000c5600000| Complete 
|  87|0x00000000c5700000, 0x00000000c5800000, 0x00000000c5800000|100%|HS|  |TAMS 0x00000000c5700000, 0x00000000c5700000| Complete 
|  88|0x00000000c5800000, 0x00000000c5900000, 0x00000000c5900000|100%|HS|  |TAMS 0x00000000c5800000, 0x00000000c5800000| Complete 
|  89|0x00000000c5900000, 0x00000000c5a00000, 0x00000000c5a00000|100%| O|  |TAMS 0x00000000c5900000, 0x00000000c5900000| Untracked 
|  90|0x00000000c5a00000, 0x00000000c5b00000, 0x00000000c5b00000|100%|HS|  |TAMS 0x00000000c5a00000, 0x00000000c5a00000| Complete 
|  91|0x00000000c5b00000, 0x00000000c5c00000, 0x00000000c5c00000|100%| O|  |TAMS 0x00000000c5b00000, 0x00000000c5b00000| Untracked 
|  92|0x00000000c5c00000, 0x00000000c5d00000, 0x00000000c5d00000|100%| O|  |TAMS 0x00000000c5c00000, 0x00000000c5c00000| Untracked 
|  93|0x00000000c5d00000, 0x00000000c5e00000, 0x00000000c5e00000|100%| O|  |TAMS 0x00000000c5d00000, 0x00000000c5d00000| Untracked 
|  94|0x00000000c5e00000, 0x00000000c5f00000, 0x00000000c5f00000|100%| O|  |TAMS 0x00000000c5e00000, 0x00000000c5e00000| Untracked 
|  95|0x00000000c5f00000, 0x00000000c6000000, 0x00000000c6000000|100%| O|  |TAMS 0x00000000c5f00000, 0x00000000c5f00000| Untracked 
|  96|0x00000000c6000000, 0x00000000c6100000, 0x00000000c6100000|100%| O|  |TAMS 0x00000000c6000000, 0x00000000c6000000| Untracked 
|  97|0x00000000c6100000, 0x00000000c6200000, 0x00000000c6200000|100%| O|  |TAMS 0x00000000c6100000, 0x00000000c6100000| Untracked 
|  98|0x00000000c6200000, 0x00000000c6300000, 0x00000000c6300000|100%|HS|  |TAMS 0x00000000c6200000, 0x00000000c6200000| Complete 
|  99|0x00000000c6300000, 0x00000000c6400000, 0x00000000c6400000|100%| O|  |TAMS 0x00000000c6300000, 0x00000000c6300000| Untracked 
| 100|0x00000000c6400000, 0x00000000c6500000, 0x00000000c6500000|100%| O|  |TAMS 0x00000000c6400000, 0x00000000c6400000| Untracked 
| 101|0x00000000c6500000, 0x00000000c6600000, 0x00000000c6600000|100%| O|  |TAMS 0x00000000c6500000, 0x00000000c6500000| Untracked 
| 102|0x00000000c6600000, 0x00000000c6700000, 0x00000000c6700000|100%| O|  |TAMS 0x00000000c6600000, 0x00000000c6600000| Untracked 
| 103|0x00000000c6700000, 0x00000000c6800000, 0x00000000c6800000|100%| O|  |TAMS 0x00000000c6700000, 0x00000000c6700000| Untracked 
| 104|0x00000000c6800000, 0x00000000c6900000, 0x00000000c6900000|100%|HS|  |TAMS 0x00000000c6800000, 0x00000000c6800000| Complete 
| 105|0x00000000c6900000, 0x00000000c6a00000, 0x00000000c6a00000|100%| O|  |TAMS 0x00000000c6900000, 0x00000000c6900000| Untracked 
| 106|0x00000000c6a00000, 0x00000000c6b00000, 0x00000000c6b00000|100%| O|  |TAMS 0x00000000c6a00000, 0x00000000c6a00000| Untracked 
| 107|0x00000000c6b00000, 0x00000000c6c00000, 0x00000000c6c00000|100%| O|  |TAMS 0x00000000c6b00000, 0x00000000c6b00000| Untracked 
| 108|0x00000000c6c00000, 0x00000000c6d00000, 0x00000000c6d00000|100%|HS|  |TAMS 0x00000000c6c00000, 0x00000000c6c00000| Complete 
| 109|0x00000000c6d00000, 0x00000000c6e00000, 0x00000000c6e00000|100%|HC|  |TAMS 0x00000000c6d00000, 0x00000000c6d00000| Complete 
| 110|0x00000000c6e00000, 0x00000000c6f00000, 0x00000000c6f00000|100%| O|  |TAMS 0x00000000c6e00000, 0x00000000c6e00000| Untracked 
| 111|0x00000000c6f00000, 0x00000000c6fb4e00, 0x00000000c7000000| 70%| O|  |TAMS 0x00000000c6f00000, 0x00000000c6f00000| Untracked 
| 112|0x00000000c7000000, 0x00000000c7000000, 0x00000000c7100000|  0%| F|  |TAMS 0x00000000c7000000, 0x00000000c7000000| Untracked 
| 113|0x00000000c7100000, 0x00000000c7100000, 0x00000000c7200000|  0%| F|  |TAMS 0x00000000c7100000, 0x00000000c7100000| Untracked 
| 114|0x00000000c7200000, 0x00000000c7200000, 0x00000000c7300000|  0%| F|  |TAMS 0x00000000c7200000, 0x00000000c7200000| Untracked 
| 115|0x00000000c7300000, 0x00000000c7300000, 0x00000000c7400000|  0%| F|  |TAMS 0x00000000c7300000, 0x00000000c7300000| Untracked 
| 116|0x00000000c7400000, 0x00000000c7400000, 0x00000000c7500000|  0%| F|  |TAMS 0x00000000c7400000, 0x00000000c7400000| Untracked 
| 117|0x00000000c7500000, 0x00000000c7500000, 0x00000000c7600000|  0%| F|  |TAMS 0x00000000c7500000, 0x00000000c7500000| Untracked 
| 118|0x00000000c7600000, 0x00000000c7600000, 0x00000000c7700000|  0%| F|  |TAMS 0x00000000c7600000, 0x00000000c7600000| Untracked 
| 119|0x00000000c7700000, 0x00000000c7700000, 0x00000000c7800000|  0%| F|  |TAMS 0x00000000c7700000, 0x00000000c7700000| Untracked 
| 120|0x00000000c7800000, 0x00000000c7800000, 0x00000000c7900000|  0%| F|  |TAMS 0x00000000c7800000, 0x00000000c7800000| Untracked 
| 121|0x00000000c7900000, 0x00000000c7900000, 0x00000000c7a00000|  0%| F|  |TAMS 0x00000000c7900000, 0x00000000c7900000| Untracked 
| 122|0x00000000c7a00000, 0x00000000c7a00000, 0x00000000c7b00000|  0%| F|  |TAMS 0x00000000c7a00000, 0x00000000c7a00000| Untracked 
| 123|0x00000000c7b00000, 0x00000000c7b00000, 0x00000000c7c00000|  0%| F|  |TAMS 0x00000000c7b00000, 0x00000000c7b00000| Untracked 
| 124|0x00000000c7c00000, 0x00000000c7c00000, 0x00000000c7d00000|  0%| F|  |TAMS 0x00000000c7c00000, 0x00000000c7c00000| Untracked 
| 125|0x00000000c7d00000, 0x00000000c7d00000, 0x00000000c7e00000|  0%| F|  |TAMS 0x00000000c7d00000, 0x00000000c7d00000| Untracked 
| 126|0x00000000c7e00000, 0x00000000c7e00000, 0x00000000c7f00000|  0%| F|  |TAMS 0x00000000c7e00000, 0x00000000c7e00000| Untracked 
| 127|0x00000000c7f00000, 0x00000000c7f00000, 0x00000000c8000000|  0%| F|  |TAMS 0x00000000c7f00000, 0x00000000c7f00000| Untracked 
| 128|0x00000000c8000000, 0x00000000c8000000, 0x00000000c8100000|  0%| F|  |TAMS 0x00000000c8000000, 0x00000000c8000000| Untracked 
| 129|0x00000000c8100000, 0x00000000c8100000, 0x00000000c8200000|  0%| F|  |TAMS 0x00000000c8100000, 0x00000000c8100000| Untracked 
| 130|0x00000000c8200000, 0x00000000c8200000, 0x00000000c8300000|  0%| F|  |TAMS 0x00000000c8200000, 0x00000000c8200000| Untracked 
| 131|0x00000000c8300000, 0x00000000c8362c48, 0x00000000c8400000| 38%| S|CS|TAMS 0x00000000c8300000, 0x00000000c8300000| Complete 
| 132|0x00000000c8400000, 0x00000000c8500000, 0x00000000c8500000|100%| S|CS|TAMS 0x00000000c8400000, 0x00000000c8400000| Complete 
| 133|0x00000000c8500000, 0x00000000c8600000, 0x00000000c8600000|100%| S|CS|TAMS 0x00000000c8500000, 0x00000000c8500000| Complete 
| 134|0x00000000c8600000, 0x00000000c8600000, 0x00000000c8700000|  0%| F|  |TAMS 0x00000000c8600000, 0x00000000c8600000| Untracked 
| 135|0x00000000c8700000, 0x00000000c8700000, 0x00000000c8800000|  0%| F|  |TAMS 0x00000000c8700000, 0x00000000c8700000| Untracked 
| 136|0x00000000c8800000, 0x00000000c8800000, 0x00000000c8900000|  0%| F|  |TAMS 0x00000000c8800000, 0x00000000c8800000| Untracked 
| 137|0x00000000c8900000, 0x00000000c8900000, 0x00000000c8a00000|  0%| F|  |TAMS 0x00000000c8900000, 0x00000000c8900000| Untracked 
| 138|0x00000000c8a00000, 0x00000000c8a00000, 0x00000000c8b00000|  0%| F|  |TAMS 0x00000000c8a00000, 0x00000000c8a00000| Untracked 
| 139|0x00000000c8b00000, 0x00000000c8b00000, 0x00000000c8c00000|  0%| F|  |TAMS 0x00000000c8b00000, 0x00000000c8b00000| Untracked 
| 140|0x00000000c8c00000, 0x00000000c8c00000, 0x00000000c8d00000|  0%| F|  |TAMS 0x00000000c8c00000, 0x00000000c8c00000| Untracked 
| 141|0x00000000c8d00000, 0x00000000c8d00000, 0x00000000c8e00000|  0%| F|  |TAMS 0x00000000c8d00000, 0x00000000c8d00000| Untracked 
| 142|0x00000000c8e00000, 0x00000000c8e00000, 0x00000000c8f00000|  0%| F|  |TAMS 0x00000000c8e00000, 0x00000000c8e00000| Untracked 
| 143|0x00000000c8f00000, 0x00000000c8f00000, 0x00000000c9000000|  0%| F|  |TAMS 0x00000000c8f00000, 0x00000000c8f00000| Untracked 
| 144|0x00000000c9000000, 0x00000000c9000000, 0x00000000c9100000|  0%| F|  |TAMS 0x00000000c9000000, 0x00000000c9000000| Untracked 
| 145|0x00000000c9100000, 0x00000000c9100000, 0x00000000c9200000|  0%| F|  |TAMS 0x00000000c9100000, 0x00000000c9100000| Untracked 
| 146|0x00000000c9200000, 0x00000000c9200000, 0x00000000c9300000|  0%| F|  |TAMS 0x00000000c9200000, 0x00000000c9200000| Untracked 
| 147|0x00000000c9300000, 0x00000000c9300000, 0x00000000c9400000|  0%| F|  |TAMS 0x00000000c9300000, 0x00000000c9300000| Untracked 
| 148|0x00000000c9400000, 0x00000000c9400000, 0x00000000c9500000|  0%| F|  |TAMS 0x00000000c9400000, 0x00000000c9400000| Untracked 
| 149|0x00000000c9500000, 0x00000000c9500000, 0x00000000c9600000|  0%| F|  |TAMS 0x00000000c9500000, 0x00000000c9500000| Untracked 
| 150|0x00000000c9600000, 0x00000000c9600000, 0x00000000c9700000|  0%| F|  |TAMS 0x00000000c9600000, 0x00000000c9600000| Untracked 
| 151|0x00000000c9700000, 0x00000000c9700000, 0x00000000c9800000|  0%| F|  |TAMS 0x00000000c9700000, 0x00000000c9700000| Untracked 
| 152|0x00000000c9800000, 0x00000000c9800000, 0x00000000c9900000|  0%| F|  |TAMS 0x00000000c9800000, 0x00000000c9800000| Untracked 
| 153|0x00000000c9900000, 0x00000000c9900000, 0x00000000c9a00000|  0%| F|  |TAMS 0x00000000c9900000, 0x00000000c9900000| Untracked 
| 154|0x00000000c9a00000, 0x00000000c9a00000, 0x00000000c9b00000|  0%| F|  |TAMS 0x00000000c9a00000, 0x00000000c9a00000| Untracked 
| 155|0x00000000c9b00000, 0x00000000c9b00000, 0x00000000c9c00000|  0%| F|  |TAMS 0x00000000c9b00000, 0x00000000c9b00000| Untracked 
| 156|0x00000000c9c00000, 0x00000000c9cfcc40, 0x00000000c9d00000| 98%| E|  |TAMS 0x00000000c9c00000, 0x00000000c9c00000| Complete 
| 157|0x00000000c9d00000, 0x00000000c9e00000, 0x00000000c9e00000|100%| E|CS|TAMS 0x00000000c9d00000, 0x00000000c9d00000| Complete 
| 158|0x00000000c9e00000, 0x00000000c9f00000, 0x00000000c9f00000|100%| E|CS|TAMS 0x00000000c9e00000, 0x00000000c9e00000| Complete 
| 159|0x00000000c9f00000, 0x00000000ca000000, 0x00000000ca000000|100%| E|CS|TAMS 0x00000000c9f00000, 0x00000000c9f00000| Complete 
| 160|0x00000000ca000000, 0x00000000ca100000, 0x00000000ca100000|100%| E|CS|TAMS 0x00000000ca000000, 0x00000000ca000000| Complete 
| 161|0x00000000ca100000, 0x00000000ca200000, 0x00000000ca200000|100%| E|CS|TAMS 0x00000000ca100000, 0x00000000ca100000| Complete 

Card table byte_map: [0x000001a9093b0000,0x000001a9095b0000] _byte_map_base: 0x000001a908db0000

Marking Bits (Prev, Next): (CMBitMap*) 0x000001a90976dc70, (CMBitMap*) 0x000001a90976dc30
 Prev Bits: [0x000001a9161f0000, 0x000001a9171f0000)
 Next Bits: [0x000001a9151f0000, 0x000001a9161f0000)

Polling page: 0x000001a9075c0000

Metaspace:

Usage:
  Non-class:     80.75 MB used.
      Class:     12.66 MB used.
       Both:     93.41 MB used.

Virtual space:
  Non-class space:      128.00 MB reserved,      81.25 MB ( 63%) committed,  2 nodes.
      Class space:      208.00 MB reserved,      13.19 MB (  6%) committed,  1 nodes.
             Both:      336.00 MB reserved,      94.44 MB ( 28%) committed. 

Chunk freelists:
   Non-Class:  14.45 MB
       Class:  2.73 MB
        Both:  17.19 MB

MaxMetaspaceSize: 256.00 MB
CompressedClassSpaceSize: 208.00 MB
Initial GC threshold: 21.00 MB
Current GC threshold: 123.56 MB
CDS: on
MetaspaceReclaimPolicy: balanced
 - commit_granule_bytes: 65536.
 - commit_granule_words: 8192.
 - virtual_space_node_default_size: 8388608.
 - enlarge_chunks_in_place: 1.
 - new_chunks_are_fully_committed: 0.
 - uncommit_free_chunks: 1.
 - use_allocation_guard: 0.
 - handle_deallocations: 1.


Internal statistics:

num_allocs_failed_limit: 6.
num_arena_births: 1284.
num_arena_deaths: 0.
num_vsnodes_births: 3.
num_vsnodes_deaths: 0.
num_space_committed: 1511.
num_space_uncommitted: 0.
num_chunks_returned_to_freelist: 6.
num_chunks_taken_from_freelist: 5475.
num_chunk_merges: 6.
num_chunk_splits: 3558.
num_chunks_enlarged: 2301.
num_inconsistent_stats: 0.

CodeCache: size=65536Kb used=29717Kb max_used=29717Kb free=35818Kb
 bounds [0x000001a910ff0000, 0x000001a912d00000, 0x000001a914ff0000]
 total_blobs=11524 nmethods=10601 adapters=836
 compilation: enabled
              stopped_count=0, restarted_count=0
 full_count=0

Compilation events (20 events):
Event: 94.253 Thread 0x000001a9097f2140 12519       3       java.util.TimSort::gallopRight (335 bytes)
Event: 94.254 Thread 0x000001a9097f2140 nmethod 12519 0x000001a912ce1910 code [0x000001a912ce1b40, 0x000001a912ce2678]
Event: 94.328 Thread 0x000001a9097f1780 nmethod 12516 0x000001a912ceb710 code [0x000001a912cebae0, 0x000001a912cef130]
Event: 94.328 Thread 0x000001a9097f1780 12517       4       java.lang.Class::getMethod0 (31 bytes)
Event: 94.333 Thread 0x000001a9097f1780 nmethod 12517 0x000001a912ce9410 code [0x000001a912ce95a0, 0x000001a912ce9808]
Event: 94.341 Thread 0x000001a9097f2140 12520       3       java.lang.String::substring (10 bytes)
Event: 94.341 Thread 0x000001a9097f2140 nmethod 12520 0x000001a912ce1410 code [0x000001a912ce15c0, 0x000001a912ce1808]
Event: 94.341 Thread 0x000001a9097f1780 12521       4       java.beans.Introspector::addMethod (196 bytes)
Event: 94.552 Thread 0x000001a9097f2140 12522       3       java.beans.FeatureDescriptor::<init> (69 bytes)
Event: 94.554 Thread 0x000001a9097f2140 nmethod 12522 0x000001a912ce5290 code [0x000001a912ce54c0, 0x000001a912ce5c68]
Event: 94.632 Thread 0x000001a9097f2140 12524       1       java.beans.GenericBeanInfo::getEventSetDescriptors (5 bytes)
Event: 94.632 Thread 0x000001a9097f2140 nmethod 12524 0x000001a912ce0790 code [0x000001a912ce0920, 0x000001a912ce09f8]
Event: 94.632 Thread 0x000001a9097f2140 12525       1       java.beans.GenericBeanInfo::getPropertyDescriptors (5 bytes)
Event: 94.632 Thread 0x000001a9097f2140 nmethod 12525 0x000001a912ce4f90 code [0x000001a912ce5120, 0x000001a912ce51f8]
Event: 94.640 Thread 0x000001a9097f2140 12527       3       java.beans.PropertyDescriptor::<init> (112 bytes)
Event: 94.641 Thread 0x000001a9097f2140 nmethod 12527 0x000001a912ce4110 code [0x000001a912ce4340, 0x000001a912ce4a88]
Event: 94.641 Thread 0x000001a9097f2140 12528   !   3       java.beans.PropertyDescriptor::updateGenericsFor (37 bytes)
Event: 94.642 Thread 0x000001a9097f2140 nmethod 12528 0x000001a912ce9e10 code [0x000001a912cea0e0, 0x000001a912ceb198]
Event: 94.649 Thread 0x000001a9097f2140 12530       3       java.beans.PropertyDescriptor::isAssignable (148 bytes)
Event: 94.655 Thread 0x000001a9097f2140 nmethod 12530 0x000001a912cf1010 code [0x000001a912cf1780, 0x000001a912cf5d58]

GC Heap History (20 events):
Event: 89.956 GC heap before
{Heap before GC invocations=61 (full 0):
 garbage-first heap   total 138240K, used 120997K [0x00000000c0000000, 0x0000000100000000)
  region size 1024K, 10 young (10240K), 1 survivors (1024K)
 Metaspace       used 90233K, committed 91200K, reserved 344064K
  class space    used 12232K, committed 12736K, reserved 212992K
}
Event: 89.963 GC heap after
{Heap after GC invocations=62 (full 0):
 garbage-first heap   total 138240K, used 113377K [0x00000000c0000000, 0x0000000100000000)
  region size 1024K, 2 young (2048K), 2 survivors (2048K)
 Metaspace       used 90233K, committed 91200K, reserved 344064K
  class space    used 12232K, committed 12736K, reserved 212992K
}
Event: 90.529 GC heap before
{Heap before GC invocations=62 (full 0):
 garbage-first heap   total 138240K, used 120545K [0x00000000c0000000, 0x0000000100000000)
  region size 1024K, 9 young (9216K), 2 survivors (2048K)
 Metaspace       used 90734K, committed 91712K, reserved 344064K
  class space    used 12298K, committed 12800K, reserved 212992K
}
Event: 90.537 GC heap after
{Heap after GC invocations=63 (full 0):
 garbage-first heap   total 138240K, used 113446K [0x00000000c0000000, 0x0000000100000000)
  region size 1024K, 1 young (1024K), 1 survivors (1024K)
 Metaspace       used 90734K, committed 91712K, reserved 344064K
  class space    used 12298K, committed 12800K, reserved 212992K
}
Event: 90.944 GC heap before
{Heap before GC invocations=63 (full 0):
 garbage-first heap   total 138240K, used 121638K [0x00000000c0000000, 0x0000000100000000)
  region size 1024K, 9 young (9216K), 1 survivors (1024K)
 Metaspace       used 91385K, committed 92416K, reserved 344064K
  class space    used 12393K, committed 12928K, reserved 212992K
}
Event: 90.950 GC heap after
{Heap after GC invocations=64 (full 0):
 garbage-first heap   total 138240K, used 113731K [0x00000000c0000000, 0x0000000100000000)
  region size 1024K, 2 young (2048K), 2 survivors (2048K)
 Metaspace       used 91385K, committed 92416K, reserved 344064K
  class space    used 12393K, committed 12928K, reserved 212992K
}
Event: 91.175 GC heap before
{Heap before GC invocations=64 (full 0):
 garbage-first heap   total 138240K, used 120899K [0x00000000c0000000, 0x0000000100000000)
  region size 1024K, 9 young (9216K), 2 survivors (2048K)
 Metaspace       used 91905K, committed 92928K, reserved 344064K
  class space    used 12461K, committed 12992K, reserved 212992K
}
Event: 91.183 GC heap after
{Heap after GC invocations=65 (full 0):
 garbage-first heap   total 138240K, used 113961K [0x00000000c0000000, 0x0000000100000000)
  region size 1024K, 2 young (2048K), 2 survivors (2048K)
 Metaspace       used 91905K, committed 92928K, reserved 344064K
  class space    used 12461K, committed 12992K, reserved 212992K
}
Event: 91.376 GC heap before
{Heap before GC invocations=65 (full 0):
 garbage-first heap   total 138240K, used 119081K [0x00000000c0000000, 0x0000000100000000)
  region size 1024K, 8 young (8192K), 2 survivors (2048K)
 Metaspace       used 92370K, committed 93376K, reserved 344064K
  class space    used 12518K, committed 13056K, reserved 212992K
}
Event: 91.386 GC heap after
{Heap after GC invocations=66 (full 0):
 garbage-first heap   total 138240K, used 113886K [0x00000000c0000000, 0x0000000100000000)
  region size 1024K, 1 young (1024K), 1 survivors (1024K)
 Metaspace       used 92370K, committed 93376K, reserved 344064K
  class space    used 12518K, committed 13056K, reserved 212992K
}
Event: 91.888 GC heap before
{Heap before GC invocations=66 (full 0):
 garbage-first heap   total 138240K, used 121054K [0x00000000c0000000, 0x0000000100000000)
  region size 1024K, 9 young (9216K), 1 survivors (1024K)
 Metaspace       used 92949K, committed 94016K, reserved 344064K
  class space    used 12591K, committed 13120K, reserved 212992K
}
Event: 91.892 GC heap after
{Heap after GC invocations=67 (full 0):
 garbage-first heap   total 138240K, used 114080K [0x00000000c0000000, 0x0000000100000000)
  region size 1024K, 1 young (1024K), 1 survivors (1024K)
 Metaspace       used 92949K, committed 94016K, reserved 344064K
  class space    used 12591K, committed 13120K, reserved 212992K
}
Event: 92.296 GC heap before
{Heap before GC invocations=67 (full 0):
 garbage-first heap   total 138240K, used 121248K [0x00000000c0000000, 0x0000000100000000)
  region size 1024K, 9 young (9216K), 1 survivors (1024K)
 Metaspace       used 93441K, committed 94464K, reserved 344064K
  class space    used 12663K, committed 13184K, reserved 212992K
}
Event: 92.301 GC heap after
{Heap after GC invocations=68 (full 0):
 garbage-first heap   total 138240K, used 114443K [0x00000000c0000000, 0x0000000100000000)
  region size 1024K, 1 young (1024K), 1 survivors (1024K)
 Metaspace       used 93441K, committed 94464K, reserved 344064K
  class space    used 12663K, committed 13184K, reserved 212992K
}
Event: 92.521 GC heap before
{Heap before GC invocations=68 (full 0):
 garbage-first heap   total 138240K, used 122635K [0x00000000c0000000, 0x0000000100000000)
  region size 1024K, 9 young (9216K), 1 survivors (1024K)
 Metaspace       used 93897K, committed 94912K, reserved 344064K
  class space    used 12747K, committed 13248K, reserved 212992K
}
Event: 92.527 GC heap after
{Heap after GC invocations=69 (full 0):
 garbage-first heap   total 138240K, used 114798K [0x00000000c0000000, 0x0000000100000000)
  region size 1024K, 2 young (2048K), 2 survivors (2048K)
 Metaspace       used 93897K, committed 94912K, reserved 344064K
  class space    used 12747K, committed 13248K, reserved 212992K
}
Event: 92.722 GC heap before
{Heap before GC invocations=69 (full 0):
 garbage-first heap   total 138240K, used 120942K [0x00000000c0000000, 0x0000000100000000)
  region size 1024K, 8 young (8192K), 2 survivors (2048K)
 Metaspace       used 94297K, committed 95296K, reserved 344064K
  class space    used 12805K, committed 13312K, reserved 212992K
}
Event: 92.733 GC heap after
{Heap after GC invocations=70 (full 0):
 garbage-first heap   total 165888K, used 115225K [0x00000000c0000000, 0x0000000100000000)
  region size 1024K, 1 young (1024K), 1 survivors (1024K)
 Metaspace       used 94297K, committed 95296K, reserved 344064K
  class space    used 12805K, committed 13312K, reserved 212992K
}
Event: 94.155 GC heap before
{Heap before GC invocations=70 (full 0):
 garbage-first heap   total 165888K, used 142873K [0x00000000c0000000, 0x0000000100000000)
  region size 1024K, 29 young (29696K), 1 survivors (1024K)
 Metaspace       used 95650K, committed 96704K, reserved 344064K
  class space    used 12965K, committed 13504K, reserved 212992K
}
Event: 94.177 GC heap after
{Heap after GC invocations=71 (full 0):
 garbage-first heap   total 165888K, used 116830K [0x00000000c0000000, 0x0000000100000000)
  region size 1024K, 3 young (3072K), 3 survivors (3072K)
 Metaspace       used 95650K, committed 96704K, reserved 344064K
  class space    used 12965K, committed 13504K, reserved 212992K
}

Deoptimization events (20 events):
Event: 93.720 Thread 0x000001a92d113850 DEOPT PACKING pc=0x000001a91133b1d0 sp=0x00000074245f35b0
Event: 93.720 Thread 0x000001a92d113850 DEOPT UNPACKING pc=0x000001a91104239d sp=0x00000074245f3510 mode 2
Event: 93.837 Thread 0x000001a930c15510 Uncommon trap: trap_request=0xffffff45 fr.pc=0x000001a912673e48 relative=0x00000000000002a8
Event: 93.837 Thread 0x000001a930c15510 Uncommon trap: reason=unstable_if action=reinterpret pc=0x000001a912673e48 method=java.io.BufferedOutputStream.write([BII)V @ 6 c2
Event: 93.838 Thread 0x000001a930c15510 DEOPT PACKING pc=0x000001a912673e48 sp=0x00000074276ff010
Event: 93.838 Thread 0x000001a930c15510 DEOPT UNPACKING pc=0x000001a91104239d sp=0x00000074276fefd8 mode 2
Event: 93.877 Thread 0x000001a92d113850 Uncommon trap: trap_request=0xffffff45 fr.pc=0x000001a911c9f59c relative=0x0000000000004cdc
Event: 93.881 Thread 0x000001a92d113850 Uncommon trap: reason=unstable_if action=reinterpret pc=0x000001a911c9f59c method=java.lang.String.split(Ljava/lang/String;I)[Ljava/lang/String; @ 259 c2
Event: 93.881 Thread 0x000001a92d113850 DEOPT PACKING pc=0x000001a911c9f59c sp=0x00000074245f39f0
Event: 93.881 Thread 0x000001a92d113850 DEOPT UNPACKING pc=0x000001a91104239d sp=0x00000074245f3a38 mode 2
Event: 93.948 Thread 0x000001a92d113850 Uncommon trap: trap_request=0xfffffff4 fr.pc=0x000001a912ce6154 relative=0x0000000000000134
Event: 93.948 Thread 0x000001a92d113850 Uncommon trap: reason=null_check action=make_not_entrant pc=0x000001a912ce6154 method=java.lang.PublicMethods$MethodList.getMostSpecific()Ljava/lang/reflect/Method; @ 41 c2
Event: 93.948 Thread 0x000001a92d113850 DEOPT PACKING pc=0x000001a912ce6154 sp=0x00000074245f0fb0
Event: 93.948 Thread 0x000001a92d113850 DEOPT UNPACKING pc=0x000001a91104239d sp=0x00000074245f0eb0 mode 2
Event: 94.239 Thread 0x000001a92d113850 DEOPT PACKING pc=0x000001a912afd66a sp=0x00000074245f0c70
Event: 94.239 Thread 0x000001a92d113850 DEOPT UNPACKING pc=0x000001a911042b24 sp=0x00000074245f0180 mode 0
Event: 94.244 Thread 0x000001a92d113850 Uncommon trap: trap_request=0xfffffff4 fr.pc=0x000001a912c86ca0 relative=0x0000000000000880
Event: 94.244 Thread 0x000001a92d113850 Uncommon trap: reason=null_check action=make_not_entrant pc=0x000001a912c86ca0 method=com.sun.beans.introspect.MethodInfo$MethodOrder.compare(Ljava/lang/reflect/Method;Ljava/lang/reflect/Method;)I @ 133 c2
Event: 94.244 Thread 0x000001a92d113850 DEOPT PACKING pc=0x000001a912c86ca0 sp=0x00000074245f1580
Event: 94.244 Thread 0x000001a92d113850 DEOPT UNPACKING pc=0x000001a91104239d sp=0x00000074245f14b0 mode 2

Classes unloaded (0 events):
No events

Classes redefined (0 events):
No events

Internal exceptions (20 events):
Event: 93.103 Thread 0x000001a92d113850 Exception <a 'java/lang/ClassNotFoundException'{0x00000000c9931a58}: com/android/build/gradle/BaseExtensionBeanInfo> (0x00000000c9931a58) 
thrown [s\open\src\hotspot\share\classfile\systemDictionary.cpp, line 256]
Event: 93.105 Thread 0x000001a92d113850 Exception <a 'java/lang/ClassNotFoundException'{0x00000000c9944310}: com/android/build/gradle/BaseExtensionCustomizer> (0x00000000c9944310) 
thrown [s\open\src\hotspot\share\classfile\systemDictionary.cpp, line 256]
Event: 93.129 Thread 0x000001a92d113850 Exception <a 'java/lang/ClassNotFoundException'{0x00000000c99aed40}: com/android/build/gradle/TestedExtensionCustomizer> (0x00000000c99aed40) 
thrown [s\open\src\hotspot\share\classfile\systemDictionary.cpp, line 256]
Event: 93.139 Thread 0x000001a92d113850 Exception <a 'java/lang/ClassNotFoundException'{0x00000000c99db4a0}: com/android/build/gradle/AbstractAppExtensionCustomizer> (0x00000000c99db4a0) 
thrown [s\open\src\hotspot\share\classfile\systemDictionary.cpp, line 256]
Event: 93.153 Thread 0x000001a92d113850 Exception <a 'java/lang/ClassNotFoundException'{0x00000000c9804380}: com/android/build/gradle/AppExtensionCustomizer> (0x00000000c9804380) 
thrown [s\open\src\hotspot\share\classfile\systemDictionary.cpp, line 256]
Event: 93.160 Thread 0x000001a92d113850 Exception <a 'java/lang/ClassNotFoundException'{0x00000000c982b980}: com/android/build/gradle/internal/dsl/BaseAppModuleExtensionCustomizer> (0x00000000c982b980) 
thrown [s\open\src\hotspot\share\classfile\systemDictionary.cpp, line 256]
Event: 93.187 Thread 0x000001a92d113850 Exception <a 'java/lang/ClassNotFoundException'{0x00000000c971ba78}: com/android/build/gradle/internal/dsl/BaseAppModuleExtension_DecoratedCustomizer> (0x00000000c971ba78) 
thrown [s\open\src\hotspot\share\classfile\systemDictionary.cpp, line 256]
Event: 94.235 Thread 0x000001a92d113850 Exception <a 'java/lang/ClassNotFoundException'{0x00000000c9f0c8e0}: com/android/build/gradle/internal/dsl/DefaultConfig$AgpDecorated_DecoratedBeanInfo> (0x00000000c9f0c8e0) 
thrown [s\open\src\hotspot\share\classfile\systemDictionary.cpp, line 256]
Event: 94.237 Thread 0x000001a92d113850 Exception <a 'java/lang/ClassNotFoundException'{0x00000000c9f20f58}: com/android/build/gradle/internal/dsl/DefaultConfig$AgpDecoratedBeanInfo> (0x00000000c9f20f58) 
thrown [s\open\src\hotspot\share\classfile\systemDictionary.cpp, line 256]
Event: 94.238 Thread 0x000001a92d113850 Exception <a 'java/lang/ClassNotFoundException'{0x00000000c9f35378}: com/android/build/gradle/internal/dsl/DefaultConfigBeanInfo> (0x00000000c9f35378) 
thrown [s\open\src\hotspot\share\classfile\systemDictionary.cpp, line 256]
Event: 94.240 Thread 0x000001a92d113850 Exception <a 'java/lang/ClassNotFoundException'{0x00000000c9f555a0}: com/android/build/gradle/internal/dsl/BaseFlavorBeanInfo> (0x00000000c9f555a0) 
thrown [s\open\src\hotspot\share\classfile\systemDictionary.cpp, line 256]
Event: 94.241 Thread 0x000001a92d113850 Exception <a 'java/lang/ClassNotFoundException'{0x00000000c9f6a1b0}: com/android/builder/core/AbstractProductFlavorBeanInfo> (0x00000000c9f6a1b0) 
thrown [s\open\src\hotspot\share\classfile\systemDictionary.cpp, line 256]
Event: 94.242 Thread 0x000001a92d113850 Exception <a 'java/lang/ClassNotFoundException'{0x00000000c9f7fb38}: com/android/builder/internal/BaseConfigImplBeanInfo> (0x00000000c9f7fb38) 
thrown [s\open\src\hotspot\share\classfile\systemDictionary.cpp, line 256]
Event: 94.243 Thread 0x000001a92d113850 Exception <a 'java/lang/ClassNotFoundException'{0x00000000c9f94fa0}: com/android/builder/internal/BaseConfigImplCustomizer> (0x00000000c9f94fa0) 
thrown [s\open\src\hotspot\share\classfile\systemDictionary.cpp, line 256]
Event: 94.244 Thread 0x000001a92d113850 Implicit null exception at 0x000001a912c8689a to 0x000001a912c86c90
Event: 94.252 Thread 0x000001a92d113850 Exception <a 'java/lang/ClassNotFoundException'{0x00000000c9fc8a70}: com/android/builder/core/AbstractProductFlavorCustomizer> (0x00000000c9fc8a70) 
thrown [s\open\src\hotspot\share\classfile\systemDictionary.cpp, line 256]
Event: 94.341 Thread 0x000001a92d113850 Exception <a 'java/lang/ClassNotFoundException'{0x00000000c9e18d98}: com/android/build/gradle/internal/dsl/BaseFlavorCustomizer> (0x00000000c9e18d98) 
thrown [s\open\src\hotspot\share\classfile\systemDictionary.cpp, line 256]
Event: 94.552 Thread 0x000001a92d113850 Exception <a 'java/lang/ClassNotFoundException'{0x00000000c9e89120}: com/android/build/gradle/internal/dsl/DefaultConfigCustomizer> (0x00000000c9e89120) 
thrown [s\open\src\hotspot\share\classfile\systemDictionary.cpp, line 256]
Event: 94.600 Thread 0x000001a92d113850 Exception <a 'java/lang/ClassNotFoundException'{0x00000000c9eb4ea0}: com/android/build/gradle/internal/dsl/DefaultConfig$AgpDecoratedCustomizer> (0x00000000c9eb4ea0) 
thrown [s\open\src\hotspot\share\classfile\systemDictionary.cpp, line 256]
Event: 94.635 Thread 0x000001a92d113850 Exception <a 'java/lang/ClassNotFoundException'{0x00000000c9d12458}: com/android/build/gradle/internal/dsl/DefaultConfig$AgpDecorated_DecoratedCustomizer> (0x00000000c9d12458) 
thrown [s\open\src\hotspot\share\classfile\systemDictionary.cpp, line 256]

VM Operations (20 events):
Event: 90.529 Executing VM operation: G1CollectForAllocation
Event: 90.537 Executing VM operation: G1CollectForAllocation done
Event: 90.944 Executing VM operation: G1CollectForAllocation
Event: 90.950 Executing VM operation: G1CollectForAllocation done
Event: 91.175 Executing VM operation: G1CollectForAllocation
Event: 91.184 Executing VM operation: G1CollectForAllocation done
Event: 91.376 Executing VM operation: G1CollectForAllocation
Event: 91.386 Executing VM operation: G1CollectForAllocation done
Event: 91.888 Executing VM operation: G1CollectForAllocation
Event: 91.892 Executing VM operation: G1CollectForAllocation done
Event: 92.296 Executing VM operation: G1CollectForAllocation
Event: 92.301 Executing VM operation: G1CollectForAllocation done
Event: 92.521 Executing VM operation: G1CollectForAllocation
Event: 92.527 Executing VM operation: G1CollectForAllocation done
Event: 92.722 Executing VM operation: G1CollectForAllocation
Event: 92.733 Executing VM operation: G1CollectForAllocation done
Event: 93.748 Executing VM operation: Cleanup
Event: 93.749 Executing VM operation: Cleanup done
Event: 94.136 Executing VM operation: G1CollectForAllocation
Event: 94.189 Executing VM operation: G1CollectForAllocation done

Events (20 events):
Event: 89.646 Thread 0x000001a9097fb1f0 flushing nmethod 0x000001a911b02710
Event: 89.647 Thread 0x000001a9097fb1f0 flushing nmethod 0x000001a911bb3a10
Event: 89.648 Thread 0x000001a9097fb1f0 flushing nmethod 0x000001a911d61990
Event: 89.651 Thread 0x000001a9097fb1f0 flushing nmethod 0x000001a91209a810
Event: 89.652 Thread 0x000001a9097fb1f0 flushing nmethod 0x000001a91216dc10
Event: 89.656 Thread 0x000001a9097fb1f0 flushing nmethod 0x000001a912690690
Event: 89.657 Thread 0x000001a9097fb1f0 flushing nmethod 0x000001a9127a5390
Event: 89.659 Thread 0x000001a9097fb1f0 flushing nmethod 0x000001a912a19890
Event: 89.659 Thread 0x000001a9097fb1f0 flushing nmethod 0x000001a912b35690
Event: 89.659 Thread 0x000001a9097fb1f0 flushing nmethod 0x000001a912b3b890
Event: 89.659 Thread 0x000001a9097fb1f0 flushing nmethod 0x000001a912b3c410
Event: 89.659 Thread 0x000001a9097fb1f0 flushing nmethod 0x000001a912b4c690
Event: 90.753 Thread 0x000001a930c16440 Thread added: 0x000001a930c16440
Event: 93.576 loading class java/lang/StackTraceElement$HashedModules
Event: 93.577 loading class java/lang/StackTraceElement$HashedModules done
Event: 93.749 loading class java/io/CharArrayReader
Event: 93.750 loading class java/io/CharArrayReader done
Event: 93.834 Thread 0x000001a930c15510 Thread added: 0x000001a930c15510
Event: 94.491 loading class java/beans/IntrospectionException
Event: 94.525 loading class java/beans/IntrospectionException done


Dynamic libraries:
0x00007ff61e250000 - 0x00007ff61e260000 	C:\Program Files\Microsoft\jdk-17.0.12\bin\java.exe
0x00007ffe72850000 - 0x00007ffe72a48000 	C:\Windows\SYSTEM32\ntdll.dll
0x00007ffe71ca0000 - 0x00007ffe71d62000 	C:\Windows\System32\KERNEL32.DLL
0x00007ffe704f0000 - 0x00007ffe707e6000 	C:\Windows\System32\KERNELBASE.dll
0x00007ffe6fee0000 - 0x00007ffe6ffe0000 	C:\Windows\System32\ucrtbase.dll
0x00007ffe677f0000 - 0x00007ffe6780b000 	C:\Program Files\Microsoft\jdk-17.0.12\bin\VCRUNTIME140.dll
0x00007ffe67810000 - 0x00007ffe67829000 	C:\Program Files\Microsoft\jdk-17.0.12\bin\jli.dll
0x00007ffe723d0000 - 0x00007ffe7247f000 	C:\Windows\System32\ADVAPI32.dll
0x00007ffe72330000 - 0x00007ffe723ce000 	C:\Windows\System32\msvcrt.dll
0x00007ffe70900000 - 0x00007ffe7099f000 	C:\Windows\System32\sechost.dll
0x00007ffe71900000 - 0x00007ffe71a23000 	C:\Windows\System32\RPCRT4.dll
0x00007ffe707f0000 - 0x00007ffe70817000 	C:\Windows\System32\bcrypt.dll
0x00007ffe71a30000 - 0x00007ffe71bcd000 	C:\Windows\System32\USER32.dll
0x00007ffe70070000 - 0x00007ffe70092000 	C:\Windows\System32\win32u.dll
0x00007ffe70b50000 - 0x00007ffe70b7b000 	C:\Windows\System32\GDI32.dll
0x00007ffe701d0000 - 0x00007ffe702ea000 	C:\Windows\System32\gdi32full.dll
0x00007ffe702f0000 - 0x00007ffe7038d000 	C:\Windows\System32\msvcp_win.dll
0x00007ffe58980000 - 0x00007ffe58c1a000 	C:\Windows\WinSxS\amd64_microsoft.windows.common-controls_6595b64144ccf1df_6.0.19041.4355_none_60b8b9eb71f62e16\COMCTL32.dll
0x00007ffe674e0000 - 0x00007ffe674ea000 	C:\Windows\SYSTEM32\VERSION.dll
0x00007ffe725b0000 - 0x00007ffe725df000 	C:\Windows\System32\IMM32.DLL
0x00007ffe6d130000 - 0x00007ffe6d13c000 	C:\Program Files\Microsoft\jdk-17.0.12\bin\vcruntime140_1.dll
0x00007ffe5c8d0000 - 0x00007ffe5c95e000 	C:\Program Files\Microsoft\jdk-17.0.12\bin\msvcp140.dll
0x00007ffe2df50000 - 0x00007ffe2eb30000 	C:\Program Files\Microsoft\jdk-17.0.12\bin\server\jvm.dll
0x00007ffe727a0000 - 0x00007ffe727a8000 	C:\Windows\System32\PSAPI.DLL
0x00007ffe68e60000 - 0x00007ffe68e69000 	C:\Windows\SYSTEM32\WSOCK32.dll
0x00007ffe72710000 - 0x00007ffe7277b000 	C:\Windows\System32\WS2_32.dll
0x00007ffe58de0000 - 0x00007ffe58e07000 	C:\Windows\SYSTEM32\WINMM.dll
0x00007ffe6e6f0000 - 0x00007ffe6e702000 	C:\Windows\SYSTEM32\kernel.appcore.dll
0x00007ffe68d90000 - 0x00007ffe68d9a000 	C:\Program Files\Microsoft\jdk-17.0.12\bin\jimage.dll
0x00007ffe6e3c0000 - 0x00007ffe6e5a4000 	C:\Windows\SYSTEM32\DBGHELP.DLL
0x00007ffe60fb0000 - 0x00007ffe60fe4000 	C:\Windows\SYSTEM32\dbgcore.DLL
0x00007ffe6ffe0000 - 0x00007ffe70062000 	C:\Windows\System32\bcryptPrimitives.dll
0x00007ffe68150000 - 0x00007ffe6815e000 	C:\Program Files\Microsoft\jdk-17.0.12\bin\instrument.dll
0x00007ffe5eb50000 - 0x00007ffe5eb75000 	C:\Program Files\Microsoft\jdk-17.0.12\bin\java.dll
0x00007ffe52af0000 - 0x00007ffe52bc7000 	C:\Program Files\Microsoft\jdk-17.0.12\bin\jsvml.dll
0x00007ffe71190000 - 0x00007ffe718ff000 	C:\Windows\System32\SHELL32.dll
0x00007ffe6db40000 - 0x00007ffe6e2e3000 	C:\Windows\SYSTEM32\windows.storage.dll
0x00007ffe71d70000 - 0x00007ffe720c5000 	C:\Windows\System32\combase.dll
0x00007ffe6f760000 - 0x00007ffe6f78b000 	C:\Windows\SYSTEM32\Wldp.dll
0x00007ffe71bd0000 - 0x00007ffe71c9d000 	C:\Windows\System32\OLEAUT32.dll
0x00007ffe720d0000 - 0x00007ffe7217d000 	C:\Windows\System32\SHCORE.dll
0x00007ffe70a80000 - 0x00007ffe70ad5000 	C:\Windows\System32\shlwapi.dll
0x00007ffe6fe10000 - 0x00007ffe6fe35000 	C:\Windows\SYSTEM32\profapi.dll
0x00007ffe5e9d0000 - 0x00007ffe5e9e8000 	C:\Program Files\Microsoft\jdk-17.0.12\bin\zip.dll
0x00007ffe5ea80000 - 0x00007ffe5ea99000 	C:\Program Files\Microsoft\jdk-17.0.12\bin\net.dll
0x00007ffe61810000 - 0x00007ffe6191a000 	C:\Windows\SYSTEM32\WINHTTP.dll
0x00007ffe6f540000 - 0x00007ffe6f5ac000 	C:\Windows\system32\mswsock.dll
0x00007ffe5ea60000 - 0x00007ffe5ea76000 	C:\Program Files\Microsoft\jdk-17.0.12\bin\nio.dll
0x00007ffe68820000 - 0x00007ffe68830000 	C:\Program Files\Microsoft\jdk-17.0.12\bin\verify.dll
0x00007ffe5d3d0000 - 0x00007ffe5d3f7000 	C:\Users\Fahad Computer\.gradle\native\1def1411415f61bf3af743bc5b6707747c0891f09f0c88961ee8f79bc544acac\windows-amd64\native-platform.dll
0x0000000061110000 - 0x0000000061183000 	C:\Users\Fahad Computer\.gradle\native\0.2.5\x86_64-windows-gnu\gradle-fileevents.dll
0x00007ffe68590000 - 0x00007ffe6859a000 	C:\Program Files\Microsoft\jdk-17.0.12\bin\management.dll
0x00007ffe68420000 - 0x00007ffe6842b000 	C:\Program Files\Microsoft\jdk-17.0.12\bin\management_ext.dll
0x00007ffe6f7a0000 - 0x00007ffe6f7b8000 	C:\Windows\SYSTEM32\CRYPTSP.dll
0x00007ffe6ee80000 - 0x00007ffe6eeb8000 	C:\Windows\system32\rsaenh.dll
0x00007ffe6fdd0000 - 0x00007ffe6fdfe000 	C:\Windows\SYSTEM32\USERENV.dll
0x00007ffe6f6d0000 - 0x00007ffe6f6dc000 	C:\Windows\SYSTEM32\CRYPTBASE.dll
0x00007ffe6f240000 - 0x00007ffe6f27b000 	C:\Windows\SYSTEM32\IPHLPAPI.DLL
0x00007ffe70ae0000 - 0x00007ffe70ae8000 	C:\Windows\System32\NSI.dll
0x00007ffe673e0000 - 0x00007ffe673f7000 	C:\Windows\SYSTEM32\dhcpcsvc6.DLL
0x00007ffe66c30000 - 0x00007ffe66c4d000 	C:\Windows\SYSTEM32\dhcpcsvc.DLL
0x00007ffe6f280000 - 0x00007ffe6f34a000 	C:\Windows\SYSTEM32\DNSAPI.dll
0x00007ffe68120000 - 0x00007ffe6812e000 	C:\Program Files\Microsoft\jdk-17.0.12\bin\sunmscapi.dll
0x00007ffe70390000 - 0x00007ffe704ed000 	C:\Windows\System32\CRYPT32.dll
0x00007ffe6f910000 - 0x00007ffe6f937000 	C:\Windows\SYSTEM32\ncrypt.dll
0x00007ffe6f8d0000 - 0x00007ffe6f90b000 	C:\Windows\SYSTEM32\NTASN1.dll
0x00007ffe5da10000 - 0x00007ffe5da17000 	C:\Windows\system32\wshunix.dll
0x0000000061010000 - 0x0000000061083000 	C:\Users\Fahad Computer\AppData\Local\Temp\native-platform297806441725633476dir\gradle-fileevents.dll
0x00007ffe563e0000 - 0x00007ffe563f7000 	C:\Windows\system32\napinsp.dll
0x00007ffe563c0000 - 0x00007ffe563db000 	C:\Windows\system32\pnrpnsp.dll
0x00007ffe6af50000 - 0x00007ffe6af65000 	C:\Windows\system32\wshbth.dll
0x00007ffe683b0000 - 0x00007ffe683cd000 	C:\Windows\system32\NLAapi.dll
0x00007ffe563a0000 - 0x00007ffe563b2000 	C:\Windows\System32\winrnr.dll
0x00007ffe68f70000 - 0x00007ffe68f7a000 	C:\Windows\System32\rasadhlp.dll
0x00007ffe61440000 - 0x00007ffe614c0000 	C:\Windows\System32\fwpuclnt.dll

dbghelp: loaded successfully - version: 4.0.5 - missing functions: none
symbol engine: initialized successfully - sym options: 0x614 - pdb path: .;C:\Program Files\Microsoft\jdk-17.0.12\bin;C:\Windows\SYSTEM32;C:\Windows\WinSxS\amd64_microsoft.windows.common-controls_6595b64144ccf1df_6.0.19041.4355_none_60b8b9eb71f62e16;C:\Program Files\Microsoft\jdk-17.0.12\bin\server;C:\Users\Fahad Computer\.gradle\native\1def1411415f61bf3af743bc5b6707747c0891f09f0c88961ee8f79bc544acac\windows-amd64;C:\Users\Fahad Computer\.gradle\native\0.2.5\x86_64-windows-gnu;C:\Users\Fahad Computer\AppData\Local\Temp\native-platform297806441725633476dir

VM Arguments:
jvm_args: --add-opens=java.base/java.lang=ALL-UNNAMED --add-opens=java.base/java.lang.invoke=ALL-UNNAMED --add-opens=java.base/java.util=ALL-UNNAMED --add-opens=java.prefs/java.util.prefs=ALL-UNNAMED --add-exports=jdk.compiler/com.sun.tools.javac.api=ALL-UNNAMED --add-exports=jdk.compiler/com.sun.tools.javac.util=ALL-UNNAMED --add-opens=java.base/java.util=ALL-UNNAMED --add-opens=java.prefs/java.util.prefs=ALL-UNNAMED --add-opens=java.base/java.nio.charset=ALL-UNNAMED --add-opens=java.base/java.net=ALL-UNNAMED --add-opens=java.base/java.util.concurrent.atomic=ALL-UNNAMED --add-opens=java.xml/javax.xml.namespace=ALL-UNNAMED -XX:MaxMetaspaceSize=256m -XX:ReservedCodeCacheSize=64m -Xmx1g -Dfile.encoding=UTF-8 -Duser.country=US -Duser.language=en -Duser.variant -javaagent:C:\Users\Fahad Computer\.gradle\wrapper\dists\gradle-8.12-all\ejduaidbjup3bmmkhw3rie4zb\gradle-8.12\lib\agents\gradle-instrumentation-agent-8.12.jar 
java_command: org.gradle.launcher.daemon.bootstrap.GradleDaemon 8.12
java_class_path (initial): C:\Users\Fahad Computer\.gradle\wrapper\dists\gradle-8.12-all\ejduaidbjup3bmmkhw3rie4zb\gradle-8.12\lib\gradle-daemon-main-8.12.jar
Launcher Type: SUN_STANDARD

[Global flags]
     intx CICompilerCount                          = 2                                         {product} {ergonomic}
   size_t CompressedClassSpaceSize                 = 218103808                                 {product} {ergonomic}
     uint ConcGCThreads                            = 1                                         {product} {ergonomic}
     uint G1ConcRefinementThreads                  = 2                                         {product} {ergonomic}
   size_t G1HeapRegionSize                         = 1048576                                   {product} {ergonomic}
    uintx GCDrainStackTargetSize                   = 64                                        {product} {ergonomic}
   size_t InitialHeapSize                          = 65011712                                  {product} {ergonomic}
   size_t MarkStackSize                            = 4194304                                   {product} {ergonomic}
   size_t MaxHeapSize                              = 1073741824                                {product} {command line}
   size_t MaxMetaspaceSize                         = 268435456                                 {product} {command line}
   size_t MaxNewSize                               = 643825664                                 {product} {ergonomic}
   size_t MinHeapDeltaBytes                        = 1048576                                   {product} {ergonomic}
   size_t MinHeapSize                              = 8388608                                   {product} {ergonomic}
    uintx NonProfiledCodeHeapSize                  = 0                                      {pd product} {ergonomic}
    uintx ProfiledCodeHeapSize                     = 0                                      {pd product} {ergonomic}
    uintx ReservedCodeCacheSize                    = 67108864                               {pd product} {command line}
   size_t SoftMaxHeapSize                          = 1073741824                             {manageable} {ergonomic}
     bool UseCompressedClassPointers               = true                           {product lp64_product} {ergonomic}
     bool UseCompressedOops                        = true                           {product lp64_product} {ergonomic}
     bool UseG1GC                                  = true                                      {product} {ergonomic}
     bool UseLargePagesIndividualAllocation        = false                                  {pd product} {ergonomic}

Logging:
Log output configuration:
 #0: stdout all=warning uptime,level,tags
 #1: stderr all=off uptime,level,tags

Environment Variables:
JAVA_HOME=C:\Program Files\Microsoft\jdk-17.0.12\
CLASSPATH=C:\VoicetoText app\ChatbotApp\android\\gradle\wrapper\gradle-wrapper.jar
PATH=c:\Users\Fahad Computer\AppData\Local\Programs\cursor\resources\app\bin;C:\Python313\Scripts\;C:\Python313\;C:\Program Files\Microsoft\jdk-11.0.26.4-hotspot\bin;C:\Program Files\Common Files\Oracle\Java\javapath;C:\Program Files\Microsoft\jdk-17.0.12.7-hotspot\bin;C:\Windows\system32;C:\Windows;C:\Windows\System32\Wbem;C:\Windows\System32\WindowsPowerShell\v1.0\;C:\Windows\System32\OpenSSH\;C:\ProgramData\chocolatey\bin;C:\Users\Fahad Computer\AppData\Local\Android\Sdk\platform-tools;C:\Program Files\Java\jdk-18.0.2.1\bin.exe;C:\Program Files\Git\cmd;C:\Android\Sdk\emulator;C:\Android\Sdk\tools;C:\Program Files\nodejs\;C:\Users\Fahad Computer\AppData\Local\Android\Sdk\tools;C:\Users\Fahad Computer\AppData\Local\Android\Sdk\tools;C:\Users\Fahad Computer\AppData\Local\Microsoft\WindowsApps;C:\Program Files\MongoDB\Server\7.0\bin;C:\Program Files\MongoDB\Server\7.0\bin;C:\Users\Fahad Computer\AppData\Roaming\npm;c:\Users\Fahad Computer\AppData\Local\Programs\cursor\resources\app\bin;c:\Users\Fahad Computer\AppData\Local\Programs\cursor\resources\app\bin;C:\Users\Fahad Computer\AppData\Local\Android\Sdk\tools;C:\Users\Fahad Computer\AppData\Local\Android\Sdk\tools;C:\Users\Fahad Computer\AppData\Local\Microsoft\WindowsApps;C:\Users\Fahad Computer\AppData\Local\Programs\Microsoft VS Code\bin;C:\Program Files\MongoDB\Server\7.0\bin;C:\Program Files\MongoDB\Server\7.0\bin;C:\Users\Fahad Computer\AppData\Roaming\npm;C:\Users\Fahad Computer\AppData\Local\Programs\cursor\resources\app\bin
USERNAME=Fahad Computer
LANG=en_US.UTF-8
OS=Windows_NT
PROCESSOR_IDENTIFIER=Intel64 Family 6 Model 122 Stepping 8, GenuineIntel



---------------  S Y S T E M  ---------------

OS:
 Windows 10 , 64 bit Build 19041 (10.0.19041.5678)
OS uptime: 6 days 5:32 hours
Hyper-V role detected

CPU: total 2 (initial active 2) (2 cores per cpu, 1 threads per core) family 6 model 122 stepping 8 microcode 0x18, cx8, cmov, fxsr, mmx, 3dnowpref, sse, sse2, sse3, ssse3, sse4.1, sse4.2, popcnt, tsc, tscinvbit, aes, erms, clmul, sha, clflush, clflushopt, hv

Memory: 4k page, system-wide physical 3918M (229M free)
TotalPageFile size 15694M (AvailPageFile size 6M)
current process WorkingSet (physical memory assigned to process): 209M, peak: 279M
current process commit charge ("private bytes"): 445M, peak: 447M

vm_info: Java HotSpot(TM) 64-Bit Server VM (17.0.12+8-LTS-286) for windows-amd64 JRE (17.0.12+8-LTS-286), built on Jun  5 2024 06:46:59 by "mach5one" with MS VC++ 17.6 (VS2022)

END.
