#
# There is insufficient memory for the Java Runtime Environment to continue.
# Native memory allocation (malloc) failed to allocate 32744 bytes for ChunkPool::allocate
# Possible reasons:
#   The system is out of physical RAM or swap space
#   The process is running with CompressedOops enabled, and the Java Heap may be blocking the growth of the native heap
# Possible solutions:
#   Reduce memory load on the system
#   Increase physical memory or swap space
#   Check if swap backing store is full
#   Decrease Java heap size (-Xmx/-Xms)
#   Decrease number of Java threads
#   Decrease Java thread stack sizes (-Xss)
#   Set larger code cache with -XX:ReservedCodeCacheSize=
#   JVM is running with Unscaled Compressed Oops mode in which the Java heap is
#     placed in the first 4GB address space. The Java Heap base address is the
#     maximum limit for the native heap growth. Please use -XX:HeapBaseMinAddress
#     to set the Java Heap base and to place the Java Heap above 4GB virtual address.
# This output file may be truncated or incomplete.
#
#  Out of Memory Error (arena.cpp:78), pid=16064, tid=11740
#
# JRE version: Java(TM) SE Runtime Environment (17.0.12+8) (build 17.0.12+8-LTS-286)
# Java VM: Java HotSpot(TM) 64-Bit Server VM (17.0.12+8-LTS-286, mixed mode, sharing, tiered, compressed oops, compressed class ptrs, g1 gc, windows-amd64)
# No core dump will be written. Minidumps are not enabled by default on client versions of Windows
#

---------------  S U M M A R Y ------------

Command Line: -Xmx64m -Xms64m -Dorg.gradle.appname=gradlew org.gradle.wrapper.GradleWrapperMain app:installDebug -PreactNativeDevServerPort=8081

Host: Intel(R) Celeron(R) N4020 CPU @ 1.10GHz, 2 cores, 3G,  Windows 10 , 64 bit Build 19041 (10.0.19041.5678)
Time: Fri Apr 25 15:20:33 2025 Pacific Daylight Time elapsed time: 1461.927495 seconds (0d 0h 24m 21s)

---------------  T H R E A D  ---------------

Current thread (0x000001bdef15bee0):  JavaThread "C1 CompilerThread0" daemon [_thread_in_native, id=11740, stack(0x0000003478900000,0x0000003478a00000)]


Current CompileTask:
C1:1461927 2128       3       sun.nio.fs.WindowsPathParser::normalize (233 bytes)

Stack: [0x0000003478900000,0x0000003478a00000]
Native frames: (J=compiled Java code, j=interpreted, Vv=VM code, C=native code)
V  [jvm.dll+0x67a04a]
V  [jvm.dll+0x7da4ed]
V  [jvm.dll+0x7dbe33]
V  [jvm.dll+0x7dc4a3]
V  [jvm.dll+0x24508f]
V  [jvm.dll+0xab9a4]
V  [jvm.dll+0xabd3c]
V  [jvm.dll+0x174cba]
V  [jvm.dll+0x175ae2]
V  [jvm.dll+0x175b9e]
V  [jvm.dll+0x17836f]
V  [jvm.dll+0x179cc1]
V  [jvm.dll+0x135633]
V  [jvm.dll+0x134eff]
V  [jvm.dll+0x135148]
V  [jvm.dll+0x1345d1]
V  [jvm.dll+0x1362bd]
V  [jvm.dll+0x22610b]
V  [jvm.dll+0x2242ab]
V  [jvm.dll+0x79075c]
V  [jvm.dll+0x78abea]
V  [jvm.dll+0x678f35]
C  [ucrtbase.dll+0x21bb2]
C  [KERNEL32.DLL+0x17374]
C  [ntdll.dll+0x4cc91]


---------------  P R O C E S S  ---------------

Threads class SMR info:
_java_thread_list=0x000001bdef3fd410, length=13, elements={
0x000001bd95609140, 0x000001bd956d30d0, 0x000001bd956d3f50, 0x000001bdef0e9040,
0x000001bdef0e9a00, 0x000001bdef0ea3c0, 0x000001bdef0ead80, 0x000001bdef0ebe80,
0x000001bdef15bee0, 0x000001bdef161bd0, 0x000001bdef320750, 0x000001bdef327300,
0x000001bdef72f3a0
}

Java Threads: ( => current thread )
  0x000001bd95609140 JavaThread "main" [_thread_in_vm, id=14944, stack(0x0000003477b00000,0x0000003477c00000)]
  0x000001bd956d30d0 JavaThread "Reference Handler" daemon [_thread_blocked, id=14672, stack(0x0000003478200000,0x0000003478300000)]
  0x000001bd956d3f50 JavaThread "Finalizer" daemon [_thread_blocked, id=14140, stack(0x0000003478300000,0x0000003478400000)]
  0x000001bdef0e9040 JavaThread "Signal Dispatcher" daemon [_thread_blocked, id=4296, stack(0x0000003478400000,0x0000003478500000)]
  0x000001bdef0e9a00 JavaThread "Attach Listener" daemon [_thread_blocked, id=8688, stack(0x0000003478500000,0x0000003478600000)]
  0x000001bdef0ea3c0 JavaThread "Service Thread" daemon [_thread_blocked, id=8540, stack(0x0000003478600000,0x0000003478700000)]
  0x000001bdef0ead80 JavaThread "Monitor Deflation Thread" daemon [_thread_blocked, id=16680, stack(0x0000003478700000,0x0000003478800000)]
  0x000001bdef0ebe80 JavaThread "C2 CompilerThread0" daemon [_thread_blocked, id=9844, stack(0x0000003478800000,0x0000003478900000)]
=>0x000001bdef15bee0 JavaThread "C1 CompilerThread0" daemon [_thread_in_native, id=11740, stack(0x0000003478900000,0x0000003478a00000)]
  0x000001bdef161bd0 JavaThread "Sweeper thread" daemon [_thread_blocked, id=15720, stack(0x0000003478a00000,0x0000003478b00000)]
  0x000001bdef320750 JavaThread "Notification Thread" daemon [_thread_blocked, id=4748, stack(0x0000003478b00000,0x0000003478c00000)]
  0x000001bdef327300 JavaThread "Common-Cleaner" daemon [_thread_blocked, id=15908, stack(0x0000003478d00000,0x0000003478e00000)]
  0x000001bdef72f3a0 JavaThread "pool-1-thread-1" [_thread_in_native, id=2664, stack(0x0000003478f00000,0x0000003479000000)]

Other Threads:
  0x000001bd956cc460 VMThread "VM Thread" [stack: 0x0000003478100000,0x0000003478200000] [id=3828]
  0x000001bdef326c60 WatcherThread [stack: 0x0000003478c00000,0x0000003478d00000] [id=15396]
  0x000001bd95627750 GCTaskThread "GC Thread#0" [stack: 0x0000003477c00000,0x0000003477d00000] [id=3512]
  0x000001bdef55f620 GCTaskThread "GC Thread#1" [stack: 0x0000003478e00000,0x0000003478f00000] [id=18364]
  0x000001bd9562aec0 ConcurrentGCThread "G1 Main Marker" [stack: 0x0000003477d00000,0x0000003477e00000] [id=12292]
  0x000001bd9562b8d0 ConcurrentGCThread "G1 Conc#0" [stack: 0x0000003477e00000,0x0000003477f00000] [id=11380]
  0x000001bd9566ebb0 ConcurrentGCThread "G1 Refine#0" [stack: 0x0000003477f00000,0x0000003478000000] [id=15432]
  0x000001bd9566f5e0 ConcurrentGCThread "G1 Service" [stack: 0x0000003478000000,0x0000003478100000] [id=7708]

Threads with active compile tasks:
C1 CompilerThread0  1462056 2128       3       sun.nio.fs.WindowsPathParser::normalize (233 bytes)

VM state: not at safepoint (normal execution)

VM Mutex/Monitor currently owned by a thread: None

Heap address: 0x00000000fc000000, size: 64 MB, Compressed Oops mode: 32-bit

CDS archive(s) mapped at: [0x000001bdae000000-0x000001bdaebd0000-0x000001bdaebd0000), size 12386304, SharedBaseAddress: 0x000001bdae000000, ArchiveRelocationMode: 1.
Compressed class space mapped at: 0x000001bdaf000000-0x000001bdef000000, reserved size: 1073741824
Narrow klass base: 0x000001bdae000000, Narrow klass shift: 0, Narrow klass range: 0x100000000

GC Precious Log:
 CPUs: 2 total, 2 available
 Memory: 3918M
 Large Page Support: Disabled
 NUMA Support: Disabled
 Compressed Oops: Enabled (32-bit)
 Heap Region Size: 1M
 Heap Min Capacity: 64M
 Heap Initial Capacity: 64M
 Heap Max Capacity: 64M
 Pre-touch: Disabled
 Parallel Workers: 2
 Concurrent Workers: 1
 Concurrent Refinement Workers: 2
 Periodic GC: Disabled

Heap:
 garbage-first heap   total 65536K, used 33414K [0x00000000fc000000, 0x0000000100000000)
  region size 1024K, 27 young (27648K), 5 survivors (5120K)
 Metaspace       used 10278K, committed 10496K, reserved 1114112K
  class space    used 1328K, committed 1408K, reserved 1048576K

Heap Regions: E=young(eden), S=young(survivor), O=old, HS=humongous(starts), HC=humongous(continues), CS=collection set, F=free, OA=open archive, CA=closed archive, TAMS=top-at-mark-start (previous, next)
|   0|0x00000000fc000000, 0x00000000fc100000, 0x00000000fc100000|100%| O|  |TAMS 0x00000000fc000000, 0x00000000fc000000| Untracked 
|   1|0x00000000fc100000, 0x00000000fc200000, 0x00000000fc200000|100%| O|  |TAMS 0x00000000fc100000, 0x00000000fc100000| Untracked 
|   2|0x00000000fc200000, 0x00000000fc300000, 0x00000000fc300000|100%| O|  |TAMS 0x00000000fc200000, 0x00000000fc200000| Untracked 
|   3|0x00000000fc300000, 0x00000000fc400000, 0x00000000fc400000|100%|HS|  |TAMS 0x00000000fc300000, 0x00000000fc300000| Complete 
|   4|0x00000000fc400000, 0x00000000fc500000, 0x00000000fc500000|100%|HC|  |TAMS 0x00000000fc400000, 0x00000000fc400000| Complete 
|   5|0x00000000fc500000, 0x00000000fc600000, 0x00000000fc600000|100%|HC|  |TAMS 0x00000000fc500000, 0x00000000fc500000| Complete 
|   6|0x00000000fc600000, 0x00000000fc6a1a00, 0x00000000fc700000| 63%| O|  |TAMS 0x00000000fc600000, 0x00000000fc600000| Untracked 
|   7|0x00000000fc700000, 0x00000000fc700000, 0x00000000fc800000|  0%| F|  |TAMS 0x00000000fc700000, 0x00000000fc700000| Untracked 
|   8|0x00000000fc800000, 0x00000000fc800000, 0x00000000fc900000|  0%| F|  |TAMS 0x00000000fc800000, 0x00000000fc800000| Untracked 
|   9|0x00000000fc900000, 0x00000000fc900000, 0x00000000fca00000|  0%| F|  |TAMS 0x00000000fc900000, 0x00000000fc900000| Untracked 
|  10|0x00000000fca00000, 0x00000000fca00000, 0x00000000fcb00000|  0%| F|  |TAMS 0x00000000fca00000, 0x00000000fca00000| Untracked 
|  11|0x00000000fcb00000, 0x00000000fcb00000, 0x00000000fcc00000|  0%| F|  |TAMS 0x00000000fcb00000, 0x00000000fcb00000| Untracked 
|  12|0x00000000fcc00000, 0x00000000fcc00000, 0x00000000fcd00000|  0%| F|  |TAMS 0x00000000fcc00000, 0x00000000fcc00000| Untracked 
|  13|0x00000000fcd00000, 0x00000000fcd00000, 0x00000000fce00000|  0%| F|  |TAMS 0x00000000fcd00000, 0x00000000fcd00000| Untracked 
|  14|0x00000000fce00000, 0x00000000fce00000, 0x00000000fcf00000|  0%| F|  |TAMS 0x00000000fce00000, 0x00000000fce00000| Untracked 
|  15|0x00000000fcf00000, 0x00000000fcf00000, 0x00000000fd000000|  0%| F|  |TAMS 0x00000000fcf00000, 0x00000000fcf00000| Untracked 
|  16|0x00000000fd000000, 0x00000000fd000000, 0x00000000fd100000|  0%| F|  |TAMS 0x00000000fd000000, 0x00000000fd000000| Untracked 
|  17|0x00000000fd100000, 0x00000000fd100000, 0x00000000fd200000|  0%| F|  |TAMS 0x00000000fd100000, 0x00000000fd100000| Untracked 
|  18|0x00000000fd200000, 0x00000000fd200000, 0x00000000fd300000|  0%| F|  |TAMS 0x00000000fd200000, 0x00000000fd200000| Untracked 
|  19|0x00000000fd300000, 0x00000000fd300000, 0x00000000fd400000|  0%| F|  |TAMS 0x00000000fd300000, 0x00000000fd300000| Untracked 
|  20|0x00000000fd400000, 0x00000000fd400000, 0x00000000fd500000|  0%| F|  |TAMS 0x00000000fd400000, 0x00000000fd400000| Untracked 
|  21|0x00000000fd500000, 0x00000000fd600000, 0x00000000fd600000|100%| S|CS|TAMS 0x00000000fd500000, 0x00000000fd500000| Complete 
|  22|0x00000000fd600000, 0x00000000fd700000, 0x00000000fd700000|100%| S|CS|TAMS 0x00000000fd600000, 0x00000000fd600000| Complete 
|  23|0x00000000fd700000, 0x00000000fd800000, 0x00000000fd800000|100%| S|CS|TAMS 0x00000000fd700000, 0x00000000fd700000| Complete 
|  24|0x00000000fd800000, 0x00000000fd900000, 0x00000000fd900000|100%| S|CS|TAMS 0x00000000fd800000, 0x00000000fd800000| Complete 
|  25|0x00000000fd900000, 0x00000000fda00000, 0x00000000fda00000|100%| S|CS|TAMS 0x00000000fd900000, 0x00000000fd900000| Complete 
|  26|0x00000000fda00000, 0x00000000fda00000, 0x00000000fdb00000|  0%| F|  |TAMS 0x00000000fda00000, 0x00000000fda00000| Untracked 
|  27|0x00000000fdb00000, 0x00000000fdb00000, 0x00000000fdc00000|  0%| F|  |TAMS 0x00000000fdb00000, 0x00000000fdb00000| Untracked 
|  28|0x00000000fdc00000, 0x00000000fdc00000, 0x00000000fdd00000|  0%| F|  |TAMS 0x00000000fdc00000, 0x00000000fdc00000| Untracked 
|  29|0x00000000fdd00000, 0x00000000fdd00000, 0x00000000fde00000|  0%| F|  |TAMS 0x00000000fdd00000, 0x00000000fdd00000| Untracked 
|  30|0x00000000fde00000, 0x00000000fde00000, 0x00000000fdf00000|  0%| F|  |TAMS 0x00000000fde00000, 0x00000000fde00000| Untracked 
|  31|0x00000000fdf00000, 0x00000000fdf00000, 0x00000000fe000000|  0%| F|  |TAMS 0x00000000fdf00000, 0x00000000fdf00000| Untracked 
|  32|0x00000000fe000000, 0x00000000fe000000, 0x00000000fe100000|  0%| F|  |TAMS 0x00000000fe000000, 0x00000000fe000000| Untracked 
|  33|0x00000000fe100000, 0x00000000fe100000, 0x00000000fe200000|  0%| F|  |TAMS 0x00000000fe100000, 0x00000000fe100000| Untracked 
|  34|0x00000000fe200000, 0x00000000fe200000, 0x00000000fe300000|  0%| F|  |TAMS 0x00000000fe200000, 0x00000000fe200000| Untracked 
|  35|0x00000000fe300000, 0x00000000fe300000, 0x00000000fe400000|  0%| F|  |TAMS 0x00000000fe300000, 0x00000000fe300000| Untracked 
|  36|0x00000000fe400000, 0x00000000fe400000, 0x00000000fe500000|  0%| F|  |TAMS 0x00000000fe400000, 0x00000000fe400000| Untracked 
|  37|0x00000000fe500000, 0x00000000fe500000, 0x00000000fe600000|  0%| F|  |TAMS 0x00000000fe500000, 0x00000000fe500000| Untracked 
|  38|0x00000000fe600000, 0x00000000fe600000, 0x00000000fe700000|  0%| F|  |TAMS 0x00000000fe600000, 0x00000000fe600000| Untracked 
|  39|0x00000000fe700000, 0x00000000fe700000, 0x00000000fe800000|  0%| F|  |TAMS 0x00000000fe700000, 0x00000000fe700000| Untracked 
|  40|0x00000000fe800000, 0x00000000fe800000, 0x00000000fe900000|  0%| F|  |TAMS 0x00000000fe800000, 0x00000000fe800000| Untracked 
|  41|0x00000000fe900000, 0x00000000fe900000, 0x00000000fea00000|  0%| F|  |TAMS 0x00000000fe900000, 0x00000000fe900000| Untracked 
|  42|0x00000000fea00000, 0x00000000fea2c3a8, 0x00000000feb00000| 17%| E|  |TAMS 0x00000000fea00000, 0x00000000fea00000| Complete 
|  43|0x00000000feb00000, 0x00000000fec00000, 0x00000000fec00000|100%| E|CS|TAMS 0x00000000feb00000, 0x00000000feb00000| Complete 
|  44|0x00000000fec00000, 0x00000000fed00000, 0x00000000fed00000|100%| E|CS|TAMS 0x00000000fec00000, 0x00000000fec00000| Complete 
|  45|0x00000000fed00000, 0x00000000fee00000, 0x00000000fee00000|100%| E|CS|TAMS 0x00000000fed00000, 0x00000000fed00000| Complete 
|  46|0x00000000fee00000, 0x00000000fef00000, 0x00000000fef00000|100%| E|CS|TAMS 0x00000000fee00000, 0x00000000fee00000| Complete 
|  47|0x00000000fef00000, 0x00000000ff000000, 0x00000000ff000000|100%| E|CS|TAMS 0x00000000fef00000, 0x00000000fef00000| Complete 
|  48|0x00000000ff000000, 0x00000000ff100000, 0x00000000ff100000|100%| E|CS|TAMS 0x00000000ff000000, 0x00000000ff000000| Complete 
|  49|0x00000000ff100000, 0x00000000ff200000, 0x00000000ff200000|100%| E|CS|TAMS 0x00000000ff100000, 0x00000000ff100000| Complete 
|  50|0x00000000ff200000, 0x00000000ff300000, 0x00000000ff300000|100%| E|CS|TAMS 0x00000000ff200000, 0x00000000ff200000| Complete 
|  51|0x00000000ff300000, 0x00000000ff400000, 0x00000000ff400000|100%| E|CS|TAMS 0x00000000ff300000, 0x00000000ff300000| Complete 
|  52|0x00000000ff400000, 0x00000000ff500000, 0x00000000ff500000|100%| E|CS|TAMS 0x00000000ff400000, 0x00000000ff400000| Complete 
|  53|0x00000000ff500000, 0x00000000ff600000, 0x00000000ff600000|100%| E|CS|TAMS 0x00000000ff500000, 0x00000000ff500000| Complete 
|  54|0x00000000ff600000, 0x00000000ff700000, 0x00000000ff700000|100%| E|CS|TAMS 0x00000000ff600000, 0x00000000ff600000| Complete 
|  55|0x00000000ff700000, 0x00000000ff800000, 0x00000000ff800000|100%| E|CS|TAMS 0x00000000ff700000, 0x00000000ff700000| Complete 
|  56|0x00000000ff800000, 0x00000000ff900000, 0x00000000ff900000|100%| E|CS|TAMS 0x00000000ff800000, 0x00000000ff800000| Complete 
|  57|0x00000000ff900000, 0x00000000ffa00000, 0x00000000ffa00000|100%| E|CS|TAMS 0x00000000ff900000, 0x00000000ff900000| Complete 
|  58|0x00000000ffa00000, 0x00000000ffb00000, 0x00000000ffb00000|100%| E|CS|TAMS 0x00000000ffa00000, 0x00000000ffa00000| Complete 
|  59|0x00000000ffb00000, 0x00000000ffc00000, 0x00000000ffc00000|100%| E|CS|TAMS 0x00000000ffb00000, 0x00000000ffb00000| Complete 
|  60|0x00000000ffc00000, 0x00000000ffd00000, 0x00000000ffd00000|100%| E|CS|TAMS 0x00000000ffc00000, 0x00000000ffc00000| Complete 
|  61|0x00000000ffd00000, 0x00000000ffe00000, 0x00000000ffe00000|100%| E|CS|TAMS 0x00000000ffd00000, 0x00000000ffd00000| Complete 
|  62|0x00000000ffe00000, 0x00000000fff00000, 0x00000000fff00000|100%| E|CS|TAMS 0x00000000ffe00000, 0x00000000ffe00000| Complete 
|  63|0x00000000fff00000, 0x0000000100000000, 0x0000000100000000|100%| E|CS|TAMS 0x00000000fff00000, 0x00000000fff00000| Complete 

Card table byte_map: [0x000001bd95210000,0x000001bd95230000] _byte_map_base: 0x000001bd94a30000

Marking Bits (Prev, Next): (CMBitMap*) 0x000001bd95628d80, (CMBitMap*) 0x000001bd95628dc0
 Prev Bits: [0x000001bd95250000, 0x000001bd95350000)
 Next Bits: [0x000001bd95350000, 0x000001bd95450000)

Polling page: 0x000001bd93610000

Metaspace:

Usage:
  Non-class:      8.74 MB used.
      Class:      1.30 MB used.
       Both:     10.04 MB used.

Virtual space:
  Non-class space:       64.00 MB reserved,       8.88 MB ( 14%) committed,  1 nodes.
      Class space:        1.00 GB reserved,       1.38 MB ( <1%) committed,  1 nodes.
             Both:        1.06 GB reserved,      10.25 MB ( <1%) committed. 

Chunk freelists:
   Non-Class:  6.23 MB
       Class:  14.44 MB
        Both:  20.68 MB

MaxMetaspaceSize: unlimited
CompressedClassSpaceSize: 1.00 GB
Initial GC threshold: 21.00 MB
Current GC threshold: 21.00 MB
CDS: on
MetaspaceReclaimPolicy: balanced
 - commit_granule_bytes: 65536.
 - commit_granule_words: 8192.
 - virtual_space_node_default_size: 8388608.
 - enlarge_chunks_in_place: 1.
 - new_chunks_are_fully_committed: 0.
 - uncommit_free_chunks: 1.
 - use_allocation_guard: 0.
 - handle_deallocations: 1.


Internal statistics:

num_allocs_failed_limit: 0.
num_arena_births: 82.
num_arena_deaths: 0.
num_vsnodes_births: 2.
num_vsnodes_deaths: 0.
num_space_committed: 164.
num_space_uncommitted: 0.
num_chunks_returned_to_freelist: 0.
num_chunks_taken_from_freelist: 356.
num_chunk_merges: 0.
num_chunk_splits: 245.
num_chunks_enlarged: 202.
num_inconsistent_stats: 0.

CodeHeap 'non-profiled nmethods': size=120064Kb used=1143Kb max_used=1143Kb free=118920Kb
 bounds [0x000001bda4990000, 0x000001bda4c00000, 0x000001bdabed0000]
CodeHeap 'profiled nmethods': size=120000Kb used=4084Kb max_used=4084Kb free=115916Kb
 bounds [0x000001bd9ced0000, 0x000001bd9d2d0000, 0x000001bda4400000]
CodeHeap 'non-nmethods': size=5696Kb used=1176Kb max_used=1215Kb free=4519Kb
 bounds [0x000001bda4400000, 0x000001bda4670000, 0x000001bda4990000]
 total_blobs=2600 nmethods=2123 adapters=391
 compilation: enabled
              stopped_count=0, restarted_count=0
 full_count=0

Compilation events (20 events):
Event: 1453.962 Thread 0x000001bdef0ebe80 nmethod 2118 0x000001bda4aaa990 code [0x000001bda4aaad00, 0x000001bda4aac4b8]
Event: 1461.769 Thread 0x000001bdef15bee0 2119       3       org.gradle.internal.logging.text.AbstractLineChoppingStyledTextOutput$StateContext::hasChar (25 bytes)
Event: 1461.778 Thread 0x000001bdef15bee0 nmethod 2119 0x000001bd9d2c9d10 code [0x000001bd9d2c9ea0, 0x000001bd9d2ca038]
Event: 1461.778 Thread 0x000001bdef15bee0 2120       3       org.gradle.internal.logging.text.AbstractLineChoppingStyledTextOutput$StateContext::setState (10 bytes)
Event: 1461.779 Thread 0x000001bdef15bee0 nmethod 2120 0x000001bd9d2ca110 code [0x000001bd9d2ca2c0, 0x000001bd9d2ca478]
Event: 1461.779 Thread 0x000001bdef15bee0 2121       3       org.gradle.internal.logging.text.AbstractLineChoppingStyledTextOutput::access$402 (7 bytes)
Event: 1461.779 Thread 0x000001bdef15bee0 nmethod 2121 0x000001bd9d2ca590 code [0x000001bd9d2ca720, 0x000001bd9d2ca858]
Event: 1461.785 Thread 0x000001bdef15bee0 2122       3       org.gradle.internal.logging.text.AbstractLineChoppingStyledTextOutput$1::execute (9 bytes)
Event: 1461.785 Thread 0x000001bdef15bee0 nmethod 2122 0x000001bd9d2ca910 code [0x000001bd9d2caac0, 0x000001bd9d2cad08]
Event: 1461.786 Thread 0x000001bdef15bee0 2123       3       org.gradle.internal.logging.text.AbstractLineChoppingStyledTextOutput$SeenFromEol::all (18 bytes)
Event: 1461.786 Thread 0x000001bdef15bee0 nmethod 2123 0x000001bd9d2cae10 code [0x000001bd9d2cafa0, 0x000001bd9d2cb118]
Event: 1461.786 Thread 0x000001bdef15bee0 2124       3       org.gradle.internal.logging.text.AbstractLineChoppingStyledTextOutput$SeenFromEol::none (13 bytes)
Event: 1461.786 Thread 0x000001bdef15bee0 nmethod 2124 0x000001bd9d2cb210 code [0x000001bd9d2cb3a0, 0x000001bd9d2cb518]
Event: 1461.786 Thread 0x000001bdef15bee0 2126       3       org.gradle.internal.logging.text.AbstractLineChoppingStyledTextOutput$2::execute (9 bytes)
Event: 1461.786 Thread 0x000001bdef15bee0 nmethod 2126 0x000001bd9d2cb590 code [0x000001bd9d2cb740, 0x000001bd9d2cb988]
Event: 1461.787 Thread 0x000001bdef15bee0 2127       3       org.gradle.internal.logging.text.AbstractLineChoppingStyledTextOutput$2::execute (77 bytes)
Event: 1461.789 Thread 0x000001bdef15bee0 nmethod 2127 0x000001bd9d2cba90 code [0x000001bd9d2cbd40, 0x000001bd9d2cc8a8]
Event: 1461.789 Thread 0x000001bdef15bee0 2125       3       org.gradle.internal.logging.text.AbstractLineChoppingStyledTextOutput::access$800 (4 bytes)
Event: 1461.789 Thread 0x000001bdef15bee0 nmethod 2125 0x000001bd9d2ccd10 code [0x000001bd9d2ccea0, 0x000001bd9d2ccf98]
Event: 1461.841 Thread 0x000001bdef15bee0 2128       3       sun.nio.fs.WindowsPathParser::normalize (233 bytes)

GC Heap History (8 events):
Event: 2.542 GC heap before
{Heap before GC invocations=0 (full 0):
 garbage-first heap   total 65536K, used 6144K [0x00000000fc000000, 0x0000000100000000)
  region size 1024K, 6 young (6144K), 0 survivors (0K)
 Metaspace       used 1638K, committed 1792K, reserved 1114112K
  class space    used 155K, committed 192K, reserved 1048576K
}
Event: 2.562 GC heap after
{Heap after GC invocations=1 (full 0):
 garbage-first heap   total 65536K, used 1236K [0x00000000fc000000, 0x0000000100000000)
  region size 1024K, 1 young (1024K), 1 survivors (1024K)
 Metaspace       used 1638K, committed 1792K, reserved 1114112K
  class space    used 155K, committed 192K, reserved 1048576K
}
Event: 2.924 GC heap before
{Heap before GC invocations=1 (full 0):
 garbage-first heap   total 65536K, used 7380K [0x00000000fc000000, 0x0000000100000000)
  region size 1024K, 7 young (7168K), 1 survivors (1024K)
 Metaspace       used 1673K, committed 1792K, reserved 1114112K
  class space    used 155K, committed 192K, reserved 1048576K
}
Event: 2.929 GC heap after
{Heap after GC invocations=2 (full 0):
 garbage-first heap   total 65536K, used 1621K [0x00000000fc000000, 0x0000000100000000)
  region size 1024K, 1 young (1024K), 1 survivors (1024K)
 Metaspace       used 1673K, committed 1792K, reserved 1114112K
  class space    used 155K, committed 192K, reserved 1048576K
}
Event: 4.555 GC heap before
{Heap before GC invocations=2 (full 0):
 garbage-first heap   total 65536K, used 12885K [0x00000000fc000000, 0x0000000100000000)
  region size 1024K, 13 young (13312K), 1 survivors (1024K)
 Metaspace       used 1863K, committed 1984K, reserved 1114112K
  class space    used 159K, committed 192K, reserved 1048576K
}
Event: 4.560 GC heap after
{Heap after GC invocations=3 (full 0):
 garbage-first heap   total 65536K, used 4306K [0x00000000fc000000, 0x0000000100000000)
  region size 1024K, 2 young (2048K), 2 survivors (2048K)
 Metaspace       used 1863K, committed 1984K, reserved 1114112K
  class space    used 159K, committed 192K, reserved 1048576K
}
Event: 84.590 GC heap before
{Heap before GC invocations=3 (full 0):
 garbage-first heap   total 65536K, used 44242K [0x00000000fc000000, 0x0000000100000000)
  region size 1024K, 38 young (38912K), 2 survivors (2048K)
 Metaspace       used 9516K, committed 9728K, reserved 1114112K
  class space    used 1243K, committed 1344K, reserved 1048576K
}
Event: 84.708 GC heap after
{Heap after GC invocations=4 (full 0):
 garbage-first heap   total 65536K, used 11910K [0x00000000fc000000, 0x0000000100000000)
  region size 1024K, 5 young (5120K), 5 survivors (5120K)
 Metaspace       used 9516K, committed 9728K, reserved 1114112K
  class space    used 1243K, committed 1344K, reserved 1048576K
}

Deoptimization events (20 events):
Event: 1461.573 Thread 0x000001bd95609140 Uncommon trap: trap_request=0xffffff45 fr.pc=0x000001bda4aa0074 relative=0x00000000000001d4
Event: 1461.574 Thread 0x000001bd95609140 Uncommon trap: reason=unstable_if action=reinterpret pc=0x000001bda4aa0074 method=com.esotericsoftware.kryo.io.Input.require(I)I @ 180 c2
Event: 1461.574 Thread 0x000001bd95609140 DEOPT PACKING pc=0x000001bda4aa0074 sp=0x0000003477bfd400
Event: 1461.575 Thread 0x000001bd95609140 DEOPT UNPACKING pc=0x000001bda445239d sp=0x0000003477bfd3a8 mode 2
Event: 1461.773 Thread 0x000001bdef72f3a0 Uncommon trap: trap_request=0xffffffde fr.pc=0x000001bda4aa2c54 relative=0x0000000000000574
Event: 1461.774 Thread 0x000001bdef72f3a0 Uncommon trap: reason=class_check action=maybe_recompile pc=0x000001bda4aa2c54 method=sun.nio.cs.StreamEncoder.implFlush()V @ 15 c2
Event: 1461.775 Thread 0x000001bdef72f3a0 DEOPT PACKING pc=0x000001bda4aa2c54 sp=0x0000003478ffe7b0
Event: 1461.776 Thread 0x000001bdef72f3a0 DEOPT UNPACKING pc=0x000001bda445239d sp=0x0000003478ffe6e0 mode 2
Event: 1461.782 Thread 0x000001bdef72f3a0 Uncommon trap: trap_request=0xffffffde fr.pc=0x000001bda4aa2c54 relative=0x0000000000000574
Event: 1461.782 Thread 0x000001bdef72f3a0 Uncommon trap: reason=class_check action=maybe_recompile pc=0x000001bda4aa2c54 method=sun.nio.cs.StreamEncoder.implFlush()V @ 15 c2
Event: 1461.782 Thread 0x000001bdef72f3a0 DEOPT PACKING pc=0x000001bda4aa2c54 sp=0x0000003478ffe7b0
Event: 1461.784 Thread 0x000001bdef72f3a0 DEOPT UNPACKING pc=0x000001bda445239d sp=0x0000003478ffe6e0 mode 2
Event: 1461.786 Thread 0x000001bdef72f3a0 Uncommon trap: trap_request=0xffffffde fr.pc=0x000001bda4aa2c54 relative=0x0000000000000574
Event: 1461.786 Thread 0x000001bdef72f3a0 Uncommon trap: reason=class_check action=maybe_recompile pc=0x000001bda4aa2c54 method=sun.nio.cs.StreamEncoder.implFlush()V @ 15 c2
Event: 1461.787 Thread 0x000001bdef72f3a0 DEOPT PACKING pc=0x000001bda4aa2c54 sp=0x0000003478ffe7b0
Event: 1461.787 Thread 0x000001bdef72f3a0 DEOPT UNPACKING pc=0x000001bda445239d sp=0x0000003478ffe6e0 mode 2
Event: 1461.788 Thread 0x000001bdef72f3a0 Uncommon trap: trap_request=0xffffffde fr.pc=0x000001bda4aa2c54 relative=0x0000000000000574
Event: 1461.788 Thread 0x000001bdef72f3a0 Uncommon trap: reason=class_check action=maybe_recompile pc=0x000001bda4aa2c54 method=sun.nio.cs.StreamEncoder.implFlush()V @ 15 c2
Event: 1461.789 Thread 0x000001bdef72f3a0 DEOPT PACKING pc=0x000001bda4aa2c54 sp=0x0000003478ffe7b0
Event: 1461.789 Thread 0x000001bdef72f3a0 DEOPT UNPACKING pc=0x000001bda445239d sp=0x0000003478ffe6e0 mode 2

Classes unloaded (0 events):
No events

Classes redefined (0 events):
No events

Internal exceptions (20 events):
Event: 7.507 Thread 0x000001bd95609140 Exception <a 'java/lang/NoClassDefFoundError'{0x00000000ff4865c0}: org/slf4j/impl/StaticMarkerBinder> (0x00000000ff4865c0) 
thrown [s\open\src\hotspot\share\classfile\systemDictionary.cpp, line 245]
Event: 7.588 Thread 0x000001bd95609140 Exception <a 'java/lang/NoSuchMethodError'{0x00000000ff336530}: 'java.lang.Object java.lang.invoke.Invokers$Holder.invoker(java.lang.Object, java.lang.Object, java.lang.Object)'> (0x00000000ff336530) 
thrown [s\open\src\hotspot\share\interpreter\linkResolver.cpp, line 759]
Event: 7.591 Thread 0x000001bd95609140 Exception <a 'java/lang/NoSuchMethodError'{0x00000000ff33f688}: 'java.lang.Object java.lang.invoke.DirectMethodHandle$Holder.invokeStatic(java.lang.Object, java.lang.Object, int)'> (0x00000000ff33f688) 
thrown [s\open\src\hotspot\share\interpreter\linkResolver.cpp, line 759]
Event: 7.600 Thread 0x000001bd95609140 Exception <a 'java/lang/NoSuchMethodError'{0x00000000ff34b378}: 'void java.lang.invoke.DelegatingMethodHandle$Holder.delegate(java.lang.Object, java.lang.Object, int, java.lang.Object)'> (0x00000000ff34b378) 
thrown [s\open\src\hotspot\share\interpreter\linkResolver.cpp, line 759]
Event: 7.613 Thread 0x000001bd95609140 Exception <a 'java/lang/NoSuchMethodError'{0x00000000ff35e9c0}: 'java.lang.Object java.lang.invoke.Invokers$Holder.invokeExact_MT(java.lang.Object, java.lang.Object, java.lang.Object, java.lang.Object)'> (0x00000000ff35e9c0) 
thrown [s\open\src\hotspot\share\interpreter\linkResolver.cpp, line 759]
Event: 7.648 Thread 0x000001bd95609140 Exception <a 'java/lang/NoSuchMethodError'{0x00000000ff38aef8}: 'java.lang.Object java.lang.invoke.DirectMethodHandle$Holder.invokeVirtual(java.lang.Object, java.lang.Object, java.lang.Object)'> (0x00000000ff38aef8) 
thrown [s\open\src\hotspot\share\interpreter\linkResolver.cpp, line 759]
Event: 8.622 Thread 0x000001bd95609140 Exception <a 'java/lang/NoSuchMethodError'{0x00000000fec9bf30}: 'java.lang.Object java.lang.invoke.DirectMethodHandle$Holder.newInvokeSpecial(java.lang.Object, java.lang.Object, java.lang.Object, java.lang.Object, java.lang.Object)'> (0x00000000fec9bf30) 
thrown [s\open\src\hotspot\share\interpreter\linkResolver.cpp, line 759]
Event: 8.698 Thread 0x000001bd95609140 Exception <a 'java/lang/NoSuchMethodError'{0x00000000febbfa50}: 'void java.lang.invoke.DirectMethodHandle$Holder.invokeSpecial(java.lang.Object, java.lang.Object, java.lang.Object)'> (0x00000000febbfa50) 
thrown [s\open\src\hotspot\share\interpreter\linkResolver.cpp, line 759]
Event: 9.322 Thread 0x000001bd95609140 Exception <a 'java/lang/NoSuchMethodError'{0x00000000fe64b278}: 'java.lang.Object java.lang.invoke.DirectMethodHandle$Holder.invokeSpecialIFC(java.lang.Object, java.lang.Object, java.lang.Object, java.lang.Object)'> (0x00000000fe64b278) 
thrown [s\open\src\hotspot\share\interpreter\linkResolver.cpp, line 759]
Event: 9.565 Thread 0x000001bd95609140 Exception <a 'java/lang/NoSuchMethodError'{0x00000000fe4e5f80}: 'java.lang.Object java.lang.invoke.DirectMethodHandle$Holder.invokeStaticInit(java.lang.Object, int, int, int, int)'> (0x00000000fe4e5f80) 
thrown [s\open\src\hotspot\share\interpreter\linkResolver.cpp, line 759]
Event: 10.220 Thread 0x000001bd95609140 Exception <a 'java/lang/NoSuchMethodError'{0x00000000fe3d1328}: 'java.lang.Object java.lang.invoke.DirectMethodHandle$Holder.invokeStaticInit(java.lang.Object, java.lang.Object, int, int, int, int)'> (0x00000000fe3d1328) 
thrown [s\open\src\hotspot\share\interpreter\linkResolver.cpp, line 759]
Event: 10.635 Thread 0x000001bd95609140 Exception <a 'java/lang/NoSuchMethodError'{0x00000000fe3fd1f8}: 'void java.lang.invoke.DirectMethodHandle$Holder.invokeStatic(java.lang.Object, java.lang.Object, java.lang.Object)'> (0x00000000fe3fd1f8) 
thrown [s\open\src\hotspot\share\interpreter\linkResolver.cpp, line 759]
Event: 10.725 Thread 0x000001bd95609140 Implicit null exception at 0x000001bda49d2af2 to 0x000001bda49d3008
Event: 10.729 Thread 0x000001bd95609140 Implicit null exception at 0x000001bda49db672 to 0x000001bda49dbb9c
Event: 12.223 Thread 0x000001bdef50d7e0 Exception <a 'java/lang/NoSuchMethodError'{0x00000000fdb10838}: 'void java.lang.invoke.DirectMethodHandle$Holder.invokeStatic(java.lang.Object, long)'> (0x00000000fdb10838) 
thrown [s\open\src\hotspot\share\interpreter\linkResolver.cpp, line 759]
Event: 12.225 Thread 0x000001bdef50d7e0 Exception <a 'java/lang/NoSuchMethodError'{0x00000000fdb16190}: 'java.lang.Object java.lang.invoke.DirectMethodHandle$Holder.newInvokeSpecial(java.lang.Object, long)'> (0x00000000fdb16190) 
thrown [s\open\src\hotspot\share\interpreter\linkResolver.cpp, line 759]
Event: 12.246 Thread 0x000001bdef50d7e0 Exception <a 'java/lang/NoSuchMethodError'{0x00000000fdb20d38}: 'java.lang.Object java.lang.invoke.DirectMethodHandle$Holder.invokeStaticInit(java.lang.Object, java.lang.Object, long, java.lang.Object)'> (0x00000000fdb20d38) 
thrown [s\open\src\hotspot\share\interpreter\linkResolver.cpp, line 759]
Event: 12.260 Thread 0x000001bdef50d7e0 Exception <a 'java/lang/NoSuchMethodError'{0x00000000fdb273c0}: 'java.lang.Object java.lang.invoke.DirectMethodHandle$Holder.newInvokeSpecial(java.lang.Object, java.lang.Object, long)'> (0x00000000fdb273c0) 
thrown [s\open\src\hotspot\share\interpreter\linkResolver.cpp, line 759]
Event: 12.263 Thread 0x000001bdef50d7e0 Exception <a 'java/lang/NoSuchMethodError'{0x00000000fdb2b6b0}: 'java.lang.Object java.lang.invoke.Invokers$Holder.linkToTargetMethod(java.lang.Object, long, java.lang.Object)'> (0x00000000fdb2b6b0) 
thrown [s\open\src\hotspot\share\interpreter\linkResolver.cpp, line 759]
Event: 1461.486 Thread 0x000001bd95609140 Exception <a 'sun/net/ConnectionResetException'{0x00000000ffde4ee8}: Connection reset> (0x00000000ffde4ee8) 
thrown [s\open\src\hotspot\share\prims\jni.cpp, line 535]

VM Operations (20 events):
Event: 1134.347 Executing VM operation: Cleanup
Event: 1134.347 Executing VM operation: Cleanup done
Event: 1147.502 Executing VM operation: Cleanup
Event: 1147.502 Executing VM operation: Cleanup done
Event: 1158.606 Executing VM operation: Cleanup
Event: 1158.606 Executing VM operation: Cleanup done
Event: 1222.137 Executing VM operation: Cleanup
Event: 1222.138 Executing VM operation: Cleanup done
Event: 1367.699 Executing VM operation: Cleanup
Event: 1367.702 Executing VM operation: Cleanup done
Event: 1422.592 Executing VM operation: Cleanup
Event: 1422.595 Executing VM operation: Cleanup done
Event: 1427.626 Executing VM operation: Cleanup
Event: 1427.626 Executing VM operation: Cleanup done
Event: 1433.733 Executing VM operation: Cleanup
Event: 1433.733 Executing VM operation: Cleanup done
Event: 1455.045 Executing VM operation: Cleanup
Event: 1455.045 Executing VM operation: Cleanup done
Event: 1456.050 Executing VM operation: Cleanup
Event: 1456.050 Executing VM operation: Cleanup done

Events (20 events):
Event: 98.931 loading class sun/nio/ch/SinkChannelImpl
Event: 98.932 loading class java/nio/channels/Pipe$SinkChannel
Event: 98.933 loading class java/nio/channels/Pipe$SinkChannel done
Event: 98.933 loading class sun/nio/ch/SinkChannelImpl done
Event: 98.969 loading class sun/nio/ch/SelectionKeyImpl
Event: 98.972 loading class java/nio/channels/spi/AbstractSelectionKey
Event: 98.972 loading class java/nio/channels/SelectionKey
Event: 98.973 loading class java/nio/channels/SelectionKey done
Event: 98.973 loading class java/nio/channels/spi/AbstractSelectionKey done
Event: 98.973 loading class sun/nio/ch/SelectionKeyImpl done
Event: 98.973 loading class java/lang/invoke/ConstantBootstraps
Event: 98.975 loading class java/lang/invoke/ConstantBootstraps done
Event: 102.394 loading class java/nio/channels/spi/AbstractSelector$1
Event: 102.394 loading class java/nio/channels/spi/AbstractSelector$1 done
Event: 106.690 loading class java/util/concurrent/Executors$FinalizableDelegatedExecutorService
Event: 106.690 loading class java/util/concurrent/Executors$FinalizableDelegatedExecutorService done
Event: 643.363 loading class java/util/ArrayList$ListItr
Event: 643.365 loading class java/util/ArrayList$ListItr done
Event: 1461.463 loading class sun/net/ConnectionResetException
Event: 1461.476 loading class sun/net/ConnectionResetException done


Dynamic libraries:
0x00007ff75ab90000 - 0x00007ff75aba0000 	C:\Program Files\Microsoft\jdk-17.0.12\bin\java.exe
0x00007ffa848b0000 - 0x00007ffa84aa8000 	C:\Windows\SYSTEM32\ntdll.dll
0x00007ffa83950000 - 0x00007ffa83a12000 	C:\Windows\System32\KERNEL32.DLL
0x00007ffa82340000 - 0x00007ffa82636000 	C:\Windows\System32\KERNELBASE.dll
0x00007ffa82240000 - 0x00007ffa82340000 	C:\Windows\System32\ucrtbase.dll
0x00007ffa791c0000 - 0x00007ffa791d9000 	C:\Program Files\Microsoft\jdk-17.0.12\bin\jli.dll
0x00007ffa82f80000 - 0x00007ffa8302f000 	C:\Windows\System32\ADVAPI32.dll
0x00007ffa83420000 - 0x00007ffa834be000 	C:\Windows\System32\msvcrt.dll
0x00007ffa83190000 - 0x00007ffa8322f000 	C:\Windows\System32\sechost.dll
0x00007ffa834c0000 - 0x00007ffa835e3000 	C:\Windows\System32\RPCRT4.dll
0x00007ffa81f40000 - 0x00007ffa81f67000 	C:\Windows\System32\bcrypt.dll
0x00007ffa84590000 - 0x00007ffa8472d000 	C:\Windows\System32\USER32.dll
0x00007ffa82000000 - 0x00007ffa82022000 	C:\Windows\System32\win32u.dll
0x00007ffa83230000 - 0x00007ffa8325b000 	C:\Windows\System32\GDI32.dll
0x00007ffa82120000 - 0x00007ffa8223a000 	C:\Windows\System32\gdi32full.dll
0x00007ffa82080000 - 0x00007ffa8211d000 	C:\Windows\System32\msvcp_win.dll
0x00007ffa70210000 - 0x00007ffa7022b000 	C:\Program Files\Microsoft\jdk-17.0.12\bin\VCRUNTIME140.dll
0x00007ffa6eaa0000 - 0x00007ffa6ed3a000 	C:\Windows\WinSxS\amd64_microsoft.windows.common-controls_6595b64144ccf1df_6.0.19041.4355_none_60b8b9eb71f62e16\COMCTL32.dll
0x00007ffa80620000 - 0x00007ffa8062a000 	C:\Windows\SYSTEM32\VERSION.dll
0x00007ffa83160000 - 0x00007ffa8318f000 	C:\Windows\System32\IMM32.DLL
0x00007ffa791b0000 - 0x00007ffa791bc000 	C:\Program Files\Microsoft\jdk-17.0.12\bin\vcruntime140_1.dll
0x00007ffa4d960000 - 0x00007ffa4d9ee000 	C:\Program Files\Microsoft\jdk-17.0.12\bin\msvcp140.dll
0x00007ffa33c90000 - 0x00007ffa34870000 	C:\Program Files\Microsoft\jdk-17.0.12\bin\server\jvm.dll
0x00007ffa83410000 - 0x00007ffa83418000 	C:\Windows\System32\PSAPI.DLL
0x00007ffa720e0000 - 0x00007ffa720e9000 	C:\Windows\SYSTEM32\WSOCK32.dll
0x00007ffa83390000 - 0x00007ffa833fb000 	C:\Windows\System32\WS2_32.dll
0x00007ffa6ae70000 - 0x00007ffa6ae97000 	C:\Windows\SYSTEM32\WINMM.dll
0x00007ffa80770000 - 0x00007ffa80782000 	C:\Windows\SYSTEM32\kernel.appcore.dll
0x00007ffa71a30000 - 0x00007ffa71a3a000 	C:\Program Files\Microsoft\jdk-17.0.12\bin\jimage.dll
0x00007ffa7f780000 - 0x00007ffa7f964000 	C:\Windows\SYSTEM32\DBGHELP.DLL
0x00007ffa66710000 - 0x00007ffa66744000 	C:\Windows\SYSTEM32\dbgcore.DLL
0x00007ffa81f70000 - 0x00007ffa81ff2000 	C:\Windows\System32\bcryptPrimitives.dll
0x00007ffa660d0000 - 0x00007ffa660f5000 	C:\Program Files\Microsoft\jdk-17.0.12\bin\java.dll
0x00007ffa4cc70000 - 0x00007ffa4cd47000 	C:\Program Files\Microsoft\jdk-17.0.12\bin\jsvml.dll
0x00007ffa83a20000 - 0x00007ffa8418f000 	C:\Windows\System32\SHELL32.dll
0x00007ffa7fbd0000 - 0x00007ffa80373000 	C:\Windows\SYSTEM32\windows.storage.dll
0x00007ffa835f0000 - 0x00007ffa83945000 	C:\Windows\System32\combase.dll
0x00007ffa817c0000 - 0x00007ffa817eb000 	C:\Windows\SYSTEM32\Wldp.dll
0x00007ffa83090000 - 0x00007ffa8315d000 	C:\Windows\System32\OLEAUT32.dll
0x00007ffa832e0000 - 0x00007ffa8338d000 	C:\Windows\System32\SHCORE.dll
0x00007ffa83030000 - 0x00007ffa83085000 	C:\Windows\System32\shlwapi.dll
0x00007ffa81e70000 - 0x00007ffa81e95000 	C:\Windows\SYSTEM32\profapi.dll
0x00007ffa6d420000 - 0x00007ffa6d439000 	C:\Program Files\Microsoft\jdk-17.0.12\bin\net.dll
0x00007ffa73400000 - 0x00007ffa7350a000 	C:\Windows\SYSTEM32\WINHTTP.dll
0x00007ffa815a0000 - 0x00007ffa8160c000 	C:\Windows\system32\mswsock.dll
0x00007ffa69ee0000 - 0x00007ffa69ef6000 	C:\Program Files\Microsoft\jdk-17.0.12\bin\nio.dll
0x00007ffa6da90000 - 0x00007ffa6daa8000 	C:\Program Files\Microsoft\jdk-17.0.12\bin\zip.dll
0x00007ffa70200000 - 0x00007ffa70210000 	C:\Program Files\Microsoft\jdk-17.0.12\bin\verify.dll
0x00007ffa6fc40000 - 0x00007ffa6fc4a000 	C:\Program Files\Microsoft\jdk-17.0.12\bin\management.dll
0x00007ffa6f890000 - 0x00007ffa6f89b000 	C:\Program Files\Microsoft\jdk-17.0.12\bin\management_ext.dll
0x00007ffa4c410000 - 0x00007ffa4c437000 	C:\Users\Fahad Computer\.gradle\native\1def1411415f61bf3af743bc5b6707747c0891f09f0c88961ee8f79bc544acac\windows-amd64\native-platform.dll
0x00007ffa70b20000 - 0x00007ffa70b2a000 	C:\Users\Fahad Computer\.gradle\native\jansi\1.18\windows64\jansi.dll
0x00007ffa81800000 - 0x00007ffa81818000 	C:\Windows\SYSTEM32\CRYPTSP.dll
0x00007ffa80ee0000 - 0x00007ffa80f18000 	C:\Windows\system32\rsaenh.dll
0x00007ffa81e30000 - 0x00007ffa81e5e000 	C:\Windows\SYSTEM32\USERENV.dll
0x00007ffa81730000 - 0x00007ffa8173c000 	C:\Windows\SYSTEM32\CRYPTBASE.dll
0x00007ffa812a0000 - 0x00007ffa812db000 	C:\Windows\SYSTEM32\IPHLPAPI.DLL
0x00007ffa84340000 - 0x00007ffa84348000 	C:\Windows\System32\NSI.dll
0x00007ffa73b50000 - 0x00007ffa73b67000 	C:\Windows\SYSTEM32\dhcpcsvc6.DLL
0x00007ffa73a20000 - 0x00007ffa73a3d000 	C:\Windows\SYSTEM32\dhcpcsvc.DLL
0x00007ffa812e0000 - 0x00007ffa813aa000 	C:\Windows\SYSTEM32\DNSAPI.dll
0x00007ffa6f350000 - 0x00007ffa6f35e000 	C:\Program Files\Microsoft\jdk-17.0.12\bin\sunmscapi.dll
0x00007ffa82770000 - 0x00007ffa828cd000 	C:\Windows\System32\CRYPT32.dll
0x00007ffa81970000 - 0x00007ffa81997000 	C:\Windows\SYSTEM32\ncrypt.dll
0x00007ffa81930000 - 0x00007ffa8196b000 	C:\Windows\SYSTEM32\NTASN1.dll
0x00007ffa68dd0000 - 0x00007ffa68dd7000 	C:\Windows\system32\wshunix.dll

dbghelp: loaded successfully - version: 4.0.5 - missing functions: none
symbol engine: initialized successfully - sym options: 0x614 - pdb path: .;C:\Program Files\Microsoft\jdk-17.0.12\bin;C:\Windows\SYSTEM32;C:\Windows\WinSxS\amd64_microsoft.windows.common-controls_6595b64144ccf1df_6.0.19041.4355_none_60b8b9eb71f62e16;C:\Program Files\Microsoft\jdk-17.0.12\bin\server;C:\Users\Fahad Computer\.gradle\native\1def1411415f61bf3af743bc5b6707747c0891f09f0c88961ee8f79bc544acac\windows-amd64;C:\Users\Fahad Computer\.gradle\native\jansi\1.18\windows64

VM Arguments:
jvm_args: -Xmx64m -Xms64m -Dorg.gradle.appname=gradlew 
java_command: org.gradle.wrapper.GradleWrapperMain app:installDebug -PreactNativeDevServerPort=8081
java_class_path (initial): C:\Users\Fahad Computer\Desktop\VoicetoText app\ChatbotApp\android\\gradle\wrapper\gradle-wrapper.jar
Launcher Type: SUN_STANDARD

[Global flags]
     intx CICompilerCount                          = 2                                         {product} {ergonomic}
     uint ConcGCThreads                            = 1                                         {product} {ergonomic}
     uint G1ConcRefinementThreads                  = 2                                         {product} {ergonomic}
   size_t G1HeapRegionSize                         = 1048576                                   {product} {ergonomic}
    uintx GCDrainStackTargetSize                   = 64                                        {product} {ergonomic}
   size_t InitialHeapSize                          = 67108864                                  {product} {command line}
   size_t MarkStackSize                            = 4194304                                   {product} {ergonomic}
   size_t MaxHeapSize                              = 67108864                                  {product} {command line}
   size_t MaxNewSize                               = 39845888                                  {product} {ergonomic}
   size_t MinHeapDeltaBytes                        = 1048576                                   {product} {ergonomic}
   size_t MinHeapSize                              = 67108864                                  {product} {command line}
    uintx NonNMethodCodeHeapSize                   = 5826188                                {pd product} {ergonomic}
    uintx NonProfiledCodeHeapSize                  = 122916026                              {pd product} {ergonomic}
    uintx ProfiledCodeHeapSize                     = 122916026                              {pd product} {ergonomic}
    uintx ReservedCodeCacheSize                    = 251658240                              {pd product} {ergonomic}
     bool SegmentedCodeCache                       = true                                      {product} {ergonomic}
   size_t SoftMaxHeapSize                          = 67108864                               {manageable} {ergonomic}
     bool UseCompressedClassPointers               = true                           {product lp64_product} {ergonomic}
     bool UseCompressedOops                        = true                           {product lp64_product} {ergonomic}
     bool UseG1GC                                  = true                                      {product} {ergonomic}
     bool UseLargePagesIndividualAllocation        = false                                  {pd product} {ergonomic}

Logging:
Log output configuration:
 #0: stdout all=warning uptime,level,tags
 #1: stderr all=off uptime,level,tags

Environment Variables:
JAVA_HOME=C:\Program Files\Microsoft\jdk-17.0.12\
CLASSPATH=C:\Users\Fahad Computer\Desktop\VoicetoText app\ChatbotApp\android\\gradle\wrapper\gradle-wrapper.jar
PATH=C:\Users\Fahad Computer\Desktop\VoicetoText app\ChatbotApp\node_modules\.bin;C:\Users\Fahad Computer\Desktop\VoicetoText app\ChatbotApp\node_modules\.bin;C:\Users\Fahad Computer\Desktop\VoicetoText app\node_modules\.bin;C:\Users\Fahad Computer\Desktop\node_modules\.bin;C:\Users\Fahad Computer\node_modules\.bin;C:\Users\node_modules\.bin;C:\node_modules\.bin;C:\Users\Fahad Computer\AppData\Roaming\npm\node_modules\npm\node_modules\@npmcli\run-script\lib\node-gyp-bin;c:\Users\Fahad Computer\AppData\Local\Programs\cursor\resources\app\bin;C:\Python313\Scripts\;C:\Python313\;C:\Program Files\Microsoft\jdk-11.0.26.4-hotspot\bin;C:\Program Files\Common Files\Oracle\Java\javapath;C:\Program Files\Microsoft\jdk-17.0.12.7-hotspot\bin;C:\Windows\system32;C:\Windows;C:\Windows\System32\Wbem;C:\Windows\System32\WindowsPowerShell\v1.0\;C:\Windows\System32\OpenSSH\;C:\ProgramData\chocolatey\bin;C:\Users\Fahad Computer\AppData\Local\Android\Sdk\platform-tools;C:\Program Files\Java\jdk-18.0.2.1\bin.exe;C:\Program Files\Git\cmd;C:\Android\Sdk\emulator;C:\Android\Sdk\tools;C:\Program Files\nodejs\;C:\Users\Fahad Computer\AppData\Local\Android\Sdk\tools;C:\Users\Fahad Computer\AppData\Local\Android\Sdk\tools;C:\Users\Fahad Computer\AppData\Local\Microsoft\WindowsApps;C:\Program Files\MongoDB\Server\7.0\bin;C:\Program Files\MongoDB\Server\7.0\bin;C:\Users\Fahad Computer\AppData\Roaming\npm;c:\Users\Fahad Computer\AppData\Local\Programs\cursor\resources\app\bin;c:\Users\Fahad Computer\AppData\Local\Programs\cursor\resources\app\bin;C:\Users\Fahad Computer\AppData\Local\Programs\Microsoft VS Code\bin;C:\Users\Fahad Computer\AppData\Local\Programs\cursor\resources\app\bin
USERNAME=Fahad Computer
LANG=en_US.UTF-8
OS=Windows_NT
PROCESSOR_IDENTIFIER=Intel64 Family 6 Model 122 Stepping 8, GenuineIntel



---------------  S Y S T E M  ---------------

OS:
 Windows 10 , 64 bit Build 19041 (10.0.19041.5678)
OS uptime: 6 days 7:45 hours
Hyper-V role detected

CPU: total 2 (initial active 2) (2 cores per cpu, 1 threads per core) family 6 model 122 stepping 8 microcode 0x18, cx8, cmov, fxsr, mmx, 3dnowpref, sse, sse2, sse3, ssse3, sse4.1, sse4.2, popcnt, tsc, tscinvbit, aes, erms, clmul, sha, clflush, clflushopt, hv

Memory: 4k page, system-wide physical 3918M (125M free)
TotalPageFile size 15694M (AvailPageFile size 0M)
current process WorkingSet (physical memory assigned to process): 23M, peak: 99M
current process commit charge ("private bytes"): 155M, peak: 174M

vm_info: Java HotSpot(TM) 64-Bit Server VM (17.0.12+8-LTS-286) for windows-amd64 JRE (17.0.12+8-LTS-286), built on Jun  5 2024 06:46:59 by "mach5one" with MS VC++ 17.6 (VS2022)

END.
