#
# There is insufficient memory for the Java Runtime Environment to continue.
# Native memory allocation (malloc) failed to allocate 150448 bytes for Chunk::new
# Possible reasons:
#   The system is out of physical RAM or swap space
#   The process is running with CompressedOops enabled, and the Java Heap may be blocking the growth of the native heap
# Possible solutions:
#   Reduce memory load on the system
#   Increase physical memory or swap space
#   Check if swap backing store is full
#   Decrease Java heap size (-Xmx/-Xms)
#   Decrease number of Java threads
#   Decrease Java thread stack sizes (-Xss)
#   Set larger code cache with -XX:ReservedCodeCacheSize=
#   JVM is running with Unscaled Compressed Oops mode in which the Java heap is
#     placed in the first 4GB address space. The Java Heap base address is the
#     maximum limit for the native heap growth. Please use -XX:HeapBaseMinAddress
#     to set the Java Heap base and to place the Java Heap above 4GB virtual address.
# This output file may be truncated or incomplete.
#
#  Out of Memory Error (arena.cpp:189), pid=9292, tid=7208
#
# JRE version: Java(TM) SE Runtime Environment (17.0.12+8) (build 17.0.12+8-LTS-286)
# Java VM: Java HotSpot(TM) 64-Bit Server VM (17.0.12+8-LTS-286, mixed mode, sharing, tiered, compressed oops, compressed class ptrs, g1 gc, windows-amd64)
# No core dump will be written. Minidumps are not enabled by default on client versions of Windows
#

---------------  S U M M A R Y ------------

Command Line: -Xmx64m -Xms64m -Dorg.gradle.appname=gradlew org.gradle.wrapper.GradleWrapperMain assembleRelease

Host: Intel(R) Celeron(R) N4020 CPU @ 1.10GHz, 2 cores, 3G,  Windows 10 , 64 bit Build 19041 (10.0.19041.5794)
Time: Fri May 16 13:10:26 2025 Pacific Daylight Time elapsed time: 367.039498 seconds (0d 0h 6m 7s)

---------------  T H R E A D  ---------------

Current thread (0x0000021d5521c400):  JavaThread "C2 CompilerThread0" daemon [_thread_in_native, id=7208, stack(0x000000870d100000,0x000000870d200000)]


Current CompileTask:
C2: 367040 1952       4       org.gradle.internal.logging.console.BuildStatusRenderer::onOutput (350 bytes)

Stack: [0x000000870d100000,0x000000870d200000]
Native frames: (J=compiled Java code, j=interpreted, Vv=VM code, C=native code)
V  [jvm.dll+0x67a04a]
V  [jvm.dll+0x7da4ed]
V  [jvm.dll+0x7dbe33]
V  [jvm.dll+0x7dc4a3]
V  [jvm.dll+0x24508f]
V  [jvm.dll+0xab773]
V  [jvm.dll+0xabd3c]
V  [jvm.dll+0x11e324]
V  [jvm.dll+0x6087a2]
V  [jvm.dll+0x60c715]
V  [jvm.dll+0x2166be]
V  [jvm.dll+0x215c6f]
V  [jvm.dll+0x1a2960]
V  [jvm.dll+0x22610b]
V  [jvm.dll+0x2242ab]
V  [jvm.dll+0x79075c]
V  [jvm.dll+0x78abea]
V  [jvm.dll+0x678f35]
C  [ucrtbase.dll+0x21bb2]
C  [KERNEL32.DLL+0x17374]
C  [ntdll.dll+0x4cc91]


---------------  P R O C E S S  ---------------

Threads class SMR info:
_java_thread_list=0x0000021d9ba02160, length=13, elements={
0x0000021d3c75a8e0, 0x0000021d3c81d240, 0x0000021d3c81f0d0, 0x0000021d55217500,
0x0000021d55219ed0, 0x0000021d5521a890, 0x0000021d5521b250, 0x0000021d5521c400,
0x0000021d55288cf0, 0x0000021d5528fad0, 0x0000021d5532d870, 0x0000021d5532dfe0,
0x0000021d9b870e50
}

Java Threads: ( => current thread )
  0x0000021d3c75a8e0 JavaThread "main" [_thread_in_native, id=7196, stack(0x000000870c400000,0x000000870c500000)]
  0x0000021d3c81d240 JavaThread "Reference Handler" daemon [_thread_blocked, id=4488, stack(0x000000870cb00000,0x000000870cc00000)]
  0x0000021d3c81f0d0 JavaThread "Finalizer" daemon [_thread_blocked, id=9160, stack(0x000000870cc00000,0x000000870cd00000)]
  0x0000021d55217500 JavaThread "Signal Dispatcher" daemon [_thread_blocked, id=6092, stack(0x000000870cd00000,0x000000870ce00000)]
  0x0000021d55219ed0 JavaThread "Attach Listener" daemon [_thread_blocked, id=8704, stack(0x000000870ce00000,0x000000870cf00000)]
  0x0000021d5521a890 JavaThread "Service Thread" daemon [_thread_blocked, id=1980, stack(0x000000870cf00000,0x000000870d000000)]
  0x0000021d5521b250 JavaThread "Monitor Deflation Thread" daemon [_thread_blocked, id=13612, stack(0x000000870d000000,0x000000870d100000)]
=>0x0000021d5521c400 JavaThread "C2 CompilerThread0" daemon [_thread_in_native, id=7208, stack(0x000000870d100000,0x000000870d200000)]
  0x0000021d55288cf0 JavaThread "C1 CompilerThread0" daemon [_thread_blocked, id=13492, stack(0x000000870d200000,0x000000870d300000)]
  0x0000021d5528fad0 JavaThread "Sweeper thread" daemon [_thread_blocked, id=6056, stack(0x000000870d300000,0x000000870d400000)]
  0x0000021d5532d870 JavaThread "Notification Thread" daemon [_thread_blocked, id=9256, stack(0x000000870d400000,0x000000870d500000)]
  0x0000021d5532dfe0 JavaThread "Common-Cleaner" daemon [_thread_blocked, id=11400, stack(0x000000870d600000,0x000000870d700000)]
  0x0000021d9b870e50 JavaThread "pool-1-thread-1" [_thread_in_native, id=7996, stack(0x000000870d800000,0x000000870d900000)]

Other Threads:
  0x0000021d3c8175c0 VMThread "VM Thread" [stack: 0x000000870ca00000,0x000000870cb00000] [id=13748]
  0x0000021d5532dd50 WatcherThread [stack: 0x000000870d500000,0x000000870d600000] [id=8240]
  0x0000021d3c7758c0 GCTaskThread "GC Thread#0" [stack: 0x000000870c500000,0x000000870c600000] [id=4532]
  0x0000021d556ed590 GCTaskThread "GC Thread#1" [stack: 0x000000870d700000,0x000000870d800000] [id=12696]
  0x0000021d3c777010 ConcurrentGCThread "G1 Main Marker" [stack: 0x000000870c600000,0x000000870c700000] [id=2068]
  0x0000021d3c777a20 ConcurrentGCThread "G1 Conc#0" [stack: 0x000000870c700000,0x000000870c800000] [id=11536]
  0x0000021d3c7bbd10 ConcurrentGCThread "G1 Refine#0" [stack: 0x000000870c800000,0x000000870c900000] [id=11932]
  0x0000021d3c7bc740 ConcurrentGCThread "G1 Service" [stack: 0x000000870c900000,0x000000870ca00000] [id=7264]

Threads with active compile tasks:
C2 CompilerThread0   367106 1952       4       org.gradle.internal.logging.console.BuildStatusRenderer::onOutput (350 bytes)

VM state: not at safepoint (normal execution)

VM Mutex/Monitor currently owned by a thread: None

Heap address: 0x00000000fc000000, size: 64 MB, Compressed Oops mode: 32-bit

CDS archive(s) mapped at: [0x0000021d56000000-0x0000021d56bd0000-0x0000021d56bd0000), size 12386304, SharedBaseAddress: 0x0000021d56000000, ArchiveRelocationMode: 1.
Compressed class space mapped at: 0x0000021d57000000-0x0000021d97000000, reserved size: 1073741824
Narrow klass base: 0x0000021d56000000, Narrow klass shift: 0, Narrow klass range: 0x100000000

GC Precious Log:
 CPUs: 2 total, 2 available
 Memory: 3918M
 Large Page Support: Disabled
 NUMA Support: Disabled
 Compressed Oops: Enabled (32-bit)
 Heap Region Size: 1M
 Heap Min Capacity: 64M
 Heap Initial Capacity: 64M
 Heap Max Capacity: 64M
 Pre-touch: Disabled
 Parallel Workers: 2
 Concurrent Workers: 1
 Concurrent Refinement Workers: 2
 Periodic GC: Disabled

Heap:
 garbage-first heap   total 65536K, used 14324K [0x00000000fc000000, 0x0000000100000000)
  region size 1024K, 8 young (8192K), 5 survivors (5120K)
 Metaspace       used 9694K, committed 9856K, reserved 1114112K
  class space    used 1262K, committed 1344K, reserved 1048576K

Heap Regions: E=young(eden), S=young(survivor), O=old, HS=humongous(starts), HC=humongous(continues), CS=collection set, F=free, OA=open archive, CA=closed archive, TAMS=top-at-mark-start (previous, next)
|   0|0x00000000fc000000, 0x00000000fc100000, 0x00000000fc100000|100%| O|  |TAMS 0x00000000fc000000, 0x00000000fc000000| Untracked 
|   1|0x00000000fc100000, 0x00000000fc200000, 0x00000000fc200000|100%| O|  |TAMS 0x00000000fc100000, 0x00000000fc100000| Untracked 
|   2|0x00000000fc200000, 0x00000000fc300000, 0x00000000fc300000|100%| O|  |TAMS 0x00000000fc200000, 0x00000000fc200000| Untracked 
|   3|0x00000000fc300000, 0x00000000fc400000, 0x00000000fc400000|100%|HS|  |TAMS 0x00000000fc300000, 0x00000000fc300000| Complete 
|   4|0x00000000fc400000, 0x00000000fc500000, 0x00000000fc500000|100%|HC|  |TAMS 0x00000000fc400000, 0x00000000fc400000| Complete 
|   5|0x00000000fc500000, 0x00000000fc600000, 0x00000000fc600000|100%|HC|  |TAMS 0x00000000fc500000, 0x00000000fc500000| Complete 
|   6|0x00000000fc600000, 0x00000000fc6fd000, 0x00000000fc700000| 98%| O|  |TAMS 0x00000000fc600000, 0x00000000fc600000| Untracked 
|   7|0x00000000fc700000, 0x00000000fc700000, 0x00000000fc800000|  0%| F|  |TAMS 0x00000000fc700000, 0x00000000fc700000| Untracked 
|   8|0x00000000fc800000, 0x00000000fc800000, 0x00000000fc900000|  0%| F|  |TAMS 0x00000000fc800000, 0x00000000fc800000| Untracked 
|   9|0x00000000fc900000, 0x00000000fc900000, 0x00000000fca00000|  0%| F|  |TAMS 0x00000000fc900000, 0x00000000fc900000| Untracked 
|  10|0x00000000fca00000, 0x00000000fca00000, 0x00000000fcb00000|  0%| F|  |TAMS 0x00000000fca00000, 0x00000000fca00000| Untracked 
|  11|0x00000000fcb00000, 0x00000000fcb00000, 0x00000000fcc00000|  0%| F|  |TAMS 0x00000000fcb00000, 0x00000000fcb00000| Untracked 
|  12|0x00000000fcc00000, 0x00000000fcc00000, 0x00000000fcd00000|  0%| F|  |TAMS 0x00000000fcc00000, 0x00000000fcc00000| Untracked 
|  13|0x00000000fcd00000, 0x00000000fcd00000, 0x00000000fce00000|  0%| F|  |TAMS 0x00000000fcd00000, 0x00000000fcd00000| Untracked 
|  14|0x00000000fce00000, 0x00000000fce00000, 0x00000000fcf00000|  0%| F|  |TAMS 0x00000000fce00000, 0x00000000fce00000| Untracked 
|  15|0x00000000fcf00000, 0x00000000fcf00000, 0x00000000fd000000|  0%| F|  |TAMS 0x00000000fcf00000, 0x00000000fcf00000| Untracked 
|  16|0x00000000fd000000, 0x00000000fd000000, 0x00000000fd100000|  0%| F|  |TAMS 0x00000000fd000000, 0x00000000fd000000| Untracked 
|  17|0x00000000fd100000, 0x00000000fd100000, 0x00000000fd200000|  0%| F|  |TAMS 0x00000000fd100000, 0x00000000fd100000| Untracked 
|  18|0x00000000fd200000, 0x00000000fd200000, 0x00000000fd300000|  0%| F|  |TAMS 0x00000000fd200000, 0x00000000fd200000| Untracked 
|  19|0x00000000fd300000, 0x00000000fd300000, 0x00000000fd400000|  0%| F|  |TAMS 0x00000000fd300000, 0x00000000fd300000| Untracked 
|  20|0x00000000fd400000, 0x00000000fd400000, 0x00000000fd500000|  0%| F|  |TAMS 0x00000000fd400000, 0x00000000fd400000| Untracked 
|  21|0x00000000fd500000, 0x00000000fd600000, 0x00000000fd600000|100%| S|CS|TAMS 0x00000000fd500000, 0x00000000fd500000| Complete 
|  22|0x00000000fd600000, 0x00000000fd700000, 0x00000000fd700000|100%| S|CS|TAMS 0x00000000fd600000, 0x00000000fd600000| Complete 
|  23|0x00000000fd700000, 0x00000000fd800000, 0x00000000fd800000|100%| S|CS|TAMS 0x00000000fd700000, 0x00000000fd700000| Complete 
|  24|0x00000000fd800000, 0x00000000fd900000, 0x00000000fd900000|100%| S|CS|TAMS 0x00000000fd800000, 0x00000000fd800000| Complete 
|  25|0x00000000fd900000, 0x00000000fda00000, 0x00000000fda00000|100%| S|CS|TAMS 0x00000000fd900000, 0x00000000fd900000| Complete 
|  26|0x00000000fda00000, 0x00000000fda00000, 0x00000000fdb00000|  0%| F|  |TAMS 0x00000000fda00000, 0x00000000fda00000| Untracked 
|  27|0x00000000fdb00000, 0x00000000fdb00000, 0x00000000fdc00000|  0%| F|  |TAMS 0x00000000fdb00000, 0x00000000fdb00000| Untracked 
|  28|0x00000000fdc00000, 0x00000000fdc00000, 0x00000000fdd00000|  0%| F|  |TAMS 0x00000000fdc00000, 0x00000000fdc00000| Untracked 
|  29|0x00000000fdd00000, 0x00000000fdd00000, 0x00000000fde00000|  0%| F|  |TAMS 0x00000000fdd00000, 0x00000000fdd00000| Untracked 
|  30|0x00000000fde00000, 0x00000000fde00000, 0x00000000fdf00000|  0%| F|  |TAMS 0x00000000fde00000, 0x00000000fde00000| Untracked 
|  31|0x00000000fdf00000, 0x00000000fdf00000, 0x00000000fe000000|  0%| F|  |TAMS 0x00000000fdf00000, 0x00000000fdf00000| Untracked 
|  32|0x00000000fe000000, 0x00000000fe000000, 0x00000000fe100000|  0%| F|  |TAMS 0x00000000fe000000, 0x00000000fe000000| Untracked 
|  33|0x00000000fe100000, 0x00000000fe100000, 0x00000000fe200000|  0%| F|  |TAMS 0x00000000fe100000, 0x00000000fe100000| Untracked 
|  34|0x00000000fe200000, 0x00000000fe200000, 0x00000000fe300000|  0%| F|  |TAMS 0x00000000fe200000, 0x00000000fe200000| Untracked 
|  35|0x00000000fe300000, 0x00000000fe300000, 0x00000000fe400000|  0%| F|  |TAMS 0x00000000fe300000, 0x00000000fe300000| Untracked 
|  36|0x00000000fe400000, 0x00000000fe400000, 0x00000000fe500000|  0%| F|  |TAMS 0x00000000fe400000, 0x00000000fe400000| Untracked 
|  37|0x00000000fe500000, 0x00000000fe500000, 0x00000000fe600000|  0%| F|  |TAMS 0x00000000fe500000, 0x00000000fe500000| Untracked 
|  38|0x00000000fe600000, 0x00000000fe600000, 0x00000000fe700000|  0%| F|  |TAMS 0x00000000fe600000, 0x00000000fe600000| Untracked 
|  39|0x00000000fe700000, 0x00000000fe700000, 0x00000000fe800000|  0%| F|  |TAMS 0x00000000fe700000, 0x00000000fe700000| Untracked 
|  40|0x00000000fe800000, 0x00000000fe800000, 0x00000000fe900000|  0%| F|  |TAMS 0x00000000fe800000, 0x00000000fe800000| Untracked 
|  41|0x00000000fe900000, 0x00000000fe900000, 0x00000000fea00000|  0%| F|  |TAMS 0x00000000fe900000, 0x00000000fe900000| Untracked 
|  42|0x00000000fea00000, 0x00000000fea00000, 0x00000000feb00000|  0%| F|  |TAMS 0x00000000fea00000, 0x00000000fea00000| Untracked 
|  43|0x00000000feb00000, 0x00000000feb00000, 0x00000000fec00000|  0%| F|  |TAMS 0x00000000feb00000, 0x00000000feb00000| Untracked 
|  44|0x00000000fec00000, 0x00000000fec00000, 0x00000000fed00000|  0%| F|  |TAMS 0x00000000fec00000, 0x00000000fec00000| Untracked 
|  45|0x00000000fed00000, 0x00000000fed00000, 0x00000000fee00000|  0%| F|  |TAMS 0x00000000fed00000, 0x00000000fed00000| Untracked 
|  46|0x00000000fee00000, 0x00000000fee00000, 0x00000000fef00000|  0%| F|  |TAMS 0x00000000fee00000, 0x00000000fee00000| Untracked 
|  47|0x00000000fef00000, 0x00000000fef00000, 0x00000000ff000000|  0%| F|  |TAMS 0x00000000fef00000, 0x00000000fef00000| Untracked 
|  48|0x00000000ff000000, 0x00000000ff000000, 0x00000000ff100000|  0%| F|  |TAMS 0x00000000ff000000, 0x00000000ff000000| Untracked 
|  49|0x00000000ff100000, 0x00000000ff100000, 0x00000000ff200000|  0%| F|  |TAMS 0x00000000ff100000, 0x00000000ff100000| Untracked 
|  50|0x00000000ff200000, 0x00000000ff200000, 0x00000000ff300000|  0%| F|  |TAMS 0x00000000ff200000, 0x00000000ff200000| Untracked 
|  51|0x00000000ff300000, 0x00000000ff300000, 0x00000000ff400000|  0%| F|  |TAMS 0x00000000ff300000, 0x00000000ff300000| Untracked 
|  52|0x00000000ff400000, 0x00000000ff400000, 0x00000000ff500000|  0%| F|  |TAMS 0x00000000ff400000, 0x00000000ff400000| Untracked 
|  53|0x00000000ff500000, 0x00000000ff500000, 0x00000000ff600000|  0%| F|  |TAMS 0x00000000ff500000, 0x00000000ff500000| Untracked 
|  54|0x00000000ff600000, 0x00000000ff600000, 0x00000000ff700000|  0%| F|  |TAMS 0x00000000ff600000, 0x00000000ff600000| Untracked 
|  55|0x00000000ff700000, 0x00000000ff700000, 0x00000000ff800000|  0%| F|  |TAMS 0x00000000ff700000, 0x00000000ff700000| Untracked 
|  56|0x00000000ff800000, 0x00000000ff800000, 0x00000000ff900000|  0%| F|  |TAMS 0x00000000ff800000, 0x00000000ff800000| Untracked 
|  57|0x00000000ff900000, 0x00000000ff900000, 0x00000000ffa00000|  0%| F|  |TAMS 0x00000000ff900000, 0x00000000ff900000| Untracked 
|  58|0x00000000ffa00000, 0x00000000ffa00000, 0x00000000ffb00000|  0%| F|  |TAMS 0x00000000ffa00000, 0x00000000ffa00000| Untracked 
|  59|0x00000000ffb00000, 0x00000000ffb00000, 0x00000000ffc00000|  0%| F|  |TAMS 0x00000000ffb00000, 0x00000000ffb00000| Untracked 
|  60|0x00000000ffc00000, 0x00000000ffc00000, 0x00000000ffd00000|  0%| F|  |TAMS 0x00000000ffc00000, 0x00000000ffc00000| Untracked 
|  61|0x00000000ffd00000, 0x00000000ffd37c70, 0x00000000ffe00000| 21%| E|  |TAMS 0x00000000ffd00000, 0x00000000ffd00000| Complete 
|  62|0x00000000ffe00000, 0x00000000fff00000, 0x00000000fff00000|100%| E|CS|TAMS 0x00000000ffe00000, 0x00000000ffe00000| Complete 
|  63|0x00000000fff00000, 0x0000000100000000, 0x0000000100000000|100%| E|CS|TAMS 0x00000000fff00000, 0x00000000fff00000| Complete 

Card table byte_map: [0x0000021d3c330000,0x0000021d3c350000] _byte_map_base: 0x0000021d3bb50000

Marking Bits (Prev, Next): (CMBitMap*) 0x0000021d3c775ee0, (CMBitMap*) 0x0000021d3c775f20
 Prev Bits: [0x0000021d3c370000, 0x0000021d3c470000)
 Next Bits: [0x0000021d3c470000, 0x0000021d3c570000)

Polling page: 0x0000021d3a720000

Metaspace:

Usage:
  Non-class:      8.24 MB used.
      Class:      1.23 MB used.
       Both:      9.47 MB used.

Virtual space:
  Non-class space:       64.00 MB reserved,       8.31 MB ( 13%) committed,  1 nodes.
      Class space:        1.00 GB reserved,       1.31 MB ( <1%) committed,  1 nodes.
             Both:        1.06 GB reserved,       9.62 MB ( <1%) committed. 

Chunk freelists:
   Non-Class:  7.62 MB
       Class:  14.51 MB
        Both:  22.13 MB

MaxMetaspaceSize: unlimited
CompressedClassSpaceSize: 1.00 GB
Initial GC threshold: 21.00 MB
Current GC threshold: 21.00 MB
CDS: on
MetaspaceReclaimPolicy: balanced
 - commit_granule_bytes: 65536.
 - commit_granule_words: 8192.
 - virtual_space_node_default_size: 8388608.
 - enlarge_chunks_in_place: 1.
 - new_chunks_are_fully_committed: 0.
 - uncommit_free_chunks: 1.
 - use_allocation_guard: 0.
 - handle_deallocations: 1.


Internal statistics:

num_allocs_failed_limit: 0.
num_arena_births: 72.
num_arena_deaths: 0.
num_vsnodes_births: 2.
num_vsnodes_deaths: 0.
num_space_committed: 154.
num_space_uncommitted: 0.
num_chunks_returned_to_freelist: 0.
num_chunks_taken_from_freelist: 332.
num_chunk_merges: 0.
num_chunk_splits: 226.
num_chunks_enlarged: 183.
num_inconsistent_stats: 0.

CodeHeap 'non-profiled nmethods': size=120064Kb used=861Kb max_used=861Kb free=119203Kb
 bounds [0x0000021d4bae0000, 0x0000021d4bd50000, 0x0000021d53020000]
CodeHeap 'profiled nmethods': size=120000Kb used=3722Kb max_used=3722Kb free=116277Kb
 bounds [0x0000021d44020000, 0x0000021d443d0000, 0x0000021d4b550000]
CodeHeap 'non-nmethods': size=5696Kb used=1164Kb max_used=1185Kb free=4531Kb
 bounds [0x0000021d4b550000, 0x0000021d4b7c0000, 0x0000021d4bae0000]
 total_blobs=2412 nmethods=1949 adapters=377
 compilation: enabled
              stopped_count=0, restarted_count=0
 full_count=0

Compilation events (20 events):
Event: 318.601 Thread 0x0000021d5521c400 nmethod 1942 0x0000021d4bbb0c10 code [0x0000021d4bbb0dc0, 0x0000021d4bbb1608]
Event: 318.770 Thread 0x0000021d5521c400 1943       4       java.lang.StringCoding::implEncodeAsciiArray (47 bytes)
Event: 318.781 Thread 0x0000021d5521c400 nmethod 1943 0x0000021d4bbb1a90 code [0x0000021d4bbb1c00, 0x0000021d4bbb1fd8]
Event: 341.645 Thread 0x0000021d55288cf0 1944       3       org.gradle.internal.logging.console.MultiLineBuildProgressArea::isOverlappingWith (44 bytes)
Event: 341.646 Thread 0x0000021d55288cf0 nmethod 1944 0x0000021d443c1610 code [0x0000021d443c1800, 0x0000021d443c1e88]
Event: 357.676 Thread 0x0000021d5521c400 1945       4       org.gradle.internal.logging.sink.GroupingProgressLogEventGenerator::onUpdateNow (54 bytes)
Event: 357.761 Thread 0x0000021d5521c400 nmethod 1945 0x0000021d4bbb2110 code [0x0000021d4bbb23a0, 0x0000021d4bbb3030]
Event: 358.633 Thread 0x0000021d5521c400 1946       4       org.gradle.internal.logging.console.MultiLineBuildProgressArea::redraw (203 bytes)
Event: 358.691 Thread 0x0000021d5521c400 nmethod 1946 0x0000021d4bbb4290 code [0x0000021d4bbb4560, 0x0000021d4bbb5458]
Event: 358.704 Thread 0x0000021d55288cf0 1947       3       java.lang.StringBuilder::substring (7 bytes)
Event: 358.704 Thread 0x0000021d55288cf0 nmethod 1947 0x0000021d443c2090 code [0x0000021d443c2220, 0x0000021d443c2368]
Event: 358.705 Thread 0x0000021d55288cf0 1948       3       java.lang.AbstractStringBuilder::substring (40 bytes)
Event: 358.706 Thread 0x0000021d55288cf0 nmethod 1948 0x0000021d443c2410 code [0x0000021d443c25e0, 0x0000021d443c28e8]
Event: 363.643 Thread 0x0000021d5521c400 1949       4       java.util.ArrayList::fastRemove (44 bytes)
Event: 363.648 Thread 0x0000021d5521c400 nmethod 1949 0x0000021d4bbb6490 code [0x0000021d4bbb6600, 0x0000021d4bbb67b8]
Event: 363.940 Thread 0x0000021d5521c400 1950       4       java.util.ArrayList::remove (26 bytes)
Event: 363.944 Thread 0x0000021d5521c400 nmethod 1950 0x0000021d4bbb6910 code [0x0000021d4bbb6aa0, 0x0000021d4bbb6c98]
Event: 366.390 Thread 0x0000021d5521c400 1951       4       org.gradle.internal.logging.console.AbstractUserInputRenderer::onOutput (111 bytes)
Event: 366.401 Thread 0x0000021d5521c400 nmethod 1951 0x0000021d4bbb6e90 code [0x0000021d4bbb7040, 0x0000021d4bbb7208]
Event: 366.401 Thread 0x0000021d5521c400 1952       4       org.gradle.internal.logging.console.BuildStatusRenderer::onOutput (350 bytes)

GC Heap History (8 events):
Event: 1.937 GC heap before
{Heap before GC invocations=0 (full 0):
 garbage-first heap   total 65536K, used 6144K [0x00000000fc000000, 0x0000000100000000)
  region size 1024K, 6 young (6144K), 0 survivors (0K)
 Metaspace       used 1628K, committed 1792K, reserved 1114112K
  class space    used 155K, committed 192K, reserved 1048576K
}
Event: 1.950 GC heap after
{Heap after GC invocations=1 (full 0):
 garbage-first heap   total 65536K, used 1225K [0x00000000fc000000, 0x0000000100000000)
  region size 1024K, 1 young (1024K), 1 survivors (1024K)
 Metaspace       used 1628K, committed 1792K, reserved 1114112K
  class space    used 155K, committed 192K, reserved 1048576K
}
Event: 2.293 GC heap before
{Heap before GC invocations=1 (full 0):
 garbage-first heap   total 65536K, used 7369K [0x00000000fc000000, 0x0000000100000000)
  region size 1024K, 7 young (7168K), 1 survivors (1024K)
 Metaspace       used 1665K, committed 1792K, reserved 1114112K
  class space    used 155K, committed 192K, reserved 1048576K
}
Event: 2.298 GC heap after
{Heap after GC invocations=2 (full 0):
 garbage-first heap   total 65536K, used 1620K [0x00000000fc000000, 0x0000000100000000)
  region size 1024K, 1 young (1024K), 1 survivors (1024K)
 Metaspace       used 1665K, committed 1792K, reserved 1114112K
  class space    used 155K, committed 192K, reserved 1048576K
}
Event: 2.929 GC heap before
{Heap before GC invocations=2 (full 0):
 garbage-first heap   total 65536K, used 12884K [0x00000000fc000000, 0x0000000100000000)
  region size 1024K, 13 young (13312K), 1 survivors (1024K)
 Metaspace       used 1848K, committed 1984K, reserved 1114112K
  class space    used 159K, committed 192K, reserved 1048576K
}
Event: 2.936 GC heap after
{Heap after GC invocations=3 (full 0):
 garbage-first heap   total 65536K, used 4384K [0x00000000fc000000, 0x0000000100000000)
  region size 1024K, 2 young (2048K), 2 survivors (2048K)
 Metaspace       used 1848K, committed 1984K, reserved 1114112K
  class space    used 159K, committed 192K, reserved 1048576K
}
Event: 279.405 GC heap before
{Heap before GC invocations=3 (full 0):
 garbage-first heap   total 65536K, used 44320K [0x00000000fc000000, 0x0000000100000000)
  region size 1024K, 38 young (38912K), 2 survivors (2048K)
 Metaspace       used 9688K, committed 9856K, reserved 1114112K
  class space    used 1262K, committed 1344K, reserved 1048576K
}
Event: 279.588 GC heap after
{Heap after GC invocations=4 (full 0):
 garbage-first heap   total 65536K, used 12276K [0x00000000fc000000, 0x0000000100000000)
  region size 1024K, 5 young (5120K), 5 survivors (5120K)
 Metaspace       used 9688K, committed 9856K, reserved 1114112K
  class space    used 1262K, committed 1344K, reserved 1048576K
}

Deoptimization events (20 events):
Event: 22.539 Thread 0x0000021d9b870e50 Uncommon trap: trap_request=0xffffff45 fr.pc=0x0000021d4bb2d0dc relative=0x000000000000005c
Event: 22.539 Thread 0x0000021d9b870e50 Uncommon trap: reason=unstable_if action=reinterpret pc=0x0000021d4bb2d0dc method=java.lang.AbstractStringBuilder.isLatin1()Z @ 10 c2
Event: 22.539 Thread 0x0000021d9b870e50 DEOPT PACKING pc=0x0000021d4bb2d0dc sp=0x000000870d8fe8f0
Event: 22.539 Thread 0x0000021d9b870e50 DEOPT UNPACKING pc=0x0000021d4b5a239d sp=0x000000870d8fe880 mode 2
Event: 26.539 Thread 0x0000021d3c75a8e0 DEOPT PACKING pc=0x0000021d44317b7e sp=0x000000870c4fca70
Event: 26.539 Thread 0x0000021d3c75a8e0 DEOPT UNPACKING pc=0x0000021d4b5a2b24 sp=0x000000870c4fbf08 mode 0
Event: 27.430 Thread 0x0000021d3c75a8e0 DEOPT PACKING pc=0x0000021d44317b7e sp=0x000000870c4fca50
Event: 27.430 Thread 0x0000021d3c75a8e0 DEOPT UNPACKING pc=0x0000021d4b5a2b24 sp=0x000000870c4fbec0 mode 0
Event: 37.704 Thread 0x0000021d3c75a8e0 DEOPT PACKING pc=0x0000021d44317b7e sp=0x000000870c4fc900
Event: 37.704 Thread 0x0000021d3c75a8e0 DEOPT UNPACKING pc=0x0000021d4b5a2b24 sp=0x000000870c4fbd70 mode 0
Event: 46.015 Thread 0x0000021d3c75a8e0 DEOPT PACKING pc=0x0000021d44317b7e sp=0x000000870c4fc900
Event: 46.015 Thread 0x0000021d3c75a8e0 DEOPT UNPACKING pc=0x0000021d4b5a2b24 sp=0x000000870c4fbd70 mode 0
Event: 56.957 Thread 0x0000021d3c75a8e0 DEOPT PACKING pc=0x0000021d44317b7e sp=0x000000870c4fc7b0
Event: 56.957 Thread 0x0000021d3c75a8e0 DEOPT UNPACKING pc=0x0000021d4b5a2b24 sp=0x000000870c4fbc20 mode 0
Event: 146.216 Thread 0x0000021d3c75a8e0 DEOPT PACKING pc=0x0000021d442dcccd sp=0x000000870c4fca20
Event: 146.216 Thread 0x0000021d3c75a8e0 DEOPT UNPACKING pc=0x0000021d4b5a2b24 sp=0x000000870c4fbeb8 mode 0
Event: 167.673 Thread 0x0000021d3c75a8e0 DEOPT PACKING pc=0x0000021d44317b7e sp=0x000000870c4fc980
Event: 167.673 Thread 0x0000021d3c75a8e0 DEOPT UNPACKING pc=0x0000021d4b5a2b24 sp=0x000000870c4fbdf0 mode 0
Event: 318.774 Thread 0x0000021d9b870e50 DEOPT PACKING pc=0x0000021d44319903 sp=0x000000870d8fe9c0
Event: 318.776 Thread 0x0000021d9b870e50 DEOPT UNPACKING pc=0x0000021d4b5a2b24 sp=0x000000870d8fde30 mode 0

Classes unloaded (0 events):
No events

Classes redefined (0 events):
No events

Internal exceptions (19 events):
Event: 1.655 Thread 0x0000021d3c75a8e0 Exception <a 'java/lang/NoSuchMethodError'{0x00000000ffda5640}: 'int java.lang.invoke.DirectMethodHandle$Holder.invokeStaticInit(java.lang.Object, java.lang.Object)'> (0x00000000ffda5640) 
thrown [s\open\src\hotspot\share\interpreter\linkResolver.cpp, line 759]
Event: 4.439 Thread 0x0000021d3c75a8e0 Exception <a 'java/lang/NoSuchMethodError'{0x00000000ff5c0e68}: 'java.lang.Object java.lang.invoke.DirectMethodHandle$Holder.invokeStaticInit(java.lang.Object)'> (0x00000000ff5c0e68) 
thrown [s\open\src\hotspot\share\interpreter\linkResolver.cpp, line 759]
Event: 4.497 Thread 0x0000021d3c75a8e0 Exception <a 'java/lang/NoSuchMethodError'{0x00000000ff5dbb90}: 'int java.lang.invoke.DirectMethodHandle$Holder.invokeSpecial(java.lang.Object, java.lang.Object, java.lang.Object)'> (0x00000000ff5dbb90) 
thrown [s\open\src\hotspot\share\interpreter\linkResolver.cpp, line 759]
Event: 4.523 Thread 0x0000021d3c75a8e0 Exception <a 'java/lang/NoSuchMethodError'{0x00000000ff4189b0}: 'void java.lang.invoke.DirectMethodHandle$Holder.invokeStatic(java.lang.Object, java.lang.Object)'> (0x00000000ff4189b0) 
thrown [s\open\src\hotspot\share\interpreter\linkResolver.cpp, line 759]
Event: 4.528 Thread 0x0000021d3c75a8e0 Implicit null exception at 0x0000021d4bb4898f to 0x0000021d4bb48e78
Event: 4.528 Thread 0x0000021d3c75a8e0 Implicit null exception at 0x0000021d4bb2c60f to 0x0000021d4bb2cb0c
Event: 4.579 Thread 0x0000021d3c75a8e0 Exception <a 'java/lang/NoClassDefFoundError'{0x00000000ff499620}: org/slf4j/impl/StaticMarkerBinder> (0x00000000ff499620) 
thrown [s\open\src\hotspot\share\classfile\systemDictionary.cpp, line 245]
Event: 4.644 Thread 0x0000021d3c75a8e0 Exception <a 'java/lang/NoSuchMethodError'{0x00000000ff3493b8}: 'java.lang.Object java.lang.invoke.Invokers$Holder.invoker(java.lang.Object, java.lang.Object, java.lang.Object)'> (0x00000000ff3493b8) 
thrown [s\open\src\hotspot\share\interpreter\linkResolver.cpp, line 759]
Event: 4.647 Thread 0x0000021d3c75a8e0 Exception <a 'java/lang/NoSuchMethodError'{0x00000000ff352510}: 'java.lang.Object java.lang.invoke.DirectMethodHandle$Holder.invokeStatic(java.lang.Object, java.lang.Object, int)'> (0x00000000ff352510) 
thrown [s\open\src\hotspot\share\interpreter\linkResolver.cpp, line 759]
Event: 4.656 Thread 0x0000021d3c75a8e0 Exception <a 'java/lang/NoSuchMethodError'{0x00000000ff35e200}: 'void java.lang.invoke.DelegatingMethodHandle$Holder.delegate(java.lang.Object, java.lang.Object, int, java.lang.Object)'> (0x00000000ff35e200) 
thrown [s\open\src\hotspot\share\interpreter\linkResolver.cpp, line 759]
Event: 4.672 Thread 0x0000021d3c75a8e0 Exception <a 'java/lang/NoSuchMethodError'{0x00000000ff371848}: 'java.lang.Object java.lang.invoke.Invokers$Holder.invokeExact_MT(java.lang.Object, java.lang.Object, java.lang.Object, java.lang.Object)'> (0x00000000ff371848) 
thrown [s\open\src\hotspot\share\interpreter\linkResolver.cpp, line 759]
Event: 4.714 Thread 0x0000021d3c75a8e0 Exception <a 'java/lang/NoSuchMethodError'{0x00000000ff39d770}: 'java.lang.Object java.lang.invoke.DirectMethodHandle$Holder.invokeVirtual(java.lang.Object, java.lang.Object, java.lang.Object)'> (0x00000000ff39d770) 
thrown [s\open\src\hotspot\share\interpreter\linkResolver.cpp, line 759]
Event: 5.030 Thread 0x0000021d3c75a8e0 Exception <a 'java/lang/NoSuchMethodError'{0x00000000fec254c0}: 'java.lang.Object java.lang.invoke.DirectMethodHandle$Holder.newInvokeSpecial(java.lang.Object, java.lang.Object, java.lang.Object, java.lang.Object, java.lang.Object)'> (0x00000000fec254c0) 
thrown [s\open\src\hotspot\share\interpreter\linkResolver.cpp, line 759]
Event: 5.136 Thread 0x0000021d3c75a8e0 Exception <a 'java/lang/NoSuchMethodError'{0x00000000fea04108}: 'void java.lang.invoke.DirectMethodHandle$Holder.invokeSpecial(java.lang.Object, java.lang.Object, java.lang.Object)'> (0x00000000fea04108) 
thrown [s\open\src\hotspot\share\interpreter\linkResolver.cpp, line 759]
Event: 5.378 Thread 0x0000021d3c75a8e0 Exception <a 'java/lang/NoSuchMethodError'{0x00000000fe688708}: 'java.lang.Object java.lang.invoke.DirectMethodHandle$Holder.invokeSpecialIFC(java.lang.Object, java.lang.Object, java.lang.Object, java.lang.Object)'> (0x00000000fe688708) 
thrown [s\open\src\hotspot\share\interpreter\linkResolver.cpp, line 759]
Event: 5.487 Thread 0x0000021d3c75a8e0 Exception <a 'java/lang/NoSuchMethodError'{0x00000000fe320e20}: 'java.lang.Object java.lang.invoke.DirectMethodHandle$Holder.invokeStaticInit(java.lang.Object, int, int, int, int)'> (0x00000000fe320e20) 
thrown [s\open\src\hotspot\share\interpreter\linkResolver.cpp, line 759]
Event: 5.734 Thread 0x0000021d3c75a8e0 Exception <a 'java/lang/NoSuchMethodError'{0x00000000fe39f210}: 'java.lang.Object java.lang.invoke.DirectMethodHandle$Holder.invokeStaticInit(java.lang.Object, java.lang.Object, int, int, int, int)'> (0x00000000fe39f210) 
thrown [s\open\src\hotspot\share\interpreter\linkResolver.cpp, line 759]
Event: 6.003 Thread 0x0000021d3c75a8e0 Exception <a 'java/lang/NoSuchMethodError'{0x00000000fe3cb200}: 'void java.lang.invoke.DirectMethodHandle$Holder.invokeStatic(java.lang.Object, java.lang.Object, java.lang.Object)'> (0x00000000fe3cb200) 
thrown [s\open\src\hotspot\share\interpreter\linkResolver.cpp, line 759]
Event: 6.054 Thread 0x0000021d3c75a8e0 Implicit null exception at 0x0000021d4bb23372 to 0x0000021d4bb23888

VM Operations (20 events):
Event: 237.392 Executing VM operation: Cleanup
Event: 237.392 Executing VM operation: Cleanup done
Event: 251.496 Executing VM operation: Cleanup
Event: 251.497 Executing VM operation: Cleanup done
Event: 273.704 Executing VM operation: Cleanup
Event: 273.704 Executing VM operation: Cleanup done
Event: 279.403 Executing VM operation: G1CollectForAllocation
Event: 279.589 Executing VM operation: G1CollectForAllocation done
Event: 280.600 Executing VM operation: Cleanup
Event: 280.601 Executing VM operation: Cleanup done
Event: 292.658 Executing VM operation: Cleanup
Event: 292.659 Executing VM operation: Cleanup done
Event: 298.674 Executing VM operation: Cleanup
Event: 298.675 Executing VM operation: Cleanup done
Event: 303.688 Executing VM operation: Cleanup
Event: 303.689 Executing VM operation: Cleanup done
Event: 305.700 Executing VM operation: Cleanup
Event: 305.701 Executing VM operation: Cleanup done
Event: 366.114 Executing VM operation: Cleanup
Event: 366.115 Executing VM operation: Cleanup done

Events (20 events):
Event: 39.622 loading class jdk/internal/logger/LazyLoggers$LazyLoggerFactories
Event: 39.622 loading class jdk/internal/logger/LazyLoggers$LazyLoggerFactories done
Event: 39.632 loading class jdk/internal/logger/LoggerFinderLoader
Event: 39.633 loading class jdk/internal/logger/LoggerFinderLoader done
Event: 39.643 loading class jdk/internal/logger/LoggerFinderLoader$TemporaryLoggerFinder
Event: 39.643 loading class jdk/internal/logger/LoggerFinderLoader$TemporaryLoggerFinder done
Event: 39.653 loading class sun/util/logging/internal/LoggingProviderImpl$JULWrapper
Event: 39.655 loading class sun/util/logging/PlatformLogger$ConfigurableBridge$LoggerConfiguration
Event: 39.655 loading class sun/util/logging/PlatformLogger$ConfigurableBridge$LoggerConfiguration done
Event: 39.655 loading class sun/util/logging/internal/LoggingProviderImpl$JULWrapper done
Event: 39.658 loading class java/io/ObjectInputFilter
Event: 39.658 loading class java/io/ObjectInputFilter done
Event: 39.661 loading class java/io/ObjectInputFilter$Config$BuiltinFilterFactory
Event: 39.692 loading class java/io/ObjectInputFilter$Config$BuiltinFilterFactory done
Event: 39.692 loading class jdk/internal/access/JavaObjectInputFilterAccess
Event: 39.693 loading class jdk/internal/access/JavaObjectInputFilterAccess done
Event: 39.695 loading class java/lang/System$Logger$Level
Event: 39.695 loading class java/lang/System$Logger$Level done
Event: 39.696 loading class java/io/Bits
Event: 39.698 loading class java/io/Bits done


Dynamic libraries:
0x00007ff6e0e10000 - 0x00007ff6e0e20000 	C:\Program Files\Microsoft\jdk-17.0.12\bin\java.exe
0x00007ffd42e90000 - 0x00007ffd43088000 	C:\Windows\SYSTEM32\ntdll.dll
0x00007ffd42360000 - 0x00007ffd42422000 	C:\Windows\System32\KERNEL32.DLL
0x00007ffd40ab0000 - 0x00007ffd40da6000 	C:\Windows\System32\KERNELBASE.dll
0x00007ffd40530000 - 0x00007ffd40630000 	C:\Windows\System32\ucrtbase.dll
0x00007ffd391f0000 - 0x00007ffd39209000 	C:\Program Files\Microsoft\jdk-17.0.12\bin\jli.dll
0x00007ffd42da0000 - 0x00007ffd42e4f000 	C:\Windows\System32\ADVAPI32.dll
0x00007ffd41550000 - 0x00007ffd415ee000 	C:\Windows\System32\msvcrt.dll
0x00007ffd41ff0000 - 0x00007ffd4208f000 	C:\Windows\System32\sechost.dll
0x00007ffd41be0000 - 0x00007ffd41d03000 	C:\Windows\System32\RPCRT4.dll
0x00007ffd40660000 - 0x00007ffd40687000 	C:\Windows\System32\bcrypt.dll
0x00007ffd421c0000 - 0x00007ffd4235d000 	C:\Windows\System32\USER32.dll
0x00007ffd40630000 - 0x00007ffd40652000 	C:\Windows\System32\win32u.dll
0x00007ffd42600000 - 0x00007ffd4262b000 	C:\Windows\System32\GDI32.dll
0x00007ffd407e0000 - 0x00007ffd408fa000 	C:\Windows\System32\gdi32full.dll
0x00007ffd40690000 - 0x00007ffd4072d000 	C:\Windows\System32\msvcp_win.dll
0x00007ffd391d0000 - 0x00007ffd391eb000 	C:\Program Files\Microsoft\jdk-17.0.12\bin\VCRUNTIME140.dll
0x00007ffd2d600000 - 0x00007ffd2d89a000 	C:\Windows\WinSxS\amd64_microsoft.windows.common-controls_6595b64144ccf1df_6.0.19041.5794_none_60bcd33171f2783c\COMCTL32.dll
0x00007ffd37ae0000 - 0x00007ffd37aea000 	C:\Windows\SYSTEM32\VERSION.dll
0x00007ffd410e0000 - 0x00007ffd4110f000 	C:\Windows\System32\IMM32.DLL
0x00007ffd391c0000 - 0x00007ffd391cc000 	C:\Program Files\Microsoft\jdk-17.0.12\bin\vcruntime140_1.dll
0x00007ffd37e70000 - 0x00007ffd37efe000 	C:\Program Files\Microsoft\jdk-17.0.12\bin\msvcp140.dll
0x00007ffce2070000 - 0x00007ffce2c50000 	C:\Program Files\Microsoft\jdk-17.0.12\bin\server\jvm.dll
0x00007ffd425f0000 - 0x00007ffd425f8000 	C:\Windows\System32\PSAPI.DLL
0x00007ffd37f70000 - 0x00007ffd37f79000 	C:\Windows\SYSTEM32\WSOCK32.dll
0x00007ffd40f40000 - 0x00007ffd40fab000 	C:\Windows\System32\WS2_32.dll
0x00007ffd28db0000 - 0x00007ffd28dd7000 	C:\Windows\SYSTEM32\WINMM.dll
0x00007ffd3ed40000 - 0x00007ffd3ed52000 	C:\Windows\SYSTEM32\kernel.appcore.dll
0x00007ffd37f60000 - 0x00007ffd37f6a000 	C:\Program Files\Microsoft\jdk-17.0.12\bin\jimage.dll
0x00007ffd3e9f0000 - 0x00007ffd3ebf1000 	C:\Windows\SYSTEM32\DBGHELP.DLL
0x00007ffd25bb0000 - 0x00007ffd25be4000 	C:\Windows\SYSTEM32\dbgcore.DLL
0x00007ffd40e30000 - 0x00007ffd40eb2000 	C:\Windows\System32\bcryptPrimitives.dll
0x00007ffd37e40000 - 0x00007ffd37e65000 	C:\Program Files\Microsoft\jdk-17.0.12\bin\java.dll
0x00007ffd1dd60000 - 0x00007ffd1de37000 	C:\Program Files\Microsoft\jdk-17.0.12\bin\jsvml.dll
0x00007ffd42630000 - 0x00007ffd42d9e000 	C:\Windows\System32\SHELL32.dll
0x00007ffd3e170000 - 0x00007ffd3e913000 	C:\Windows\SYSTEM32\windows.storage.dll
0x00007ffd41110000 - 0x00007ffd41463000 	C:\Windows\System32\combase.dll
0x00007ffd3fdb0000 - 0x00007ffd3fddb000 	C:\Windows\SYSTEM32\Wldp.dll
0x00007ffd41010000 - 0x00007ffd410dd000 	C:\Windows\System32\OLEAUT32.dll
0x00007ffd41b20000 - 0x00007ffd41bcd000 	C:\Windows\System32\SHCORE.dll
0x00007ffd40fb0000 - 0x00007ffd41005000 	C:\Windows\System32\shlwapi.dll
0x00007ffd40460000 - 0x00007ffd40485000 	C:\Windows\SYSTEM32\profapi.dll
0x00007ffd37e20000 - 0x00007ffd37e39000 	C:\Program Files\Microsoft\jdk-17.0.12\bin\net.dll
0x00007ffd2ff10000 - 0x00007ffd3001a000 	C:\Windows\SYSTEM32\WINHTTP.dll
0x00007ffd3fb90000 - 0x00007ffd3fbfc000 	C:\Windows\system32\mswsock.dll
0x00007ffd37e00000 - 0x00007ffd37e16000 	C:\Program Files\Microsoft\jdk-17.0.12\bin\nio.dll
0x00007ffd1e010000 - 0x00007ffd1e028000 	C:\Program Files\Microsoft\jdk-17.0.12\bin\zip.dll
0x00007ffd37f50000 - 0x00007ffd37f60000 	C:\Program Files\Microsoft\jdk-17.0.12\bin\verify.dll
0x00007ffd37df0000 - 0x00007ffd37dfa000 	C:\Program Files\Microsoft\jdk-17.0.12\bin\management.dll
0x00007ffd250c0000 - 0x00007ffd250cb000 	C:\Program Files\Microsoft\jdk-17.0.12\bin\management_ext.dll
0x00007ffd1dfe0000 - 0x00007ffd1e007000 	C:\Users\Fahad Computer\.gradle\native\1def1411415f61bf3af743bc5b6707747c0891f09f0c88961ee8f79bc544acac\windows-amd64\native-platform.dll
0x00007ffd3d3a0000 - 0x00007ffd3d3aa000 	C:\Users\Fahad Computer\.gradle\native\jansi\1.18\windows64\jansi.dll
0x00007ffd3fdf0000 - 0x00007ffd3fe08000 	C:\Windows\SYSTEM32\CRYPTSP.dll
0x00007ffd3f4d0000 - 0x00007ffd3f508000 	C:\Windows\system32\rsaenh.dll
0x00007ffd403e0000 - 0x00007ffd4040e000 	C:\Windows\SYSTEM32\USERENV.dll
0x00007ffd3fd20000 - 0x00007ffd3fd2c000 	C:\Windows\SYSTEM32\CRYPTBASE.dll
0x00007ffd3f890000 - 0x00007ffd3f8cb000 	C:\Windows\SYSTEM32\IPHLPAPI.DLL
0x00007ffd425e0000 - 0x00007ffd425e8000 	C:\Windows\System32\NSI.dll
0x00007ffd32420000 - 0x00007ffd32437000 	C:\Windows\SYSTEM32\dhcpcsvc6.DLL
0x00007ffd32400000 - 0x00007ffd3241d000 	C:\Windows\SYSTEM32\dhcpcsvc.DLL
0x00007ffd3f8d0000 - 0x00007ffd3f99a000 	C:\Windows\SYSTEM32\DNSAPI.dll
0x00007ffd3ae20000 - 0x00007ffd3ae2e000 	C:\Program Files\Microsoft\jdk-17.0.12\bin\sunmscapi.dll
0x00007ffd40950000 - 0x00007ffd40aad000 	C:\Windows\System32\CRYPT32.dll
0x00007ffd3ff60000 - 0x00007ffd3ff87000 	C:\Windows\SYSTEM32\ncrypt.dll
0x00007ffd3ff20000 - 0x00007ffd3ff5b000 	C:\Windows\SYSTEM32\NTASN1.dll
0x00007ffd2b7a0000 - 0x00007ffd2b7a7000 	C:\Windows\system32\wshunix.dll

dbghelp: loaded successfully - version: 4.0.5 - missing functions: none
symbol engine: initialized successfully - sym options: 0x614 - pdb path: .;C:\Program Files\Microsoft\jdk-17.0.12\bin;C:\Windows\SYSTEM32;C:\Windows\WinSxS\amd64_microsoft.windows.common-controls_6595b64144ccf1df_6.0.19041.5794_none_60bcd33171f2783c;C:\Program Files\Microsoft\jdk-17.0.12\bin\server;C:\Users\Fahad Computer\.gradle\native\1def1411415f61bf3af743bc5b6707747c0891f09f0c88961ee8f79bc544acac\windows-amd64;C:\Users\Fahad Computer\.gradle\native\jansi\1.18\windows64

VM Arguments:
jvm_args: -Xmx64m -Xms64m -Dorg.gradle.appname=gradlew 
java_command: org.gradle.wrapper.GradleWrapperMain assembleRelease
java_class_path (initial): C:\vtT\ChatbotApp\android\\gradle\wrapper\gradle-wrapper.jar
Launcher Type: SUN_STANDARD

[Global flags]
     intx CICompilerCount                          = 2                                         {product} {ergonomic}
     uint ConcGCThreads                            = 1                                         {product} {ergonomic}
     uint G1ConcRefinementThreads                  = 2                                         {product} {ergonomic}
   size_t G1HeapRegionSize                         = 1048576                                   {product} {ergonomic}
    uintx GCDrainStackTargetSize                   = 64                                        {product} {ergonomic}
   size_t InitialHeapSize                          = 67108864                                  {product} {command line}
   size_t MarkStackSize                            = 4194304                                   {product} {ergonomic}
   size_t MaxHeapSize                              = 67108864                                  {product} {command line}
   size_t MaxNewSize                               = 39845888                                  {product} {ergonomic}
   size_t MinHeapDeltaBytes                        = 1048576                                   {product} {ergonomic}
   size_t MinHeapSize                              = 67108864                                  {product} {command line}
    uintx NonNMethodCodeHeapSize                   = 5826188                                {pd product} {ergonomic}
    uintx NonProfiledCodeHeapSize                  = 122916026                              {pd product} {ergonomic}
    uintx ProfiledCodeHeapSize                     = 122916026                              {pd product} {ergonomic}
    uintx ReservedCodeCacheSize                    = 251658240                              {pd product} {ergonomic}
     bool SegmentedCodeCache                       = true                                      {product} {ergonomic}
   size_t SoftMaxHeapSize                          = 67108864                               {manageable} {ergonomic}
     bool UseCompressedClassPointers               = true                           {product lp64_product} {ergonomic}
     bool UseCompressedOops                        = true                           {product lp64_product} {ergonomic}
     bool UseG1GC                                  = true                                      {product} {ergonomic}
     bool UseLargePagesIndividualAllocation        = false                                  {pd product} {ergonomic}

Logging:
Log output configuration:
 #0: stdout all=warning uptime,level,tags
 #1: stderr all=off uptime,level,tags

Environment Variables:
JAVA_HOME=C:\Program Files\Microsoft\jdk-17.0.12\
CLASSPATH=C:\vtT\ChatbotApp\android\\gradle\wrapper\gradle-wrapper.jar
PATH=c:\Users\Fahad Computer\AppData\Local\Programs\cursor\resources\app\bin;C:\Python313\Scripts\;C:\Python313\;C:\Program Files\Microsoft\jdk-11.0.26.4-hotspot\bin;C:\Program Files\Common Files\Oracle\Java\javapath;C:\Program Files\Microsoft\jdk-17.0.12.7-hotspot\bin;C:\Windows\system32;C:\Windows;C:\Windows\System32\Wbem;C:\Windows\System32\WindowsPowerShell\v1.0\;C:\Windows\System32\OpenSSH\;C:\ProgramData\chocolatey\bin;C:\Users\Fahad Computer\AppData\Local\Android\Sdk\platform-tools;C:\Program Files\Git\cmd;C:\Android\Sdk\emulator;C:\Android\Sdk\tools;C:\Program Files\nodejs\;C:\Users\Fahad Computer\AppData\Local\Android\Sdk\tools;C:\Users\Fahad Computer\AppData\Local\Android\Sdk\tools;C:\Users\Fahad Computer\AppData\Local\Microsoft\WindowsApps;C:\Program Files\MongoDB\Server\7.0\bin;C:\Program Files\MongoDB\Server\7.0\bin;C:\Users\Fahad Computer\AppData\Roaming\npm;c:\Users\Fahad Computer\AppData\Local\Programs\cursor\resources\app\bin;c:\Users\Fahad Computer\AppData\Local\Programs\cursor\resources\app\bin;C:\Program Files\Microsoft\jdk-17.0.12\\bin;C:\Users\Fahad Computer\AppData\Local\Android\Sdk\tools;C:\Users\Fahad Computer\AppData\Local\Android\Sdk\tools;C:\Users\Fahad Computer\AppData\Local\Microsoft\WindowsApps;C:\Users\Fahad Computer\AppData\Local\Programs\Microsoft VS Code\bin;C:\Program Files\MongoDB\Server\7.0\bin;C:\Program Files\MongoDB\Server\7.0\bin;C:\Users\Fahad Computer\AppData\Roaming\npm;C:\Users\Fahad Computer\AppData\Local\Programs\cursor\resources\app\bin
USERNAME=Fahad Computer
LANG=en_US.UTF-8
OS=Windows_NT
PROCESSOR_IDENTIFIER=Intel64 Family 6 Model 122 Stepping 8, GenuineIntel



---------------  S Y S T E M  ---------------

OS:
 Windows 10 , 64 bit Build 19041 (10.0.19041.5794)
OS uptime: 0 days 4:58 hours
Hyper-V role detected

CPU: total 2 (initial active 2) (2 cores per cpu, 1 threads per core) family 6 model 122 stepping 8 microcode 0x18, cx8, cmov, fxsr, mmx, 3dnowpref, sse, sse2, sse3, ssse3, sse4.1, sse4.2, popcnt, tsc, tscinvbit, aes, erms, clmul, sha, clflush, clflushopt, hv

Memory: 4k page, system-wide physical 3918M (180M free)
TotalPageFile size 15694M (AvailPageFile size 5M)
current process WorkingSet (physical memory assigned to process): 22M, peak: 98M
current process commit charge ("private bytes"): 157M, peak: 158M

vm_info: Java HotSpot(TM) 64-Bit Server VM (17.0.12+8-LTS-286) for windows-amd64 JRE (17.0.12+8-LTS-286), built on Jun  5 2024 06:46:59 by "mach5one" with MS VC++ 17.6 (VS2022)

END.
