#
# There is insufficient memory for the Java Runtime Environment to continue.
# Native memory allocation (malloc) failed to allocate 32744 bytes for ChunkPool::allocate
# Possible reasons:
#   The system is out of physical RAM or swap space
#   The process is running with CompressedOops enabled, and the Java Heap may be blocking the growth of the native heap
# Possible solutions:
#   Reduce memory load on the system
#   Increase physical memory or swap space
#   Check if swap backing store is full
#   Decrease Java heap size (-Xmx/-Xms)
#   Decrease number of Java threads
#   Decrease Java thread stack sizes (-Xss)
#   Set larger code cache with -XX:ReservedCodeCacheSize=
#   JVM is running with Unscaled Compressed Oops mode in which the Java heap is
#     placed in the first 4GB address space. The Java Heap base address is the
#     maximum limit for the native heap growth. Please use -XX:HeapBaseMinAddress
#     to set the Java Heap base and to place the Java Heap above 4GB virtual address.
# This output file may be truncated or incomplete.
#
#  Out of Memory Error (arena.cpp:78), pid=13488, tid=4592
#
# JRE version: Java(TM) SE Runtime Environment (17.0.12+8) (build 17.0.12+8-LTS-286)
# Java VM: Java HotSpot(TM) 64-Bit Server VM (17.0.12+8-LTS-286, mixed mode, sharing, tiered, compressed oops, compressed class ptrs, g1 gc, windows-amd64)
# No core dump will be written. Minidumps are not enabled by default on client versions of Windows
#

---------------  S U M M A R Y ------------

Command Line: -Xmx64m -Xms64m -Dorg.gradle.appname=gradlew org.gradle.wrapper.GradleWrapperMain clean --no-daemon --no-parallel

Host: Intel(R) Celeron(R) N4020 CPU @ 1.10GHz, 2 cores, 3G,  Windows 10 , 64 bit Build 19041 (10.0.19041.5678)
Time: Wed May  7 08:20:49 2025 Pacific Daylight Time elapsed time: 42.148000 seconds (0d 0h 0m 42s)

---------------  T H R E A D  ---------------

Current thread (0x0000026e1c7123c0):  JavaThread "C2 CompilerThread0" daemon [_thread_in_native, id=4592, stack(0x000000ac3bd00000,0x000000ac3be00000)]


Current CompileTask:
C2:  42148 1769       4       jdk.internal.org.objectweb.asm.SymbolTable::put (150 bytes)

Stack: [0x000000ac3bd00000,0x000000ac3be00000]
Native frames: (J=compiled Java code, j=interpreted, Vv=VM code, C=native code)
V  [jvm.dll+0x67a04a]
V  [jvm.dll+0x7da4ed]
V  [jvm.dll+0x7dbe33]
V  [jvm.dll+0x7dc4a3]
V  [jvm.dll+0x24508f]
V  [jvm.dll+0xab9a4]
V  [jvm.dll+0xabd3c]
V  [jvm.dll+0xab884]
V  [jvm.dll+0x658e4c]
V  [jvm.dll+0x56ea0e]
V  [jvm.dll+0x56de43]
V  [jvm.dll+0x56ddf8]
V  [jvm.dll+0x5713f7]
V  [jvm.dll+0x5712d3]
V  [jvm.dll+0x5706d0]
V  [jvm.dll+0x5826e8]
V  [jvm.dll+0x21f422]
V  [jvm.dll+0x2184c2]
V  [jvm.dll+0x215b65]
V  [jvm.dll+0x1a2960]
V  [jvm.dll+0x22610b]
V  [jvm.dll+0x2242ab]
V  [jvm.dll+0x79075c]
V  [jvm.dll+0x78abea]
V  [jvm.dll+0x678f35]
C  [ucrtbase.dll+0x21bb2]
C  [KERNEL32.DLL+0x17374]
C  [ntdll.dll+0x4cc91]


---------------  P R O C E S S  ---------------

Threads class SMR info:
_java_thread_list=0x0000026e62967cc0, length=16, elements={
0x0000026e03c37420, 0x0000026e03d00db0, 0x0000026e03d043e0, 0x0000026e1c705ec0,
0x0000026e1c7087a0, 0x0000026e1c709160, 0x0000026e1c709b20, 0x0000026e1c7123c0,
0x0000026e1c716900, 0x0000026e1c722e30, 0x0000026e1c945c50, 0x0000026e1c9511c0,
0x0000026e62872cb0, 0x0000026e62d03800, 0x0000026e62afa140, 0x0000026e62afa620
}

Java Threads: ( => current thread )
  0x0000026e03c37420 JavaThread "main" [_thread_in_native, id=10792, stack(0x000000ac3b000000,0x000000ac3b100000)]
  0x0000026e03d00db0 JavaThread "Reference Handler" daemon [_thread_blocked, id=7740, stack(0x000000ac3b700000,0x000000ac3b800000)]
  0x0000026e03d043e0 JavaThread "Finalizer" daemon [_thread_blocked, id=2248, stack(0x000000ac3b800000,0x000000ac3b900000)]
  0x0000026e1c705ec0 JavaThread "Signal Dispatcher" daemon [_thread_blocked, id=4884, stack(0x000000ac3b900000,0x000000ac3ba00000)]
  0x0000026e1c7087a0 JavaThread "Attach Listener" daemon [_thread_blocked, id=16640, stack(0x000000ac3ba00000,0x000000ac3bb00000)]
  0x0000026e1c709160 JavaThread "Service Thread" daemon [_thread_blocked, id=8584, stack(0x000000ac3bb00000,0x000000ac3bc00000)]
  0x0000026e1c709b20 JavaThread "Monitor Deflation Thread" daemon [_thread_blocked, id=9296, stack(0x000000ac3bc00000,0x000000ac3bd00000)]
=>0x0000026e1c7123c0 JavaThread "C2 CompilerThread0" daemon [_thread_in_native, id=4592, stack(0x000000ac3bd00000,0x000000ac3be00000)]
  0x0000026e1c716900 JavaThread "C1 CompilerThread0" daemon [_thread_blocked, id=16128, stack(0x000000ac3be00000,0x000000ac3bf00000)]
  0x0000026e1c722e30 JavaThread "Sweeper thread" daemon [_thread_blocked, id=6088, stack(0x000000ac3bf00000,0x000000ac3c000000)]
  0x0000026e1c945c50 JavaThread "Notification Thread" daemon [_thread_blocked, id=16548, stack(0x000000ac3c000000,0x000000ac3c100000)]
  0x0000026e1c9511c0 JavaThread "Common-Cleaner" daemon [_thread_blocked, id=16188, stack(0x000000ac3c200000,0x000000ac3c300000)]
  0x0000026e62872cb0 JavaThread "pool-1-thread-1" [_thread_blocked, id=12460, stack(0x000000ac3c400000,0x000000ac3c500000)]
  0x0000026e62d03800 JavaThread "Exec process" [_thread_blocked, id=360, stack(0x000000ac3c500000,0x000000ac3c600000)]
  0x0000026e62afa140 JavaThread "Exec process Thread 2" [_thread_blocked, id=7212, stack(0x000000ac3c600000,0x000000ac3c700000)]
  0x0000026e62afa620 JavaThread "Exec process Thread 3" [_thread_blocked, id=13976, stack(0x000000ac3c700000,0x000000ac3c800000)]

Other Threads:
  0x0000026e03cfb140 VMThread "VM Thread" [stack: 0x000000ac3b600000,0x000000ac3b700000] [id=948]
  0x0000026e1c946540 WatcherThread [stack: 0x000000ac3c100000,0x000000ac3c200000] [id=16360]
  0x0000026e03c55c20 GCTaskThread "GC Thread#0" [stack: 0x000000ac3b100000,0x000000ac3b200000] [id=16012]
  0x0000026e1cad6220 GCTaskThread "GC Thread#1" [stack: 0x000000ac3c300000,0x000000ac3c400000] [id=9036]
  0x0000026e03c57370 ConcurrentGCThread "G1 Main Marker" [stack: 0x000000ac3b200000,0x000000ac3b300000] [id=16808]
  0x0000026e03c57d80 ConcurrentGCThread "G1 Conc#0" [stack: 0x000000ac3b300000,0x000000ac3b400000] [id=1920]
  0x0000026e03c9c070 ConcurrentGCThread "G1 Refine#0" [stack: 0x000000ac3b400000,0x000000ac3b500000] [id=16028]
  0x0000026e03c9dab0 ConcurrentGCThread "G1 Service" [stack: 0x000000ac3b500000,0x000000ac3b600000] [id=16516]

Threads with active compile tasks:
C2 CompilerThread0    42186 1769       4       jdk.internal.org.objectweb.asm.SymbolTable::put (150 bytes)

VM state: not at safepoint (normal execution)

VM Mutex/Monitor currently owned by a thread: None

Heap address: 0x00000000fc000000, size: 64 MB, Compressed Oops mode: 32-bit

CDS archive(s) mapped at: [0x0000026e1d000000-0x0000026e1dbd0000-0x0000026e1dbd0000), size 12386304, SharedBaseAddress: 0x0000026e1d000000, ArchiveRelocationMode: 1.
Compressed class space mapped at: 0x0000026e1e000000-0x0000026e5e000000, reserved size: 1073741824
Narrow klass base: 0x0000026e1d000000, Narrow klass shift: 0, Narrow klass range: 0x100000000

GC Precious Log:
 CPUs: 2 total, 2 available
 Memory: 3918M
 Large Page Support: Disabled
 NUMA Support: Disabled
 Compressed Oops: Enabled (32-bit)
 Heap Region Size: 1M
 Heap Min Capacity: 64M
 Heap Initial Capacity: 64M
 Heap Max Capacity: 64M
 Pre-touch: Disabled
 Parallel Workers: 2
 Concurrent Workers: 1
 Concurrent Refinement Workers: 2
 Periodic GC: Disabled

Heap:
 garbage-first heap   total 65536K, used 16172K [0x00000000fc000000, 0x0000000100000000)
  region size 1024K, 10 young (10240K), 5 survivors (5120K)
 Metaspace       used 10930K, committed 11136K, reserved 1114112K
  class space    used 1429K, committed 1536K, reserved 1048576K

Heap Regions: E=young(eden), S=young(survivor), O=old, HS=humongous(starts), HC=humongous(continues), CS=collection set, F=free, OA=open archive, CA=closed archive, TAMS=top-at-mark-start (previous, next)
|   0|0x00000000fc000000, 0x00000000fc100000, 0x00000000fc100000|100%| O|  |TAMS 0x00000000fc000000, 0x00000000fc000000| Untracked 
|   1|0x00000000fc100000, 0x00000000fc200000, 0x00000000fc200000|100%| O|  |TAMS 0x00000000fc100000, 0x00000000fc100000| Untracked 
|   2|0x00000000fc200000, 0x00000000fc300000, 0x00000000fc300000|100%|HS|  |TAMS 0x00000000fc200000, 0x00000000fc200000| Complete 
|   3|0x00000000fc300000, 0x00000000fc400000, 0x00000000fc400000|100%|HC|  |TAMS 0x00000000fc300000, 0x00000000fc300000| Complete 
|   4|0x00000000fc400000, 0x00000000fc500000, 0x00000000fc500000|100%|HC|  |TAMS 0x00000000fc400000, 0x00000000fc400000| Complete 
|   5|0x00000000fc500000, 0x00000000fc600000, 0x00000000fc600000|100%| O|  |TAMS 0x00000000fc500000, 0x00000000fc500000| Untracked 
|   6|0x00000000fc600000, 0x00000000fc6cb000, 0x00000000fc700000| 79%| O|  |TAMS 0x00000000fc600000, 0x00000000fc600000| Untracked 
|   7|0x00000000fc700000, 0x00000000fc700000, 0x00000000fc800000|  0%| F|  |TAMS 0x00000000fc700000, 0x00000000fc700000| Untracked 
|   8|0x00000000fc800000, 0x00000000fc800000, 0x00000000fc900000|  0%| F|  |TAMS 0x00000000fc800000, 0x00000000fc800000| Untracked 
|   9|0x00000000fc900000, 0x00000000fc900000, 0x00000000fca00000|  0%| F|  |TAMS 0x00000000fc900000, 0x00000000fc900000| Untracked 
|  10|0x00000000fca00000, 0x00000000fca00000, 0x00000000fcb00000|  0%| F|  |TAMS 0x00000000fca00000, 0x00000000fca00000| Untracked 
|  11|0x00000000fcb00000, 0x00000000fcb00000, 0x00000000fcc00000|  0%| F|  |TAMS 0x00000000fcb00000, 0x00000000fcb00000| Untracked 
|  12|0x00000000fcc00000, 0x00000000fcc00000, 0x00000000fcd00000|  0%| F|  |TAMS 0x00000000fcc00000, 0x00000000fcc00000| Untracked 
|  13|0x00000000fcd00000, 0x00000000fcd00000, 0x00000000fce00000|  0%| F|  |TAMS 0x00000000fcd00000, 0x00000000fcd00000| Untracked 
|  14|0x00000000fce00000, 0x00000000fce00000, 0x00000000fcf00000|  0%| F|  |TAMS 0x00000000fce00000, 0x00000000fce00000| Untracked 
|  15|0x00000000fcf00000, 0x00000000fcf00000, 0x00000000fd000000|  0%| F|  |TAMS 0x00000000fcf00000, 0x00000000fcf00000| Untracked 
|  16|0x00000000fd000000, 0x00000000fd000000, 0x00000000fd100000|  0%| F|  |TAMS 0x00000000fd000000, 0x00000000fd000000| Untracked 
|  17|0x00000000fd100000, 0x00000000fd100000, 0x00000000fd200000|  0%| F|  |TAMS 0x00000000fd100000, 0x00000000fd100000| Untracked 
|  18|0x00000000fd200000, 0x00000000fd200000, 0x00000000fd300000|  0%| F|  |TAMS 0x00000000fd200000, 0x00000000fd200000| Untracked 
|  19|0x00000000fd300000, 0x00000000fd300000, 0x00000000fd400000|  0%| F|  |TAMS 0x00000000fd300000, 0x00000000fd300000| Untracked 
|  20|0x00000000fd400000, 0x00000000fd400000, 0x00000000fd500000|  0%| F|  |TAMS 0x00000000fd400000, 0x00000000fd400000| Untracked 
|  21|0x00000000fd500000, 0x00000000fd600000, 0x00000000fd600000|100%| S|CS|TAMS 0x00000000fd500000, 0x00000000fd500000| Complete 
|  22|0x00000000fd600000, 0x00000000fd700000, 0x00000000fd700000|100%| S|CS|TAMS 0x00000000fd600000, 0x00000000fd600000| Complete 
|  23|0x00000000fd700000, 0x00000000fd800000, 0x00000000fd800000|100%| S|CS|TAMS 0x00000000fd700000, 0x00000000fd700000| Complete 
|  24|0x00000000fd800000, 0x00000000fd900000, 0x00000000fd900000|100%| S|CS|TAMS 0x00000000fd800000, 0x00000000fd800000| Complete 
|  25|0x00000000fd900000, 0x00000000fda00000, 0x00000000fda00000|100%| S|CS|TAMS 0x00000000fd900000, 0x00000000fd900000| Complete 
|  26|0x00000000fda00000, 0x00000000fda00000, 0x00000000fdb00000|  0%| F|  |TAMS 0x00000000fda00000, 0x00000000fda00000| Untracked 
|  27|0x00000000fdb00000, 0x00000000fdb00000, 0x00000000fdc00000|  0%| F|  |TAMS 0x00000000fdb00000, 0x00000000fdb00000| Untracked 
|  28|0x00000000fdc00000, 0x00000000fdc00000, 0x00000000fdd00000|  0%| F|  |TAMS 0x00000000fdc00000, 0x00000000fdc00000| Untracked 
|  29|0x00000000fdd00000, 0x00000000fdd00000, 0x00000000fde00000|  0%| F|  |TAMS 0x00000000fdd00000, 0x00000000fdd00000| Untracked 
|  30|0x00000000fde00000, 0x00000000fde00000, 0x00000000fdf00000|  0%| F|  |TAMS 0x00000000fde00000, 0x00000000fde00000| Untracked 
|  31|0x00000000fdf00000, 0x00000000fdf00000, 0x00000000fe000000|  0%| F|  |TAMS 0x00000000fdf00000, 0x00000000fdf00000| Untracked 
|  32|0x00000000fe000000, 0x00000000fe000000, 0x00000000fe100000|  0%| F|  |TAMS 0x00000000fe000000, 0x00000000fe000000| Untracked 
|  33|0x00000000fe100000, 0x00000000fe100000, 0x00000000fe200000|  0%| F|  |TAMS 0x00000000fe100000, 0x00000000fe100000| Untracked 
|  34|0x00000000fe200000, 0x00000000fe200000, 0x00000000fe300000|  0%| F|  |TAMS 0x00000000fe200000, 0x00000000fe200000| Untracked 
|  35|0x00000000fe300000, 0x00000000fe300000, 0x00000000fe400000|  0%| F|  |TAMS 0x00000000fe300000, 0x00000000fe300000| Untracked 
|  36|0x00000000fe400000, 0x00000000fe400000, 0x00000000fe500000|  0%| F|  |TAMS 0x00000000fe400000, 0x00000000fe400000| Untracked 
|  37|0x00000000fe500000, 0x00000000fe500000, 0x00000000fe600000|  0%| F|  |TAMS 0x00000000fe500000, 0x00000000fe500000| Untracked 
|  38|0x00000000fe600000, 0x00000000fe600000, 0x00000000fe700000|  0%| F|  |TAMS 0x00000000fe600000, 0x00000000fe600000| Untracked 
|  39|0x00000000fe700000, 0x00000000fe700000, 0x00000000fe800000|  0%| F|  |TAMS 0x00000000fe700000, 0x00000000fe700000| Untracked 
|  40|0x00000000fe800000, 0x00000000fe800000, 0x00000000fe900000|  0%| F|  |TAMS 0x00000000fe800000, 0x00000000fe800000| Untracked 
|  41|0x00000000fe900000, 0x00000000fe900000, 0x00000000fea00000|  0%| F|  |TAMS 0x00000000fe900000, 0x00000000fe900000| Untracked 
|  42|0x00000000fea00000, 0x00000000fea00000, 0x00000000feb00000|  0%| F|  |TAMS 0x00000000fea00000, 0x00000000fea00000| Untracked 
|  43|0x00000000feb00000, 0x00000000feb00000, 0x00000000fec00000|  0%| F|  |TAMS 0x00000000feb00000, 0x00000000feb00000| Untracked 
|  44|0x00000000fec00000, 0x00000000fec00000, 0x00000000fed00000|  0%| F|  |TAMS 0x00000000fec00000, 0x00000000fec00000| Untracked 
|  45|0x00000000fed00000, 0x00000000fed00000, 0x00000000fee00000|  0%| F|  |TAMS 0x00000000fed00000, 0x00000000fed00000| Untracked 
|  46|0x00000000fee00000, 0x00000000fee00000, 0x00000000fef00000|  0%| F|  |TAMS 0x00000000fee00000, 0x00000000fee00000| Untracked 
|  47|0x00000000fef00000, 0x00000000fef00000, 0x00000000ff000000|  0%| F|  |TAMS 0x00000000fef00000, 0x00000000fef00000| Untracked 
|  48|0x00000000ff000000, 0x00000000ff000000, 0x00000000ff100000|  0%| F|  |TAMS 0x00000000ff000000, 0x00000000ff000000| Untracked 
|  49|0x00000000ff100000, 0x00000000ff100000, 0x00000000ff200000|  0%| F|  |TAMS 0x00000000ff100000, 0x00000000ff100000| Untracked 
|  50|0x00000000ff200000, 0x00000000ff200000, 0x00000000ff300000|  0%| F|  |TAMS 0x00000000ff200000, 0x00000000ff200000| Untracked 
|  51|0x00000000ff300000, 0x00000000ff300000, 0x00000000ff400000|  0%| F|  |TAMS 0x00000000ff300000, 0x00000000ff300000| Untracked 
|  52|0x00000000ff400000, 0x00000000ff400000, 0x00000000ff500000|  0%| F|  |TAMS 0x00000000ff400000, 0x00000000ff400000| Untracked 
|  53|0x00000000ff500000, 0x00000000ff500000, 0x00000000ff600000|  0%| F|  |TAMS 0x00000000ff500000, 0x00000000ff500000| Untracked 
|  54|0x00000000ff600000, 0x00000000ff600000, 0x00000000ff700000|  0%| F|  |TAMS 0x00000000ff600000, 0x00000000ff600000| Untracked 
|  55|0x00000000ff700000, 0x00000000ff700000, 0x00000000ff800000|  0%| F|  |TAMS 0x00000000ff700000, 0x00000000ff700000| Untracked 
|  56|0x00000000ff800000, 0x00000000ff800000, 0x00000000ff900000|  0%| F|  |TAMS 0x00000000ff800000, 0x00000000ff800000| Untracked 
|  57|0x00000000ff900000, 0x00000000ff900000, 0x00000000ffa00000|  0%| F|  |TAMS 0x00000000ff900000, 0x00000000ff900000| Untracked 
|  58|0x00000000ffa00000, 0x00000000ffa00000, 0x00000000ffb00000|  0%| F|  |TAMS 0x00000000ffa00000, 0x00000000ffa00000| Untracked 
|  59|0x00000000ffb00000, 0x00000000ffb815e8, 0x00000000ffc00000| 50%| E|  |TAMS 0x00000000ffb00000, 0x00000000ffb00000| Complete 
|  60|0x00000000ffc00000, 0x00000000ffd00000, 0x00000000ffd00000|100%| E|CS|TAMS 0x00000000ffc00000, 0x00000000ffc00000| Complete 
|  61|0x00000000ffd00000, 0x00000000ffe00000, 0x00000000ffe00000|100%| E|CS|TAMS 0x00000000ffd00000, 0x00000000ffd00000| Complete 
|  62|0x00000000ffe00000, 0x00000000fff00000, 0x00000000fff00000|100%| E|CS|TAMS 0x00000000ffe00000, 0x00000000ffe00000| Complete 
|  63|0x00000000fff00000, 0x0000000100000000, 0x0000000100000000|100%| E|CS|TAMS 0x00000000fff00000, 0x00000000fff00000| Complete 

Card table byte_map: [0x0000026e03860000,0x0000026e03880000] _byte_map_base: 0x0000026e03080000

Marking Bits (Prev, Next): (CMBitMap*) 0x0000026e03c56240, (CMBitMap*) 0x0000026e03c56280
 Prev Bits: [0x0000026e038a0000, 0x0000026e039a0000)
 Next Bits: [0x0000026e039a0000, 0x0000026e03aa0000)

Polling page: 0x0000026e03410000

Metaspace:

Usage:
  Non-class:      9.28 MB used.
      Class:      1.40 MB used.
       Both:     10.67 MB used.

Virtual space:
  Non-class space:       64.00 MB reserved,       9.38 MB ( 15%) committed,  1 nodes.
      Class space:        1.00 GB reserved,       1.50 MB ( <1%) committed,  1 nodes.
             Both:        1.06 GB reserved,      10.88 MB ( <1%) committed. 

Chunk freelists:
   Non-Class:  5.92 MB
       Class:  14.50 MB
        Both:  20.42 MB

MaxMetaspaceSize: unlimited
CompressedClassSpaceSize: 1.00 GB
Initial GC threshold: 21.00 MB
Current GC threshold: 21.00 MB
CDS: on
MetaspaceReclaimPolicy: balanced
 - commit_granule_bytes: 65536.
 - commit_granule_words: 8192.
 - virtual_space_node_default_size: 8388608.
 - enlarge_chunks_in_place: 1.
 - new_chunks_are_fully_committed: 0.
 - uncommit_free_chunks: 1.
 - use_allocation_guard: 0.
 - handle_deallocations: 1.


Internal statistics:

num_allocs_failed_limit: 0.
num_arena_births: 100.
num_arena_deaths: 0.
num_vsnodes_births: 2.
num_vsnodes_deaths: 0.
num_space_committed: 174.
num_space_uncommitted: 0.
num_chunks_returned_to_freelist: 0.
num_chunks_taken_from_freelist: 394.
num_chunk_merges: 0.
num_chunk_splits: 264.
num_chunks_enlarged: 219.
num_inconsistent_stats: 0.

CodeHeap 'non-profiled nmethods': size=120064Kb used=783Kb max_used=783Kb free=119280Kb
 bounds [0x0000026e12fc0000, 0x0000026e13230000, 0x0000026e1a500000]
CodeHeap 'profiled nmethods': size=120000Kb used=3507Kb max_used=3507Kb free=116492Kb
 bounds [0x0000026e0b500000, 0x0000026e0b870000, 0x0000026e12a30000]
CodeHeap 'non-nmethods': size=5696Kb used=1176Kb max_used=1192Kb free=4519Kb
 bounds [0x0000026e12a30000, 0x0000026e12ca0000, 0x0000026e12fc0000]
 total_blobs=2256 nmethods=1778 adapters=392
 compilation: enabled
              stopped_count=0, restarted_count=0
 full_count=0

Compilation events (20 events):
Event: 41.905 Thread 0x0000026e1c716900 1759       3       org.gradle.internal.logging.console.BuildStatusRenderer::onOutput (350 bytes)
Event: 41.908 Thread 0x0000026e1c716900 nmethod 1759 0x0000026e0b860210 code [0x0000026e0b860580, 0x0000026e0b8620b8]
Event: 41.911 Thread 0x0000026e1c716900 1760       3       org.gradle.internal.logging.console.WorkInProgressRenderer::onOutput (53 bytes)
Event: 41.911 Thread 0x0000026e1c716900 nmethod 1760 0x0000026e0b862590 code [0x0000026e0b862780, 0x0000026e0b862d98]
Event: 41.915 Thread 0x0000026e1c716900 1761       3       org.gradle.internal.logging.sink.GroupingProgressLogEventGenerator::onOutput (108 bytes)
Event: 41.916 Thread 0x0000026e1c716900 nmethod 1761 0x0000026e0b862f90 code [0x0000026e0b863240, 0x0000026e0b8644d8]
Event: 42.019 Thread 0x0000026e1c716900 1762       3       org.gradle.internal.logging.console.ThrottlingOutputEventListener::renderNow (40 bytes)
Event: 42.019 Thread 0x0000026e1c716900 nmethod 1762 0x0000026e0b864790 code [0x0000026e0b864960, 0x0000026e0b864e88]
Event: 42.062 Thread 0x0000026e1c7123c0 1763       4       java.lang.ClassLoader::getClassLoadingLock (35 bytes)
Event: 42.063 Thread 0x0000026e1c7123c0 nmethod 1763 0x0000026e13082410 code [0x0000026e130825a0, 0x0000026e130826e8]
Event: 42.072 Thread 0x0000026e1c716900 1765       3       java.lang.invoke.MethodHandleNatives::isCallerSensitive (29 bytes)
Event: 42.072 Thread 0x0000026e1c716900 nmethod 1765 0x0000026e0b865010 code [0x0000026e0b865200, 0x0000026e0b865788]
Event: 42.076 Thread 0x0000026e1c716900 1766       3       jdk.internal.org.objectweb.asm.MethodWriter::<init> (232 bytes)
Event: 42.076 Thread 0x0000026e1c7123c0 1769       4       jdk.internal.org.objectweb.asm.SymbolTable::put (150 bytes)
Event: 42.077 Thread 0x0000026e1c716900 nmethod 1766 0x0000026e0b865990 code [0x0000026e0b865c20, 0x0000026e0b8669b8]
Event: 42.077 Thread 0x0000026e1c716900 1768       3       jdk.internal.misc.CDS::isDumpingArchive (4 bytes)
Event: 42.077 Thread 0x0000026e1c716900 nmethod 1768 0x0000026e0b866e90 code [0x0000026e0b867020, 0x0000026e0b867118]
Event: 42.077 Thread 0x0000026e1c716900 1767       1       java.lang.invoke.DirectMethodHandle::isCrackable (5 bytes)
Event: 42.077 Thread 0x0000026e1c716900 nmethod 1767 0x0000026e13082c10 code [0x0000026e13082da0, 0x0000026e13082e78]
Event: 42.078 Thread 0x0000026e1c716900 1770       3       jdk.internal.org.objectweb.asm.MethodWriter::putMethodInfo (1274 bytes)

GC Heap History (8 events):
Event: 1.388 GC heap before
{Heap before GC invocations=0 (full 0):
 garbage-first heap   total 65536K, used 6144K [0x00000000fc000000, 0x0000000100000000)
  region size 1024K, 6 young (6144K), 0 survivors (0K)
 Metaspace       used 1623K, committed 1728K, reserved 1114112K
  class space    used 155K, committed 192K, reserved 1048576K
}
Event: 1.398 GC heap after
{Heap after GC invocations=1 (full 0):
 garbage-first heap   total 65536K, used 1226K [0x00000000fc000000, 0x0000000100000000)
  region size 1024K, 1 young (1024K), 1 survivors (1024K)
 Metaspace       used 1623K, committed 1728K, reserved 1114112K
  class space    used 155K, committed 192K, reserved 1048576K
}
Event: 1.712 GC heap before
{Heap before GC invocations=1 (full 0):
 garbage-first heap   total 65536K, used 7370K [0x00000000fc000000, 0x0000000100000000)
  region size 1024K, 7 young (7168K), 1 survivors (1024K)
 Metaspace       used 1659K, committed 1728K, reserved 1114112K
  class space    used 155K, committed 192K, reserved 1048576K
}
Event: 1.715 GC heap after
{Heap after GC invocations=2 (full 0):
 garbage-first heap   total 65536K, used 1610K [0x00000000fc000000, 0x0000000100000000)
  region size 1024K, 1 young (1024K), 1 survivors (1024K)
 Metaspace       used 1659K, committed 1728K, reserved 1114112K
  class space    used 155K, committed 192K, reserved 1048576K
}
Event: 2.429 GC heap before
{Heap before GC invocations=2 (full 0):
 garbage-first heap   total 65536K, used 12874K [0x00000000fc000000, 0x0000000100000000)
  region size 1024K, 13 young (13312K), 1 survivors (1024K)
 Metaspace       used 1852K, committed 1984K, reserved 1114112K
  class space    used 159K, committed 192K, reserved 1048576K
}
Event: 2.433 GC heap after
{Heap after GC invocations=3 (full 0):
 garbage-first heap   total 65536K, used 4061K [0x00000000fc000000, 0x0000000100000000)
  region size 1024K, 2 young (2048K), 2 survivors (2048K)
 Metaspace       used 1852K, committed 1984K, reserved 1114112K
  class space    used 159K, committed 192K, reserved 1048576K
}
Event: 7.199 GC heap before
{Heap before GC invocations=3 (full 0):
 garbage-first heap   total 65536K, used 43997K [0x00000000fc000000, 0x0000000100000000)
  region size 1024K, 38 young (38912K), 2 survivors (2048K)
 Metaspace       used 9001K, committed 9280K, reserved 1114112K
  class space    used 1196K, committed 1344K, reserved 1048576K
}
Event: 7.212 GC heap after
{Heap after GC invocations=4 (full 0):
 garbage-first heap   total 65536K, used 12076K [0x00000000fc000000, 0x0000000100000000)
  region size 1024K, 5 young (5120K), 5 survivors (5120K)
 Metaspace       used 9001K, committed 9280K, reserved 1114112K
  class space    used 1196K, committed 1344K, reserved 1048576K
}

Deoptimization events (20 events):
Event: 7.248 Thread 0x0000026e6277e450 Uncommon trap: trap_request=0xffffff45 fr.pc=0x0000026e1300c348 relative=0x0000000000000128
Event: 7.248 Thread 0x0000026e6277e450 Uncommon trap: reason=unstable_if action=reinterpret pc=0x0000026e1300c348 method=java.lang.AbstractStringBuilder.putStringAt(ILjava/lang/String;II)V @ 8 c2
Event: 7.248 Thread 0x0000026e6277e450 DEOPT PACKING pc=0x0000026e1300c348 sp=0x000000ac3c8fea30
Event: 7.248 Thread 0x0000026e6277e450 DEOPT UNPACKING pc=0x0000026e12a8239d sp=0x000000ac3c8fe9f8 mode 2
Event: 7.248 Thread 0x0000026e6277e450 Uncommon trap: trap_request=0xffffff45 fr.pc=0x0000026e1300aadc relative=0x000000000000005c
Event: 7.248 Thread 0x0000026e6277e450 Uncommon trap: reason=unstable_if action=reinterpret pc=0x0000026e1300aadc method=java.lang.AbstractStringBuilder.isLatin1()Z @ 10 c2
Event: 7.248 Thread 0x0000026e6277e450 DEOPT PACKING pc=0x0000026e1300aadc sp=0x000000ac3c8fe9a0
Event: 7.248 Thread 0x0000026e6277e450 DEOPT UNPACKING pc=0x0000026e12a8239d sp=0x000000ac3c8fe930 mode 2
Event: 7.248 Thread 0x0000026e6277e450 Uncommon trap: trap_request=0xffffff45 fr.pc=0x0000026e130018f0 relative=0x00000000000000f0
Event: 7.248 Thread 0x0000026e6277e450 Uncommon trap: reason=unstable_if action=reinterpret pc=0x0000026e130018f0 method=java.lang.String.getBytes([BIIBI)V @ 6 c2
Event: 7.248 Thread 0x0000026e6277e450 DEOPT PACKING pc=0x0000026e130018f0 sp=0x000000ac3c8fe9a0
Event: 7.248 Thread 0x0000026e6277e450 DEOPT UNPACKING pc=0x0000026e12a8239d sp=0x000000ac3c8fe968 mode 2
Event: 7.248 Thread 0x0000026e6277e450 Uncommon trap: trap_request=0xffffff45 fr.pc=0x0000026e1302bed8 relative=0x0000000000000338
Event: 7.248 Thread 0x0000026e6277e450 Uncommon trap: reason=unstable_if action=reinterpret pc=0x0000026e1302bed8 method=java.lang.AbstractStringBuilder.isLatin1()Z @ 10 c2
Event: 7.248 Thread 0x0000026e6277e450 DEOPT PACKING pc=0x0000026e1302bed8 sp=0x000000ac3c8feb80
Event: 7.259 Thread 0x0000026e6277e450 DEOPT UNPACKING pc=0x0000026e12a8239d sp=0x000000ac3c8feb00 mode 2
Event: 16.206 Thread 0x0000026e6277e450 Uncommon trap: trap_request=0xffffff45 fr.pc=0x0000026e12fcd180 relative=0x0000000000000080
Event: 16.206 Thread 0x0000026e6277e450 Uncommon trap: reason=unstable_if action=reinterpret pc=0x0000026e12fcd180 method=java.lang.String.codePointAt(I)I @ 4 c2
Event: 16.206 Thread 0x0000026e6277e450 DEOPT PACKING pc=0x0000026e12fcd180 sp=0x000000ac3c8feaf0
Event: 16.206 Thread 0x0000026e6277e450 DEOPT UNPACKING pc=0x0000026e12a8239d sp=0x000000ac3c8fea88 mode 2

Classes unloaded (0 events):
No events

Classes redefined (0 events):
No events

Internal exceptions (20 events):
Event: 4.742 Thread 0x0000026e03c37420 Exception <a 'java/lang/NoSuchMethodError'{0x00000000fec77190}: 'java.lang.Object java.lang.invoke.DirectMethodHandle$Holder.newInvokeSpecial(java.lang.Object, java.lang.Object, java.lang.Object, java.lang.Object, java.lang.Object)'> (0x00000000fec77190) 
thrown [s\open\src\hotspot\share\interpreter\linkResolver.cpp, line 759]
Event: 4.812 Thread 0x0000026e03c37420 Exception <a 'java/lang/NoSuchMethodError'{0x00000000febbb2d0}: 'void java.lang.invoke.DirectMethodHandle$Holder.invokeSpecial(java.lang.Object, java.lang.Object, java.lang.Object)'> (0x00000000febbb2d0) 
thrown [s\open\src\hotspot\share\interpreter\linkResolver.cpp, line 759]
Event: 4.844 Thread 0x0000026e03c37420 Implicit null exception at 0x0000026e130220f2 to 0x0000026e13022608
Event: 4.860 Thread 0x0000026e03c37420 Exception <a 'java/lang/NoSuchMethodError'{0x00000000fea6ef48}: 'java.lang.Object java.lang.invoke.DirectMethodHandle$Holder.invokeStaticInit(java.lang.Object, int, int, int, int)'> (0x00000000fea6ef48) 
thrown [s\open\src\hotspot\share\interpreter\linkResolver.cpp, line 759]
Event: 5.229 Thread 0x0000026e03c37420 Exception <a 'java/lang/NoSuchMethodError'{0x00000000feaacf08}: 'java.lang.Object java.lang.invoke.DirectMethodHandle$Holder.invokeStaticInit(java.lang.Object, java.lang.Object, int, int, int, int)'> (0x00000000feaacf08) 
thrown [s\open\src\hotspot\share\interpreter\linkResolver.cpp, line 759]
Event: 5.264 Thread 0x0000026e03c37420 Exception <a 'java/lang/NoSuchMethodError'{0x00000000feade120}: 'int java.lang.invoke.DirectMethodHandle$Holder.invokeStatic(java.lang.Object)'> (0x00000000feade120) 
thrown [s\open\src\hotspot\share\interpreter\linkResolver.cpp, line 759]
Event: 5.265 Thread 0x0000026e03c37420 Exception <a 'java/lang/NoSuchMethodError'{0x00000000feae1878}: 'int java.lang.invoke.DirectMethodHandle$Holder.invokeStaticInit(java.lang.Object)'> (0x00000000feae1878) 
thrown [s\open\src\hotspot\share\interpreter\linkResolver.cpp, line 759]
Event: 5.742 Thread 0x0000026e03c37420 Exception <a 'java/lang/NoSuchMethodError'{0x00000000fe6ecd30}: 'java.lang.Object java.lang.invoke.DirectMethodHandle$Holder.invokeSpecialIFC(java.lang.Object, java.lang.Object, java.lang.Object, java.lang.Object)'> (0x00000000fe6ecd30) 
thrown [s\open\src\hotspot\share\interpreter\linkResolver.cpp, line 759]
Event: 5.864 Thread 0x0000026e03c37420 Implicit null exception at 0x0000026e1300adf2 to 0x0000026e1300b31c
Event: 6.065 Thread 0x0000026e62d03800 Exception <a 'java/lang/NoSuchMethodError'{0x00000000fe08da78}: 'void java.lang.invoke.DirectMethodHandle$Holder.invokeStatic(java.lang.Object, long)'> (0x00000000fe08da78) 
thrown [s\open\src\hotspot\share\interpreter\linkResolver.cpp, line 759]
Event: 6.067 Thread 0x0000026e62d03800 Exception <a 'java/lang/NoSuchMethodError'{0x00000000fe0933d0}: 'java.lang.Object java.lang.invoke.DirectMethodHandle$Holder.newInvokeSpecial(java.lang.Object, long)'> (0x00000000fe0933d0) 
thrown [s\open\src\hotspot\share\interpreter\linkResolver.cpp, line 759]
Event: 6.076 Thread 0x0000026e62d03800 Exception <a 'java/lang/NoSuchMethodError'{0x00000000fe09df78}: 'java.lang.Object java.lang.invoke.DirectMethodHandle$Holder.invokeStaticInit(java.lang.Object, java.lang.Object, long, java.lang.Object)'> (0x00000000fe09df78) 
thrown [s\open\src\hotspot\share\interpreter\linkResolver.cpp, line 759]
Event: 6.077 Thread 0x0000026e62d03800 Exception <a 'java/lang/NoSuchMethodError'{0x00000000fe0a4600}: 'java.lang.Object java.lang.invoke.DirectMethodHandle$Holder.newInvokeSpecial(java.lang.Object, java.lang.Object, long)'> (0x00000000fe0a4600) 
thrown [s\open\src\hotspot\share\interpreter\linkResolver.cpp, line 759]
Event: 6.078 Thread 0x0000026e62d03800 Exception <a 'java/lang/NoSuchMethodError'{0x00000000fe0a88f0}: 'java.lang.Object java.lang.invoke.Invokers$Holder.linkToTargetMethod(java.lang.Object, long, java.lang.Object)'> (0x00000000fe0a88f0) 
thrown [s\open\src\hotspot\share\interpreter\linkResolver.cpp, line 759]
Event: 6.613 Thread 0x0000026e62d03800 Exception <a 'java/lang/NoSuchMethodError'{0x00000000fe0bac40}: 'void java.lang.invoke.DirectMethodHandle$Holder.invokeSpecial(java.lang.Object, java.lang.Object, int)'> (0x00000000fe0bac40) 
thrown [s\open\src\hotspot\share\interpreter\linkResolver.cpp, line 759]
Event: 6.614 Thread 0x0000026e62d03800 Exception <a 'java/lang/NoSuchMethodError'{0x00000000fe0c0ab8}: 'java.lang.Object java.lang.invoke.DirectMethodHandle$Holder.newInvokeSpecial(java.lang.Object, java.lang.Object, int)'> (0x00000000fe0c0ab8) 
thrown [s\open\src\hotspot\share\interpreter\linkResolver.cpp, line 759]
Event: 6.633 Thread 0x0000026e03c37420 Exception <a 'java/lang/NoSuchMethodError'{0x00000000fe055648}: 'void java.lang.invoke.DirectMethodHandle$Holder.invokeStaticInit(java.lang.Object, java.lang.Object)'> (0x00000000fe055648) 
thrown [s\open\src\hotspot\share\interpreter\linkResolver.cpp, line 759]
Event: 6.645 Thread 0x0000026e03c37420 Exception <a 'java/lang/NoSuchMethodError'{0x00000000fdf72128}: 'java.lang.Object java.lang.invoke.DirectMethodHandle$Holder.newInvokeSpecial(java.lang.Object, int, java.lang.Object)'> (0x00000000fdf72128) 
thrown [s\open\src\hotspot\share\interpreter\linkResolver.cpp, line 759]
Event: 16.503 Thread 0x0000026e03c37420 Exception <a 'java/lang/NoSuchMethodError'{0x00000000fffbdb00}: 'void java.lang.invoke.DirectMethodHandle$Holder.invokeStatic(java.lang.Object, java.lang.Object, java.lang.Object)'> (0x00000000fffbdb00) 
thrown [s\open\src\hotspot\share\interpreter\linkResolver.cpp, line 759]
Event: 42.055 Thread 0x0000026e03c37420 Exception <a 'sun/net/ConnectionResetException'{0x00000000ffc91990}: Connection reset> (0x00000000ffc91990) 
thrown [s\open\src\hotspot\share\prims\jni.cpp, line 535]

VM Operations (20 events):
Event: 16.404 Executing VM operation: Cleanup
Event: 16.404 Executing VM operation: Cleanup done
Event: 16.692 Executing VM operation: HandshakeAllThreads
Event: 16.692 Executing VM operation: HandshakeAllThreads done
Event: 16.989 Executing VM operation: HandshakeAllThreads
Event: 16.989 Executing VM operation: HandshakeAllThreads done
Event: 17.996 Executing VM operation: Cleanup
Event: 17.997 Executing VM operation: Cleanup done
Event: 20.002 Executing VM operation: Cleanup
Event: 20.003 Executing VM operation: Cleanup done
Event: 24.030 Executing VM operation: Cleanup
Event: 24.030 Executing VM operation: Cleanup done
Event: 28.059 Executing VM operation: Cleanup
Event: 28.060 Executing VM operation: Cleanup done
Event: 30.066 Executing VM operation: Cleanup
Event: 30.066 Executing VM operation: Cleanup done
Event: 31.069 Executing VM operation: Cleanup
Event: 31.069 Executing VM operation: Cleanup done
Event: 34.081 Executing VM operation: Cleanup
Event: 34.081 Executing VM operation: Cleanup done

Events (20 events):
Event: 17.059 loading class java/io/ObjectInputFilter$Config$BuiltinFilterFactory
Event: 17.059 loading class java/io/ObjectInputFilter$Config$BuiltinFilterFactory done
Event: 17.060 loading class jdk/internal/access/JavaObjectInputFilterAccess
Event: 17.061 loading class jdk/internal/access/JavaObjectInputFilterAccess done
Event: 17.062 loading class java/lang/System$Logger$Level
Event: 17.065 loading class java/lang/System$Logger$Level done
Event: 17.065 loading class java/io/Bits
Event: 17.065 loading class java/io/Bits done
Event: 42.054 loading class sun/net/ConnectionResetException
Event: 42.055 loading class sun/net/ConnectionResetException done
Event: 42.064 loading class java/nio/file/FileChannelLinesSpliterator
Event: 42.066 loading class java/nio/file/FileChannelLinesSpliterator done
Event: 42.066 loading class sun/nio/fs/WindowsSecurityDescriptor
Event: 42.067 loading class sun/nio/fs/WindowsSecurityDescriptor done
Event: 42.067 loading class sun/nio/fs/WindowsChannelFactory$2
Event: 42.067 loading class sun/nio/fs/WindowsChannelFactory$2 done
Event: 42.069 loading class java/util/stream/Streams$1
Event: 42.069 loading class java/util/stream/Streams$1 done
Event: 42.075 loading class java/lang/invoke/MethodHandle$1
Event: 42.076 loading class java/lang/invoke/MethodHandle$1 done


Dynamic libraries:
0x00007ff61e250000 - 0x00007ff61e260000 	C:\Program Files\Microsoft\jdk-17.0.12\bin\java.exe
0x00007ffe72850000 - 0x00007ffe72a48000 	C:\Windows\SYSTEM32\ntdll.dll
0x00007ffe71ca0000 - 0x00007ffe71d62000 	C:\Windows\System32\KERNEL32.DLL
0x00007ffe704f0000 - 0x00007ffe707e6000 	C:\Windows\System32\KERNELBASE.dll
0x00007ffe6fee0000 - 0x00007ffe6ffe0000 	C:\Windows\System32\ucrtbase.dll
0x00007ffe67810000 - 0x00007ffe67829000 	C:\Program Files\Microsoft\jdk-17.0.12\bin\jli.dll
0x00007ffe723d0000 - 0x00007ffe7247f000 	C:\Windows\System32\ADVAPI32.dll
0x00007ffe72330000 - 0x00007ffe723ce000 	C:\Windows\System32\msvcrt.dll
0x00007ffe70900000 - 0x00007ffe7099f000 	C:\Windows\System32\sechost.dll
0x00007ffe71900000 - 0x00007ffe71a23000 	C:\Windows\System32\RPCRT4.dll
0x00007ffe707f0000 - 0x00007ffe70817000 	C:\Windows\System32\bcrypt.dll
0x00007ffe71a30000 - 0x00007ffe71bcd000 	C:\Windows\System32\USER32.dll
0x00007ffe70070000 - 0x00007ffe70092000 	C:\Windows\System32\win32u.dll
0x00007ffe70b50000 - 0x00007ffe70b7b000 	C:\Windows\System32\GDI32.dll
0x00007ffe701d0000 - 0x00007ffe702ea000 	C:\Windows\System32\gdi32full.dll
0x00007ffe702f0000 - 0x00007ffe7038d000 	C:\Windows\System32\msvcp_win.dll
0x00007ffe677f0000 - 0x00007ffe6780b000 	C:\Program Files\Microsoft\jdk-17.0.12\bin\VCRUNTIME140.dll
0x00007ffe58980000 - 0x00007ffe58c1a000 	C:\Windows\WinSxS\amd64_microsoft.windows.common-controls_6595b64144ccf1df_6.0.19041.4355_none_60b8b9eb71f62e16\COMCTL32.dll
0x00007ffe674e0000 - 0x00007ffe674ea000 	C:\Windows\SYSTEM32\VERSION.dll
0x00007ffe725b0000 - 0x00007ffe725df000 	C:\Windows\System32\IMM32.DLL
0x00007ffe6d130000 - 0x00007ffe6d13c000 	C:\Program Files\Microsoft\jdk-17.0.12\bin\vcruntime140_1.dll
0x00007ffe5c8d0000 - 0x00007ffe5c95e000 	C:\Program Files\Microsoft\jdk-17.0.12\bin\msvcp140.dll
0x00007ffe2df50000 - 0x00007ffe2eb30000 	C:\Program Files\Microsoft\jdk-17.0.12\bin\server\jvm.dll
0x00007ffe727a0000 - 0x00007ffe727a8000 	C:\Windows\System32\PSAPI.DLL
0x00007ffe68e60000 - 0x00007ffe68e69000 	C:\Windows\SYSTEM32\WSOCK32.dll
0x00007ffe72710000 - 0x00007ffe7277b000 	C:\Windows\System32\WS2_32.dll
0x00007ffe58de0000 - 0x00007ffe58e07000 	C:\Windows\SYSTEM32\WINMM.dll
0x00007ffe6e6f0000 - 0x00007ffe6e702000 	C:\Windows\SYSTEM32\kernel.appcore.dll
0x00007ffe68d90000 - 0x00007ffe68d9a000 	C:\Program Files\Microsoft\jdk-17.0.12\bin\jimage.dll
0x00007ffe6e3c0000 - 0x00007ffe6e5a4000 	C:\Windows\SYSTEM32\DBGHELP.DLL
0x00007ffe60fb0000 - 0x00007ffe60fe4000 	C:\Windows\SYSTEM32\dbgcore.DLL
0x00007ffe6ffe0000 - 0x00007ffe70062000 	C:\Windows\System32\bcryptPrimitives.dll
0x00007ffe5eb50000 - 0x00007ffe5eb75000 	C:\Program Files\Microsoft\jdk-17.0.12\bin\java.dll
0x00007ffe52af0000 - 0x00007ffe52bc7000 	C:\Program Files\Microsoft\jdk-17.0.12\bin\jsvml.dll
0x00007ffe71190000 - 0x00007ffe718ff000 	C:\Windows\System32\SHELL32.dll
0x00007ffe6db40000 - 0x00007ffe6e2e3000 	C:\Windows\SYSTEM32\windows.storage.dll
0x00007ffe71d70000 - 0x00007ffe720c5000 	C:\Windows\System32\combase.dll
0x00007ffe6f760000 - 0x00007ffe6f78b000 	C:\Windows\SYSTEM32\Wldp.dll
0x00007ffe71bd0000 - 0x00007ffe71c9d000 	C:\Windows\System32\OLEAUT32.dll
0x00007ffe720d0000 - 0x00007ffe7217d000 	C:\Windows\System32\SHCORE.dll
0x00007ffe70a80000 - 0x00007ffe70ad5000 	C:\Windows\System32\shlwapi.dll
0x00007ffe6fe10000 - 0x00007ffe6fe35000 	C:\Windows\SYSTEM32\profapi.dll
0x00007ffe5ea80000 - 0x00007ffe5ea99000 	C:\Program Files\Microsoft\jdk-17.0.12\bin\net.dll
0x00007ffe61810000 - 0x00007ffe6191a000 	C:\Windows\SYSTEM32\WINHTTP.dll
0x00007ffe6f540000 - 0x00007ffe6f5ac000 	C:\Windows\system32\mswsock.dll
0x00007ffe5ea60000 - 0x00007ffe5ea76000 	C:\Program Files\Microsoft\jdk-17.0.12\bin\nio.dll
0x00007ffe5e9d0000 - 0x00007ffe5e9e8000 	C:\Program Files\Microsoft\jdk-17.0.12\bin\zip.dll
0x00007ffe68820000 - 0x00007ffe68830000 	C:\Program Files\Microsoft\jdk-17.0.12\bin\verify.dll
0x00007ffe68590000 - 0x00007ffe6859a000 	C:\Program Files\Microsoft\jdk-17.0.12\bin\management.dll
0x00007ffe68420000 - 0x00007ffe6842b000 	C:\Program Files\Microsoft\jdk-17.0.12\bin\management_ext.dll
0x00007ffe5d3d0000 - 0x00007ffe5d3f7000 	C:\Users\Fahad Computer\.gradle\native\1def1411415f61bf3af743bc5b6707747c0891f09f0c88961ee8f79bc544acac\windows-amd64\native-platform.dll
0x00007ffe687c0000 - 0x00007ffe687ca000 	C:\Users\Fahad Computer\.gradle\native\jansi\1.18\windows64\jansi.dll
0x00007ffe6f7a0000 - 0x00007ffe6f7b8000 	C:\Windows\SYSTEM32\CRYPTSP.dll
0x00007ffe6ee80000 - 0x00007ffe6eeb8000 	C:\Windows\system32\rsaenh.dll
0x00007ffe6fdd0000 - 0x00007ffe6fdfe000 	C:\Windows\SYSTEM32\USERENV.dll
0x00007ffe6f6d0000 - 0x00007ffe6f6dc000 	C:\Windows\SYSTEM32\CRYPTBASE.dll
0x00007ffe6f240000 - 0x00007ffe6f27b000 	C:\Windows\SYSTEM32\IPHLPAPI.DLL
0x00007ffe70ae0000 - 0x00007ffe70ae8000 	C:\Windows\System32\NSI.dll
0x00007ffe673e0000 - 0x00007ffe673f7000 	C:\Windows\SYSTEM32\dhcpcsvc6.DLL
0x00007ffe66c30000 - 0x00007ffe66c4d000 	C:\Windows\SYSTEM32\dhcpcsvc.DLL
0x00007ffe6f280000 - 0x00007ffe6f34a000 	C:\Windows\SYSTEM32\DNSAPI.dll
0x00007ffe68120000 - 0x00007ffe6812e000 	C:\Program Files\Microsoft\jdk-17.0.12\bin\sunmscapi.dll
0x00007ffe70390000 - 0x00007ffe704ed000 	C:\Windows\System32\CRYPT32.dll
0x00007ffe6f910000 - 0x00007ffe6f937000 	C:\Windows\SYSTEM32\ncrypt.dll
0x00007ffe6f8d0000 - 0x00007ffe6f90b000 	C:\Windows\SYSTEM32\NTASN1.dll
0x00007ffe5da10000 - 0x00007ffe5da17000 	C:\Windows\system32\wshunix.dll

dbghelp: loaded successfully - version: 4.0.5 - missing functions: none
symbol engine: initialized successfully - sym options: 0x614 - pdb path: .;C:\Program Files\Microsoft\jdk-17.0.12\bin;C:\Windows\SYSTEM32;C:\Windows\WinSxS\amd64_microsoft.windows.common-controls_6595b64144ccf1df_6.0.19041.4355_none_60b8b9eb71f62e16;C:\Program Files\Microsoft\jdk-17.0.12\bin\server;C:\Users\Fahad Computer\.gradle\native\1def1411415f61bf3af743bc5b6707747c0891f09f0c88961ee8f79bc544acac\windows-amd64;C:\Users\Fahad Computer\.gradle\native\jansi\1.18\windows64

VM Arguments:
jvm_args: -Xmx64m -Xms64m -Dorg.gradle.appname=gradlew 
java_command: org.gradle.wrapper.GradleWrapperMain clean --no-daemon --no-parallel
java_class_path (initial): C:\VoicetoText app\ChatbotApp\android\\gradle\wrapper\gradle-wrapper.jar
Launcher Type: SUN_STANDARD

[Global flags]
     intx CICompilerCount                          = 2                                         {product} {ergonomic}
     uint ConcGCThreads                            = 1                                         {product} {ergonomic}
     uint G1ConcRefinementThreads                  = 2                                         {product} {ergonomic}
   size_t G1HeapRegionSize                         = 1048576                                   {product} {ergonomic}
    uintx GCDrainStackTargetSize                   = 64                                        {product} {ergonomic}
   size_t InitialHeapSize                          = 67108864                                  {product} {command line}
   size_t MarkStackSize                            = 4194304                                   {product} {ergonomic}
   size_t MaxHeapSize                              = 67108864                                  {product} {command line}
   size_t MaxNewSize                               = 39845888                                  {product} {ergonomic}
   size_t MinHeapDeltaBytes                        = 1048576                                   {product} {ergonomic}
   size_t MinHeapSize                              = 67108864                                  {product} {command line}
    uintx NonNMethodCodeHeapSize                   = 5826188                                {pd product} {ergonomic}
    uintx NonProfiledCodeHeapSize                  = 122916026                              {pd product} {ergonomic}
    uintx ProfiledCodeHeapSize                     = 122916026                              {pd product} {ergonomic}
    uintx ReservedCodeCacheSize                    = 251658240                              {pd product} {ergonomic}
     bool SegmentedCodeCache                       = true                                      {product} {ergonomic}
   size_t SoftMaxHeapSize                          = 67108864                               {manageable} {ergonomic}
     bool UseCompressedClassPointers               = true                           {product lp64_product} {ergonomic}
     bool UseCompressedOops                        = true                           {product lp64_product} {ergonomic}
     bool UseG1GC                                  = true                                      {product} {ergonomic}
     bool UseLargePagesIndividualAllocation        = false                                  {pd product} {ergonomic}

Logging:
Log output configuration:
 #0: stdout all=warning uptime,level,tags
 #1: stderr all=off uptime,level,tags

Environment Variables:
JAVA_HOME=C:\Program Files\Microsoft\jdk-17.0.12\
CLASSPATH=C:\VoicetoText app\ChatbotApp\android\\gradle\wrapper\gradle-wrapper.jar
PATH=c:\Users\Fahad Computer\AppData\Local\Programs\cursor\resources\app\bin;C:\Python313\Scripts\;C:\Python313\;C:\Program Files\Microsoft\jdk-11.0.26.4-hotspot\bin;C:\Program Files\Common Files\Oracle\Java\javapath;C:\Program Files\Microsoft\jdk-17.0.12.7-hotspot\bin;C:\Windows\system32;C:\Windows;C:\Windows\System32\Wbem;C:\Windows\System32\WindowsPowerShell\v1.0\;C:\Windows\System32\OpenSSH\;C:\ProgramData\chocolatey\bin;C:\Users\Fahad Computer\AppData\Local\Android\Sdk\platform-tools;C:\Program Files\Java\jdk-18.0.2.1\bin.exe;C:\Program Files\Git\cmd;C:\Android\Sdk\emulator;C:\Android\Sdk\tools;C:\Program Files\nodejs\;C:\Users\Fahad Computer\AppData\Local\Android\Sdk\tools;C:\Users\Fahad Computer\AppData\Local\Android\Sdk\tools;C:\Users\Fahad Computer\AppData\Local\Microsoft\WindowsApps;C:\Program Files\MongoDB\Server\7.0\bin;C:\Program Files\MongoDB\Server\7.0\bin;C:\Users\Fahad Computer\AppData\Roaming\npm;c:\Users\Fahad Computer\AppData\Local\Programs\cursor\resources\app\bin;c:\Users\Fahad Computer\AppData\Local\Programs\cursor\resources\app\bin;C:\Users\Fahad Computer\AppData\Local\Android\Sdk\tools;C:\Users\Fahad Computer\AppData\Local\Android\Sdk\tools;C:\Users\Fahad Computer\AppData\Local\Microsoft\WindowsApps;C:\Users\Fahad Computer\AppData\Local\Programs\Microsoft VS Code\bin;C:\Program Files\MongoDB\Server\7.0\bin;C:\Program Files\MongoDB\Server\7.0\bin;C:\Users\Fahad Computer\AppData\Roaming\npm;C:\Users\Fahad Computer\AppData\Local\Programs\cursor\resources\app\bin
USERNAME=Fahad Computer
LANG=en_US.UTF-8
OS=Windows_NT
PROCESSOR_IDENTIFIER=Intel64 Family 6 Model 122 Stepping 8, GenuineIntel



---------------  S Y S T E M  ---------------

OS:
 Windows 10 , 64 bit Build 19041 (10.0.19041.5678)
OS uptime: 6 days 5:35 hours
Hyper-V role detected

CPU: total 2 (initial active 2) (2 cores per cpu, 1 threads per core) family 6 model 122 stepping 8 microcode 0x18, cx8, cmov, fxsr, mmx, 3dnowpref, sse, sse2, sse3, ssse3, sse4.1, sse4.2, popcnt, tsc, tscinvbit, aes, erms, clmul, sha, clflush, clflushopt, hv

Memory: 4k page, system-wide physical 3918M (352M free)
TotalPageFile size 15694M (AvailPageFile size 465M)
current process WorkingSet (physical memory assigned to process): 108M, peak: 110M
current process commit charge ("private bytes"): 155M, peak: 157M

vm_info: Java HotSpot(TM) 64-Bit Server VM (17.0.12+8-LTS-286) for windows-amd64 JRE (17.0.12+8-LTS-286), built on Jun  5 2024 06:46:59 by "mach5one" with MS VC++ 17.6 (VS2022)

END.
