#
# There is insufficient memory for the Java Runtime Environment to continue.
# Native memory allocation (mmap) failed to map 322961408 bytes for G1 virtual space
# Possible reasons:
#   The system is out of physical RAM or swap space
#   The process is running with CompressedOops enabled, and the Java Heap may be blocking the growth of the native heap
# Possible solutions:
#   Reduce memory load on the system
#   Increase physical memory or swap space
#   Check if swap backing store is full
#   Decrease Java heap size (-Xmx/-Xms)
#   Decrease number of Java threads
#   Decrease Java thread stack sizes (-Xss)
#   Set larger code cache with -XX:ReservedCodeCacheSize=
#   JVM is running with Zero Based Compressed Oops mode in which the Java heap is
#     placed in the first 32GB address space. The Java Heap base address is the
#     maximum limit for the native heap growth. Please use -XX:HeapBaseMinAddress
#     to set the Java Heap base and to place the Java Heap above 32GB virtual address.
# This output file may be truncated or incomplete.
#
#  Out of Memory Error (os_windows.cpp:3548), pid=3500, tid=10476
#
# JRE version: Java(TM) SE Runtime Environment (17.0.12+8) (build 17.0.12+8-LTS-286)
# Java VM: Java HotSpot(TM) 64-Bit Server VM (17.0.12+8-LTS-286, mixed mode, sharing, tiered, compressed oops, compressed class ptrs, g1 gc, windows-amd64)
# No core dump will be written. Minidumps are not enabled by default on client versions of Windows
#

---------------  S U M M A R Y ------------

Command Line: --add-opens=java.base/java.lang=ALL-UNNAMED --add-opens=java.base/java.lang.invoke=ALL-UNNAMED --add-opens=java.base/java.util=ALL-UNNAMED --add-opens=java.prefs/java.util.prefs=ALL-UNNAMED --add-exports=jdk.compiler/com.sun.tools.javac.api=ALL-UNNAMED --add-exports=jdk.compiler/com.sun.tools.javac.util=ALL-UNNAMED --add-opens=java.base/java.util=ALL-UNNAMED --add-opens=java.prefs/java.util.prefs=ALL-UNNAMED --add-opens=java.base/java.nio.charset=ALL-UNNAMED --add-opens=java.base/java.net=ALL-UNNAMED --add-opens=java.base/java.util.concurrent.atomic=ALL-UNNAMED --add-opens=java.xml/javax.xml.namespace=ALL-UNNAMED -XX:ReservedCodeCacheSize=1024m -XX:MaxMetaspaceSize=2048m -XX:+HeapDumpOnOutOfMemoryError -Xms1024m -Xmx8192m -Dfile.encoding=UTF-8 -Duser.country=US -Duser.language=en -Duser.variant -javaagent:C:\Users\Fahad Computer\.gradle\wrapper\dists\gradle-8.12-all\ejduaidbjup3bmmkhw3rie4zb\gradle-8.12\lib\agents\gradle-instrumentation-agent-8.12.jar org.gradle.launcher.daemon.bootstrap.GradleDaemon 8.12

Host: Intel(R) Celeron(R) N4020 CPU @ 1.10GHz, 2 cores, 3G,  Windows 10 , 64 bit Build 19041 (10.0.19041.5678)
Time: Sun May 11 02:51:22 2025 Pacific Daylight Time elapsed time: 1267.050947 seconds (0d 0h 21m 7s)

---------------  T H R E A D  ---------------

Current thread (0x0000013fdc9ec7c0):  VMThread "VM Thread" [stack: 0x0000003256600000,0x0000003256700000] [id=10476]

Stack: [0x0000003256600000,0x0000003256700000]
Native frames: (J=compiled Java code, j=interpreted, Vv=VM code, C=native code)
V  [jvm.dll+0x67a04a]
V  [jvm.dll+0x7da4ed]
V  [jvm.dll+0x7dbe33]
V  [jvm.dll+0x7dc4a3]
V  [jvm.dll+0x24508f]
V  [jvm.dll+0x677089]
V  [jvm.dll+0x66bd32]
V  [jvm.dll+0x301fa6]
V  [jvm.dll+0x309546]
V  [jvm.dll+0x359d2e]
V  [jvm.dll+0x359f5f]
V  [jvm.dll+0x2d9078]
V  [jvm.dll+0x2d74ad]
V  [jvm.dll+0x2d6afc]
V  [jvm.dll+0x31a65b]
V  [jvm.dll+0x7e0d9b]
V  [jvm.dll+0x7e1ad4]
V  [jvm.dll+0x7e1fed]
V  [jvm.dll+0x7e23c4]
V  [jvm.dll+0x7e2490]
V  [jvm.dll+0x78abea]
V  [jvm.dll+0x678f35]
C  [ucrtbase.dll+0x21bb2]
C  [KERNEL32.DLL+0x17374]
C  [ntdll.dll+0x4cc91]

VM_Operation (0x00000032593f8110): G1CollectForAllocation, mode: safepoint, requested by thread 0x00000140486b47b0


---------------  P R O C E S S  ---------------

Threads class SMR info:
_java_thread_list=0x0000014050f3a120, length=80, elements={
0x0000013ffda2d390, 0x0000014041084720, 0x00000140410854b0, 0x0000014041099280,
0x0000014041099d50, 0x000001404109c630, 0x000001404109cf00, 0x000001404109dbb0,
0x00000140410a58c0, 0x00000140410c08e0, 0x0000013fdc9dea30, 0x00000140412c1350,
0x000001404637d750, 0x0000014046ad4110, 0x0000014046dd4870, 0x0000014041ce9710,
0x0000014041ceb060, 0x0000014041ce8cf0, 0x0000014041ce87e0, 0x000001404656c230,
0x000001404656b300, 0x000001404656c740, 0x00000140486b3880, 0x00000140486b3370,
0x0000014049754a00, 0x0000014049759b00, 0x0000014049753fe0, 0x0000014049755420,
0x0000014049756d70, 0x0000014049755e40, 0x000001404975a520, 0x00000140497535c0,
0x00000140497590e0, 0x0000014049756860, 0x00000140497595f0, 0x0000014049757280,
0x0000014049757790, 0x0000014049758bd0, 0x000001404975af40, 0x0000014049757ca0,
0x00000140497581b0, 0x00000140486b42a0, 0x00000140486b0af0, 0x00000140486b47b0,
0x00000140486b1510, 0x00000140486b1f30, 0x00000140486b7f60, 0x00000140486b51d0,
0x00000140486b3d90, 0x00000140486b56e0, 0x00000140486b8470, 0x00000140486b2440,
0x00000140486b6100, 0x00000140486b2950, 0x00000140486b6610, 0x00000140486b6b20,
0x00000140486b7030, 0x00000140486b7540, 0x0000014047e4bec0, 0x0000014047e4d810,
0x0000014047e4a570, 0x0000014047e4b4a0, 0x0000014047e4b9b0, 0x0000014047e4a060,
0x0000014041ce9200, 0x0000014041ce9c20, 0x0000014041cea130, 0x000001404656db80,
0x00000140525172e0, 0x000001405251a580, 0x000001405251aa90, 0x000001404656eab0,
0x0000014052f92570, 0x0000014052f95d20, 0x0000014052f97b80, 0x0000014052f985a0,
0x0000014052515ea0, 0x0000014052516dd0, 0x0000014052f97160, 0x0000014052f939b0
}

Java Threads: ( => current thread )
  0x0000013ffda2d390 JavaThread "main" [_thread_blocked, id=552, stack(0x0000003256000000,0x0000003256100000)]
  0x0000014041084720 JavaThread "Reference Handler" daemon [_thread_blocked, id=11556, stack(0x0000003256700000,0x0000003256800000)]
  0x00000140410854b0 JavaThread "Finalizer" daemon [_thread_blocked, id=11320, stack(0x0000003256800000,0x0000003256900000)]
  0x0000014041099280 JavaThread "Signal Dispatcher" daemon [_thread_blocked, id=4580, stack(0x0000003256900000,0x0000003256a00000)]
  0x0000014041099d50 JavaThread "Attach Listener" daemon [_thread_blocked, id=2104, stack(0x0000003256a00000,0x0000003256b00000)]
  0x000001404109c630 JavaThread "Service Thread" daemon [_thread_blocked, id=12060, stack(0x0000003256b00000,0x0000003256c00000)]
  0x000001404109cf00 JavaThread "Monitor Deflation Thread" daemon [_thread_blocked, id=12832, stack(0x0000003256c00000,0x0000003256d00000)]
  0x000001404109dbb0 JavaThread "C2 CompilerThread0" daemon [_thread_blocked, id=11520, stack(0x0000003256d00000,0x0000003256e00000)]
  0x00000140410a58c0 JavaThread "C1 CompilerThread0" daemon [_thread_blocked, id=14008, stack(0x0000003256e00000,0x0000003256f00000)]
  0x00000140410c08e0 JavaThread "Sweeper thread" daemon [_thread_blocked, id=3356, stack(0x0000003256f00000,0x0000003257000000)]
  0x0000013fdc9dea30 JavaThread "Common-Cleaner" daemon [_thread_blocked, id=12692, stack(0x0000003257000000,0x0000003257100000)]
  0x00000140412c1350 JavaThread "Notification Thread" daemon [_thread_blocked, id=1692, stack(0x0000003257100000,0x0000003257200000)]
  0x000001404637d750 JavaThread "Daemon health stats" [_thread_blocked, id=5940, stack(0x0000003257400000,0x0000003257500000)]
  0x0000014046ad4110 JavaThread "Incoming local TCP Connector on port 3413" [_thread_in_native, id=14140, stack(0x0000003257500000,0x0000003257600000)]
  0x0000014046dd4870 JavaThread "Daemon periodic checks" [_thread_blocked, id=8840, stack(0x0000003257600000,0x0000003257700000)]
  0x0000014041ce9710 JavaThread "Cache worker for journal cache (C:\Users\Fahad Computer\.gradle\caches\journal-1)" [_thread_blocked, id=11896, stack(0x0000003257e00000,0x0000003257f00000)]
  0x0000014041ceb060 JavaThread "File lock request listener" [_thread_in_native, id=912, stack(0x0000003257f00000,0x0000003258000000)]
  0x0000014041ce8cf0 JavaThread "Cache worker for file hash cache (C:\Users\Fahad Computer\.gradle\caches\8.12\fileHashes)" [_thread_blocked, id=10420, stack(0x0000003258000000,0x0000003258100000)]
  0x0000014041ce87e0 JavaThread "File watcher server" daemon [_thread_blocked, id=5740, stack(0x0000003258300000,0x0000003258400000)]
  0x000001404656c230 JavaThread "File watcher consumer" daemon [_thread_blocked, id=12280, stack(0x0000003258400000,0x0000003258500000)]
  0x000001404656b300 JavaThread "jar transforms" [_thread_blocked, id=9424, stack(0x0000003258500000,0x0000003258600000)]
  0x000001404656c740 JavaThread "Cache worker for file content cache (C:\Users\Fahad Computer\.gradle\caches\8.12\fileContent)" [_thread_blocked, id=7644, stack(0x0000003258700000,0x0000003258800000)]
  0x00000140486b3880 JavaThread "Memory manager" [_thread_blocked, id=6704, stack(0x0000003255f00000,0x0000003256000000)]
  0x00000140486b3370 JavaThread "jar transforms Thread 2" [_thread_blocked, id=13736, stack(0x000000325a400000,0x000000325a500000)]
  0x0000014049754a00 JavaThread "pool-3-thread-1" [_thread_blocked, id=13668, stack(0x0000003259400000,0x0000003259500000)]
  0x0000014049759b00 JavaThread "Daemon Thread 2" [_thread_blocked, id=13020, stack(0x0000003255e00000,0x0000003255f00000)]
  0x0000014049753fe0 JavaThread "Handler for socket connection from /127.0.0.1:3413 to /127.0.0.1:3505" [_thread_in_native, id=6308, stack(0x0000003257700000,0x0000003257800000)]
  0x0000014049755420 JavaThread "Cancel handler" [_thread_blocked, id=2804, stack(0x0000003257800000,0x0000003257900000)]
  0x0000014049756d70 JavaThread "Daemon worker Thread 2" [_thread_blocked, id=13828, stack(0x0000003257a00000,0x0000003257b00000)]
  0x0000014049755e40 JavaThread "Asynchronous log dispatcher for DefaultDaemonConnection: socket connection from /127.0.0.1:3413 to /127.0.0.1:3505" [_thread_blocked, id=1388, stack(0x0000003257c00000,0x0000003257d00000)]
  0x000001404975a520 JavaThread "Stdin handler" [_thread_blocked, id=10744, stack(0x0000003257d00000,0x0000003257e00000)]
  0x00000140497535c0 JavaThread "Daemon client event forwarder" [_thread_blocked, id=14296, stack(0x0000003258100000,0x0000003258200000)]
  0x00000140497590e0 JavaThread "Cache worker for file hash cache (C:\vtT\ChatbotApp\android\.gradle\8.12\fileHashes)" [_thread_blocked, id=5384, stack(0x0000003258200000,0x0000003258300000)]
  0x0000014049756860 JavaThread "Cache worker for Build Output Cleanup Cache (C:\vtT\ChatbotApp\android\.gradle\buildOutputCleanup)" [_thread_blocked, id=4364, stack(0x0000003258600000,0x0000003258700000)]
  0x00000140497595f0 JavaThread "Cache worker for checksums cache (C:\vtT\ChatbotApp\android\.gradle\8.12\checksums)" [_thread_blocked, id=10264, stack(0x0000003258800000,0x0000003258900000)]
  0x0000014049757280 JavaThread "Cache worker for cache directory md-rule (C:\Users\Fahad Computer\.gradle\caches\8.12\md-rule)" [_thread_blocked, id=10868, stack(0x0000003258900000,0x0000003258a00000)]
  0x0000014049757790 JavaThread "Cache worker for cache directory md-supplier (C:\Users\Fahad Computer\.gradle\caches\8.12\md-supplier)" [_thread_blocked, id=11188, stack(0x0000003258a00000,0x0000003258b00000)]
  0x0000014049758bd0 JavaThread "Cache worker for Build Output Cleanup Cache (C:\vtT\ChatbotApp\node_modules\@react-native\gradle-plugin\.gradle\buildOutputCleanup)" [_thread_blocked, id=12308, stack(0x0000003258b00000,0x0000003258c00000)]
  0x000001404975af40 JavaThread "Unconstrained build operations" [_thread_blocked, id=512, stack(0x0000003258c00000,0x0000003258d00000)]
  0x0000014049757ca0 JavaThread "Unconstrained build operations Thread 2" [_thread_blocked, id=11684, stack(0x0000003258d00000,0x0000003258e00000)]
  0x00000140497581b0 JavaThread "Unconstrained build operations Thread 3" [_thread_blocked, id=4876, stack(0x0000003258e00000,0x0000003258f00000)]
  0x00000140486b42a0 JavaThread "Unconstrained build operations Thread 4" [_thread_blocked, id=14164, stack(0x0000003258f00000,0x0000003259000000)]
  0x00000140486b0af0 JavaThread "build event listener" [_thread_blocked, id=5676, stack(0x0000003259100000,0x0000003259200000)]
  0x00000140486b47b0 JavaThread "included builds" [_thread_blocked, id=6112, stack(0x0000003259300000,0x0000003259400000)]
  0x00000140486b1510 JavaThread "Execution worker" [_thread_blocked, id=12256, stack(0x0000003259500000,0x0000003259600000)]
  0x00000140486b1f30 JavaThread "Cache worker for execution history cache (C:\vtT\ChatbotApp\node_modules\@react-native\gradle-plugin\.gradle\8.12\executionHistory)" [_thread_blocked, id=7572, stack(0x0000003259600000,0x0000003259700000)]
  0x00000140486b7f60 JavaThread "Unconstrained build operations Thread 5" [_thread_blocked, id=3348, stack(0x0000003259700000,0x0000003259800000)]
  0x00000140486b51d0 JavaThread "Unconstrained build operations Thread 6" [_thread_blocked, id=7936, stack(0x0000003259800000,0x0000003259900000)]
  0x00000140486b3d90 JavaThread "Unconstrained build operations Thread 7" [_thread_blocked, id=9956, stack(0x0000003259900000,0x0000003259a00000)]
  0x00000140486b56e0 JavaThread "Unconstrained build operations Thread 8" [_thread_blocked, id=9420, stack(0x0000003259a00000,0x0000003259b00000)]
  0x00000140486b8470 JavaThread "Unconstrained build operations Thread 9" [_thread_blocked, id=12508, stack(0x0000003259b00000,0x0000003259c00000)]
  0x00000140486b2440 JavaThread "Unconstrained build operations Thread 10" [_thread_blocked, id=12664, stack(0x0000003259c00000,0x0000003259d00000)]
  0x00000140486b6100 JavaThread "Unconstrained build operations Thread 11" [_thread_blocked, id=11848, stack(0x0000003259d00000,0x0000003259e00000)]
  0x00000140486b2950 JavaThread "Unconstrained build operations Thread 12" [_thread_blocked, id=3288, stack(0x0000003259e00000,0x0000003259f00000)]
  0x00000140486b6610 JavaThread "build event listener" [_thread_blocked, id=3720, stack(0x0000003259f00000,0x000000325a000000)]
  0x00000140486b6b20 JavaThread "Problems report writer" [_thread_blocked, id=3076, stack(0x000000325a000000,0x000000325a100000)]
  0x00000140486b7030 JavaThread "Unconstrained build operations Thread 13" [_thread_blocked, id=10356, stack(0x000000325a100000,0x000000325a200000)]
  0x00000140486b7540 JavaThread "Unconstrained build operations Thread 14" [_thread_blocked, id=5112, stack(0x000000325a200000,0x000000325a300000)]
  0x0000014047e4bec0 JavaThread "Unconstrained build operations Thread 15" [_thread_blocked, id=12108, stack(0x0000003257900000,0x0000003257a00000)]
  0x0000014047e4d810 JavaThread "Unconstrained build operations Thread 16" [_thread_blocked, id=13044, stack(0x0000003257b00000,0x0000003257c00000)]
  0x0000014047e4a570 JavaThread "Unconstrained build operations Thread 17" [_thread_blocked, id=10480, stack(0x000000325a300000,0x000000325a400000)]
  0x0000014047e4b4a0 JavaThread "Unconstrained build operations Thread 18" [_thread_blocked, id=11768, stack(0x000000325a500000,0x000000325a600000)]
  0x0000014047e4b9b0 JavaThread "Unconstrained build operations Thread 19" [_thread_blocked, id=9840, stack(0x000000325a600000,0x000000325a700000)]
  0x0000014047e4a060 JavaThread "Unconstrained build operations Thread 20" [_thread_blocked, id=13084, stack(0x000000325a700000,0x000000325a800000)]
  0x0000014041ce9200 JavaThread "pool-6-thread-1" [_thread_blocked, id=5468, stack(0x000000325a800000,0x000000325a900000)]
  0x0000014041ce9c20 JavaThread "build event listener" [_thread_blocked, id=3900, stack(0x000000325a900000,0x000000325aa00000)]
  0x0000014041cea130 JavaThread "Cache worker for execution history cache (C:\vtT\ChatbotApp\android\.gradle\8.12\executionHistory)" [_thread_blocked, id=5244, stack(0x000000325aa00000,0x000000325ab00000)]
  0x000001404656db80 JavaThread "WorkerExecutor Queue Thread 2" [_thread_blocked, id=10068, stack(0x000000325af00000,0x000000325b000000)]
  0x00000140525172e0 JavaThread "Cache worker for Java compile cache (C:\Users\Fahad Computer\.gradle\caches\8.12\javaCompile)" [_thread_blocked, id=7940, stack(0x000000325ae00000,0x000000325af00000)]
  0x000001405251a580 JavaThread "Build operations" [_thread_blocked, id=2000, stack(0x000000325b000000,0x000000325b100000)]
  0x000001405251aa90 JavaThread "RMI Scheduler(0)" daemon [_thread_blocked, id=13284, stack(0x000000325b100000,0x000000325b200000)]
  0x000001404656eab0 JavaThread "RMI GC Daemon" daemon [_thread_blocked, id=13688, stack(0x000000325b300000,0x000000325b400000)]
  0x0000014052f92570 JavaThread "RMI TCP Accept-0" daemon [_thread_in_native, id=11652, stack(0x000000325b400000,0x000000325b500000)]
  0x0000014052f95d20 JavaThread "RMI Reaper" [_thread_blocked, id=7280, stack(0x000000325b500000,0x000000325b600000)]
  0x0000014052f97b80 JavaThread "Build operations Thread 2" [_thread_blocked, id=3392, stack(0x000000325b700000,0x000000325b800000)]
  0x0000014052f985a0 JavaThread "RMI TCP Connection(idle)" daemon [_thread_blocked, id=6080, stack(0x000000325bb00000,0x000000325bc00000)]
  0x0000014052515ea0 JavaThread "WorkerExecutor Queue Thread 6" [_thread_in_native, id=13696, stack(0x000000325b600000,0x000000325b700000)]
  0x0000014052516dd0 JavaThread "RMI RenewClean-[127.0.0.1:17911,org.jetbrains.kotlin.daemon.common.LoopbackNetworkInterface$ClientLoopbackSocketFactory@1f5a6ee5]" daemon [_thread_blocked, id=6604, stack(0x0000003259200000,0x0000003259300000)]
  0x0000014052f97160 JavaThread "RMI TCP Connection(idle)" daemon [_thread_blocked, id=13760, stack(0x000000325ab00000,0x000000325ac00000)]
  0x0000014052f939b0 JavaThread "RMI TCP Connection(idle)" daemon [_thread_blocked, id=716, stack(0x000000325ac00000,0x000000325ad00000)]

Other Threads:
=>0x0000013fdc9ec7c0 VMThread "VM Thread" [stack: 0x0000003256600000,0x0000003256700000] [id=10476]
  0x00000140412c1830 WatcherThread [stack: 0x0000003257200000,0x0000003257300000] [id=9908]
  0x0000013ffdad8150 GCTaskThread "GC Thread#0" [stack: 0x0000003256100000,0x0000003256200000] [id=5560]
  0x0000014046456fe0 GCTaskThread "GC Thread#1" [stack: 0x0000003257300000,0x0000003257400000] [id=13012]
  0x0000013ffdae8fb0 ConcurrentGCThread "G1 Main Marker" [stack: 0x0000003256200000,0x0000003256300000] [id=6968]
  0x0000013ffdae98d0 ConcurrentGCThread "G1 Conc#0" [stack: 0x0000003256300000,0x0000003256400000] [id=13564]
  0x0000013fdc92a270 ConcurrentGCThread "G1 Refine#0" [stack: 0x0000003256400000,0x0000003256500000] [id=9476]
  0x0000014047a81320 ConcurrentGCThread "G1 Refine#1" [stack: 0x0000003259000000,0x0000003259100000] [id=3172]
  0x0000013fdc92bac0 ConcurrentGCThread "G1 Service" [stack: 0x0000003256500000,0x0000003256600000] [id=10372]

Threads with active compile tasks:
C2 CompilerThread0  1267174 38513       4       com.android.tools.r8.internal.tA::a (595 bytes)

VM state: at safepoint (normal execution)

VM Mutex/Monitor currently owned by a thread:  ([mutex/lock_event])
[0x0000013ffda29ce0] Threads_lock - owner thread: 0x0000013fdc9ec7c0
[0x0000013ffda286f0] Heap_lock - owner thread: 0x00000140486b47b0

Heap address: 0x0000000600000000, size: 8192 MB, Compressed Oops mode: Zero based, Oop shift amount: 3

CDS archive(s) mapped at: [0x0000014000000000-0x0000014000bd0000-0x0000014000bd0000), size 12386304, SharedBaseAddress: 0x0000014000000000, ArchiveRelocationMode: 1.
Compressed class space mapped at: 0x0000014001000000-0x0000014041000000, reserved size: 1073741824
Narrow klass base: 0x0000014000000000, Narrow klass shift: 0, Narrow klass range: 0x100000000

GC Precious Log:
 CPUs: 2 total, 2 available
 Memory: 3918M
 Large Page Support: Disabled
 NUMA Support: Disabled
 Compressed Oops: Enabled (Zero based)
 Heap Region Size: 4M
 Heap Min Capacity: 1G
 Heap Initial Capacity: 1G
 Heap Max Capacity: 8G
 Pre-touch: Disabled
 Parallel Workers: 2
 Concurrent Workers: 1
 Concurrent Refinement Workers: 2
 Periodic GC: Disabled

Heap:
 garbage-first heap   total 1261568K, used 383459K [0x0000000600000000, 0x0000000800000000)
  region size 4096K, 1 young (4096K), 1 survivors (4096K)
 Metaspace       used 173527K, committed 175872K, reserved 1245184K
  class space    used 22482K, committed 23552K, reserved 1048576K

Heap Regions: E=young(eden), S=young(survivor), O=old, HS=humongous(starts), HC=humongous(continues), CS=collection set, F=free, OA=open archive, CA=closed archive, TAMS=top-at-mark-start (previous, next)
|   0|0x0000000600000000, 0x0000000600400000, 0x0000000600400000|100%|HS|  |TAMS 0x0000000600400000, 0x0000000600000000| Complete 
|   1|0x0000000600400000, 0x0000000600800000, 0x0000000600800000|100%| O|  |TAMS 0x0000000600800000, 0x0000000600400000| Untracked 
|   2|0x0000000600800000, 0x0000000600c00000, 0x0000000600c00000|100%| O|  |TAMS 0x0000000600c00000, 0x0000000600800000| Untracked 
|   3|0x0000000600c00000, 0x0000000601000000, 0x0000000601000000|100%| O|  |TAMS 0x0000000601000000, 0x0000000600c00000| Untracked 
|   4|0x0000000601000000, 0x0000000601400000, 0x0000000601400000|100%| O|  |TAMS 0x0000000601400000, 0x0000000601000000| Untracked 
|   5|0x0000000601400000, 0x0000000601800000, 0x0000000601800000|100%| O|  |TAMS 0x0000000601800000, 0x0000000601400000| Untracked 
|   6|0x0000000601800000, 0x0000000601c00000, 0x0000000601c00000|100%|HS|  |TAMS 0x0000000601c00000, 0x0000000601800000| Complete 
|   7|0x0000000601c00000, 0x0000000602000000, 0x0000000602000000|100%| O|  |TAMS 0x0000000602000000, 0x0000000601c00000| Untracked 
|   8|0x0000000602000000, 0x0000000602400000, 0x0000000602400000|100%| O|  |TAMS 0x0000000602400000, 0x0000000602000000| Untracked 
|   9|0x0000000602400000, 0x0000000602800000, 0x0000000602800000|100%| O|  |TAMS 0x0000000602800000, 0x0000000602400000| Untracked 
|  10|0x0000000602800000, 0x0000000602c00000, 0x0000000602c00000|100%| O|  |TAMS 0x0000000602c00000, 0x0000000602800000| Untracked 
|  11|0x0000000602c00000, 0x0000000603000000, 0x0000000603000000|100%| O|  |TAMS 0x0000000603000000, 0x0000000602c00000| Untracked 
|  12|0x0000000603000000, 0x0000000603400000, 0x0000000603400000|100%| O|  |TAMS 0x0000000603400000, 0x0000000603000000| Untracked 
|  13|0x0000000603400000, 0x0000000603800000, 0x0000000603800000|100%|HS|  |TAMS 0x0000000603800000, 0x0000000603400000| Complete 
|  14|0x0000000603800000, 0x0000000603c00000, 0x0000000603c00000|100%| O|  |TAMS 0x0000000603c00000, 0x0000000603800000| Untracked 
|  15|0x0000000603c00000, 0x0000000604000000, 0x0000000604000000|100%| O|  |TAMS 0x0000000604000000, 0x0000000603c00000| Untracked 
|  16|0x0000000604000000, 0x0000000604400000, 0x0000000604400000|100%| O|  |TAMS 0x0000000604400000, 0x0000000604000000| Untracked 
|  17|0x0000000604400000, 0x0000000604800000, 0x0000000604800000|100%| O|  |TAMS 0x0000000604800000, 0x0000000604400000| Untracked 
|  18|0x0000000604800000, 0x0000000604c00000, 0x0000000604c00000|100%| O|  |TAMS 0x0000000604c00000, 0x0000000604800000| Complete 
|  19|0x0000000604c00000, 0x0000000604c00000, 0x0000000605000000|  0%| F|  |TAMS 0x0000000604c00000, 0x0000000604c00000| Untracked 
|  20|0x0000000605000000, 0x0000000605400000, 0x0000000605400000|100%| O|  |TAMS 0x0000000605400000, 0x0000000605000000| Untracked 
|  21|0x0000000605400000, 0x0000000605800000, 0x0000000605800000|100%| O|  |TAMS 0x0000000605800000, 0x0000000605400000| Untracked 
|  22|0x0000000605800000, 0x0000000605c00000, 0x0000000605c00000|100%| O|  |TAMS 0x0000000605c00000, 0x0000000605800000| Untracked 
|  23|0x0000000605c00000, 0x0000000606000000, 0x0000000606000000|100%| O|  |TAMS 0x0000000606000000, 0x0000000605c00000| Untracked 
|  24|0x0000000606000000, 0x0000000606400000, 0x0000000606400000|100%| O|  |TAMS 0x0000000606400000, 0x0000000606000000| Untracked 
|  25|0x0000000606400000, 0x0000000606800000, 0x0000000606800000|100%| O|  |TAMS 0x0000000606800000, 0x0000000606400000| Untracked 
|  26|0x0000000606800000, 0x0000000606c00000, 0x0000000606c00000|100%| O|  |TAMS 0x0000000606c00000, 0x0000000606800000| Untracked 
|  27|0x0000000606c00000, 0x0000000607000000, 0x0000000607000000|100%| O|  |TAMS 0x0000000607000000, 0x0000000606c00000| Untracked 
|  28|0x0000000607000000, 0x0000000607400000, 0x0000000607400000|100%| O|  |TAMS 0x0000000607400000, 0x0000000607000000| Untracked 
|  29|0x0000000607400000, 0x0000000607800000, 0x0000000607800000|100%| O|  |TAMS 0x0000000607800000, 0x0000000607400000| Untracked 
|  30|0x0000000607800000, 0x0000000607c00000, 0x0000000607c00000|100%| O|  |TAMS 0x0000000607c00000, 0x0000000607800000| Untracked 
|  31|0x0000000607c00000, 0x0000000608000000, 0x0000000608000000|100%| O|  |TAMS 0x0000000608000000, 0x0000000607c00000| Untracked 
|  32|0x0000000608000000, 0x0000000608400000, 0x0000000608400000|100%| O|  |TAMS 0x0000000608400000, 0x0000000608000000| Untracked 
|  33|0x0000000608400000, 0x0000000608800000, 0x0000000608800000|100%| O|  |TAMS 0x0000000608800000, 0x0000000608400000| Untracked 
|  34|0x0000000608800000, 0x0000000608c00000, 0x0000000608c00000|100%| O|  |TAMS 0x0000000608c00000, 0x0000000608800000| Untracked 
|  35|0x0000000608c00000, 0x0000000609000000, 0x0000000609000000|100%| O|  |TAMS 0x0000000609000000, 0x0000000608c00000| Untracked 
|  36|0x0000000609000000, 0x0000000609400000, 0x0000000609400000|100%| O|  |TAMS 0x0000000609400000, 0x0000000609000000| Untracked 
|  37|0x0000000609400000, 0x0000000609800000, 0x0000000609800000|100%| O|  |TAMS 0x0000000609800000, 0x0000000609400000| Untracked 
|  38|0x0000000609800000, 0x0000000609c00000, 0x0000000609c00000|100%| O|  |TAMS 0x0000000609800000, 0x0000000609800000| Untracked 
|  39|0x0000000609c00000, 0x000000060a000000, 0x000000060a000000|100%| O|  |TAMS 0x000000060a000000, 0x0000000609c00000| Untracked 
|  40|0x000000060a000000, 0x000000060a000000, 0x000000060a400000|  0%| F|  |TAMS 0x000000060a000000, 0x000000060a000000| Untracked 
|  41|0x000000060a400000, 0x000000060a800000, 0x000000060a800000|100%| O|  |TAMS 0x000000060a800000, 0x000000060a400000| Untracked 
|  42|0x000000060a800000, 0x000000060ac00000, 0x000000060ac00000|100%| O|  |TAMS 0x000000060ac00000, 0x000000060a800000| Untracked 
|  43|0x000000060ac00000, 0x000000060b000000, 0x000000060b000000|100%| O|  |TAMS 0x000000060b000000, 0x000000060ac00000| Untracked 
|  44|0x000000060b000000, 0x000000060b400000, 0x000000060b400000|100%| O|  |TAMS 0x000000060b400000, 0x000000060b000000| Untracked 
|  45|0x000000060b400000, 0x000000060b800000, 0x000000060b800000|100%| O|  |TAMS 0x000000060b400000, 0x000000060b400000| Untracked 
|  46|0x000000060b800000, 0x000000060bc00000, 0x000000060bc00000|100%| O|  |TAMS 0x000000060bc00000, 0x000000060b800000| Untracked 
|  47|0x000000060bc00000, 0x000000060c000000, 0x000000060c000000|100%| O|  |TAMS 0x000000060c000000, 0x000000060bc00000| Untracked 
|  48|0x000000060c000000, 0x000000060c400000, 0x000000060c400000|100%| O|  |TAMS 0x000000060c400000, 0x000000060c000000| Untracked 
|  49|0x000000060c400000, 0x000000060c800000, 0x000000060c800000|100%| O|  |TAMS 0x000000060c400000, 0x000000060c400000| Untracked 
|  50|0x000000060c800000, 0x000000060cc00000, 0x000000060cc00000|100%| O|  |TAMS 0x000000060cc00000, 0x000000060c800000| Untracked 
|  51|0x000000060cc00000, 0x000000060cfffc00, 0x000000060d000000| 99%| O|  |TAMS 0x000000060cc00000, 0x000000060cc00000| Untracked 
|  52|0x000000060d000000, 0x000000060d000000, 0x000000060d400000|  0%| F|  |TAMS 0x000000060d000000, 0x000000060d000000| Untracked 
|  53|0x000000060d400000, 0x000000060d400000, 0x000000060d800000|  0%| F|  |TAMS 0x000000060d400000, 0x000000060d400000| Untracked 
|  54|0x000000060d800000, 0x000000060dc00000, 0x000000060dc00000|100%| O|  |TAMS 0x000000060dc00000, 0x000000060d800000| Untracked 
|  55|0x000000060dc00000, 0x000000060e000000, 0x000000060e000000|100%| O|  |TAMS 0x000000060e000000, 0x000000060dc00000| Untracked 
|  56|0x000000060e000000, 0x000000060e400000, 0x000000060e400000|100%| O|  |TAMS 0x000000060e400000, 0x000000060e000000| Untracked 
|  57|0x000000060e400000, 0x000000060e800000, 0x000000060e800000|100%| O|  |TAMS 0x000000060e800000, 0x000000060e400000| Untracked 
|  58|0x000000060e800000, 0x000000060ec00000, 0x000000060ec00000|100%| O|  |TAMS 0x000000060ec00000, 0x000000060e800000| Untracked 
|  59|0x000000060ec00000, 0x000000060ec00000, 0x000000060f000000|  0%| F|  |TAMS 0x000000060ec00000, 0x000000060ec00000| Untracked 
|  60|0x000000060f000000, 0x000000060f400000, 0x000000060f400000|100%| O|  |TAMS 0x000000060f400000, 0x000000060f000000| Untracked 
|  61|0x000000060f400000, 0x000000060f800000, 0x000000060f800000|100%| O|  |TAMS 0x000000060f800000, 0x000000060f400000| Untracked 
|  62|0x000000060f800000, 0x000000060fc00000, 0x000000060fc00000|100%| O|  |TAMS 0x000000060fc00000, 0x000000060f800000| Untracked 
|  63|0x000000060fc00000, 0x0000000610000000, 0x0000000610000000|100%| O|  |TAMS 0x0000000610000000, 0x000000060fc00000| Untracked 
|  64|0x0000000610000000, 0x0000000610400000, 0x0000000610400000|100%| O|  |TAMS 0x0000000610400000, 0x0000000610000000| Untracked 
|  65|0x0000000610400000, 0x0000000610800000, 0x0000000610800000|100%| O|  |TAMS 0x0000000610800000, 0x0000000610400000| Untracked 
|  66|0x0000000610800000, 0x0000000610c00000, 0x0000000610c00000|100%| O|  |TAMS 0x0000000610c00000, 0x0000000610800000| Untracked 
|  67|0x0000000610c00000, 0x0000000611000000, 0x0000000611000000|100%| O|  |TAMS 0x0000000611000000, 0x0000000610c00000| Untracked 
|  68|0x0000000611000000, 0x0000000611400000, 0x0000000611400000|100%| O|  |TAMS 0x0000000611400000, 0x0000000611000000| Untracked 
|  69|0x0000000611400000, 0x0000000611800000, 0x0000000611800000|100%| O|  |TAMS 0x0000000611800000, 0x0000000611400000| Untracked 
|  70|0x0000000611800000, 0x0000000611c00000, 0x0000000611c00000|100%| O|  |TAMS 0x0000000611c00000, 0x0000000611800000| Untracked 
|  71|0x0000000611c00000, 0x0000000612000000, 0x0000000612000000|100%| O|  |TAMS 0x0000000612000000, 0x0000000611c00000| Untracked 
|  72|0x0000000612000000, 0x0000000612400000, 0x0000000612400000|100%| O|  |TAMS 0x0000000612400000, 0x0000000612000000| Untracked 
|  73|0x0000000612400000, 0x0000000612800000, 0x0000000612800000|100%| O|  |TAMS 0x0000000612800000, 0x0000000612400000| Untracked 
|  74|0x0000000612800000, 0x0000000612c00000, 0x0000000612c00000|100%| O|  |TAMS 0x0000000612c00000, 0x0000000612800000| Untracked 
|  75|0x0000000612c00000, 0x0000000613000000, 0x0000000613000000|100%| O|  |TAMS 0x0000000613000000, 0x0000000612c00000| Untracked 
|  76|0x0000000613000000, 0x0000000613400000, 0x0000000613400000|100%| O|  |TAMS 0x0000000613400000, 0x0000000613000000| Untracked 
|  77|0x0000000613400000, 0x0000000613800000, 0x0000000613800000|100%| O|  |TAMS 0x0000000613400000, 0x0000000613400000| Untracked 
|  78|0x0000000613800000, 0x0000000613c00000, 0x0000000613c00000|100%| O|  |TAMS 0x0000000613c00000, 0x0000000613800000| Untracked 
|  79|0x0000000613c00000, 0x0000000614000000, 0x0000000614000000|100%| O|  |TAMS 0x0000000614000000, 0x0000000613c00000| Untracked 
|  80|0x0000000614000000, 0x0000000614400000, 0x0000000614400000|100%| O|  |TAMS 0x0000000614000000, 0x0000000614000000| Untracked 
|  81|0x0000000614400000, 0x0000000614800000, 0x0000000614800000|100%| O|  |TAMS 0x0000000614400000, 0x0000000614400000| Untracked 
|  82|0x0000000614800000, 0x0000000614c00000, 0x0000000614c00000|100%| O|  |TAMS 0x0000000614800000, 0x0000000614800000| Untracked 
|  83|0x0000000614c00000, 0x0000000615000000, 0x0000000615000000|100%| O|  |TAMS 0x0000000614c00000, 0x0000000614c00000| Untracked 
|  84|0x0000000615000000, 0x0000000615400000, 0x0000000615400000|100%| O|  |TAMS 0x0000000615400000, 0x0000000615000000| Untracked 
|  85|0x0000000615400000, 0x0000000615400000, 0x0000000615800000|  0%| F|  |TAMS 0x0000000615400000, 0x0000000615400000| Untracked 
|  86|0x0000000615800000, 0x0000000615c00000, 0x0000000615c00000|100%| O|  |TAMS 0x0000000615800000, 0x0000000615800000| Untracked 
|  87|0x0000000615c00000, 0x0000000615c00000, 0x0000000616000000|  0%| F|  |TAMS 0x0000000615c00000, 0x0000000615c00000| Untracked 
|  88|0x0000000616000000, 0x0000000616000000, 0x0000000616400000|  0%| F|  |TAMS 0x0000000616000000, 0x0000000616000000| Untracked 
|  89|0x0000000616400000, 0x0000000616400000, 0x0000000616800000|  0%| F|  |TAMS 0x0000000616400000, 0x0000000616400000| Untracked 
|  90|0x0000000616800000, 0x0000000616800000, 0x0000000616c00000|  0%| F|  |TAMS 0x0000000616800000, 0x0000000616800000| Untracked 
|  91|0x0000000616c00000, 0x0000000617000000, 0x0000000617000000|100%| O|  |TAMS 0x0000000617000000, 0x0000000616c00000| Untracked 
|  92|0x0000000617000000, 0x0000000617000000, 0x0000000617400000|  0%| F|  |TAMS 0x0000000617000000, 0x0000000617000000| Untracked 
|  93|0x0000000617400000, 0x0000000617400000, 0x0000000617800000|  0%| F|  |TAMS 0x0000000617400000, 0x0000000617400000| Untracked 
|  94|0x0000000617800000, 0x0000000617c00000, 0x0000000617c00000|100%| O|  |TAMS 0x0000000617c00000, 0x0000000617800000| Untracked 
|  95|0x0000000617c00000, 0x0000000617c00000, 0x0000000618000000|  0%| F|  |TAMS 0x0000000617c00000, 0x0000000617c00000| Untracked 
|  96|0x0000000618000000, 0x0000000618000000, 0x0000000618400000|  0%| F|  |TAMS 0x0000000618000000, 0x0000000618000000| Untracked 
|  97|0x0000000618400000, 0x0000000618400000, 0x0000000618800000|  0%| F|  |TAMS 0x0000000618400000, 0x0000000618400000| Untracked 
|  98|0x0000000618800000, 0x0000000618c00000, 0x0000000618c00000|100%| O|  |TAMS 0x0000000618c00000, 0x0000000618800000| Untracked 
|  99|0x0000000618c00000, 0x0000000618c00000, 0x0000000619000000|  0%| F|  |TAMS 0x0000000618c00000, 0x0000000618c00000| Untracked 
| 100|0x0000000619000000, 0x0000000619000000, 0x0000000619400000|  0%| F|  |TAMS 0x0000000619000000, 0x0000000619000000| Untracked 
| 101|0x0000000619400000, 0x0000000619800000, 0x0000000619800000|100%| O|  |TAMS 0x0000000619800000, 0x0000000619400000| Untracked 
| 102|0x0000000619800000, 0x0000000619c00000, 0x0000000619c00000|100%| O|  |TAMS 0x0000000619c00000, 0x0000000619800000| Untracked 
| 103|0x0000000619c00000, 0x0000000619c00000, 0x000000061a000000|  0%| F|  |TAMS 0x0000000619c00000, 0x0000000619c00000| Untracked 
| 104|0x000000061a000000, 0x000000061a000000, 0x000000061a400000|  0%| F|  |TAMS 0x000000061a000000, 0x000000061a000000| Untracked 
| 105|0x000000061a400000, 0x000000061a400000, 0x000000061a800000|  0%| F|  |TAMS 0x000000061a400000, 0x000000061a400000| Untracked 
| 106|0x000000061a800000, 0x000000061a800000, 0x000000061ac00000|  0%| F|  |TAMS 0x000000061a800000, 0x000000061a800000| Untracked 
| 107|0x000000061ac00000, 0x000000061ac00000, 0x000000061b000000|  0%| F|  |TAMS 0x000000061ac00000, 0x000000061ac00000| Untracked 
| 108|0x000000061b000000, 0x000000061b000000, 0x000000061b400000|  0%| F|  |TAMS 0x000000061b000000, 0x000000061b000000| Untracked 
| 109|0x000000061b400000, 0x000000061b400000, 0x000000061b800000|  0%| F|  |TAMS 0x000000061b400000, 0x000000061b400000| Untracked 
| 110|0x000000061b800000, 0x000000061b800000, 0x000000061bc00000|  0%| F|  |TAMS 0x000000061b800000, 0x000000061b800000| Untracked 
| 111|0x000000061bc00000, 0x000000061bc00000, 0x000000061c000000|  0%| F|  |TAMS 0x000000061bc00000, 0x000000061bc00000| Untracked 
| 112|0x000000061c000000, 0x000000061c000000, 0x000000061c400000|  0%| F|  |TAMS 0x000000061c000000, 0x000000061c000000| Untracked 
| 113|0x000000061c400000, 0x000000061c400000, 0x000000061c800000|  0%| F|  |TAMS 0x000000061c400000, 0x000000061c400000| Untracked 
| 114|0x000000061c800000, 0x000000061c800000, 0x000000061cc00000|  0%| F|  |TAMS 0x000000061c800000, 0x000000061c800000| Untracked 
| 115|0x000000061cc00000, 0x000000061cc00000, 0x000000061d000000|  0%| F|  |TAMS 0x000000061cc00000, 0x000000061cc00000| Untracked 
| 116|0x000000061d000000, 0x000000061d000000, 0x000000061d400000|  0%| F|  |TAMS 0x000000061d000000, 0x000000061d000000| Untracked 
| 117|0x000000061d400000, 0x000000061d400000, 0x000000061d800000|  0%| F|  |TAMS 0x000000061d400000, 0x000000061d400000| Untracked 
| 118|0x000000061d800000, 0x000000061d800000, 0x000000061dc00000|  0%| F|  |TAMS 0x000000061d800000, 0x000000061d800000| Untracked 
| 119|0x000000061dc00000, 0x000000061dc00000, 0x000000061e000000|  0%| F|  |TAMS 0x000000061dc00000, 0x000000061dc00000| Untracked 
| 120|0x000000061e000000, 0x000000061e000000, 0x000000061e400000|  0%| F|  |TAMS 0x000000061e000000, 0x000000061e000000| Untracked 
| 121|0x000000061e400000, 0x000000061e400000, 0x000000061e800000|  0%| F|  |TAMS 0x000000061e400000, 0x000000061e400000| Untracked 
| 122|0x000000061e800000, 0x000000061e800000, 0x000000061ec00000|  0%| F|  |TAMS 0x000000061e800000, 0x000000061e800000| Untracked 
| 123|0x000000061ec00000, 0x000000061ec00000, 0x000000061f000000|  0%| F|  |TAMS 0x000000061ec00000, 0x000000061ec00000| Untracked 
| 124|0x000000061f000000, 0x000000061f000000, 0x000000061f400000|  0%| F|  |TAMS 0x000000061f000000, 0x000000061f000000| Untracked 
| 125|0x000000061f400000, 0x000000061f400000, 0x000000061f800000|  0%| F|  |TAMS 0x000000061f400000, 0x000000061f400000| Untracked 
| 126|0x000000061f800000, 0x000000061f800000, 0x000000061fc00000|  0%| F|  |TAMS 0x000000061f800000, 0x000000061f800000| Untracked 
| 127|0x000000061fc00000, 0x000000061fc00000, 0x0000000620000000|  0%| F|  |TAMS 0x000000061fc00000, 0x000000061fc00000| Untracked 
| 128|0x0000000620000000, 0x0000000620000000, 0x0000000620400000|  0%| F|  |TAMS 0x0000000620000000, 0x0000000620000000| Untracked 
| 129|0x0000000620400000, 0x0000000620800000, 0x0000000620800000|100%| O|  |TAMS 0x0000000620800000, 0x0000000620400000| Untracked 
| 130|0x0000000620800000, 0x0000000620c00000, 0x0000000620c00000|100%| O|  |TAMS 0x0000000620c00000, 0x0000000620800000| Untracked 
| 131|0x0000000620c00000, 0x0000000621000000, 0x0000000621000000|100%| O|  |TAMS 0x0000000621000000, 0x0000000620c00000| Untracked 
| 132|0x0000000621000000, 0x0000000621400000, 0x0000000621400000|100%| O|  |TAMS 0x0000000621400000, 0x0000000621000000| Untracked 
| 133|0x0000000621400000, 0x0000000621800000, 0x0000000621800000|100%| O|  |TAMS 0x00000006216fc008, 0x0000000621400000| Untracked 
| 134|0x0000000621800000, 0x0000000621c00000, 0x0000000621c00000|100%| O|  |TAMS 0x0000000621800000, 0x0000000621800000| Untracked 
| 135|0x0000000621c00000, 0x0000000622000000, 0x0000000622000000|100%| O|  |TAMS 0x0000000621c00000, 0x0000000621c00000| Untracked 
| 136|0x0000000622000000, 0x0000000622000000, 0x0000000622400000|  0%| F|  |TAMS 0x0000000622000000, 0x0000000622000000| Untracked 
| 137|0x0000000622400000, 0x0000000622400000, 0x0000000622800000|  0%| F|  |TAMS 0x0000000622400000, 0x0000000622400000| Untracked 
| 138|0x0000000622800000, 0x0000000622800000, 0x0000000622c00000|  0%| F|  |TAMS 0x0000000622800000, 0x0000000622800000| Untracked 
| 139|0x0000000622c00000, 0x0000000622c00000, 0x0000000623000000|  0%| F|  |TAMS 0x0000000622c00000, 0x0000000622c00000| Untracked 
| 140|0x0000000623000000, 0x0000000623000000, 0x0000000623400000|  0%| F|  |TAMS 0x0000000623000000, 0x0000000623000000| Untracked 
| 141|0x0000000623400000, 0x0000000623400000, 0x0000000623800000|  0%| F|  |TAMS 0x0000000623400000, 0x0000000623400000| Untracked 
| 142|0x0000000623800000, 0x0000000623800000, 0x0000000623c00000|  0%| F|  |TAMS 0x0000000623800000, 0x0000000623800000| Untracked 
| 143|0x0000000623c00000, 0x0000000623c00000, 0x0000000624000000|  0%| F|  |TAMS 0x0000000623c00000, 0x0000000623c00000| Untracked 
| 144|0x0000000624000000, 0x0000000624000000, 0x0000000624400000|  0%| F|  |TAMS 0x0000000624000000, 0x0000000624000000| Untracked 
| 145|0x0000000624400000, 0x0000000624400000, 0x0000000624800000|  0%| F|  |TAMS 0x0000000624400000, 0x0000000624400000| Untracked 
| 146|0x0000000624800000, 0x0000000624800000, 0x0000000624c00000|  0%| F|  |TAMS 0x0000000624800000, 0x0000000624800000| Untracked 
| 147|0x0000000624c00000, 0x0000000624c00000, 0x0000000625000000|  0%| F|  |TAMS 0x0000000624c00000, 0x0000000624c00000| Untracked 
| 148|0x0000000625000000, 0x0000000625000000, 0x0000000625400000|  0%| F|  |TAMS 0x0000000625000000, 0x0000000625000000| Untracked 
| 149|0x0000000625400000, 0x0000000625400000, 0x0000000625800000|  0%| F|  |TAMS 0x0000000625400000, 0x0000000625400000| Untracked 
| 150|0x0000000625800000, 0x0000000625800000, 0x0000000625c00000|  0%| F|  |TAMS 0x0000000625800000, 0x0000000625800000| Untracked 
| 151|0x0000000625c00000, 0x0000000625c00000, 0x0000000626000000|  0%| F|  |TAMS 0x0000000625c00000, 0x0000000625c00000| Untracked 
| 152|0x0000000626000000, 0x0000000626000000, 0x0000000626400000|  0%| F|  |TAMS 0x0000000626000000, 0x0000000626000000| Untracked 
| 153|0x0000000626400000, 0x0000000626400000, 0x0000000626800000|  0%| F|  |TAMS 0x0000000626400000, 0x0000000626400000| Untracked 
| 154|0x0000000626800000, 0x0000000626800000, 0x0000000626c00000|  0%| F|  |TAMS 0x0000000626800000, 0x0000000626800000| Untracked 
| 155|0x0000000626c00000, 0x0000000626c00000, 0x0000000627000000|  0%| F|  |TAMS 0x0000000626c00000, 0x0000000626c00000| Untracked 
| 156|0x0000000627000000, 0x0000000627000000, 0x0000000627400000|  0%| F|  |TAMS 0x0000000627000000, 0x0000000627000000| Untracked 
| 157|0x0000000627400000, 0x0000000627400000, 0x0000000627800000|  0%| F|  |TAMS 0x0000000627400000, 0x0000000627400000| Untracked 
| 158|0x0000000627800000, 0x0000000627800000, 0x0000000627c00000|  0%| F|  |TAMS 0x0000000627800000, 0x0000000627800000| Untracked 
| 159|0x0000000627c00000, 0x0000000627c00000, 0x0000000628000000|  0%| F|  |TAMS 0x0000000627c00000, 0x0000000627c00000| Untracked 
| 160|0x0000000628000000, 0x0000000628000000, 0x0000000628400000|  0%| F|  |TAMS 0x0000000628000000, 0x0000000628000000| Untracked 
| 161|0x0000000628400000, 0x0000000628400000, 0x0000000628800000|  0%| F|  |TAMS 0x0000000628400000, 0x0000000628400000| Untracked 
| 162|0x0000000628800000, 0x0000000628800000, 0x0000000628c00000|  0%| F|  |TAMS 0x0000000628800000, 0x0000000628800000| Untracked 
| 163|0x0000000628c00000, 0x0000000628c00000, 0x0000000629000000|  0%| F|  |TAMS 0x0000000628c00000, 0x0000000628c00000| Untracked 
| 164|0x0000000629000000, 0x0000000629000000, 0x0000000629400000|  0%| F|  |TAMS 0x0000000629000000, 0x0000000629000000| Untracked 
| 165|0x0000000629400000, 0x0000000629400000, 0x0000000629800000|  0%| F|  |TAMS 0x0000000629400000, 0x0000000629400000| Untracked 
| 166|0x0000000629800000, 0x0000000629800000, 0x0000000629c00000|  0%| F|  |TAMS 0x0000000629800000, 0x0000000629800000| Untracked 
| 167|0x0000000629c00000, 0x0000000629c00000, 0x000000062a000000|  0%| F|  |TAMS 0x0000000629c00000, 0x0000000629c00000| Untracked 
| 168|0x000000062a000000, 0x000000062a000000, 0x000000062a400000|  0%| F|  |TAMS 0x000000062a000000, 0x000000062a000000| Untracked 
| 169|0x000000062a400000, 0x000000062a400000, 0x000000062a800000|  0%| F|  |TAMS 0x000000062a400000, 0x000000062a400000| Untracked 
| 170|0x000000062a800000, 0x000000062a800000, 0x000000062ac00000|  0%| F|  |TAMS 0x000000062a800000, 0x000000062a800000| Untracked 
| 171|0x000000062ac00000, 0x000000062ac00000, 0x000000062b000000|  0%| F|  |TAMS 0x000000062ac00000, 0x000000062ac00000| Untracked 
| 172|0x000000062b000000, 0x000000062b000000, 0x000000062b400000|  0%| F|  |TAMS 0x000000062b000000, 0x000000062b000000| Untracked 
| 173|0x000000062b400000, 0x000000062b400000, 0x000000062b800000|  0%| F|  |TAMS 0x000000062b400000, 0x000000062b400000| Untracked 
| 174|0x000000062b800000, 0x000000062b800000, 0x000000062bc00000|  0%| F|  |TAMS 0x000000062b800000, 0x000000062b800000| Untracked 
| 175|0x000000062bc00000, 0x000000062bc00000, 0x000000062c000000|  0%| F|  |TAMS 0x000000062bc00000, 0x000000062bc00000| Untracked 
| 176|0x000000062c000000, 0x000000062c000000, 0x000000062c400000|  0%| F|  |TAMS 0x000000062c000000, 0x000000062c000000| Untracked 
| 177|0x000000062c400000, 0x000000062c400000, 0x000000062c800000|  0%| F|  |TAMS 0x000000062c400000, 0x000000062c400000| Untracked 
| 178|0x000000062c800000, 0x000000062c800000, 0x000000062cc00000|  0%| F|  |TAMS 0x000000062c800000, 0x000000062c800000| Untracked 
| 179|0x000000062cc00000, 0x000000062cc00000, 0x000000062d000000|  0%| F|  |TAMS 0x000000062cc00000, 0x000000062cc00000| Untracked 
| 180|0x000000062d000000, 0x000000062d000000, 0x000000062d400000|  0%| F|  |TAMS 0x000000062d000000, 0x000000062d000000| Untracked 
| 181|0x000000062d400000, 0x000000062d400000, 0x000000062d800000|  0%| F|  |TAMS 0x000000062d400000, 0x000000062d400000| Untracked 
| 182|0x000000062d800000, 0x000000062d800000, 0x000000062dc00000|  0%| F|  |TAMS 0x000000062d800000, 0x000000062d800000| Untracked 
| 183|0x000000062dc00000, 0x000000062dc00000, 0x000000062e000000|  0%| F|  |TAMS 0x000000062dc00000, 0x000000062dc00000| Untracked 
| 184|0x000000062e000000, 0x000000062e000000, 0x000000062e400000|  0%| F|  |TAMS 0x000000062e000000, 0x000000062e000000| Untracked 
| 185|0x000000062e400000, 0x000000062e400000, 0x000000062e800000|  0%| F|  |TAMS 0x000000062e400000, 0x000000062e400000| Untracked 
| 186|0x000000062e800000, 0x000000062e800000, 0x000000062ec00000|  0%| F|  |TAMS 0x000000062e800000, 0x000000062e800000| Untracked 
| 187|0x000000062ec00000, 0x000000062ec00000, 0x000000062f000000|  0%| F|  |TAMS 0x000000062ec00000, 0x000000062ec00000| Untracked 
| 188|0x000000062f000000, 0x000000062f000000, 0x000000062f400000|  0%| F|  |TAMS 0x000000062f000000, 0x000000062f000000| Untracked 
| 189|0x000000062f400000, 0x000000062f400000, 0x000000062f800000|  0%| F|  |TAMS 0x000000062f400000, 0x000000062f400000| Untracked 
| 190|0x000000062f800000, 0x000000062f800000, 0x000000062fc00000|  0%| F|  |TAMS 0x000000062f800000, 0x000000062f800000| Untracked 
| 191|0x000000062fc00000, 0x000000062fc00000, 0x0000000630000000|  0%| F|  |TAMS 0x000000062fc00000, 0x000000062fc00000| Untracked 
| 192|0x0000000630000000, 0x0000000630000000, 0x0000000630400000|  0%| F|  |TAMS 0x0000000630000000, 0x0000000630000000| Untracked 
| 193|0x0000000630400000, 0x0000000630400000, 0x0000000630800000|  0%| F|  |TAMS 0x0000000630400000, 0x0000000630400000| Untracked 
| 194|0x0000000630800000, 0x0000000630800000, 0x0000000630c00000|  0%| F|  |TAMS 0x0000000630800000, 0x0000000630800000| Untracked 
| 195|0x0000000630c00000, 0x0000000630c00000, 0x0000000631000000|  0%| F|  |TAMS 0x0000000630c00000, 0x0000000630c00000| Untracked 
| 196|0x0000000631000000, 0x0000000631000000, 0x0000000631400000|  0%| F|  |TAMS 0x0000000631000000, 0x0000000631000000| Untracked 
| 197|0x0000000631400000, 0x0000000631400000, 0x0000000631800000|  0%| F|  |TAMS 0x0000000631400000, 0x0000000631400000| Untracked 
| 198|0x0000000631800000, 0x0000000631800000, 0x0000000631c00000|  0%| F|  |TAMS 0x0000000631800000, 0x0000000631800000| Untracked 
| 199|0x0000000631c00000, 0x0000000631c00000, 0x0000000632000000|  0%| F|  |TAMS 0x0000000631c00000, 0x0000000631c00000| Untracked 
| 200|0x0000000632000000, 0x0000000632000000, 0x0000000632400000|  0%| F|  |TAMS 0x0000000632000000, 0x0000000632000000| Untracked 
| 201|0x0000000632400000, 0x0000000632400000, 0x0000000632800000|  0%| F|  |TAMS 0x0000000632400000, 0x0000000632400000| Untracked 
| 202|0x0000000632800000, 0x0000000632800000, 0x0000000632c00000|  0%| F|  |TAMS 0x0000000632800000, 0x0000000632800000| Untracked 
| 203|0x0000000632c00000, 0x0000000632c00000, 0x0000000633000000|  0%| F|  |TAMS 0x0000000632c00000, 0x0000000632c00000| Untracked 
| 204|0x0000000633000000, 0x0000000633000000, 0x0000000633400000|  0%| F|  |TAMS 0x0000000633000000, 0x0000000633000000| Untracked 
| 205|0x0000000633400000, 0x0000000633400000, 0x0000000633800000|  0%| F|  |TAMS 0x0000000633400000, 0x0000000633400000| Untracked 
| 206|0x0000000633800000, 0x0000000633800000, 0x0000000633c00000|  0%| F|  |TAMS 0x0000000633800000, 0x0000000633800000| Untracked 
| 207|0x0000000633c00000, 0x0000000633c00000, 0x0000000634000000|  0%| F|  |TAMS 0x0000000633c00000, 0x0000000633c00000| Untracked 
| 208|0x0000000634000000, 0x0000000634000000, 0x0000000634400000|  0%| F|  |TAMS 0x0000000634000000, 0x0000000634000000| Untracked 
| 209|0x0000000634400000, 0x0000000634400000, 0x0000000634800000|  0%| F|  |TAMS 0x0000000634400000, 0x0000000634400000| Untracked 
| 210|0x0000000634800000, 0x0000000634800000, 0x0000000634c00000|  0%| F|  |TAMS 0x0000000634800000, 0x0000000634800000| Untracked 
| 211|0x0000000634c00000, 0x0000000634c00000, 0x0000000635000000|  0%| F|  |TAMS 0x0000000634c00000, 0x0000000634c00000| Untracked 
| 212|0x0000000635000000, 0x0000000635000000, 0x0000000635400000|  0%| F|  |TAMS 0x0000000635000000, 0x0000000635000000| Untracked 
| 213|0x0000000635400000, 0x0000000635400000, 0x0000000635800000|  0%| F|  |TAMS 0x0000000635400000, 0x0000000635400000| Untracked 
| 214|0x0000000635800000, 0x0000000635800000, 0x0000000635c00000|  0%| F|  |TAMS 0x0000000635800000, 0x0000000635800000| Untracked 
| 215|0x0000000635c00000, 0x0000000635c00000, 0x0000000636000000|  0%| F|  |TAMS 0x0000000635c00000, 0x0000000635c00000| Untracked 
| 216|0x0000000636000000, 0x0000000636000000, 0x0000000636400000|  0%| F|  |TAMS 0x0000000636000000, 0x0000000636000000| Untracked 
| 217|0x0000000636400000, 0x0000000636400000, 0x0000000636800000|  0%| F|  |TAMS 0x0000000636400000, 0x0000000636400000| Untracked 
| 218|0x0000000636800000, 0x0000000636800000, 0x0000000636c00000|  0%| F|  |TAMS 0x0000000636800000, 0x0000000636800000| Untracked 
| 219|0x0000000636c00000, 0x0000000636c00000, 0x0000000637000000|  0%| F|  |TAMS 0x0000000636c00000, 0x0000000636c00000| Untracked 
| 220|0x0000000637000000, 0x0000000637000000, 0x0000000637400000|  0%| F|  |TAMS 0x0000000637000000, 0x0000000637000000| Untracked 
| 221|0x0000000637400000, 0x0000000637400000, 0x0000000637800000|  0%| F|  |TAMS 0x0000000637400000, 0x0000000637400000| Untracked 
| 222|0x0000000637800000, 0x0000000637800000, 0x0000000637c00000|  0%| F|  |TAMS 0x0000000637800000, 0x0000000637800000| Untracked 
| 223|0x0000000637c00000, 0x0000000637c00000, 0x0000000638000000|  0%| F|  |TAMS 0x0000000637c00000, 0x0000000637c00000| Untracked 
| 224|0x0000000638000000, 0x0000000638000000, 0x0000000638400000|  0%| F|  |TAMS 0x0000000638000000, 0x0000000638000000| Untracked 
| 225|0x0000000638400000, 0x0000000638400000, 0x0000000638800000|  0%| F|  |TAMS 0x0000000638400000, 0x0000000638400000| Untracked 
| 226|0x0000000638800000, 0x0000000638800000, 0x0000000638c00000|  0%| F|  |TAMS 0x0000000638800000, 0x0000000638800000| Untracked 
| 227|0x0000000638c00000, 0x0000000638c00000, 0x0000000639000000|  0%| F|  |TAMS 0x0000000638c00000, 0x0000000638c00000| Untracked 
| 228|0x0000000639000000, 0x0000000639000000, 0x0000000639400000|  0%| F|  |TAMS 0x0000000639000000, 0x0000000639000000| Untracked 
| 229|0x0000000639400000, 0x0000000639400000, 0x0000000639800000|  0%| F|  |TAMS 0x0000000639400000, 0x0000000639400000| Untracked 
| 230|0x0000000639800000, 0x0000000639800000, 0x0000000639c00000|  0%| F|  |TAMS 0x0000000639800000, 0x0000000639800000| Untracked 
| 231|0x0000000639c00000, 0x0000000639c00000, 0x000000063a000000|  0%| F|  |TAMS 0x0000000639c00000, 0x0000000639c00000| Untracked 
| 232|0x000000063a000000, 0x000000063a000000, 0x000000063a400000|  0%| F|  |TAMS 0x000000063a000000, 0x000000063a000000| Untracked 
| 233|0x000000063a400000, 0x000000063a400000, 0x000000063a800000|  0%| F|  |TAMS 0x000000063a400000, 0x000000063a400000| Untracked 
| 234|0x000000063a800000, 0x000000063a800000, 0x000000063ac00000|  0%| F|  |TAMS 0x000000063a800000, 0x000000063a800000| Untracked 
| 235|0x000000063ac00000, 0x000000063ac00000, 0x000000063b000000|  0%| F|  |TAMS 0x000000063ac00000, 0x000000063ac00000| Untracked 
| 236|0x000000063b000000, 0x000000063b000000, 0x000000063b400000|  0%| F|  |TAMS 0x000000063b000000, 0x000000063b000000| Untracked 
| 237|0x000000063b400000, 0x000000063b400000, 0x000000063b800000|  0%| F|  |TAMS 0x000000063b400000, 0x000000063b400000| Untracked 
| 238|0x000000063b800000, 0x000000063b800000, 0x000000063bc00000|  0%| F|  |TAMS 0x000000063b800000, 0x000000063b800000| Untracked 
| 239|0x000000063bc00000, 0x000000063bc00000, 0x000000063c000000|  0%| F|  |TAMS 0x000000063bc00000, 0x000000063bc00000| Untracked 
| 240|0x000000063c000000, 0x000000063c000000, 0x000000063c400000|  0%| F|  |TAMS 0x000000063c000000, 0x000000063c000000| Untracked 
| 241|0x000000063c400000, 0x000000063c400000, 0x000000063c800000|  0%| F|  |TAMS 0x000000063c400000, 0x000000063c400000| Untracked 
| 242|0x000000063c800000, 0x000000063c800000, 0x000000063cc00000|  0%| F|  |TAMS 0x000000063c800000, 0x000000063c800000| Untracked 
| 243|0x000000063cc00000, 0x000000063cc00000, 0x000000063d000000|  0%| F|  |TAMS 0x000000063cc00000, 0x000000063cc00000| Untracked 
| 244|0x000000063d000000, 0x000000063d000000, 0x000000063d400000|  0%| F|  |TAMS 0x000000063d000000, 0x000000063d000000| Untracked 
| 245|0x000000063d400000, 0x000000063d400000, 0x000000063d800000|  0%| F|  |TAMS 0x000000063d400000, 0x000000063d400000| Untracked 
| 246|0x000000063d800000, 0x000000063d800000, 0x000000063dc00000|  0%| F|  |TAMS 0x000000063d800000, 0x000000063d800000| Untracked 
| 247|0x000000063dc00000, 0x000000063dc00000, 0x000000063e000000|  0%| F|  |TAMS 0x000000063dc00000, 0x000000063dc00000| Untracked 
| 248|0x000000063e000000, 0x000000063e000000, 0x000000063e400000|  0%| F|  |TAMS 0x000000063e000000, 0x000000063e000000| Untracked 
| 249|0x000000063e400000, 0x000000063e400000, 0x000000063e800000|  0%| F|  |TAMS 0x000000063e400000, 0x000000063e400000| Untracked 
| 250|0x000000063e800000, 0x000000063e800000, 0x000000063ec00000|  0%| F|  |TAMS 0x000000063e800000, 0x000000063e800000| Untracked 
| 251|0x000000063ec00000, 0x000000063ec00000, 0x000000063f000000|  0%| F|  |TAMS 0x000000063ec00000, 0x000000063ec00000| Untracked 
| 252|0x000000063f000000, 0x000000063f000000, 0x000000063f400000|  0%| F|  |TAMS 0x000000063f000000, 0x000000063f000000| Untracked 
| 253|0x000000063f400000, 0x000000063f400000, 0x000000063f800000|  0%| F|  |TAMS 0x000000063f400000, 0x000000063f400000| Untracked 
| 254|0x000000063f800000, 0x000000063f800000, 0x000000063fc00000|  0%| F|  |TAMS 0x000000063f800000, 0x000000063f800000| Untracked 
| 255|0x000000063fc00000, 0x000000063fc00000, 0x0000000640000000|  0%| F|  |TAMS 0x000000063fc00000, 0x000000063fc00000| Untracked 
| 256|0x0000000640000000, 0x0000000640000000, 0x0000000640400000|  0%| F|  |TAMS 0x0000000640000000, 0x0000000640000000| Untracked 
| 257|0x0000000640400000, 0x0000000640400000, 0x0000000640800000|  0%| F|  |TAMS 0x0000000640400000, 0x0000000640400000| Untracked 
| 258|0x0000000640800000, 0x0000000640800000, 0x0000000640c00000|  0%| F|  |TAMS 0x0000000640800000, 0x0000000640800000| Untracked 
| 259|0x0000000640c00000, 0x0000000640c00000, 0x0000000641000000|  0%| F|  |TAMS 0x0000000640c00000, 0x0000000640c00000| Untracked 
| 260|0x0000000641000000, 0x0000000641000000, 0x0000000641400000|  0%| F|  |TAMS 0x0000000641000000, 0x0000000641000000| Untracked 
| 261|0x0000000641400000, 0x0000000641400000, 0x0000000641800000|  0%| F|  |TAMS 0x0000000641400000, 0x0000000641400000| Untracked 
| 262|0x0000000641800000, 0x0000000641800000, 0x0000000641c00000|  0%| F|  |TAMS 0x0000000641800000, 0x0000000641800000| Untracked 
| 263|0x0000000641c00000, 0x0000000641c00000, 0x0000000642000000|  0%| F|  |TAMS 0x0000000641c00000, 0x0000000641c00000| Untracked 
| 264|0x0000000642000000, 0x0000000642000000, 0x0000000642400000|  0%| F|  |TAMS 0x0000000642000000, 0x0000000642000000| Untracked 
| 265|0x0000000642400000, 0x0000000642400000, 0x0000000642800000|  0%| F|  |TAMS 0x0000000642400000, 0x0000000642400000| Untracked 
| 266|0x0000000642800000, 0x0000000642800000, 0x0000000642c00000|  0%| F|  |TAMS 0x0000000642800000, 0x0000000642800000| Untracked 
| 267|0x0000000642c00000, 0x0000000642c00000, 0x0000000643000000|  0%| F|  |TAMS 0x0000000642c00000, 0x0000000642c00000| Untracked 
| 268|0x0000000643000000, 0x0000000643000000, 0x0000000643400000|  0%| F|  |TAMS 0x0000000643000000, 0x0000000643000000| Untracked 
| 269|0x0000000643400000, 0x0000000643400000, 0x0000000643800000|  0%| F|  |TAMS 0x0000000643400000, 0x0000000643400000| Untracked 
| 270|0x0000000643800000, 0x0000000643800000, 0x0000000643c00000|  0%| F|  |TAMS 0x0000000643800000, 0x0000000643800000| Untracked 
| 271|0x0000000643c00000, 0x0000000643c00000, 0x0000000644000000|  0%| F|  |TAMS 0x0000000643c00000, 0x0000000643c00000| Untracked 
| 272|0x0000000644000000, 0x0000000644000000, 0x0000000644400000|  0%| F|  |TAMS 0x0000000644000000, 0x0000000644000000| Untracked 
| 273|0x0000000644400000, 0x0000000644400000, 0x0000000644800000|  0%| F|  |TAMS 0x0000000644400000, 0x0000000644400000| Untracked 
| 274|0x0000000644800000, 0x0000000644800000, 0x0000000644c00000|  0%| F|  |TAMS 0x0000000644800000, 0x0000000644800000| Untracked 
| 275|0x0000000644c00000, 0x0000000644c00000, 0x0000000645000000|  0%| F|  |TAMS 0x0000000644c00000, 0x0000000644c00000| Untracked 
| 276|0x0000000645000000, 0x0000000645000000, 0x0000000645400000|  0%| F|  |TAMS 0x0000000645000000, 0x0000000645000000| Untracked 
| 277|0x0000000645400000, 0x0000000645400000, 0x0000000645800000|  0%| F|  |TAMS 0x0000000645400000, 0x0000000645400000| Untracked 
| 278|0x0000000645800000, 0x0000000645800000, 0x0000000645c00000|  0%| F|  |TAMS 0x0000000645800000, 0x0000000645800000| Untracked 
| 279|0x0000000645c00000, 0x0000000645c00000, 0x0000000646000000|  0%| F|  |TAMS 0x0000000645c00000, 0x0000000645c00000| Untracked 
| 280|0x0000000646000000, 0x0000000646000000, 0x0000000646400000|  0%| F|  |TAMS 0x0000000646000000, 0x0000000646000000| Untracked 
| 281|0x0000000646400000, 0x0000000646400000, 0x0000000646800000|  0%| F|  |TAMS 0x0000000646400000, 0x0000000646400000| Untracked 
| 282|0x0000000646800000, 0x0000000646800000, 0x0000000646c00000|  0%| F|  |TAMS 0x0000000646800000, 0x0000000646800000| Untracked 
| 283|0x0000000646c00000, 0x0000000646c00000, 0x0000000647000000|  0%| F|  |TAMS 0x0000000646c00000, 0x0000000646c00000| Untracked 
| 284|0x0000000647000000, 0x0000000647000000, 0x0000000647400000|  0%| F|  |TAMS 0x0000000647000000, 0x0000000647000000| Untracked 
| 285|0x0000000647400000, 0x0000000647400000, 0x0000000647800000|  0%| F|  |TAMS 0x0000000647400000, 0x0000000647400000| Untracked 
| 286|0x0000000647800000, 0x0000000647800000, 0x0000000647c00000|  0%| F|  |TAMS 0x0000000647800000, 0x0000000647800000| Untracked 
| 287|0x0000000647c00000, 0x0000000647c00000, 0x0000000648000000|  0%| F|  |TAMS 0x0000000647c00000, 0x0000000647c00000| Untracked 
| 288|0x0000000648000000, 0x0000000648000000, 0x0000000648400000|  0%| F|  |TAMS 0x0000000648000000, 0x0000000648000000| Untracked 
| 289|0x0000000648400000, 0x0000000648400000, 0x0000000648800000|  0%| F|  |TAMS 0x0000000648400000, 0x0000000648400000| Untracked 
| 290|0x0000000648800000, 0x0000000648800000, 0x0000000648c00000|  0%| F|  |TAMS 0x0000000648800000, 0x0000000648800000| Untracked 
| 291|0x0000000648c00000, 0x0000000648c00000, 0x0000000649000000|  0%| F|  |TAMS 0x0000000648c00000, 0x0000000648c00000| Untracked 
| 292|0x0000000649000000, 0x0000000649279218, 0x0000000649400000| 61%| S|CS|TAMS 0x0000000649000000, 0x0000000649000000| Complete 
| 293|0x0000000649400000, 0x0000000649400000, 0x0000000649800000|  0%| F|  |TAMS 0x0000000649400000, 0x0000000649400000| Untracked 
| 294|0x0000000649800000, 0x0000000649800000, 0x0000000649c00000|  0%| F|  |TAMS 0x0000000649800000, 0x0000000649800000| Untracked 
| 295|0x0000000649c00000, 0x0000000649c00000, 0x000000064a000000|  0%| F|  |TAMS 0x0000000649c00000, 0x0000000649c00000| Untracked 
| 296|0x000000064a000000, 0x000000064a000000, 0x000000064a400000|  0%| F|  |TAMS 0x000000064a000000, 0x000000064a000000| Untracked 
| 297|0x000000064a400000, 0x000000064a400000, 0x000000064a800000|  0%| F|  |TAMS 0x000000064a400000, 0x000000064a400000| Untracked 
| 298|0x000000064a800000, 0x000000064a800000, 0x000000064ac00000|  0%| F|  |TAMS 0x000000064a800000, 0x000000064a800000| Untracked 
| 299|0x000000064ac00000, 0x000000064ac00000, 0x000000064b000000|  0%| F|  |TAMS 0x000000064ac00000, 0x000000064ac00000| Untracked 
| 300|0x000000064b000000, 0x000000064b000000, 0x000000064b400000|  0%| F|  |TAMS 0x000000064b000000, 0x000000064b000000| Untracked 
| 301|0x000000064b400000, 0x000000064b400000, 0x000000064b800000|  0%| F|  |TAMS 0x000000064b400000, 0x000000064b400000| Untracked 
| 302|0x000000064b800000, 0x000000064b800000, 0x000000064bc00000|  0%| F|  |TAMS 0x000000064b800000, 0x000000064b800000| Untracked 
| 303|0x000000064bc00000, 0x000000064bc00000, 0x000000064c000000|  0%| F|  |TAMS 0x000000064bc00000, 0x000000064bc00000| Untracked 
| 304|0x000000064c000000, 0x000000064c000000, 0x000000064c400000|  0%| F|  |TAMS 0x000000064c000000, 0x000000064c000000| Untracked 
| 305|0x000000064c400000, 0x000000064c400000, 0x000000064c800000|  0%| F|  |TAMS 0x000000064c400000, 0x000000064c400000| Untracked 
| 306|0x000000064c800000, 0x000000064c800000, 0x000000064cc00000|  0%| F|  |TAMS 0x000000064c800000, 0x000000064c800000| Untracked 
| 307|0x000000064cc00000, 0x000000064cc00000, 0x000000064d000000|  0%| F|  |TAMS 0x000000064cc00000, 0x000000064cc00000| Untracked 

Card table byte_map: [0x0000013fc87f0000,0x0000013fc97f0000] _byte_map_base: 0x0000013fc57f0000

Marking Bits (Prev, Next): (CMBitMap*) 0x0000013ffdad86c0, (CMBitMap*) 0x0000013ffdad8680
 Prev Bits: [0x0000013fd27f0000, 0x0000013fda7f0000)
 Next Bits: [0x0000013fca7f0000, 0x0000013fd27f0000)

Polling page: 0x0000013ffdb00000

Metaspace:

Usage:
  Non-class:    147.50 MB used.
      Class:     21.96 MB used.
       Both:    169.46 MB used.

Virtual space:
  Non-class space:      192.00 MB reserved,     148.75 MB ( 77%) committed,  3 nodes.
      Class space:        1.00 GB reserved,      23.00 MB (  2%) committed,  1 nodes.
             Both:        1.19 GB reserved,     171.75 MB ( 14%) committed. 

Chunk freelists:
   Non-Class:  10.73 MB
       Class:  8.82 MB
        Both:  19.56 MB

MaxMetaspaceSize: 2.00 GB
CompressedClassSpaceSize: 1.00 GB
Initial GC threshold: 21.00 MB
Current GC threshold: 269.69 MB
CDS: on
MetaspaceReclaimPolicy: balanced
 - commit_granule_bytes: 65536.
 - commit_granule_words: 8192.
 - virtual_space_node_default_size: 8388608.
 - enlarge_chunks_in_place: 1.
 - new_chunks_are_fully_committed: 0.
 - uncommit_free_chunks: 1.
 - use_allocation_guard: 0.
 - handle_deallocations: 1.


Internal statistics:

num_allocs_failed_limit: 21.
num_arena_births: 3384.
num_arena_deaths: 24.
num_vsnodes_births: 4.
num_vsnodes_deaths: 0.
num_space_committed: 2782.
num_space_uncommitted: 37.
num_chunks_returned_to_freelist: 211.
num_chunks_taken_from_freelist: 11722.
num_chunk_merges: 78.
num_chunk_splits: 7389.
num_chunks_enlarged: 4369.
num_inconsistent_stats: 0.

CodeHeap 'non-profiled nmethods': size=521472Kb used=27518Kb max_used=27518Kb free=493953Kb
 bounds [0x0000013fa7ab0000, 0x0000013fa9590000, 0x0000013fc77f0000]
CodeHeap 'profiled nmethods': size=521408Kb used=61998Kb max_used=61998Kb free=459409Kb
 bounds [0x0000013f877f0000, 0x0000013f8b490000, 0x0000013fa7520000]
CodeHeap 'non-nmethods': size=5696Kb used=2544Kb max_used=2598Kb free=3151Kb
 bounds [0x0000013fa7520000, 0x0000013fa77b0000, 0x0000013fa7ab0000]
 total_blobs=30408 nmethods=29309 adapters=1009
 compilation: enabled
              stopped_count=0, restarted_count=0
 full_count=0

Compilation events (20 events):
Event: 1266.569 Thread 0x00000140410a58c0 38606       2       com.android.tools.r8.internal.vs0::a (316 bytes)
Event: 1266.574 Thread 0x00000140410a58c0 nmethod 38606 0x0000013f8b47a310 code [0x0000013f8b47a740, 0x0000013f8b47bb28]
Event: 1266.574 Thread 0x00000140410a58c0 38607       2       com.android.tools.r8.internal.nK::j (101 bytes)
Event: 1266.575 Thread 0x00000140410a58c0 nmethod 38607 0x0000013f8b47c590 code [0x0000013f8b47c780, 0x0000013f8b47cb58]
Event: 1266.575 Thread 0x00000140410a58c0 38608       2       com.android.tools.r8.internal.nK::c (171 bytes)
Event: 1266.576 Thread 0x00000140410a58c0 nmethod 38608 0x0000013f8b47cd90 code [0x0000013f8b47cfa0, 0x0000013f8b47d4a8]
Event: 1266.582 Thread 0x00000140410a58c0 38609       2       com.android.tools.r8.graph.t5$$Lambda$3828/0x0000014002715600::accept (20 bytes)
Event: 1266.583 Thread 0x00000140410a58c0 nmethod 38609 0x0000013f8b47d710 code [0x0000013f8b47d8c0, 0x0000013f8b47da48]
Event: 1266.586 Thread 0x00000140410a58c0 38611       2       com.android.tools.r8.dex.J::a (26 bytes)
Event: 1266.586 Thread 0x00000140410a58c0 nmethod 38611 0x0000013f8b47db90 code [0x0000013f8b47dd40, 0x0000013f8b47ded8]
Event: 1266.587 Thread 0x00000140410a58c0 38612       2       com.android.tools.r8.dex.L$$Lambda$3848/0x000001400271a278::accept (12 bytes)
Event: 1266.587 Thread 0x00000140410a58c0 nmethod 38612 0x0000013f8b47e010 code [0x0000013f8b47e1c0, 0x0000013f8b47e328]
Event: 1266.587 Thread 0x00000140410a58c0 38613       2       com.android.tools.r8.graph.F2::a (230 bytes)
Event: 1266.590 Thread 0x00000140410a58c0 nmethod 38613 0x0000013f8b47e410 code [0x0000013f8b47e700, 0x0000013f8b47f268]
Event: 1266.591 Thread 0x00000140410a58c0 38614       2       com.android.tools.r8.graph.K4::e (18 bytes)
Event: 1266.591 Thread 0x00000140410a58c0 nmethod 38614 0x0000013f8b47fa90 code [0x0000013f8b47fc40, 0x0000013f8b47fd98]
Event: 1266.592 Thread 0x00000140410a58c0 38615       2       com.android.tools.r8.graph.F2::a (101 bytes)
Event: 1266.592 Thread 0x00000140410a58c0 nmethod 38615 0x0000013f8b47fe90 code [0x0000013f8b480040, 0x0000013f8b480228]
Event: 1266.593 Thread 0x00000140410a58c0 38616       2       com.android.tools.r8.dex.w$$Lambda$3858/0x000001400271c570::<init> (26 bytes)
Event: 1266.593 Thread 0x00000140410a58c0 nmethod 38616 0x0000013f8b480390 code [0x0000013f8b480520, 0x0000013f8b4807b8]

GC Heap History (20 events):
Event: 1170.290 GC heap after
{Heap after GC invocations=68 (full 0):
 garbage-first heap   total 1261568K, used 546618K [0x0000000600000000, 0x0000000800000000)
  region size 4096K, 2 young (8192K), 2 survivors (8192K)
 Metaspace       used 162756K, committed 165184K, reserved 1245184K
  class space    used 20809K, committed 21888K, reserved 1048576K
}
Event: 1175.352 GC heap before
{Heap before GC invocations=68 (full 0):
 garbage-first heap   total 1261568K, used 599866K [0x0000000600000000, 0x0000000800000000)
  region size 4096K, 15 young (61440K), 2 survivors (8192K)
 Metaspace       used 164503K, committed 166848K, reserved 1245184K
  class space    used 21031K, committed 22080K, reserved 1048576K
}
Event: 1175.469 GC heap after
{Heap after GC invocations=69 (full 0):
 garbage-first heap   total 1261568K, used 556016K [0x0000000600000000, 0x0000000800000000)
  region size 4096K, 2 young (8192K), 2 survivors (8192K)
 Metaspace       used 164503K, committed 166848K, reserved 1245184K
  class space    used 21031K, committed 22080K, reserved 1048576K
}
Event: 1176.229 GC heap before
{Heap before GC invocations=69 (full 0):
 garbage-first heap   total 1261568K, used 560112K [0x0000000600000000, 0x0000000800000000)
  region size 4096K, 4 young (16384K), 2 survivors (8192K)
 Metaspace       used 164947K, committed 167296K, reserved 1245184K
  class space    used 21103K, committed 22144K, reserved 1048576K
}
Event: 1176.337 GC heap after
{Heap after GC invocations=70 (full 0):
 garbage-first heap   total 1261568K, used 558213K [0x0000000600000000, 0x0000000800000000)
  region size 4096K, 1 young (4096K), 1 survivors (4096K)
 Metaspace       used 164947K, committed 167296K, reserved 1245184K
  class space    used 21103K, committed 22144K, reserved 1048576K
}
Event: 1197.555 GC heap before
{Heap before GC invocations=71 (full 0):
 garbage-first heap   total 1261568K, used 603269K [0x0000000600000000, 0x0000000800000000)
  region size 4096K, 15 young (61440K), 1 survivors (4096K)
 Metaspace       used 163433K, committed 165760K, reserved 1245184K
  class space    used 21179K, committed 22272K, reserved 1048576K
}
Event: 1197.667 GC heap after
{Heap after GC invocations=72 (full 0):
 garbage-first heap   total 1261568K, used 553449K [0x0000000600000000, 0x0000000800000000)
  region size 4096K, 2 young (8192K), 2 survivors (8192K)
 Metaspace       used 163433K, committed 165760K, reserved 1245184K
  class space    used 21179K, committed 22272K, reserved 1048576K
}
Event: 1204.860 GC heap before
{Heap before GC invocations=72 (full 0):
 garbage-first heap   total 1261568K, used 606697K [0x0000000600000000, 0x0000000800000000)
  region size 4096K, 15 young (61440K), 2 survivors (8192K)
 Metaspace       used 168074K, committed 170368K, reserved 1245184K
  class space    used 21915K, committed 22976K, reserved 1048576K
}
Event: 1204.935 GC heap after
{Heap after GC invocations=73 (full 0):
 garbage-first heap   total 1261568K, used 527924K [0x0000000600000000, 0x0000000800000000)
  region size 4096K, 1 young (4096K), 1 survivors (4096K)
 Metaspace       used 168074K, committed 170368K, reserved 1245184K
  class space    used 21915K, committed 22976K, reserved 1048576K
}
Event: 1215.610 GC heap before
{Heap before GC invocations=73 (full 0):
 garbage-first heap   total 1261568K, used 585268K [0x0000000600000000, 0x0000000800000000)
  region size 4096K, 15 young (61440K), 1 survivors (4096K)
 Metaspace       used 170482K, committed 172736K, reserved 1245184K
  class space    used 22107K, committed 23168K, reserved 1048576K
}
Event: 1215.678 GC heap after
{Heap after GC invocations=74 (full 0):
 garbage-first heap   total 1261568K, used 491782K [0x0000000600000000, 0x0000000800000000)
  region size 4096K, 1 young (4096K), 1 survivors (4096K)
 Metaspace       used 170482K, committed 172736K, reserved 1245184K
  class space    used 22107K, committed 23168K, reserved 1048576K
}
Event: 1228.013 GC heap before
{Heap before GC invocations=74 (full 0):
 garbage-first heap   total 1261568K, used 549126K [0x0000000600000000, 0x0000000800000000)
  region size 4096K, 15 young (61440K), 1 survivors (4096K)
 Metaspace       used 170892K, committed 173248K, reserved 1245184K
  class space    used 22140K, committed 23232K, reserved 1048576K
}
Event: 1228.088 GC heap after
{Heap after GC invocations=75 (full 0):
 garbage-first heap   total 1261568K, used 466576K [0x0000000600000000, 0x0000000800000000)
  region size 4096K, 1 young (4096K), 1 survivors (4096K)
 Metaspace       used 170892K, committed 173248K, reserved 1245184K
  class space    used 22140K, committed 23232K, reserved 1048576K
}
Event: 1237.318 GC heap before
{Heap before GC invocations=75 (full 0):
 garbage-first heap   total 1261568K, used 523920K [0x0000000600000000, 0x0000000800000000)
  region size 4096K, 15 young (61440K), 1 survivors (4096K)
 Metaspace       used 170996K, committed 173312K, reserved 1245184K
  class space    used 22149K, committed 23232K, reserved 1048576K
}
Event: 1237.450 GC heap after
{Heap after GC invocations=76 (full 0):
 garbage-first heap   total 1261568K, used 442557K [0x0000000600000000, 0x0000000800000000)
  region size 4096K, 1 young (4096K), 1 survivors (4096K)
 Metaspace       used 170996K, committed 173312K, reserved 1245184K
  class space    used 22149K, committed 23232K, reserved 1048576K
}
Event: 1249.950 GC heap before
{Heap before GC invocations=76 (full 0):
 garbage-first heap   total 1261568K, used 499901K [0x0000000600000000, 0x0000000800000000)
  region size 4096K, 15 young (61440K), 1 survivors (4096K)
 Metaspace       used 173242K, committed 175616K, reserved 1245184K
  class space    used 22471K, committed 23552K, reserved 1048576K
}
Event: 1250.102 GC heap after
{Heap after GC invocations=77 (full 0):
 garbage-first heap   total 1261568K, used 421227K [0x0000000600000000, 0x0000000800000000)
  region size 4096K, 2 young (8192K), 2 survivors (8192K)
 Metaspace       used 173242K, committed 175616K, reserved 1245184K
  class space    used 22471K, committed 23552K, reserved 1048576K
}
Event: 1256.302 GC heap before
{Heap before GC invocations=77 (full 0):
 garbage-first heap   total 1261568K, used 474475K [0x0000000600000000, 0x0000000800000000)
  region size 4096K, 15 young (61440K), 2 survivors (8192K)
 Metaspace       used 173280K, committed 175616K, reserved 1245184K
  class space    used 22472K, committed 23552K, reserved 1048576K
}
Event: 1256.529 GC heap after
{Heap after GC invocations=78 (full 0):
 garbage-first heap   total 1261568K, used 401727K [0x0000000600000000, 0x0000000800000000)
  region size 4096K, 1 young (4096K), 1 survivors (4096K)
 Metaspace       used 173280K, committed 175616K, reserved 1245184K
  class space    used 22472K, committed 23552K, reserved 1048576K
}
Event: 1266.595 GC heap before
{Heap before GC invocations=78 (full 0):
 garbage-first heap   total 1261568K, used 459071K [0x0000000600000000, 0x0000000800000000)
  region size 4096K, 15 young (61440K), 1 survivors (4096K)
 Metaspace       used 173527K, committed 175872K, reserved 1245184K
  class space    used 22482K, committed 23552K, reserved 1048576K
}

Deoptimization events (20 events):
Event: 1263.344 Thread 0x00000140486b47b0 DEOPT PACKING pc=0x0000013fa819e778 sp=0x00000032593fa260
Event: 1263.344 Thread 0x00000140486b47b0 DEOPT UNPACKING pc=0x0000013fa757239d sp=0x00000032593fa228 mode 2
Event: 1263.344 Thread 0x00000140486b47b0 Uncommon trap: trap_request=0xffffffd6 fr.pc=0x0000013fa819e778 relative=0x00000000000003d8
Event: 1263.344 Thread 0x00000140486b47b0 Uncommon trap: reason=array_check action=maybe_recompile pc=0x0000013fa819e778 method=java.util.Arrays.fill([Ljava/lang/Object;IILjava/lang/Object;)V @ 20 c2
Event: 1263.345 Thread 0x00000140486b47b0 DEOPT PACKING pc=0x0000013fa819e778 sp=0x00000032593fa260
Event: 1263.345 Thread 0x00000140486b47b0 DEOPT UNPACKING pc=0x0000013fa757239d sp=0x00000032593fa228 mode 2
Event: 1263.346 Thread 0x00000140486b47b0 Uncommon trap: trap_request=0xffffffd6 fr.pc=0x0000013fa819e778 relative=0x00000000000003d8
Event: 1263.346 Thread 0x00000140486b47b0 Uncommon trap: reason=array_check action=maybe_recompile pc=0x0000013fa819e778 method=java.util.Arrays.fill([Ljava/lang/Object;IILjava/lang/Object;)V @ 20 c2
Event: 1263.346 Thread 0x00000140486b47b0 DEOPT PACKING pc=0x0000013fa819e778 sp=0x00000032593fa260
Event: 1263.346 Thread 0x00000140486b47b0 DEOPT UNPACKING pc=0x0000013fa757239d sp=0x00000032593fa228 mode 2
Event: 1263.364 Thread 0x00000140486b47b0 DEOPT PACKING pc=0x0000013f8af13432 sp=0x00000032593f8880
Event: 1263.365 Thread 0x00000140486b47b0 DEOPT UNPACKING pc=0x0000013fa7572b24 sp=0x00000032593f8008 mode 0
Event: 1264.698 Thread 0x00000140486b47b0 Uncommon trap: trap_request=0xffffff45 fr.pc=0x0000013fa8e5cae0 relative=0x0000000000000780
Event: 1264.698 Thread 0x00000140486b47b0 Uncommon trap: reason=unstable_if action=reinterpret pc=0x0000013fa8e5cae0 method=com.android.tools.r8.internal.BS.b(I)Lcom/android/tools/r8/internal/BS; @ 126 c2
Event: 1264.698 Thread 0x00000140486b47b0 DEOPT PACKING pc=0x0000013fa8e5cae0 sp=0x00000032593f8390
Event: 1264.698 Thread 0x00000140486b47b0 DEOPT UNPACKING pc=0x0000013fa757239d sp=0x00000032593f82b0 mode 2
Event: 1264.701 Thread 0x00000140486b47b0 Uncommon trap: trap_request=0xffffff45 fr.pc=0x0000013fa90bd7b0 relative=0x00000000000003b0
Event: 1264.701 Thread 0x00000140486b47b0 Uncommon trap: reason=unstable_if action=reinterpret pc=0x0000013fa90bd7b0 method=com.android.tools.r8.internal.BS.b(I)Lcom/android/tools/r8/internal/BS; @ 126 c2
Event: 1264.701 Thread 0x00000140486b47b0 DEOPT PACKING pc=0x0000013fa90bd7b0 sp=0x00000032593f8310
Event: 1264.701 Thread 0x00000140486b47b0 DEOPT UNPACKING pc=0x0000013fa757239d sp=0x00000032593f82a0 mode 2

Classes unloaded (20 events):
Event: 1185.408 Thread 0x0000013fdc9ec7c0 Unloading class 0x00000140023ab800 'jdk/internal/jimage/ImageHeader'
Event: 1185.409 Thread 0x0000013fdc9ec7c0 Unloading class 0x00000140023aadc8 'jdk/internal/jimage/BasicImageReader$2'
Event: 1185.409 Thread 0x0000013fdc9ec7c0 Unloading class 0x00000140023aab98 'jdk/internal/jimage/BasicImageReader$1'
Event: 1185.409 Thread 0x0000013fdc9ec7c0 Unloading class 0x00000140023aa930 'jdk/internal/jimage/ImageReader$Resource'
Event: 1185.409 Thread 0x0000013fdc9ec7c0 Unloading class 0x00000140023aa6c8 'jdk/internal/jimage/ImageReader$LinkNode'
Event: 1185.409 Thread 0x0000013fdc9ec7c0 Unloading class 0x00000140023aa460 'jdk/internal/jimage/ImageReader$Directory'
Event: 1185.409 Thread 0x0000013fdc9ec7c0 Unloading class 0x00000140023aa1f8 'jdk/internal/jimage/ImageReader$Node'
Event: 1185.409 Thread 0x0000013fdc9ec7c0 Unloading class 0x00000140023aa000 'jdk/internal/jimage/ImageStrings'
Event: 1185.409 Thread 0x0000013fdc9ec7c0 Unloading class 0x00000140023a9b50 'jdk/internal/jimage/ImageReader$SharedImageReader'
Event: 1185.409 Thread 0x0000013fdc9ec7c0 Unloading class 0x00000140023a9890 'jdk/internal/jimage/BasicImageReader'
Event: 1185.410 Thread 0x0000013fdc9ec7c0 Unloading class 0x00000140023a9670 'jdk/internal/jimage/ImageReader'
Event: 1185.410 Thread 0x0000013fdc9ec7c0 Unloading class 0x00000140023a9448 'jdk/internal/jrtfs/SystemImage$2'
Event: 1185.410 Thread 0x0000013fdc9ec7c0 Unloading class 0x00000140023a9230 'jdk/internal/jrtfs/SystemImage$$Lambda$2757+0x00000140023a9230'
Event: 1185.410 Thread 0x0000013fdc9ec7c0 Unloading class 0x00000140023a9000 'jdk/internal/jrtfs/ExplodedImage'
Event: 1185.410 Thread 0x0000013fdc9ec7c0 Unloading class 0x00000140023a8dc8 'jdk/internal/jrtfs/SystemImage$1'
Event: 1185.410 Thread 0x0000013fdc9ec7c0 Unloading class 0x00000140023a8bb0 'jdk/internal/jrtfs/SystemImage'
Event: 1185.410 Thread 0x0000013fdc9ec7c0 Unloading class 0x00000140023a8950 'jdk/internal/jrtfs/JrtFileStore'
Event: 1185.411 Thread 0x0000013fdc9ec7c0 Unloading class 0x00000140023a85d8 'jdk/internal/jrtfs/JrtPath'
Event: 1185.411 Thread 0x0000013fdc9ec7c0 Unloading class 0x00000140023a82e0 'jdk/internal/jrtfs/JrtFileSystem'
Event: 1185.411 Thread 0x0000013fdc9ec7c0 Unloading class 0x00000140023a8000 'jdk/internal/jrtfs/JrtFileSystemProvider'

Classes redefined (0 events):
No events

Internal exceptions (20 events):
Event: 1243.115 Thread 0x00000140486b47b0 Exception <a 'sun/nio/fs/WindowsException'{0x000000064af1b9b8}> (0x000000064af1b9b8) 
thrown [s\open\src\hotspot\share\prims\jni.cpp, line 516]
Event: 1243.815 Thread 0x00000140486b47b0 Exception <a 'sun/nio/fs/WindowsException'{0x000000064a857488}> (0x000000064a857488) 
thrown [s\open\src\hotspot\share\prims\jni.cpp, line 516]
Event: 1243.816 Thread 0x00000140486b47b0 Exception <a 'sun/nio/fs/WindowsException'{0x000000064a858630}> (0x000000064a858630) 
thrown [s\open\src\hotspot\share\prims\jni.cpp, line 516]
Event: 1243.816 Thread 0x00000140486b47b0 Exception <a 'sun/nio/fs/WindowsException'{0x000000064a8586c0}> (0x000000064a8586c0) 
thrown [s\open\src\hotspot\share\prims\jni.cpp, line 516]
Event: 1243.817 Thread 0x00000140486b47b0 Exception <a 'sun/nio/fs/WindowsException'{0x000000064a858978}> (0x000000064a858978) 
thrown [s\open\src\hotspot\share\prims\jni.cpp, line 516]
Event: 1244.066 Thread 0x000001404656db80 Exception <a 'sun/nio/fs/WindowsException'{0x000000064a94f140}> (0x000000064a94f140) 
thrown [s\open\src\hotspot\share\prims\jni.cpp, line 516]
Event: 1244.067 Thread 0x000001404656db80 Exception <a 'sun/nio/fs/WindowsException'{0x000000064a94f3c0}> (0x000000064a94f3c0) 
thrown [s\open\src\hotspot\share\prims\jni.cpp, line 516]
Event: 1244.067 Thread 0x000001404656db80 Exception <a 'sun/nio/fs/WindowsException'{0x000000064a94f480}> (0x000000064a94f480) 
thrown [s\open\src\hotspot\share\prims\jni.cpp, line 516]
Event: 1244.067 Thread 0x000001404656db80 Exception <a 'sun/nio/fs/WindowsException'{0x000000064a94f738}> (0x000000064a94f738) 
thrown [s\open\src\hotspot\share\prims\jni.cpp, line 516]
Event: 1246.984 Thread 0x00000140486b47b0 Exception <a 'sun/nio/fs/WindowsException'{0x000000064ab98908}> (0x000000064ab98908) 
thrown [s\open\src\hotspot\share\prims\jni.cpp, line 516]
Event: 1261.206 Thread 0x00000140486b47b0 Exception <a 'sun/nio/fs/WindowsException'{0x000000064b57a300}> (0x000000064b57a300) 
thrown [s\open\src\hotspot\share\prims\jni.cpp, line 516]
Event: 1262.354 Thread 0x00000140486b47b0 Exception <a 'sun/nio/fs/WindowsException'{0x000000064b5cd040}> (0x000000064b5cd040) 
thrown [s\open\src\hotspot\share\prims\jni.cpp, line 516]
Event: 1262.354 Thread 0x00000140486b47b0 Exception <a 'sun/nio/fs/WindowsException'{0x000000064b5ce1e8}> (0x000000064b5ce1e8) 
thrown [s\open\src\hotspot\share\prims\jni.cpp, line 516]
Event: 1262.354 Thread 0x00000140486b47b0 Exception <a 'sun/nio/fs/WindowsException'{0x000000064b5ce278}> (0x000000064b5ce278) 
thrown [s\open\src\hotspot\share\prims\jni.cpp, line 516]
Event: 1262.354 Thread 0x00000140486b47b0 Exception <a 'sun/nio/fs/WindowsException'{0x000000064b5ce530}> (0x000000064b5ce530) 
thrown [s\open\src\hotspot\share\prims\jni.cpp, line 516]
Event: 1262.362 Thread 0x000001404656db80 Exception <a 'sun/nio/fs/WindowsException'{0x000000064b677df0}> (0x000000064b677df0) 
thrown [s\open\src\hotspot\share\prims\jni.cpp, line 516]
Event: 1262.363 Thread 0x000001404656db80 Exception <a 'sun/nio/fs/WindowsException'{0x000000064b678070}> (0x000000064b678070) 
thrown [s\open\src\hotspot\share\prims\jni.cpp, line 516]
Event: 1262.363 Thread 0x000001404656db80 Exception <a 'sun/nio/fs/WindowsException'{0x000000064b678130}> (0x000000064b678130) 
thrown [s\open\src\hotspot\share\prims\jni.cpp, line 516]
Event: 1262.363 Thread 0x000001404656db80 Exception <a 'sun/nio/fs/WindowsException'{0x000000064b6783e8}> (0x000000064b6783e8) 
thrown [s\open\src\hotspot\share\prims\jni.cpp, line 516]
Event: 1263.278 Thread 0x00000140486b47b0 Exception <a 'sun/nio/fs/WindowsException'{0x000000064b7bd0c8}> (0x000000064b7bd0c8) 
thrown [s\open\src\hotspot\share\prims\jni.cpp, line 516]

VM Operations (20 events):
Event: 1254.667 Executing VM operation: Cleanup done
Event: 1255.667 Executing VM operation: Cleanup
Event: 1255.702 Executing VM operation: Cleanup done
Event: 1256.301 Executing VM operation: G1CollectForAllocation
Event: 1256.542 Executing VM operation: G1CollectForAllocation done
Event: 1258.547 Executing VM operation: Cleanup
Event: 1259.048 Executing VM operation: Cleanup done
Event: 1260.049 Executing VM operation: Cleanup
Event: 1260.169 Executing VM operation: Cleanup done
Event: 1261.170 Executing VM operation: Cleanup
Event: 1261.181 Executing VM operation: Cleanup done
Event: 1263.181 Executing VM operation: Cleanup
Event: 1263.181 Executing VM operation: Cleanup done
Event: 1264.181 Executing VM operation: Cleanup
Event: 1264.252 Executing VM operation: Cleanup done
Event: 1265.252 Executing VM operation: Cleanup
Event: 1265.280 Executing VM operation: Cleanup done
Event: 1265.461 Executing VM operation: HandshakeAllThreads
Event: 1265.823 Executing VM operation: HandshakeAllThreads done
Event: 1266.595 Executing VM operation: G1CollectForAllocation

Events (20 events):
Event: 1242.578 Thread 0x00000140410c08e0 flushing nmethod 0x0000013f8b0fac90
Event: 1242.578 Thread 0x00000140410c08e0 flushing nmethod 0x0000013f8b150490
Event: 1242.578 Thread 0x00000140410c08e0 flushing nmethod 0x0000013f8b15c390
Event: 1242.578 Thread 0x00000140410c08e0 flushing nmethod 0x0000013f8b1b3c90
Event: 1242.579 Thread 0x00000140410c08e0 flushing nmethod 0x0000013f8b236010
Event: 1242.579 Thread 0x00000140410c08e0 flushing nmethod 0x0000013f8b281590
Event: 1242.579 Thread 0x00000140410c08e0 flushing nmethod 0x0000013f8b28c390
Event: 1242.579 Thread 0x00000140410c08e0 flushing nmethod 0x0000013f8b28d390
Event: 1242.579 Thread 0x00000140410c08e0 flushing nmethod 0x0000013f8b291010
Event: 1242.579 Thread 0x00000140410c08e0 flushing nmethod 0x0000013f8b291810
Event: 1242.579 Thread 0x00000140410c08e0 flushing nmethod 0x0000013f8b298d10
Event: 1242.580 Thread 0x00000140410c08e0 flushing nmethod 0x0000013f8b2fbf90
Event: 1242.580 Thread 0x00000140410c08e0 flushing nmethod 0x0000013f8b311e10
Event: 1242.580 Thread 0x00000140410c08e0 flushing nmethod 0x0000013f8b329590
Event: 1242.580 Thread 0x00000140410c08e0 flushing nmethod 0x0000013f8b374f10
Event: 1242.580 Thread 0x00000140410c08e0 flushing nmethod 0x0000013f8b392690
Event: 1242.668 loading class java/nio/ByteBufferAsShortBufferL
Event: 1242.669 loading class java/nio/ByteBufferAsShortBufferL done
Event: 1243.084 loading class java/util/zip/Adler32
Event: 1243.086 loading class java/util/zip/Adler32 done


Dynamic libraries:
0x00007ff6533c0000 - 0x00007ff6533d0000 	C:\Program Files\Microsoft\jdk-17.0.12\bin\java.exe
0x00007ff8683f0000 - 0x00007ff8685e8000 	C:\Windows\SYSTEM32\ntdll.dll
0x00007ff867e10000 - 0x00007ff867ed2000 	C:\Windows\System32\KERNEL32.DLL
0x00007ff865e70000 - 0x00007ff866166000 	C:\Windows\System32\KERNELBASE.dll
0x00007ff865b80000 - 0x00007ff865c80000 	C:\Windows\System32\ucrtbase.dll
0x00007ff850b20000 - 0x00007ff850b39000 	C:\Program Files\Microsoft\jdk-17.0.12\bin\jli.dll
0x00007ff84c8c0000 - 0x00007ff84c8db000 	C:\Program Files\Microsoft\jdk-17.0.12\bin\VCRUNTIME140.dll
0x00007ff867250000 - 0x00007ff8672ff000 	C:\Windows\System32\ADVAPI32.dll
0x00007ff867ee0000 - 0x00007ff867f7e000 	C:\Windows\System32\msvcrt.dll
0x00007ff867a10000 - 0x00007ff867aaf000 	C:\Windows\System32\sechost.dll
0x00007ff8681a0000 - 0x00007ff8682c3000 	C:\Windows\System32\RPCRT4.dll
0x00007ff866170000 - 0x00007ff866197000 	C:\Windows\System32\bcrypt.dll
0x00007ff867f80000 - 0x00007ff86811d000 	C:\Windows\System32\USER32.dll
0x00007ff8661a0000 - 0x00007ff8661c2000 	C:\Windows\System32\win32u.dll
0x00007ff868150000 - 0x00007ff86817b000 	C:\Windows\System32\GDI32.dll
0x00007ff8661d0000 - 0x00007ff8662ea000 	C:\Windows\System32\gdi32full.dll
0x00007ff866370000 - 0x00007ff86640d000 	C:\Windows\System32\msvcp_win.dll
0x00007ff852b50000 - 0x00007ff852dea000 	C:\Windows\WinSxS\amd64_microsoft.windows.common-controls_6595b64144ccf1df_6.0.19041.4355_none_60b8b9eb71f62e16\COMCTL32.dll
0x00007ff85ce80000 - 0x00007ff85ce8a000 	C:\Windows\SYSTEM32\VERSION.dll
0x00007ff868120000 - 0x00007ff86814f000 	C:\Windows\System32\IMM32.DLL
0x00007ff850ae0000 - 0x00007ff850aec000 	C:\Program Files\Microsoft\jdk-17.0.12\bin\vcruntime140_1.dll
0x00007ff829a70000 - 0x00007ff829afe000 	C:\Program Files\Microsoft\jdk-17.0.12\bin\msvcp140.dll
0x00007ff825be0000 - 0x00007ff8267c0000 	C:\Program Files\Microsoft\jdk-17.0.12\bin\server\jvm.dll
0x00007ff868340000 - 0x00007ff868348000 	C:\Windows\System32\PSAPI.DLL
0x00007ff84f7e0000 - 0x00007ff84f7e9000 	C:\Windows\SYSTEM32\WSOCK32.dll
0x00007ff8682d0000 - 0x00007ff86833b000 	C:\Windows\System32\WS2_32.dll
0x00007ff84dde0000 - 0x00007ff84de07000 	C:\Windows\SYSTEM32\WINMM.dll
0x00007ff8642b0000 - 0x00007ff8642c2000 	C:\Windows\SYSTEM32\kernel.appcore.dll
0x00007ff84d670000 - 0x00007ff84d67a000 	C:\Program Files\Microsoft\jdk-17.0.12\bin\jimage.dll
0x00007ff863f60000 - 0x00007ff864144000 	C:\Windows\SYSTEM32\DBGHELP.DLL
0x00007ff84a1b0000 - 0x00007ff84a1e4000 	C:\Windows\SYSTEM32\dbgcore.DLL
0x00007ff865de0000 - 0x00007ff865e62000 	C:\Windows\System32\bcryptPrimitives.dll
0x00007ff85ebf0000 - 0x00007ff85ebfe000 	C:\Program Files\Microsoft\jdk-17.0.12\bin\instrument.dll
0x00007ff849380000 - 0x00007ff8493a5000 	C:\Program Files\Microsoft\jdk-17.0.12\bin\java.dll
0x00007ff8295e0000 - 0x00007ff8296b7000 	C:\Program Files\Microsoft\jdk-17.0.12\bin\jsvml.dll
0x00007ff866760000 - 0x00007ff866ecf000 	C:\Windows\System32\SHELL32.dll
0x00007ff8636e0000 - 0x00007ff863e83000 	C:\Windows\SYSTEM32\windows.storage.dll
0x00007ff867ab0000 - 0x00007ff867e05000 	C:\Windows\System32\combase.dll
0x00007ff865300000 - 0x00007ff86532b000 	C:\Windows\SYSTEM32\Wldp.dll
0x00007ff8664f0000 - 0x00007ff8665bd000 	C:\Windows\System32\OLEAUT32.dll
0x00007ff8671a0000 - 0x00007ff86724d000 	C:\Windows\System32\SHCORE.dll
0x00007ff8679b0000 - 0x00007ff867a05000 	C:\Windows\System32\shlwapi.dll
0x00007ff8659b0000 - 0x00007ff8659d5000 	C:\Windows\SYSTEM32\profapi.dll
0x00007ff845050000 - 0x00007ff845068000 	C:\Program Files\Microsoft\jdk-17.0.12\bin\zip.dll
0x00007ff846a60000 - 0x00007ff846a79000 	C:\Program Files\Microsoft\jdk-17.0.12\bin\net.dll
0x00007ff857280000 - 0x00007ff85738a000 	C:\Windows\SYSTEM32\WINHTTP.dll
0x00007ff8650e0000 - 0x00007ff86514c000 	C:\Windows\system32\mswsock.dll
0x00007ff845ca0000 - 0x00007ff845cb6000 	C:\Program Files\Microsoft\jdk-17.0.12\bin\nio.dll
0x00007ff84d530000 - 0x00007ff84d540000 	C:\Program Files\Microsoft\jdk-17.0.12\bin\verify.dll
0x00007ff82c290000 - 0x00007ff82c2b7000 	C:\Users\Fahad Computer\.gradle\native\1def1411415f61bf3af743bc5b6707747c0891f09f0c88961ee8f79bc544acac\windows-amd64\native-platform.dll
0x000000005ec40000 - 0x000000005ecb3000 	C:\Users\Fahad Computer\.gradle\native\0.2.5\x86_64-windows-gnu\gradle-fileevents.dll
0x00007ff84ca20000 - 0x00007ff84ca2a000 	C:\Program Files\Microsoft\jdk-17.0.12\bin\management.dll
0x00007ff849750000 - 0x00007ff84975b000 	C:\Program Files\Microsoft\jdk-17.0.12\bin\management_ext.dll
0x00007ff865340000 - 0x00007ff865358000 	C:\Windows\SYSTEM32\CRYPTSP.dll
0x00007ff864a20000 - 0x00007ff864a58000 	C:\Windows\system32\rsaenh.dll
0x00007ff865930000 - 0x00007ff86595e000 	C:\Windows\SYSTEM32\USERENV.dll
0x00007ff865270000 - 0x00007ff86527c000 	C:\Windows\SYSTEM32\CRYPTBASE.dll
0x00007ff864de0000 - 0x00007ff864e1b000 	C:\Windows\SYSTEM32\IPHLPAPI.DLL
0x00007ff8665c0000 - 0x00007ff8665c8000 	C:\Windows\System32\NSI.dll
0x00007ff85c760000 - 0x00007ff85c777000 	C:\Windows\SYSTEM32\dhcpcsvc6.DLL
0x00007ff85c740000 - 0x00007ff85c75d000 	C:\Windows\SYSTEM32\dhcpcsvc.DLL
0x00007ff864e20000 - 0x00007ff864eea000 	C:\Windows\SYSTEM32\DNSAPI.dll
0x00007ff85ebe0000 - 0x00007ff85ebee000 	C:\Program Files\Microsoft\jdk-17.0.12\bin\sunmscapi.dll
0x00007ff865c80000 - 0x00007ff865ddd000 	C:\Windows\System32\CRYPT32.dll
0x00007ff8654b0000 - 0x00007ff8654d7000 	C:\Windows\SYSTEM32\ncrypt.dll
0x00007ff865470000 - 0x00007ff8654ab000 	C:\Windows\SYSTEM32\NTASN1.dll
0x00007ff851dc0000 - 0x00007ff851dc7000 	C:\Windows\system32\wshunix.dll
0x000000005ebc0000 - 0x000000005ec33000 	C:\Users\Fahad Computer\AppData\Local\Temp\native-platform6098977368288756949dir\gradle-fileevents.dll
0x00007ff8494a0000 - 0x00007ff8494b7000 	C:\Windows\system32\napinsp.dll
0x00007ff849480000 - 0x00007ff84949b000 	C:\Windows\system32\pnrpnsp.dll
0x00007ff8605d0000 - 0x00007ff8605e5000 	C:\Windows\system32\wshbth.dll
0x00007ff860380000 - 0x00007ff86039d000 	C:\Windows\system32\NLAapi.dll
0x00007ff849460000 - 0x00007ff849472000 	C:\Windows\System32\winrnr.dll
0x00007ff85dac0000 - 0x00007ff85daca000 	C:\Windows\System32\rasadhlp.dll
0x00007ff856fb0000 - 0x00007ff857030000 	C:\Windows\System32\fwpuclnt.dll
0x00007ff864c70000 - 0x00007ff864ca3000 	C:\Windows\SYSTEM32\ntmarta.dll
0x00007ff852e90000 - 0x00007ff852e97000 	C:\Program Files\Microsoft\jdk-17.0.12\bin\rmi.dll

dbghelp: loaded successfully - version: 4.0.5 - missing functions: none
symbol engine: initialized successfully - sym options: 0x614 - pdb path: .;C:\Program Files\Microsoft\jdk-17.0.12\bin;C:\Windows\SYSTEM32;C:\Windows\WinSxS\amd64_microsoft.windows.common-controls_6595b64144ccf1df_6.0.19041.4355_none_60b8b9eb71f62e16;C:\Program Files\Microsoft\jdk-17.0.12\bin\server;C:\Users\Fahad Computer\.gradle\native\1def1411415f61bf3af743bc5b6707747c0891f09f0c88961ee8f79bc544acac\windows-amd64;C:\Users\Fahad Computer\.gradle\native\0.2.5\x86_64-windows-gnu;C:\Users\Fahad Computer\AppData\Local\Temp\native-platform6098977368288756949dir

VM Arguments:
jvm_args: --add-opens=java.base/java.lang=ALL-UNNAMED --add-opens=java.base/java.lang.invoke=ALL-UNNAMED --add-opens=java.base/java.util=ALL-UNNAMED --add-opens=java.prefs/java.util.prefs=ALL-UNNAMED --add-exports=jdk.compiler/com.sun.tools.javac.api=ALL-UNNAMED --add-exports=jdk.compiler/com.sun.tools.javac.util=ALL-UNNAMED --add-opens=java.base/java.util=ALL-UNNAMED --add-opens=java.prefs/java.util.prefs=ALL-UNNAMED --add-opens=java.base/java.nio.charset=ALL-UNNAMED --add-opens=java.base/java.net=ALL-UNNAMED --add-opens=java.base/java.util.concurrent.atomic=ALL-UNNAMED --add-opens=java.xml/javax.xml.namespace=ALL-UNNAMED -XX:ReservedCodeCacheSize=1024m -XX:MaxMetaspaceSize=2048m -XX:+HeapDumpOnOutOfMemoryError -Xms1024m -Xmx8192m -Dfile.encoding=UTF-8 -Duser.country=US -Duser.language=en -Duser.variant -javaagent:C:\Users\Fahad Computer\.gradle\wrapper\dists\gradle-8.12-all\ejduaidbjup3bmmkhw3rie4zb\gradle-8.12\lib\agents\gradle-instrumentation-agent-8.12.jar 
java_command: org.gradle.launcher.daemon.bootstrap.GradleDaemon 8.12
java_class_path (initial): C:\Users\Fahad Computer\.gradle\wrapper\dists\gradle-8.12-all\ejduaidbjup3bmmkhw3rie4zb\gradle-8.12\lib\gradle-daemon-main-8.12.jar
Launcher Type: SUN_STANDARD

[Global flags]
     intx CICompilerCount                          = 2                                         {product} {ergonomic}
     uint ConcGCThreads                            = 1                                         {product} {ergonomic}
     uint G1ConcRefinementThreads                  = 2                                         {product} {ergonomic}
   size_t G1HeapRegionSize                         = 4194304                                   {product} {ergonomic}
    uintx GCDrainStackTargetSize                   = 64                                        {product} {ergonomic}
     bool HeapDumpOnOutOfMemoryError               = true                                   {manageable} {command line}
   size_t InitialHeapSize                          = 1073741824                                {product} {command line}
   size_t MarkStackSize                            = 4194304                                   {product} {ergonomic}
   size_t MaxHeapSize                              = 8589934592                                {product} {command line}
   size_t MaxMetaspaceSize                         = 2147483648                                {product} {command line}
   size_t MaxNewSize                               = 5150605312                                {product} {ergonomic}
   size_t MinHeapDeltaBytes                        = 4194304                                   {product} {ergonomic}
   size_t MinHeapSize                              = 1073741824                                {product} {command line}
    uintx NonNMethodCodeHeapSize                   = 5826188                                {pd product} {ergonomic}
    uintx NonProfiledCodeHeapSize                  = 533957818                              {pd product} {ergonomic}
    uintx ProfiledCodeHeapSize                     = 533957818                              {pd product} {ergonomic}
    uintx ReservedCodeCacheSize                    = 1073741824                             {pd product} {command line}
     bool SegmentedCodeCache                       = true                                      {product} {ergonomic}
   size_t SoftMaxHeapSize                          = 8589934592                             {manageable} {ergonomic}
   double SweeperThreshold                         = 0.117188                                  {product} {ergonomic}
     bool UseCompressedClassPointers               = true                           {product lp64_product} {ergonomic}
     bool UseCompressedOops                        = true                           {product lp64_product} {ergonomic}
     bool UseG1GC                                  = true                                      {product} {ergonomic}
     bool UseLargePagesIndividualAllocation        = false                                  {pd product} {ergonomic}

Logging:
Log output configuration:
 #0: stdout all=warning uptime,level,tags
 #1: stderr all=off uptime,level,tags

Environment Variables:
JAVA_HOME=C:\Program Files\Microsoft\jdk-17.0.12\
CLASSPATH=C:\vtT\ChatbotApp\android\\gradle\wrapper\gradle-wrapper.jar
PATH=c:\Users\Fahad Computer\AppData\Local\Programs\cursor\resources\app\bin;C:\Python313\Scripts\;C:\Python313\;C:\Program Files\Microsoft\jdk-11.0.26.4-hotspot\bin;C:\Program Files\Common Files\Oracle\Java\javapath;C:\Program Files\Microsoft\jdk-17.0.12.7-hotspot\bin;C:\Windows\system32;C:\Windows;C:\Windows\System32\Wbem;C:\Windows\System32\WindowsPowerShell\v1.0\;C:\Windows\System32\OpenSSH\;C:\ProgramData\chocolatey\bin;C:\Users\Fahad Computer\AppData\Local\Android\Sdk\platform-tools;C:\Program Files\Git\cmd;C:\Android\Sdk\emulator;C:\Android\Sdk\tools;C:\Program Files\nodejs\;C:\Users\Fahad Computer\AppData\Local\Android\Sdk\tools;C:\Users\Fahad Computer\AppData\Local\Android\Sdk\tools;C:\Users\Fahad Computer\AppData\Local\Microsoft\WindowsApps;C:\Program Files\MongoDB\Server\7.0\bin;C:\Program Files\MongoDB\Server\7.0\bin;C:\Users\Fahad Computer\AppData\Roaming\npm;c:\Users\Fahad Computer\AppData\Local\Programs\cursor\resources\app\bin;c:\Users\Fahad Computer\AppData\Local\Programs\cursor\resources\app\bin;C:\Program Files\Microsoft\jdk-17.0.12\\bin;C:\Users\Fahad Computer\AppData\Local\Android\Sdk\tools;C:\Users\Fahad Computer\AppData\Local\Android\Sdk\tools;C:\Users\Fahad Computer\AppData\Local\Microsoft\WindowsApps;C:\Users\Fahad Computer\AppData\Local\Programs\Microsoft VS Code\bin;C:\Program Files\MongoDB\Server\7.0\bin;C:\Program Files\MongoDB\Server\7.0\bin;C:\Users\Fahad Computer\AppData\Roaming\npm;C:\Users\Fahad Computer\AppData\Local\Programs\cursor\resources\app\bin
USERNAME=Fahad Computer
LANG=en_US.UTF-8
OS=Windows_NT
PROCESSOR_IDENTIFIER=Intel64 Family 6 Model 122 Stepping 8, GenuineIntel



---------------  S Y S T E M  ---------------

OS:
 Windows 10 , 64 bit Build 19041 (10.0.19041.5678)
OS uptime: 0 days 14:41 hours
Hyper-V role detected

CPU: total 2 (initial active 2) (2 cores per cpu, 1 threads per core) family 6 model 122 stepping 8 microcode 0x18, cx8, cmov, fxsr, mmx, 3dnowpref, sse, sse2, sse3, ssse3, sse4.1, sse4.2, popcnt, tsc, tscinvbit, aes, erms, clmul, sha, clflush, clflushopt, hv

Memory: 4k page, system-wide physical 3918M (177M free)
TotalPageFile size 15674M (AvailPageFile size 175M)
current process WorkingSet (physical memory assigned to process): 429M, peak: 802M
current process commit charge ("private bytes"): 1780M, peak: 2088M

vm_info: Java HotSpot(TM) 64-Bit Server VM (17.0.12+8-LTS-286) for windows-amd64 JRE (17.0.12+8-LTS-286), built on Jun  5 2024 06:46:59 by "mach5one" with MS VC++ 17.6 (VS2022)

END.
