#
# There is insufficient memory for the Java Runtime Environment to continue.
# Native memory allocation (mmap) failed to map 65536 bytes for Failed to commit metaspace.
# Possible reasons:
#   The system is out of physical RAM or swap space
#   The process is running with CompressedOops enabled, and the Java Heap may be blocking the growth of the native heap
# Possible solutions:
#   Reduce memory load on the system
#   Increase physical memory or swap space
#   Check if swap backing store is full
#   Decrease Java heap size (-Xmx/-Xms)
#   Decrease number of Java threads
#   Decrease Java thread stack sizes (-Xss)
#   Set larger code cache with -XX:ReservedCodeCacheSize=
#   JVM is running with Unscaled Compressed Oops mode in which the Java heap is
#     placed in the first 4GB address space. The Java Heap base address is the
#     maximum limit for the native heap growth. Please use -XX:HeapBaseMinAddress
#     to set the Java Heap base and to place the Java Heap above 4GB virtual address.
# This output file may be truncated or incomplete.
#
#  Out of Memory Error (virtualSpaceNode.cpp:110), pid=8544, tid=8156
#
# JRE version: Java(TM) SE Runtime Environment (17.0.12+8) (build 17.0.12+8-LTS-286)
# Java VM: Java HotSpot(TM) 64-Bit Server VM (17.0.12+8-LTS-286, mixed mode, sharing, tiered, compressed oops, compressed class ptrs, g1 gc, windows-amd64)
# No core dump will be written. Minidumps are not enabled by default on client versions of Windows
#

---------------  S U M M A R Y ------------

Command Line: com.google.prefab.cli.AppKt --build-system cmake --platform android --abi arm64-v8a --os-version 24 --stl c++_shared --ndk-version 26 --output C:\\Users\\FAHADC~1\\AppData\\Local\\Temp\\agp-prefab-staging3433189337219883440\\staged-cli-output C:\\Users\\Fahad Computer\\.gradle\\caches\\8.12\\transforms\\be245a159e83dc0158e74e32b5649a52\\transformed\\jetified-react-android-0.78.1-release\\prefab C:\\Users\\Fahad Computer\\.gradle\\caches\\8.12\\transforms\\b7e4750ca087c36eb149f2e9672b7c09\\transformed\\jetified-hermes-android-0.78.1-release\\prefab C:\\Users\\Fahad Computer\\.gradle\\caches\\8.12\\transforms\\7573ac39db13db304c89f171feece1bc\\transformed\\jetified-fbjni-0.7.0\\prefab

Host: Intel(R) Celeron(R) N4020 CPU @ 1.10GHz, 2 cores, 3G,  Windows 10 , 64 bit Build 19041 (10.0.19041.5678)
Time: Sat May 10 15:08:14 2025 Pacific Daylight Time elapsed time: 2.627438 seconds (0d 0h 0m 2s)

---------------  T H R E A D  ---------------

Current thread (0x000001b0d965a1a0):  JavaThread "main" [_thread_in_vm, id=8156, stack(0x000000027bd00000,0x000000027be00000)]

Stack: [0x000000027bd00000,0x000000027be00000]
Native frames: (J=compiled Java code, j=interpreted, Vv=VM code, C=native code)
V  [jvm.dll+0x67a04a]
V  [jvm.dll+0x7da4ed]
V  [jvm.dll+0x7dbe33]
V  [jvm.dll+0x7dc4a3]
V  [jvm.dll+0x24508f]
V  [jvm.dll+0x7d60bb]
V  [jvm.dll+0x6206c6]
V  [jvm.dll+0x1bed07]
V  [jvm.dll+0x623022]
V  [jvm.dll+0x621086]
V  [jvm.dll+0x23936f]
V  [jvm.dll+0x62af35]
V  [jvm.dll+0x1e84b2]
V  [jvm.dll+0x1e89d5]
V  [jvm.dll+0x1e931b]
V  [jvm.dll+0x1dea41]
V  [jvm.dll+0x53f78c]
V  [jvm.dll+0x7553b8]
V  [jvm.dll+0x7554a4]
V  [jvm.dll+0x40d1af]
V  [jvm.dll+0x413c39]
C  [java.dll+0x17ec]

Java frames: (J=compiled Java code, j=interpreted, Vv=VM code)
J 359  java.lang.ClassLoader.defineClass1(Ljava/lang/ClassLoader;Ljava/lang/String;[BIILjava/security/ProtectionDomain;Ljava/lang/String;)Ljava/lang/Class; java.base@17.0.12 (0 bytes) @ 0x000001b0e89f4ce3 [0x000001b0e89f4c20+0x00000000000000c3]
j  java.lang.ClassLoader.defineClass(Ljava/lang/String;[BIILjava/security/ProtectionDomain;)Ljava/lang/Class;+27 java.base@17.0.12
J 352 c1 java.security.SecureClassLoader.defineClass(Ljava/lang/String;[BIILjava/security/CodeSource;)Ljava/lang/Class; java.base@17.0.12 (16 bytes) @ 0x000001b0e0faae0c [0x000001b0e0faad40+0x00000000000000cc]
J 597 c1 jdk.internal.loader.BuiltinClassLoader.defineClass(Ljava/lang/String;Ljdk/internal/loader/Resource;)Ljava/lang/Class; java.base@17.0.12 (121 bytes) @ 0x000001b0e10233c4 [0x000001b0e10220a0+0x0000000000001324]
J 273 c1 jdk.internal.loader.BuiltinClassLoader.findClassOnClassPathOrNull(Ljava/lang/String;)Ljava/lang/Class; java.base@17.0.12 (64 bytes) @ 0x000001b0e0f854dc [0x000001b0e0f84460+0x000000000000107c]
J 181 c1 jdk.internal.loader.BuiltinClassLoader.loadClassOrNull(Ljava/lang/String;Z)Ljava/lang/Class; java.base@17.0.12 (143 bytes) @ 0x000001b0e0f6174c [0x000001b0e0f60840+0x0000000000000f0c]
J 252 c1 jdk.internal.loader.ClassLoaders$AppClassLoader.loadClass(Ljava/lang/String;Z)Ljava/lang/Class; java.base@17.0.12 (40 bytes) @ 0x000001b0e0f74d7c [0x000001b0e0f74760+0x000000000000061c]
J 251 c1 java.lang.ClassLoader.loadClass(Ljava/lang/String;)Ljava/lang/Class; java.base@17.0.12 (7 bytes) @ 0x000001b0e0f743cc [0x000001b0e0f742c0+0x000000000000010c]
v  ~StubRoutines::call_stub
J 359  java.lang.ClassLoader.defineClass1(Ljava/lang/ClassLoader;Ljava/lang/String;[BIILjava/security/ProtectionDomain;Ljava/lang/String;)Ljava/lang/Class; java.base@17.0.12 (0 bytes) @ 0x000001b0e89f4ce3 [0x000001b0e89f4c20+0x00000000000000c3]
j  java.lang.ClassLoader.defineClass(Ljava/lang/String;[BIILjava/security/ProtectionDomain;)Ljava/lang/Class;+27 java.base@17.0.12
J 352 c1 java.security.SecureClassLoader.defineClass(Ljava/lang/String;[BIILjava/security/CodeSource;)Ljava/lang/Class; java.base@17.0.12 (16 bytes) @ 0x000001b0e0faae0c [0x000001b0e0faad40+0x00000000000000cc]
j  jdk.internal.loader.BuiltinClassLoader.defineClass(Ljava/lang/String;Ljdk/internal/loader/Resource;)Ljava/lang/Class;+117 java.base@17.0.12
J 273 c1 jdk.internal.loader.BuiltinClassLoader.findClassOnClassPathOrNull(Ljava/lang/String;)Ljava/lang/Class; java.base@17.0.12 (64 bytes) @ 0x000001b0e0f854dc [0x000001b0e0f84460+0x000000000000107c]
J 181 c1 jdk.internal.loader.BuiltinClassLoader.loadClassOrNull(Ljava/lang/String;Z)Ljava/lang/Class; java.base@17.0.12 (143 bytes) @ 0x000001b0e0f6174c [0x000001b0e0f60840+0x0000000000000f0c]
J 252 c1 jdk.internal.loader.ClassLoaders$AppClassLoader.loadClass(Ljava/lang/String;Z)Ljava/lang/Class; java.base@17.0.12 (40 bytes) @ 0x000001b0e0f74d7c [0x000001b0e0f74760+0x000000000000061c]
J 251 c1 java.lang.ClassLoader.loadClass(Ljava/lang/String;)Ljava/lang/Class; java.base@17.0.12 (7 bytes) @ 0x000001b0e0f743cc [0x000001b0e0f742c0+0x000000000000010c]
v  ~StubRoutines::call_stub
j  com.github.ajalt.clikt.output.LocalizationKt.<clinit>()V+0
v  ~StubRoutines::call_stub
j  com.github.ajalt.clikt.core.Context$Builder.<init>(Lcom/github/ajalt/clikt/core/CliktCommand;Lcom/github/ajalt/clikt/core/Context;)V+348
j  com.github.ajalt.clikt.core.Context$Companion.build$clikt(Lcom/github/ajalt/clikt/core/CliktCommand;Lcom/github/ajalt/clikt/core/Context;Ljava/util/List;Lkotlin/jvm/functions/Function1;)Lcom/github/ajalt/clikt/core/Context;+25
j  com.github.ajalt.clikt.core.CliktCommand.createContext(Ljava/util/List;Lcom/github/ajalt/clikt/core/Context;Ljava/util/List;)Lcom/github/ajalt/clikt/core/Context;+11
j  com.github.ajalt.clikt.core.CliktCommand.parse(Ljava/util/List;Lcom/github/ajalt/clikt/core/Context;)V+13
j  com.github.ajalt.clikt.core.CliktCommand.parse$default(Lcom/github/ajalt/clikt/core/CliktCommand;Ljava/util/List;Lcom/github/ajalt/clikt/core/Context;ILjava/lang/Object;)V+27
j  com.github.ajalt.clikt.core.CliktCommand.main(Ljava/util/List;)V+13
j  com.github.ajalt.clikt.core.CliktCommand.main([Ljava/lang/String;)V+12
j  com.google.prefab.cli.AppKt.main([Ljava/lang/String;)V+15
v  ~StubRoutines::call_stub

---------------  P R O C E S S  ---------------

Threads class SMR info:
_java_thread_list=0x000001b0f47f68e0, length=13, elements={
0x000001b0d965a1a0, 0x000001b0d9709770, 0x000001b0d970a500, 0x000001b0d9721220,
0x000001b0d9721cf0, 0x000001b0d97245d0, 0x000001b0d9724ea0, 0x000001b0d9725b50,
0x000001b0d972e090, 0x000001b0f435a250, 0x000001b0f4520430, 0x000001b0f4526fc0,
0x000001b0f46b2d70
}

Java Threads: ( => current thread )
=>0x000001b0d965a1a0 JavaThread "main" [_thread_in_vm, id=8156, stack(0x000000027bd00000,0x000000027be00000)]
  0x000001b0d9709770 JavaThread "Reference Handler" daemon [_thread_blocked, id=7512, stack(0x000000027c400000,0x000000027c500000)]
  0x000001b0d970a500 JavaThread "Finalizer" daemon [_thread_blocked, id=8720, stack(0x000000027c500000,0x000000027c600000)]
  0x000001b0d9721220 JavaThread "Signal Dispatcher" daemon [_thread_blocked, id=14176, stack(0x000000027c600000,0x000000027c700000)]
  0x000001b0d9721cf0 JavaThread "Attach Listener" daemon [_thread_blocked, id=13080, stack(0x000000027c700000,0x000000027c800000)]
  0x000001b0d97245d0 JavaThread "Service Thread" daemon [_thread_blocked, id=4012, stack(0x000000027c800000,0x000000027c900000)]
  0x000001b0d9724ea0 JavaThread "Monitor Deflation Thread" daemon [_thread_blocked, id=6060, stack(0x000000027c900000,0x000000027ca00000)]
  0x000001b0d9725b50 JavaThread "C2 CompilerThread0" daemon [_thread_blocked, id=12836, stack(0x000000027ca00000,0x000000027cb00000)]
  0x000001b0d972e090 JavaThread "C1 CompilerThread0" daemon [_thread_blocked, id=1524, stack(0x000000027cb00000,0x000000027cc00000)]
  0x000001b0f435a250 JavaThread "Sweeper thread" daemon [_thread_blocked, id=14268, stack(0x000000027cc00000,0x000000027cd00000)]
  0x000001b0f4520430 JavaThread "Notification Thread" daemon [_thread_blocked, id=12788, stack(0x000000027cd00000,0x000000027ce00000)]
  0x000001b0f4526fc0 JavaThread "Common-Cleaner" daemon [_thread_blocked, id=5840, stack(0x000000027cf00000,0x000000027d000000)]
  0x000001b0f46b2d70 JavaThread "JNA Cleaner" daemon [_thread_blocked, id=10136, stack(0x000000027d100000,0x000000027d200000)]

Other Threads:
  0x000001b0d9703bf0 VMThread "VM Thread" [stack: 0x000000027c300000,0x000000027c400000] [id=12608]
  0x000001b0f4520910 WatcherThread [stack: 0x000000027ce00000,0x000000027cf00000] [id=12652]
  0x000001b0d9695c90 GCTaskThread "GC Thread#0" [stack: 0x000000027be00000,0x000000027bf00000] [id=7100]
  0x000001b0f4690b30 GCTaskThread "GC Thread#1" [stack: 0x000000027d000000,0x000000027d100000] [id=12632]
  0x000001b0d969e570 ConcurrentGCThread "G1 Main Marker" [stack: 0x000000027bf00000,0x000000027c000000] [id=14052]
  0x000001b0d969ee90 ConcurrentGCThread "G1 Conc#0" [stack: 0x000000027c000000,0x000000027c100000] [id=13632]
  0x000001b0d96d1960 ConcurrentGCThread "G1 Refine#0" [stack: 0x000000027c100000,0x000000027c200000] [id=14296]
  0x000001b0d96d22a0 ConcurrentGCThread "G1 Service" [stack: 0x000000027c200000,0x000000027c300000] [id=13168]

Threads with active compile tasks:

VM state: not at safepoint (normal execution)

VM Mutex/Monitor currently owned by a thread:  ([mutex/lock_event])
[0x000001b0d96553d0] Metaspace_lock - owner thread: 0x000001b0d965a1a0

Heap address: 0x00000000c2c00000, size: 980 MB, Compressed Oops mode: 32-bit

CDS archive(s) mapped at: [0x000001b080000000-0x000001b080bd0000-0x000001b080bd0000), size 12386304, SharedBaseAddress: 0x000001b080000000, ArchiveRelocationMode: 1.
Compressed class space mapped at: 0x000001b081000000-0x000001b0c1000000, reserved size: 1073741824
Narrow klass base: 0x000001b080000000, Narrow klass shift: 0, Narrow klass range: 0x100000000

GC Precious Log:
 CPUs: 2 total, 2 available
 Memory: 3918M
 Large Page Support: Disabled
 NUMA Support: Disabled
 Compressed Oops: Enabled (32-bit)
 Heap Region Size: 1M
 Heap Min Capacity: 8M
 Heap Initial Capacity: 62M
 Heap Max Capacity: 980M
 Pre-touch: Disabled
 Parallel Workers: 2
 Concurrent Workers: 1
 Concurrent Refinement Workers: 2
 Periodic GC: Disabled

Heap:
 garbage-first heap   total 63488K, used 5965K [0x00000000c2c00000, 0x0000000100000000)
  region size 1024K, 6 young (6144K), 1 survivors (1024K)
 Metaspace       used 4828K, committed 4928K, reserved 1114112K
  class space    used 423K, committed 512K, reserved 1048576K

Heap Regions: E=young(eden), S=young(survivor), O=old, HS=humongous(starts), HC=humongous(continues), CS=collection set, F=free, OA=open archive, CA=closed archive, TAMS=top-at-mark-start (previous, next)
|   0|0x00000000c2c00000, 0x00000000c2d00000, 0x00000000c2d00000|100%|HS|  |TAMS 0x00000000c2c00000, 0x00000000c2c00000| Complete 
|   1|0x00000000c2d00000, 0x00000000c2d00000, 0x00000000c2e00000|  0%| F|  |TAMS 0x00000000c2d00000, 0x00000000c2d00000| Untracked 
|   2|0x00000000c2e00000, 0x00000000c2e00000, 0x00000000c2f00000|  0%| F|  |TAMS 0x00000000c2e00000, 0x00000000c2e00000| Untracked 
|   3|0x00000000c2f00000, 0x00000000c2f00000, 0x00000000c3000000|  0%| F|  |TAMS 0x00000000c2f00000, 0x00000000c2f00000| Untracked 
|   4|0x00000000c3000000, 0x00000000c3000000, 0x00000000c3100000|  0%| F|  |TAMS 0x00000000c3000000, 0x00000000c3000000| Untracked 
|   5|0x00000000c3100000, 0x00000000c3100000, 0x00000000c3200000|  0%| F|  |TAMS 0x00000000c3100000, 0x00000000c3100000| Untracked 
|   6|0x00000000c3200000, 0x00000000c3200000, 0x00000000c3300000|  0%| F|  |TAMS 0x00000000c3200000, 0x00000000c3200000| Untracked 
|   7|0x00000000c3300000, 0x00000000c3300000, 0x00000000c3400000|  0%| F|  |TAMS 0x00000000c3300000, 0x00000000c3300000| Untracked 
|   8|0x00000000c3400000, 0x00000000c3400000, 0x00000000c3500000|  0%| F|  |TAMS 0x00000000c3400000, 0x00000000c3400000| Untracked 
|   9|0x00000000c3500000, 0x00000000c3500000, 0x00000000c3600000|  0%| F|  |TAMS 0x00000000c3500000, 0x00000000c3500000| Untracked 
|  10|0x00000000c3600000, 0x00000000c3600000, 0x00000000c3700000|  0%| F|  |TAMS 0x00000000c3600000, 0x00000000c3600000| Untracked 
|  11|0x00000000c3700000, 0x00000000c3700000, 0x00000000c3800000|  0%| F|  |TAMS 0x00000000c3700000, 0x00000000c3700000| Untracked 
|  12|0x00000000c3800000, 0x00000000c3800000, 0x00000000c3900000|  0%| F|  |TAMS 0x00000000c3800000, 0x00000000c3800000| Untracked 
|  13|0x00000000c3900000, 0x00000000c3900000, 0x00000000c3a00000|  0%| F|  |TAMS 0x00000000c3900000, 0x00000000c3900000| Untracked 
|  14|0x00000000c3a00000, 0x00000000c3a00000, 0x00000000c3b00000|  0%| F|  |TAMS 0x00000000c3a00000, 0x00000000c3a00000| Untracked 
|  15|0x00000000c3b00000, 0x00000000c3b00000, 0x00000000c3c00000|  0%| F|  |TAMS 0x00000000c3b00000, 0x00000000c3b00000| Untracked 
|  16|0x00000000c3c00000, 0x00000000c3c00000, 0x00000000c3d00000|  0%| F|  |TAMS 0x00000000c3c00000, 0x00000000c3c00000| Untracked 
|  17|0x00000000c3d00000, 0x00000000c3d00000, 0x00000000c3e00000|  0%| F|  |TAMS 0x00000000c3d00000, 0x00000000c3d00000| Untracked 
|  18|0x00000000c3e00000, 0x00000000c3e00000, 0x00000000c3f00000|  0%| F|  |TAMS 0x00000000c3e00000, 0x00000000c3e00000| Untracked 
|  19|0x00000000c3f00000, 0x00000000c3f00000, 0x00000000c4000000|  0%| F|  |TAMS 0x00000000c3f00000, 0x00000000c3f00000| Untracked 
|  20|0x00000000c4000000, 0x00000000c4000000, 0x00000000c4100000|  0%| F|  |TAMS 0x00000000c4000000, 0x00000000c4000000| Untracked 
|  21|0x00000000c4100000, 0x00000000c4100000, 0x00000000c4200000|  0%| F|  |TAMS 0x00000000c4100000, 0x00000000c4100000| Untracked 
|  22|0x00000000c4200000, 0x00000000c4200000, 0x00000000c4300000|  0%| F|  |TAMS 0x00000000c4200000, 0x00000000c4200000| Untracked 
|  23|0x00000000c4300000, 0x00000000c4300000, 0x00000000c4400000|  0%| F|  |TAMS 0x00000000c4300000, 0x00000000c4300000| Untracked 
|  24|0x00000000c4400000, 0x00000000c4400000, 0x00000000c4500000|  0%| F|  |TAMS 0x00000000c4400000, 0x00000000c4400000| Untracked 
|  25|0x00000000c4500000, 0x00000000c4500000, 0x00000000c4600000|  0%| F|  |TAMS 0x00000000c4500000, 0x00000000c4500000| Untracked 
|  26|0x00000000c4600000, 0x00000000c4600000, 0x00000000c4700000|  0%| F|  |TAMS 0x00000000c4600000, 0x00000000c4600000| Untracked 
|  27|0x00000000c4700000, 0x00000000c4700000, 0x00000000c4800000|  0%| F|  |TAMS 0x00000000c4700000, 0x00000000c4700000| Untracked 
|  28|0x00000000c4800000, 0x00000000c4800000, 0x00000000c4900000|  0%| F|  |TAMS 0x00000000c4800000, 0x00000000c4800000| Untracked 
|  29|0x00000000c4900000, 0x00000000c4900000, 0x00000000c4a00000|  0%| F|  |TAMS 0x00000000c4900000, 0x00000000c4900000| Untracked 
|  30|0x00000000c4a00000, 0x00000000c4a00000, 0x00000000c4b00000|  0%| F|  |TAMS 0x00000000c4a00000, 0x00000000c4a00000| Untracked 
|  31|0x00000000c4b00000, 0x00000000c4b00000, 0x00000000c4c00000|  0%| F|  |TAMS 0x00000000c4b00000, 0x00000000c4b00000| Untracked 
|  32|0x00000000c4c00000, 0x00000000c4c00000, 0x00000000c4d00000|  0%| F|  |TAMS 0x00000000c4c00000, 0x00000000c4c00000| Untracked 
|  33|0x00000000c4d00000, 0x00000000c4d00000, 0x00000000c4e00000|  0%| F|  |TAMS 0x00000000c4d00000, 0x00000000c4d00000| Untracked 
|  34|0x00000000c4e00000, 0x00000000c4e00000, 0x00000000c4f00000|  0%| F|  |TAMS 0x00000000c4e00000, 0x00000000c4e00000| Untracked 
|  35|0x00000000c4f00000, 0x00000000c4f00000, 0x00000000c5000000|  0%| F|  |TAMS 0x00000000c4f00000, 0x00000000c4f00000| Untracked 
|  36|0x00000000c5000000, 0x00000000c5000000, 0x00000000c5100000|  0%| F|  |TAMS 0x00000000c5000000, 0x00000000c5000000| Untracked 
|  37|0x00000000c5100000, 0x00000000c5100000, 0x00000000c5200000|  0%| F|  |TAMS 0x00000000c5100000, 0x00000000c5100000| Untracked 
|  38|0x00000000c5200000, 0x00000000c5200000, 0x00000000c5300000|  0%| F|  |TAMS 0x00000000c5200000, 0x00000000c5200000| Untracked 
|  39|0x00000000c5300000, 0x00000000c5300000, 0x00000000c5400000|  0%| F|  |TAMS 0x00000000c5300000, 0x00000000c5300000| Untracked 
|  40|0x00000000c5400000, 0x00000000c5400000, 0x00000000c5500000|  0%| F|  |TAMS 0x00000000c5400000, 0x00000000c5400000| Untracked 
|  41|0x00000000c5500000, 0x00000000c5500000, 0x00000000c5600000|  0%| F|  |TAMS 0x00000000c5500000, 0x00000000c5500000| Untracked 
|  42|0x00000000c5600000, 0x00000000c5600000, 0x00000000c5700000|  0%| F|  |TAMS 0x00000000c5600000, 0x00000000c5600000| Untracked 
|  43|0x00000000c5700000, 0x00000000c5700000, 0x00000000c5800000|  0%| F|  |TAMS 0x00000000c5700000, 0x00000000c5700000| Untracked 
|  44|0x00000000c5800000, 0x00000000c5800000, 0x00000000c5900000|  0%| F|  |TAMS 0x00000000c5800000, 0x00000000c5800000| Untracked 
|  45|0x00000000c5900000, 0x00000000c5900000, 0x00000000c5a00000|  0%| F|  |TAMS 0x00000000c5900000, 0x00000000c5900000| Untracked 
|  46|0x00000000c5a00000, 0x00000000c5a00000, 0x00000000c5b00000|  0%| F|  |TAMS 0x00000000c5a00000, 0x00000000c5a00000| Untracked 
|  47|0x00000000c5b00000, 0x00000000c5b00000, 0x00000000c5c00000|  0%| F|  |TAMS 0x00000000c5b00000, 0x00000000c5b00000| Untracked 
|  48|0x00000000c5c00000, 0x00000000c5c00000, 0x00000000c5d00000|  0%| F|  |TAMS 0x00000000c5c00000, 0x00000000c5c00000| Untracked 
|  49|0x00000000c5d00000, 0x00000000c5d00000, 0x00000000c5e00000|  0%| F|  |TAMS 0x00000000c5d00000, 0x00000000c5d00000| Untracked 
|  50|0x00000000c5e00000, 0x00000000c5e00000, 0x00000000c5f00000|  0%| F|  |TAMS 0x00000000c5e00000, 0x00000000c5e00000| Untracked 
|  51|0x00000000c5f00000, 0x00000000c5f00000, 0x00000000c6000000|  0%| F|  |TAMS 0x00000000c5f00000, 0x00000000c5f00000| Untracked 
|  52|0x00000000c6000000, 0x00000000c6000000, 0x00000000c6100000|  0%| F|  |TAMS 0x00000000c6000000, 0x00000000c6000000| Untracked 
|  53|0x00000000c6100000, 0x00000000c6100000, 0x00000000c6200000|  0%| F|  |TAMS 0x00000000c6100000, 0x00000000c6100000| Untracked 
|  54|0x00000000c6200000, 0x00000000c6200000, 0x00000000c6300000|  0%| F|  |TAMS 0x00000000c6200000, 0x00000000c6200000| Untracked 
|  55|0x00000000c6300000, 0x00000000c63d3740, 0x00000000c6400000| 82%| S|CS|TAMS 0x00000000c6300000, 0x00000000c6300000| Complete 
|  56|0x00000000c6400000, 0x00000000c6400000, 0x00000000c6500000|  0%| F|  |TAMS 0x00000000c6400000, 0x00000000c6400000| Untracked 
|  57|0x00000000c6500000, 0x00000000c65d8f60, 0x00000000c6600000| 84%| E|  |TAMS 0x00000000c6500000, 0x00000000c6500000| Complete 
|  58|0x00000000c6600000, 0x00000000c6700000, 0x00000000c6700000|100%| E|CS|TAMS 0x00000000c6600000, 0x00000000c6600000| Complete 
|  59|0x00000000c6700000, 0x00000000c6800000, 0x00000000c6800000|100%| E|CS|TAMS 0x00000000c6700000, 0x00000000c6700000| Complete 
|  60|0x00000000c6800000, 0x00000000c6900000, 0x00000000c6900000|100%| E|CS|TAMS 0x00000000c6800000, 0x00000000c6800000| Complete 
|  61|0x00000000c6900000, 0x00000000c6a00000, 0x00000000c6a00000|100%| E|CS|TAMS 0x00000000c6900000, 0x00000000c6900000| Complete 

Card table byte_map: [0x000001b0d9420000,0x000001b0d9610000] _byte_map_base: 0x000001b0d8e0a000

Marking Bits (Prev, Next): (CMBitMap*) 0x000001b0d96961c0, (CMBitMap*) 0x000001b0d9696200
 Prev Bits: [0x000001b0f0110000, 0x000001b0f1060000)
 Next Bits: [0x000001b0f1060000, 0x000001b0f1fb0000)

Polling page: 0x000001b0d75f0000

Metaspace:

Usage:
  Non-class:      4.30 MB used.
      Class:    423.73 KB used.
       Both:      4.72 MB used.

Virtual space:
  Non-class space:       64.00 MB reserved,       4.31 MB (  7%) committed,  1 nodes.
      Class space:        1.00 GB reserved,     512.00 KB ( <1%) committed,  1 nodes.
             Both:        1.06 GB reserved,       4.81 MB ( <1%) committed. 

Chunk freelists:
   Non-Class:  9.48 MB
       Class:  15.51 MB
        Both:  25.00 MB

MaxMetaspaceSize: unlimited
CompressedClassSpaceSize: 1.00 GB
Initial GC threshold: 21.00 MB
Current GC threshold: 21.00 MB
CDS: on
MetaspaceReclaimPolicy: balanced
 - commit_granule_bytes: 65536.
 - commit_granule_words: 8192.
 - virtual_space_node_default_size: 8388608.
 - enlarge_chunks_in_place: 1.
 - new_chunks_are_fully_committed: 0.
 - uncommit_free_chunks: 1.
 - use_allocation_guard: 0.
 - handle_deallocations: 1.


Internal statistics:

num_allocs_failed_limit: 0.
num_arena_births: 20.
num_arena_deaths: 0.
num_vsnodes_births: 2.
num_vsnodes_deaths: 0.
num_space_committed: 77.
num_space_uncommitted: 0.
num_chunks_returned_to_freelist: 0.
num_chunks_taken_from_freelist: 120.
num_chunk_merges: 0.
num_chunk_splits: 102.
num_chunks_enlarged: 94.
num_inconsistent_stats: 0.

CodeHeap 'non-profiled nmethods': size=120064Kb used=155Kb max_used=155Kb free=119908Kb
 bounds [0x000001b0e89e0000, 0x000001b0e8c50000, 0x000001b0eff20000]
CodeHeap 'profiled nmethods': size=120000Kb used=1040Kb max_used=1040Kb free=118959Kb
 bounds [0x000001b0e0f20000, 0x000001b0e1190000, 0x000001b0e8450000]
CodeHeap 'non-nmethods': size=5696Kb used=1170Kb max_used=1183Kb free=4525Kb
 bounds [0x000001b0e8450000, 0x000001b0e86c0000, 0x000001b0e89e0000]
 total_blobs=1063 nmethods=596 adapters=381
 compilation: enabled
              stopped_count=0, restarted_count=0
 full_count=0

Compilation events (20 events):
Event: 2.607 Thread 0x000001b0d972e090  587       3       sun.reflect.generics.parser.SignatureParser::advance (53 bytes)
Event: 2.607 Thread 0x000001b0d972e090 nmethod 587 0x000001b0e101fb10 code [0x000001b0e101fcc0, 0x000001b0e101ff18]
Event: 2.607 Thread 0x000001b0d972e090  589       3       java.lang.Character::isWhitespace (5 bytes)
Event: 2.607 Thread 0x000001b0d972e090 nmethod 589 0x000001b0e1020010 code [0x000001b0e10201c0, 0x000001b0e1020418]
Event: 2.607 Thread 0x000001b0d972e090  590       3       java.lang.Character::isWhitespace (9 bytes)
Event: 2.607 Thread 0x000001b0d972e090 nmethod 590 0x000001b0e1020510 code [0x000001b0e10206c0, 0x000001b0e10208b8]
Event: 2.607 Thread 0x000001b0d972e090  591       3       java.lang.CharacterDataLatin1::isWhitespace (23 bytes)
Event: 2.608 Thread 0x000001b0d972e090 nmethod 591 0x000001b0e1020990 code [0x000001b0e1020b40, 0x000001b0e1020d58]
Event: 2.608 Thread 0x000001b0d972e090  592       3       java.util.HashMap::<init> (11 bytes)
Event: 2.608 Thread 0x000001b0d972e090 nmethod 592 0x000001b0e1020e90 code [0x000001b0e1021040, 0x000001b0e1021218]
Event: 2.608 Thread 0x000001b0d972e090  593       1       java.lang.reflect.Field::getModifiers (5 bytes)
Event: 2.609 Thread 0x000001b0d972e090 nmethod 593 0x000001b0e8a06610 code [0x000001b0e8a067a0, 0x000001b0e8a06878]
Event: 2.611 Thread 0x000001b0d972e090  594       3       java.util.LinkedHashMap$LinkedHashIterator::hasNext (13 bytes)
Event: 2.611 Thread 0x000001b0d972e090 nmethod 594 0x000001b0e1021310 code [0x000001b0e10214a0, 0x000001b0e1021618]
Event: 2.614 Thread 0x000001b0d9725b50  595       4       java.lang.CharacterDataLatin1::toLowerCase (39 bytes)
Event: 2.615 Thread 0x000001b0d9725b50 nmethod 595 0x000001b0e8a06910 code [0x000001b0e8a06a80, 0x000001b0e8a06b78]
Event: 2.620 Thread 0x000001b0d972e090  596       3       jdk.internal.loader.URLClassPath::getResource (74 bytes)
Event: 2.620 Thread 0x000001b0d972e090 nmethod 596 0x000001b0e1021690 code [0x000001b0e1021860, 0x000001b0e1021bb8]
Event: 2.620 Thread 0x000001b0d972e090  597       3       jdk.internal.loader.BuiltinClassLoader::defineClass (121 bytes)
Event: 2.622 Thread 0x000001b0d972e090 nmethod 597 0x000001b0e1021d10 code [0x000001b0e10220a0, 0x000001b0e1023918]

GC Heap History (2 events):
Event: 1.183 GC heap before
{Heap before GC invocations=0 (full 0):
 garbage-first heap   total 63488K, used 7168K [0x00000000c2c00000, 0x0000000100000000)
  region size 1024K, 6 young (6144K), 0 survivors (0K)
 Metaspace       used 2003K, committed 2112K, reserved 1114112K
  class space    used 111K, committed 192K, reserved 1048576K
}
Event: 1.221 GC heap after
{Heap after GC invocations=1 (full 0):
 garbage-first heap   total 63488K, used 1869K [0x00000000c2c00000, 0x0000000100000000)
  region size 1024K, 1 young (1024K), 1 survivors (1024K)
 Metaspace       used 2003K, committed 2112K, reserved 1114112K
  class space    used 111K, committed 192K, reserved 1048576K
}

Deoptimization events (8 events):
Event: 1.248 Thread 0x000001b0d965a1a0 DEOPT PACKING pc=0x000001b0e0f38b67 sp=0x000000027bdfccc0
Event: 1.248 Thread 0x000001b0d965a1a0 DEOPT UNPACKING pc=0x000001b0e84a2b24 sp=0x000000027bdfc0e0 mode 0
Event: 1.316 Thread 0x000001b0d965a1a0 DEOPT PACKING pc=0x000001b0e0f37ad1 sp=0x000000027bdf7c60
Event: 1.316 Thread 0x000001b0d965a1a0 DEOPT UNPACKING pc=0x000001b0e84a2b24 sp=0x000000027bdf70d8 mode 0
Event: 2.392 Thread 0x000001b0d965a1a0 Uncommon trap: trap_request=0xffffff45 fr.pc=0x000001b0e8a00cf0 relative=0x0000000000000550
Event: 2.392 Thread 0x000001b0d965a1a0 Uncommon trap: reason=unstable_if action=reinterpret pc=0x000001b0e8a00cf0 method=java.lang.AbstractStringBuilder.append(Ljava/lang/String;)Ljava/lang/AbstractStringBuilder; @ 1 c2
Event: 2.392 Thread 0x000001b0d965a1a0 DEOPT PACKING pc=0x000001b0e8a00cf0 sp=0x000000027bdfdf80
Event: 2.392 Thread 0x000001b0d965a1a0 DEOPT UNPACKING pc=0x000001b0e84a239d sp=0x000000027bdfdf10 mode 2

Classes unloaded (0 events):
No events

Classes redefined (0 events):
No events

Internal exceptions (8 events):
Event: 1.770 Thread 0x000001b0d965a1a0 Exception <a 'java/lang/NoSuchMethodError'{0x00000000c679d930}: 'java.lang.Object java.lang.invoke.DirectMethodHandle$Holder.invokeStaticInit(java.lang.Object, int, int, int, int)'> (0x00000000c679d930) 
thrown [s\open\src\hotspot\share\interpreter\linkResolver.cpp, line 759]
Event: 2.333 Thread 0x000001b0d965a1a0 Exception <a 'java/lang/NoSuchMethodError'{0x00000000c67f5ec8}: 'java.lang.Object java.lang.invoke.DirectMethodHandle$Holder.invokeStaticInit(java.lang.Object, java.lang.Object, int, int, int, int)'> (0x00000000c67f5ec8) 
thrown [s\open\src\hotspot\share\interpreter\linkResolver.cpp, line 759]
Event: 2.392 Thread 0x000001b0d965a1a0 Implicit null exception at 0x000001b0e8a007d5 to 0x000001b0e8a00cdc
Event: 2.482 Thread 0x000001b0d965a1a0 Exception <a 'java/lang/UnsatisfiedLinkError'{0x00000000c66efd78}: The specified procedure could not be found.
> (0x00000000c66efd78) 
thrown [s\open\src\hotspot\share\prims\jni.cpp, line 535]
Event: 2.507 Thread 0x000001b0d965a1a0 Exception <a 'java/lang/NoSuchMethodError'{0x00000000c6501140}: 'java.lang.Object java.lang.invoke.DirectMethodHandle$Holder.invokeStaticInit(java.lang.Object)'> (0x00000000c6501140) 
thrown [s\open\src\hotspot\share\interpreter\linkResolver.cpp, line 759]
Event: 2.539 Thread 0x000001b0d965a1a0 Exception <a 'java/lang/NoSuchMethodError'{0x00000000c651bea0}: 'int java.lang.invoke.DirectMethodHandle$Holder.invokeSpecial(java.lang.Object, java.lang.Object, java.lang.Object)'> (0x00000000c651bea0) 
thrown [s\open\src\hotspot\share\interpreter\linkResolver.cpp, line 759]
Event: 2.546 Thread 0x000001b0d965a1a0 Exception <a 'java/lang/UnsatisfiedLinkError'{0x00000000c6531118}: The specified procedure could not be found.
> (0x00000000c6531118) 
thrown [s\open\src\hotspot\share\prims\jni.cpp, line 535]
Event: 2.609 Thread 0x000001b0d965a1a0 Exception <a 'java/lang/UnsatisfiedLinkError'{0x00000000c658fc80}: The specified procedure could not be found.
> (0x00000000c658fc80) 
thrown [s\open\src\hotspot\share\prims\jni.cpp, line 535]

VM Operations (16 events):
Event: 0.832 Executing VM operation: HandshakeAllThreads
Event: 0.832 Executing VM operation: HandshakeAllThreads done
Event: 1.183 Executing VM operation: G1CollectForAllocation
Event: 1.221 Executing VM operation: G1CollectForAllocation done
Event: 1.470 Executing VM operation: HandshakeAllThreads
Event: 1.470 Executing VM operation: HandshakeAllThreads done
Event: 1.659 Executing VM operation: HandshakeAllThreads
Event: 1.659 Executing VM operation: HandshakeAllThreads done
Event: 1.860 Executing VM operation: HandshakeAllThreads
Event: 1.860 Executing VM operation: HandshakeAllThreads done
Event: 2.385 Executing VM operation: HandshakeAllThreads
Event: 2.385 Executing VM operation: HandshakeAllThreads done
Event: 2.385 Executing VM operation: Cleanup
Event: 2.385 Executing VM operation: Cleanup done
Event: 2.486 Executing VM operation: HandshakeAllThreads
Event: 2.486 Executing VM operation: HandshakeAllThreads done

Events (20 events):
Event: 2.582 loading class java/lang/WeakPairMap$Pair$Weak
Event: 2.582 loading class java/lang/WeakPairMap$WeakRefPeer
Event: 2.582 loading class java/lang/WeakPairMap$WeakRefPeer done
Event: 2.582 loading class java/lang/WeakPairMap$Pair$Weak done
Event: 2.582 loading class java/lang/WeakPairMap$Pair$Weak$1
Event: 2.582 loading class java/lang/WeakPairMap$Pair$Weak$1 done
Event: 2.587 loading class java/lang/annotation/Target
Event: 2.587 loading class java/lang/annotation/Target done
Event: 2.600 loading class java/lang/Class$AnnotationData
Event: 2.600 loading class java/lang/Class$AnnotationData done
Event: 2.601 loading class java/util/LinkedList$ListItr
Event: 2.601 loading class java/util/LinkedList$ListItr done
Event: 2.604 loading class jdk/internal/reflect/UnsafeFieldAccessorFactory
Event: 2.604 loading class jdk/internal/reflect/UnsafeFieldAccessorFactory done
Event: 2.604 loading class jdk/internal/reflect/UnsafeShortFieldAccessorImpl
Event: 2.605 loading class jdk/internal/reflect/UnsafeShortFieldAccessorImpl done
Event: 2.605 loading class java/lang/Short$ShortCache
Event: 2.605 loading class java/lang/Short$ShortCache done
Event: 2.607 loading class jdk/internal/reflect/UnsafeObjectFieldAccessorImpl
Event: 2.608 loading class jdk/internal/reflect/UnsafeObjectFieldAccessorImpl done


Dynamic libraries:
0x00007ff673070000 - 0x00007ff673080000 	C:\Program Files\Microsoft\jdk-17.0.12\bin\java.exe
0x00007ff8683f0000 - 0x00007ff8685e8000 	C:\Windows\SYSTEM32\ntdll.dll
0x00007ff867e10000 - 0x00007ff867ed2000 	C:\Windows\System32\KERNEL32.DLL
0x00007ff865e70000 - 0x00007ff866166000 	C:\Windows\System32\KERNELBASE.dll
0x00007ff865b80000 - 0x00007ff865c80000 	C:\Windows\System32\ucrtbase.dll
0x00007ff849400000 - 0x00007ff849419000 	C:\Program Files\Microsoft\jdk-17.0.12\bin\jli.dll
0x00007ff867250000 - 0x00007ff8672ff000 	C:\Windows\System32\ADVAPI32.dll
0x00007ff867ee0000 - 0x00007ff867f7e000 	C:\Windows\System32\msvcrt.dll
0x00007ff867a10000 - 0x00007ff867aaf000 	C:\Windows\System32\sechost.dll
0x00007ff8681a0000 - 0x00007ff8682c3000 	C:\Windows\System32\RPCRT4.dll
0x00007ff866170000 - 0x00007ff866197000 	C:\Windows\System32\bcrypt.dll
0x00007ff867f80000 - 0x00007ff86811d000 	C:\Windows\System32\USER32.dll
0x00007ff8661a0000 - 0x00007ff8661c2000 	C:\Windows\System32\win32u.dll
0x00007ff868150000 - 0x00007ff86817b000 	C:\Windows\System32\GDI32.dll
0x00007ff8661d0000 - 0x00007ff8662ea000 	C:\Windows\System32\gdi32full.dll
0x00007ff866370000 - 0x00007ff86640d000 	C:\Windows\System32\msvcp_win.dll
0x00007ff8493a0000 - 0x00007ff8493bb000 	C:\Program Files\Microsoft\jdk-17.0.12\bin\VCRUNTIME140.dll
0x00007ff852b50000 - 0x00007ff852dea000 	C:\Windows\WinSxS\amd64_microsoft.windows.common-controls_6595b64144ccf1df_6.0.19041.4355_none_60b8b9eb71f62e16\COMCTL32.dll
0x00007ff85ce80000 - 0x00007ff85ce8a000 	C:\Windows\SYSTEM32\VERSION.dll
0x00007ff868120000 - 0x00007ff86814f000 	C:\Windows\System32\IMM32.DLL
0x00007ff851a70000 - 0x00007ff851a7c000 	C:\Program Files\Microsoft\jdk-17.0.12\bin\vcruntime140_1.dll
0x00007ff80bea0000 - 0x00007ff80bf2e000 	C:\Program Files\Microsoft\jdk-17.0.12\bin\msvcp140.dll
0x00007fffe9b70000 - 0x00007fffea750000 	C:\Program Files\Microsoft\jdk-17.0.12\bin\server\jvm.dll
0x00007ff868340000 - 0x00007ff868348000 	C:\Windows\System32\PSAPI.DLL
0x00007ff84dde0000 - 0x00007ff84de07000 	C:\Windows\SYSTEM32\WINMM.dll
0x00007ff850ae0000 - 0x00007ff850ae9000 	C:\Windows\SYSTEM32\WSOCK32.dll
0x00007ff8682d0000 - 0x00007ff86833b000 	C:\Windows\System32\WS2_32.dll
0x00007ff8642b0000 - 0x00007ff8642c2000 	C:\Windows\SYSTEM32\kernel.appcore.dll
0x00007ff8506f0000 - 0x00007ff8506fa000 	C:\Program Files\Microsoft\jdk-17.0.12\bin\jimage.dll
0x00007ff863f60000 - 0x00007ff864144000 	C:\Windows\SYSTEM32\DBGHELP.DLL
0x00007ff84a1b0000 - 0x00007ff84a1e4000 	C:\Windows\SYSTEM32\dbgcore.DLL
0x00007ff865de0000 - 0x00007ff865e62000 	C:\Windows\System32\bcryptPrimitives.dll
0x00007ff82fe60000 - 0x00007ff82fe85000 	C:\Program Files\Microsoft\jdk-17.0.12\bin\java.dll
0x00007ff801f10000 - 0x00007ff801fe7000 	C:\Program Files\Microsoft\jdk-17.0.12\bin\jsvml.dll
0x00007ff866760000 - 0x00007ff866ecf000 	C:\Windows\System32\SHELL32.dll
0x00007ff8636e0000 - 0x00007ff863e83000 	C:\Windows\SYSTEM32\windows.storage.dll
0x00007ff867ab0000 - 0x00007ff867e05000 	C:\Windows\System32\combase.dll
0x00007ff865300000 - 0x00007ff86532b000 	C:\Windows\SYSTEM32\Wldp.dll
0x00007ff8664f0000 - 0x00007ff8665bd000 	C:\Windows\System32\OLEAUT32.dll
0x00007ff8671a0000 - 0x00007ff86724d000 	C:\Windows\System32\SHCORE.dll
0x00007ff8679b0000 - 0x00007ff867a05000 	C:\Windows\System32\shlwapi.dll
0x00007ff8659b0000 - 0x00007ff8659d5000 	C:\Windows\SYSTEM32\profapi.dll
0x00007ff849380000 - 0x00007ff849399000 	C:\Program Files\Microsoft\jdk-17.0.12\bin\net.dll
0x00007ff857280000 - 0x00007ff85738a000 	C:\Windows\SYSTEM32\WINHTTP.dll
0x00007ff8650e0000 - 0x00007ff86514c000 	C:\Windows\system32\mswsock.dll
0x00007ff837b40000 - 0x00007ff837b56000 	C:\Program Files\Microsoft\jdk-17.0.12\bin\nio.dll
0x00007ff830db0000 - 0x00007ff830dc8000 	C:\Program Files\Microsoft\jdk-17.0.12\bin\zip.dll
0x00007ff865340000 - 0x00007ff865358000 	C:\Windows\SYSTEM32\CRYPTSP.dll
0x00007ff864a20000 - 0x00007ff864a58000 	C:\Windows\system32\rsaenh.dll
0x00007ff865930000 - 0x00007ff86595e000 	C:\Windows\SYSTEM32\USERENV.dll
0x00007ff865270000 - 0x00007ff86527c000 	C:\Windows\SYSTEM32\CRYPTBASE.dll
0x00007ff864de0000 - 0x00007ff864e1b000 	C:\Windows\SYSTEM32\IPHLPAPI.DLL
0x00007ff8665c0000 - 0x00007ff8665c8000 	C:\Windows\System32\NSI.dll
0x00007ff85c760000 - 0x00007ff85c777000 	C:\Windows\SYSTEM32\dhcpcsvc6.DLL
0x00007ff85c740000 - 0x00007ff85c75d000 	C:\Windows\SYSTEM32\dhcpcsvc.DLL
0x00007ff864e20000 - 0x00007ff864eea000 	C:\Windows\SYSTEM32\DNSAPI.dll
0x00007ff84f720000 - 0x00007ff84f765000 	C:\Users\Fahad Computer\AppData\Local\Temp\jna--2105576053\jna12467446250749198154.dll
0x00007ff84d530000 - 0x00007ff84d53a000 	C:\Program Files\Microsoft\jdk-17.0.12\bin\management.dll
0x00007ff84ca20000 - 0x00007ff84ca2b000 	C:\Program Files\Microsoft\jdk-17.0.12\bin\management_ext.dll

dbghelp: loaded successfully - version: 4.0.5 - missing functions: none
symbol engine: initialized successfully - sym options: 0x614 - pdb path: .;C:\Program Files\Microsoft\jdk-17.0.12\bin;C:\Windows\SYSTEM32;C:\Windows\WinSxS\amd64_microsoft.windows.common-controls_6595b64144ccf1df_6.0.19041.4355_none_60b8b9eb71f62e16;C:\Program Files\Microsoft\jdk-17.0.12\bin\server;C:\Users\Fahad Computer\AppData\Local\Temp\jna--2105576053

VM Arguments:
java_command: com.google.prefab.cli.AppKt --build-system cmake --platform android --abi arm64-v8a --os-version 24 --stl c++_shared --ndk-version 26 --output C:\\Users\\FAHADC~1\\AppData\\Local\\Temp\\agp-prefab-staging3433189337219883440\\staged-cli-output C:\\Users\\Fahad Computer\\.gradle\\caches\\8.12\\transforms\\be245a159e83dc0158e74e32b5649a52\\transformed\\jetified-react-android-0.78.1-release\\prefab C:\\Users\\Fahad Computer\\.gradle\\caches\\8.12\\transforms\\b7e4750ca087c36eb149f2e9672b7c09\\transformed\\jetified-hermes-android-0.78.1-release\\prefab C:\\Users\\Fahad Computer\\.gradle\\caches\\8.12\\transforms\\7573ac39db13db304c89f171feece1bc\\transformed\\jetified-fbjni-0.7.0\\prefab
java_class_path (initial): C:\\Users\\Fahad Computer\\.gradle\\caches\\modules-2\\files-2.1\\com.google.prefab\\cli\\2.1.0\\aa32fec809c44fa531f01dcfb739b5b3304d3050\\cli-2.1.0-all.jar
Launcher Type: SUN_STANDARD

[Global flags]
     intx CICompilerCount                          = 2                                         {product} {ergonomic}
     uint ConcGCThreads                            = 1                                         {product} {ergonomic}
     uint G1ConcRefinementThreads                  = 2                                         {product} {ergonomic}
   size_t G1HeapRegionSize                         = 1048576                                   {product} {ergonomic}
    uintx GCDrainStackTargetSize                   = 64                                        {product} {ergonomic}
   size_t InitialHeapSize                          = 65011712                                  {product} {ergonomic}
   size_t MarkStackSize                            = 4194304                                   {product} {ergonomic}
   size_t MaxHeapSize                              = 1027604480                                {product} {ergonomic}
   size_t MaxNewSize                               = 616562688                                 {product} {ergonomic}
   size_t MinHeapDeltaBytes                        = 1048576                                   {product} {ergonomic}
   size_t MinHeapSize                              = 8388608                                   {product} {ergonomic}
    uintx NonNMethodCodeHeapSize                   = 5826188                                {pd product} {ergonomic}
    uintx NonProfiledCodeHeapSize                  = 122916026                              {pd product} {ergonomic}
    uintx ProfiledCodeHeapSize                     = 122916026                              {pd product} {ergonomic}
    uintx ReservedCodeCacheSize                    = 251658240                              {pd product} {ergonomic}
     bool SegmentedCodeCache                       = true                                      {product} {ergonomic}
   size_t SoftMaxHeapSize                          = 1027604480                             {manageable} {ergonomic}
     bool UseCompressedClassPointers               = true                           {product lp64_product} {ergonomic}
     bool UseCompressedOops                        = true                           {product lp64_product} {ergonomic}
     bool UseG1GC                                  = true                                      {product} {ergonomic}
     bool UseLargePagesIndividualAllocation        = false                                  {pd product} {ergonomic}

Logging:
Log output configuration:
 #0: stdout all=warning uptime,level,tags
 #1: stderr all=off uptime,level,tags

Environment Variables:
JAVA_HOME=C:\Program Files\Microsoft\jdk-17.0.12\
CLASSPATH=C:\vtT\ChatbotApp\android\\gradle\wrapper\gradle-wrapper.jar
PATH=c:\Users\Fahad Computer\AppData\Local\Programs\cursor\resources\app\bin;C:\Python313\Scripts\;C:\Python313\;C:\Program Files\Microsoft\jdk-11.0.26.4-hotspot\bin;C:\Program Files\Common Files\Oracle\Java\javapath;C:\Program Files\Microsoft\jdk-17.0.12.7-hotspot\bin;C:\Windows\system32;C:\Windows;C:\Windows\System32\Wbem;C:\Windows\System32\WindowsPowerShell\v1.0\;C:\Windows\System32\OpenSSH\;C:\ProgramData\chocolatey\bin;C:\Users\Fahad Computer\AppData\Local\Android\Sdk\platform-tools;C:\Program Files\Git\cmd;C:\Android\Sdk\emulator;C:\Android\Sdk\tools;C:\Program Files\nodejs\;C:\Users\Fahad Computer\AppData\Local\Android\Sdk\tools;C:\Users\Fahad Computer\AppData\Local\Android\Sdk\tools;C:\Users\Fahad Computer\AppData\Local\Microsoft\WindowsApps;C:\Program Files\MongoDB\Server\7.0\bin;C:\Program Files\MongoDB\Server\7.0\bin;C:\Users\Fahad Computer\AppData\Roaming\npm;c:\Users\Fahad Computer\AppData\Local\Programs\cursor\resources\app\bin;c:\Users\Fahad Computer\AppData\Local\Programs\cursor\resources\app\bin;C:\Program Files\Microsoft\jdk-17.0.12\\bin;C:\Users\Fahad Computer\AppData\Local\Android\Sdk\tools;C:\Users\Fahad Computer\AppData\Local\Android\Sdk\tools;C:\Users\Fahad Computer\AppData\Local\Microsoft\WindowsApps;C:\Users\Fahad Computer\AppData\Local\Programs\Microsoft VS Code\bin;C:\Program Files\MongoDB\Server\7.0\bin;C:\Program Files\MongoDB\Server\7.0\bin;C:\Users\Fahad Computer\AppData\Roaming\npm;C:\Users\Fahad Computer\AppData\Local\Programs\cursor\resources\app\bin
USERNAME=Fahad Computer
LANG=en_US.UTF-8
OS=Windows_NT
PROCESSOR_IDENTIFIER=Intel64 Family 6 Model 122 Stepping 8, GenuineIntel



---------------  S Y S T E M  ---------------

OS:
 Windows 10 , 64 bit Build 19041 (10.0.19041.5678)
OS uptime: 0 days 2:58 hours
Hyper-V role detected

CPU: total 2 (initial active 2) (2 cores per cpu, 1 threads per core) family 6 model 122 stepping 8 microcode 0x18, cx8, cmov, fxsr, mmx, 3dnowpref, sse, sse2, sse3, ssse3, sse4.1, sse4.2, popcnt, tsc, tscinvbit, aes, erms, clmul, sha, clflush, clflushopt, hv

Memory: 4k page, system-wide physical 3918M (263M free)
TotalPageFile size 15694M (AvailPageFile size 0M)
current process WorkingSet (physical memory assigned to process): 52M, peak: 52M
current process commit charge ("private bytes"): 136M, peak: 136M

vm_info: Java HotSpot(TM) 64-Bit Server VM (17.0.12+8-LTS-286) for windows-amd64 JRE (17.0.12+8-LTS-286), built on Jun  5 2024 06:46:59 by "mach5one" with MS VC++ 17.6 (VS2022)

END.
